[22-12-2020 12:07:22] INFO	 (2254 on ubuntu): Startou porta 80
[22-12-2020 12:07:22] INFO	 (2254 on ubuntu): MySQL connected!
[22-12-2020 12:07:23] INFO	 (2254 on ubuntu):
    jwt_usuario: {
      "id": 3,
      "iat": 1607105899,
      "exp": 1614881899
    }
[22-12-2020 12:07:23] INFO	 (2254 on ubuntu):
    login_usuario: {
      "id": 3,
      "created_at": "2020-09-10T22:32:24.000Z",
      "updated_at": "2020-11-06T16:45:48.000Z",
      "nome": "Bruno Lima",
      "senha": "$2a$08$ZKYx.L.kPI1d3w/jNwgeCOqZanom0OsWKVm.ffQJNU.g.694uPFMu",
      "email": "bruno@bruno.com",
      "maskeid": "96vkP8",
      "admin": 1
    }
[22-12-2020 12:07:23] INFO	 (2254 on ubuntu): request completed
    res: {
      "statusCode": 200,
      "headers": {
        "x-powered-by": "Express",
        "content-type": "text/html; charset=utf-8",
        "content-length": "54183",
        "etag": "W/\"d3a7-zW0Rv4ADtqQB4ykYmFbrE43aHAw\""
      }
    }
    responseTime: 259
    req: {
      "id": 1,
      "method": "GET",
      "url": "/",
      "headers": {
        "host": "159.203.190.53",
        "connection": "keep-alive",
        "cache-control": "max-age=0",
        "upgrade-insecure-requests": "1",
        "user-agent": "Mozilla/5.0 (Windows NT 10.0; Win64; x64) AppleWebKit/537.36 (KHTML, like Gecko) Chrome/87.0.4280.88 Safari/537.36",
        "accept": "text/html,application/xhtml+xml,application/xml;q=0.9,image/avif,image/webp,image/apng,*/*;q=0.8,application/signed-exchange;v=b3;q=0.9",
        "accept-encoding": "gzip, deflate",
        "accept-language": "pt-BR,pt;q=0.9,en-US;q=0.8,en;q=0.7,es;q=0.6",
        "cookie": "jwt=eyJhbGciOiJIUzI1NiIsInR5cCI6IkpXVCJ9.eyJpZCI6MywiaWF0IjoxNjA3MTA1ODk5LCJleHAiOjE2MTQ4ODE4OTl9.Xxo4ngEM9Y7F3sWV5DgzXZ55wpO9QAXkuknvUXhUMKc; jwtatendente=eyJhbGciOiJIUzI1NiIsInR5cCI6IkpXVCJ9.eyJpZCI6NDIsImlkX3NldG9yIjoiMCIsImlhdCI6MTYwNzEwNTk4OCwiZXhwIjoxNjE0ODgxOTg4fQ.Cv4dR_FK_-1LsEMn0EyrAQM4gPAxowLvWazawCHM3BI",
        "if-none-match": "\"2aa6-5b44e80bd4f9f-gzip\"",
        "if-modified-since": "Tue, 17 Nov 2020 14:42:23 GMT"
      },
      "remoteAddress": "::ffff:186.206.254.45",
      "remotePort": 19437
    }
[22-12-2020 12:07:25] INFO	 (2254 on ubuntu): request completed
    res: {
      "statusCode": 200,
      "headers": {
        "x-powered-by": "Express"
      }
    }
    responseTime: 71
    req: {
      "id": 2,
      "method": "POST",
      "url": "/auth/getmeses",
      "headers": {
        "host": "159.203.190.53",
        "connection": "keep-alive",
        "content-length": "13",
        "accept": "*/*",
        "x-requested-with": "XMLHttpRequest",
        "user-agent": "Mozilla/5.0 (Windows NT 10.0; Win64; x64) AppleWebKit/537.36 (KHTML, like Gecko) Chrome/87.0.4280.88 Safari/537.36",
        "content-type": "application/x-www-form-urlencoded; charset=UTF-8",
        "origin": "http://159.203.190.53",
        "referer": "http://159.203.190.53/",
        "accept-encoding": "gzip, deflate",
        "accept-language": "pt-BR,pt;q=0.9,en-US;q=0.8,en;q=0.7,es;q=0.6",
        "cookie": "jwt=eyJhbGciOiJIUzI1NiIsInR5cCI6IkpXVCJ9.eyJpZCI6MywiaWF0IjoxNjA3MTA1ODk5LCJleHAiOjE2MTQ4ODE4OTl9.Xxo4ngEM9Y7F3sWV5DgzXZ55wpO9QAXkuknvUXhUMKc; jwtatendente=eyJhbGciOiJIUzI1NiIsInR5cCI6IkpXVCJ9.eyJpZCI6NDIsImlkX3NldG9yIjoiMCIsImlhdCI6MTYwNzEwNTk4OCwiZXhwIjoxNjE0ODgxOTg4fQ.Cv4dR_FK_-1LsEMn0EyrAQM4gPAxowLvWazawCHM3BI"
      },
      "remoteAddress": "::ffff:186.206.254.45",
      "remotePort": 19436
    }
[22-12-2020 12:07:33] INFO	 (2254 on ubuntu):
    jwt_usuario: {
      "id": 20,
      "iat": 1608635954,
      "exp": 1616411954
    }
[22-12-2020 12:07:33] INFO	 (2254 on ubuntu):
    login_usuario: {
      "id": 20,
      "created_at": "2020-12-08T11:29:31.000Z",
      "updated_at": null,
      "nome": "zapbot",
      "senha": "$2a$08$h9lhZaNO6JFnHjhryDM22OhbF2NBpL9HvE/UVl9IOV8OcAgKcoxC2",
      "email": "zapbot@zapbot.com",
      "maskeid": "0CelQN",
      "admin": 0
    }
[22-12-2020 12:07:33] INFO	 (2254 on ubuntu): request completed
    res: {
      "statusCode": 200,
      "headers": {
        "x-powered-by": "Express",
        "content-type": "text/html; charset=utf-8",
        "content-length": "53993",
        "etag": "W/\"d2e9-eCCeCHHjXhqsxN6qcSa91SzBheE\""
      }
    }
    responseTime: 99
    req: {
      "id": 3,
      "method": "GET",
      "url": "/",
      "headers": {
        "host": "bot.zapatendimento.com.br",
        "connection": "keep-alive",
        "pragma": "no-cache",
        "cache-control": "no-cache",
        "upgrade-insecure-requests": "1",
        "user-agent": "Mozilla/5.0 (Windows NT 10.0; Win64; x64) AppleWebKit/537.36 (KHTML, like Gecko) Chrome/87.0.4280.88 Safari/537.36",
        "accept": "text/html,application/xhtml+xml,application/xml;q=0.9,image/avif,image/webp,image/apng,*/*;q=0.8,application/signed-exchange;v=b3;q=0.9",
        "accept-encoding": "gzip, deflate",
        "accept-language": "pt-BR,pt;q=0.9,en-US;q=0.8,en;q=0.7,es;q=0.6",
        "cookie": "_ga=GA1.3.199040947.1591923695; jwtatendente=eyJhbGciOiJIUzI1NiIsInR5cCI6IkpXVCJ9.eyJpZCI6NjQsImlkX3NldG9yIjoiMCIsImlhdCI6MTYwODMxMzIwNCwiZXhwIjoxNjE2MDg5MjA0fQ.g8wbHfcvtrRdpocAN9PKmpAa39GdPpgQVwyU70VhxP0; jwt=eyJhbGciOiJIUzI1NiIsInR5cCI6IkpXVCJ9.eyJpZCI6MjAsImlhdCI6MTYwODYzNTk1NCwiZXhwIjoxNjE2NDExOTU0fQ.4W4nqG2Goy2m3vJ0S8ZBibaaATeHKNyuWY13Ydt4adA"
      },
      "remoteAddress": "::ffff:186.206.254.45",
      "remotePort": 18948
    }
[22-12-2020 12:07:35] INFO	 (2254 on ubuntu): request completed
    res: {
      "statusCode": 200,
      "headers": {
        "x-powered-by": "Express"
      }
    }
    responseTime: 57
    req: {
      "id": 4,
      "method": "POST",
      "url": "/auth/getmeses",
      "headers": {
        "host": "bot.zapatendimento.com.br",
        "connection": "keep-alive",
        "content-length": "14",
        "pragma": "no-cache",
        "cache-control": "no-cache",
        "accept": "*/*",
        "x-requested-with": "XMLHttpRequest",
        "user-agent": "Mozilla/5.0 (Windows NT 10.0; Win64; x64) AppleWebKit/537.36 (KHTML, like Gecko) Chrome/87.0.4280.88 Safari/537.36",
        "content-type": "application/x-www-form-urlencoded; charset=UTF-8",
        "origin": "http://bot.zapatendimento.com.br",
        "referer": "http://bot.zapatendimento.com.br/",
        "accept-encoding": "gzip, deflate",
        "accept-language": "pt-BR,pt;q=0.9,en-US;q=0.8,en;q=0.7,es;q=0.6",
        "cookie": "_ga=GA1.3.199040947.1591923695; jwtatendente=eyJhbGciOiJIUzI1NiIsInR5cCI6IkpXVCJ9.eyJpZCI6NjQsImlkX3NldG9yIjoiMCIsImlhdCI6MTYwODMxMzIwNCwiZXhwIjoxNjE2MDg5MjA0fQ.g8wbHfcvtrRdpocAN9PKmpAa39GdPpgQVwyU70VhxP0; jwt=eyJhbGciOiJIUzI1NiIsInR5cCI6IkpXVCJ9.eyJpZCI6MjAsImlhdCI6MTYwODYzNTk1NCwiZXhwIjoxNjE2NDExOTU0fQ.4W4nqG2Goy2m3vJ0S8ZBibaaATeHKNyuWY13Ydt4adA"
      },
      "remoteAddress": "::ffff:186.206.254.45",
      "remotePort": 18953
    }
[22-12-2020 12:07:35] INFO	 (2254 on ubuntu): request completed
    res: {
      "statusCode": 404,
      "headers": {
        "x-powered-by": "Express",
        "content-security-policy": "default-src 'none'",
        "x-content-type-options": "nosniff",
        "content-type": "text/html; charset=utf-8",
        "content-length": 150
      }
    }
    responseTime: 3
    req: {
      "id": 5,
      "method": "GET",
      "url": "/favicon.ico",
      "headers": {
        "host": "bot.zapatendimento.com.br",
        "connection": "keep-alive",
        "pragma": "no-cache",
        "cache-control": "no-cache",
        "user-agent": "Mozilla/5.0 (Windows NT 10.0; Win64; x64) AppleWebKit/537.36 (KHTML, like Gecko) Chrome/87.0.4280.88 Safari/537.36",
        "accept": "image/avif,image/webp,image/apng,image/*,*/*;q=0.8",
        "referer": "http://bot.zapatendimento.com.br/",
        "accept-encoding": "gzip, deflate",
        "accept-language": "pt-BR,pt;q=0.9,en-US;q=0.8,en;q=0.7,es;q=0.6",
        "cookie": "_ga=GA1.3.199040947.1591923695; jwtatendente=eyJhbGciOiJIUzI1NiIsInR5cCI6IkpXVCJ9.eyJpZCI6NjQsImlkX3NldG9yIjoiMCIsImlhdCI6MTYwODMxMzIwNCwiZXhwIjoxNjE2MDg5MjA0fQ.g8wbHfcvtrRdpocAN9PKmpAa39GdPpgQVwyU70VhxP0; jwt=eyJhbGciOiJIUzI1NiIsInR5cCI6IkpXVCJ9.eyJpZCI6MjAsImlhdCI6MTYwODYzNTk1NCwiZXhwIjoxNjE2NDExOTU0fQ.4W4nqG2Goy2m3vJ0S8ZBibaaATeHKNyuWY13Ydt4adA"
      },
      "remoteAddress": "::ffff:186.206.254.45",
      "remotePort": 18953
    }
[22-12-2020 12:07:37] INFO	 (2254 on ubuntu):
    jwt_usuario: {
      "id": 20,
      "iat": 1608635954,
      "exp": 1616411954
    }
[22-12-2020 12:07:37] INFO	 (2254 on ubuntu):
    login_usuario: {
      "id": 20,
      "created_at": "2020-12-08T11:29:31.000Z",
      "updated_at": null,
      "nome": "zapbot",
      "senha": "$2a$08$h9lhZaNO6JFnHjhryDM22OhbF2NBpL9HvE/UVl9IOV8OcAgKcoxC2",
      "email": "zapbot@zapbot.com",
      "maskeid": "0CelQN",
      "admin": 0
    }
[22-12-2020 12:07:37] INFO	 (2254 on ubuntu): request completed
    res: {
      "statusCode": 200,
      "headers": {
        "x-powered-by": "Express",
        "content-type": "text/html; charset=utf-8",
        "content-length": "49136",
        "etag": "W/\"bff0-0EbJCLeuQ5Dbgc5ZTGCilibxlmI\""
      }
    }
    responseTime: 59
    req: {
      "id": 6,
      "method": "GET",
      "url": "/whats",
      "headers": {
        "host": "bot.zapatendimento.com.br",
        "connection": "keep-alive",
        "upgrade-insecure-requests": "1",
        "user-agent": "Mozilla/5.0 (Windows NT 10.0; Win64; x64) AppleWebKit/537.36 (KHTML, like Gecko) Chrome/87.0.4280.88 Safari/537.36",
        "accept": "text/html,application/xhtml+xml,application/xml;q=0.9,image/avif,image/webp,image/apng,*/*;q=0.8,application/signed-exchange;v=b3;q=0.9",
        "referer": "http://bot.zapatendimento.com.br/",
        "accept-encoding": "gzip, deflate",
        "accept-language": "pt-BR,pt;q=0.9,en-US;q=0.8,en;q=0.7,es;q=0.6",
        "cookie": "_ga=GA1.3.199040947.1591923695; jwtatendente=eyJhbGciOiJIUzI1NiIsInR5cCI6IkpXVCJ9.eyJpZCI6NjQsImlkX3NldG9yIjoiMCIsImlhdCI6MTYwODMxMzIwNCwiZXhwIjoxNjE2MDg5MjA0fQ.g8wbHfcvtrRdpocAN9PKmpAa39GdPpgQVwyU70VhxP0; jwt=eyJhbGciOiJIUzI1NiIsInR5cCI6IkpXVCJ9.eyJpZCI6MjAsImlhdCI6MTYwODYzNTk1NCwiZXhwIjoxNjE2NDExOTU0fQ.4W4nqG2Goy2m3vJ0S8ZBibaaATeHKNyuWY13Ydt4adA"
      },
      "remoteAddress": "::ffff:186.206.254.45",
      "remotePort": 18953
    }
[22-12-2020 12:07:57] INFO	 (2254 on ubuntu): request completed
    res: {
      "statusCode": 200,
      "headers": {
        "x-powered-by": "Express"
      }
    }
    responseTime: 18979
    req: {
      "id": 7,
      "method": "GET",
      "url": "/getqr",
      "headers": {
        "host": "bot.zapatendimento.com.br",
        "connection": "keep-alive",
        "accept": "*/*",
        "user-agent": "Mozilla/5.0 (Windows NT 10.0; Win64; x64) AppleWebKit/537.36 (KHTML, like Gecko) Chrome/87.0.4280.88 Safari/537.36",
        "x-requested-with": "XMLHttpRequest",
        "referer": "http://bot.zapatendimento.com.br/whats",
        "accept-encoding": "gzip, deflate",
        "accept-language": "pt-BR,pt;q=0.9,en-US;q=0.8,en;q=0.7,es;q=0.6",
        "cookie": "_ga=GA1.3.199040947.1591923695; jwtatendente=eyJhbGciOiJIUzI1NiIsInR5cCI6IkpXVCJ9.eyJpZCI6NjQsImlkX3NldG9yIjoiMCIsImlhdCI6MTYwODMxMzIwNCwiZXhwIjoxNjE2MDg5MjA0fQ.g8wbHfcvtrRdpocAN9PKmpAa39GdPpgQVwyU70VhxP0; jwt=eyJhbGciOiJIUzI1NiIsInR5cCI6IkpXVCJ9.eyJpZCI6MjAsImlhdCI6MTYwODYzNTk1NCwiZXhwIjoxNjE2NDExOTU0fQ.4W4nqG2Goy2m3vJ0S8ZBibaaATeHKNyuWY13Ydt4adA"
      },
      "remoteAddress": "::ffff:186.206.254.45",
      "remotePort": 18954
    }
[22-12-2020 12:08:04] INFO	 (2254 on ubuntu):
    jwt_usuario: {
      "id": 20,
      "iat": 1608635954,
      "exp": 1616411954
    }
[22-12-2020 12:08:04] INFO	 (2254 on ubuntu):
    login_usuario: {
      "id": 20,
      "created_at": "2020-12-08T11:29:31.000Z",
      "updated_at": null,
      "nome": "zapbot",
      "senha": "$2a$08$h9lhZaNO6JFnHjhryDM22OhbF2NBpL9HvE/UVl9IOV8OcAgKcoxC2",
      "email": "zapbot@zapbot.com",
      "maskeid": "0CelQN",
      "admin": 0
    }
[22-12-2020 12:08:04] INFO	 (2254 on ubuntu): request completed
    res: {
      "statusCode": 304,
      "headers": {
        "x-powered-by": "Express",
        "etag": "W/\"d2e9-eCCeCHHjXhqsxN6qcSa91SzBheE\""
      }
    }
    responseTime: 151
    req: {
      "id": 8,
      "method": "GET",
      "url": "/",
      "headers": {
        "host": "bot.zapatendimento.com.br",
        "connection": "keep-alive",
        "upgrade-insecure-requests": "1",
        "user-agent": "Mozilla/5.0 (Windows NT 10.0; Win64; x64) AppleWebKit/537.36 (KHTML, like Gecko) Chrome/87.0.4280.88 Safari/537.36",
        "accept": "text/html,application/xhtml+xml,application/xml;q=0.9,image/avif,image/webp,image/apng,*/*;q=0.8,application/signed-exchange;v=b3;q=0.9",
        "referer": "http://bot.zapatendimento.com.br/whats",
        "accept-encoding": "gzip, deflate",
        "accept-language": "pt-BR,pt;q=0.9,en-US;q=0.8,en;q=0.7,es;q=0.6",
        "cookie": "_ga=GA1.3.199040947.1591923695; jwtatendente=eyJhbGciOiJIUzI1NiIsInR5cCI6IkpXVCJ9.eyJpZCI6NjQsImlkX3NldG9yIjoiMCIsImlhdCI6MTYwODMxMzIwNCwiZXhwIjoxNjE2MDg5MjA0fQ.g8wbHfcvtrRdpocAN9PKmpAa39GdPpgQVwyU70VhxP0; jwt=eyJhbGciOiJIUzI1NiIsInR5cCI6IkpXVCJ9.eyJpZCI6MjAsImlhdCI6MTYwODYzNTk1NCwiZXhwIjoxNjE2NDExOTU0fQ.4W4nqG2Goy2m3vJ0S8ZBibaaATeHKNyuWY13Ydt4adA",
        "if-none-match": "W/\"d2e9-eCCeCHHjXhqsxN6qcSa91SzBheE\""
      },
      "remoteAddress": "::ffff:186.206.254.45",
      "remotePort": 18966
    }
[22-12-2020 12:08:05] INFO	 (2254 on ubuntu): request completed
    res: {
      "statusCode": 200,
      "headers": {
        "x-powered-by": "Express"
      }
    }
    responseTime: 91
    req: {
      "id": 9,
      "method": "POST",
      "url": "/auth/getmeses",
      "headers": {
        "host": "bot.zapatendimento.com.br",
        "connection": "keep-alive",
        "content-length": "14",
        "accept": "*/*",
        "x-requested-with": "XMLHttpRequest",
        "user-agent": "Mozilla/5.0 (Windows NT 10.0; Win64; x64) AppleWebKit/537.36 (KHTML, like Gecko) Chrome/87.0.4280.88 Safari/537.36",
        "content-type": "application/x-www-form-urlencoded; charset=UTF-8",
        "origin": "http://bot.zapatendimento.com.br",
        "referer": "http://bot.zapatendimento.com.br/",
        "accept-encoding": "gzip, deflate",
        "accept-language": "pt-BR,pt;q=0.9,en-US;q=0.8,en;q=0.7,es;q=0.6",
        "cookie": "_ga=GA1.3.199040947.1591923695; jwtatendente=eyJhbGciOiJIUzI1NiIsInR5cCI6IkpXVCJ9.eyJpZCI6NjQsImlkX3NldG9yIjoiMCIsImlhdCI6MTYwODMxMzIwNCwiZXhwIjoxNjE2MDg5MjA0fQ.g8wbHfcvtrRdpocAN9PKmpAa39GdPpgQVwyU70VhxP0; jwt=eyJhbGciOiJIUzI1NiIsInR5cCI6IkpXVCJ9.eyJpZCI6MjAsImlhdCI6MTYwODYzNTk1NCwiZXhwIjoxNjE2NDExOTU0fQ.4W4nqG2Goy2m3vJ0S8ZBibaaATeHKNyuWY13Ydt4adA"
      },
      "remoteAddress": "::ffff:186.206.254.45",
      "remotePort": 18967
    }
[22-12-2020 12:08:06] INFO	 (2254 on ubuntu): request completed
    res: {
      "statusCode": 200,
      "headers": {
        "x-powered-by": "Express",
        "content-type": "text/html; charset=utf-8",
        "content-length": "58602",
        "etag": "W/\"e4ea-7sKIhKzwXUo5A8ybLWRoVLMTo7A\""
      }
    }
    responseTime: 153
    req: {
      "id": 10,
      "method": "GET",
      "url": "/enviar",
      "headers": {
        "host": "bot.zapatendimento.com.br",
        "connection": "keep-alive",
        "upgrade-insecure-requests": "1",
        "user-agent": "Mozilla/5.0 (Windows NT 10.0; Win64; x64) AppleWebKit/537.36 (KHTML, like Gecko) Chrome/87.0.4280.88 Safari/537.36",
        "accept": "text/html,application/xhtml+xml,application/xml;q=0.9,image/avif,image/webp,image/apng,*/*;q=0.8,application/signed-exchange;v=b3;q=0.9",
        "referer": "http://bot.zapatendimento.com.br/",
        "accept-encoding": "gzip, deflate",
        "accept-language": "pt-BR,pt;q=0.9,en-US;q=0.8,en;q=0.7,es;q=0.6",
        "cookie": "_ga=GA1.3.199040947.1591923695; jwtatendente=eyJhbGciOiJIUzI1NiIsInR5cCI6IkpXVCJ9.eyJpZCI6NjQsImlkX3NldG9yIjoiMCIsImlhdCI6MTYwODMxMzIwNCwiZXhwIjoxNjE2MDg5MjA0fQ.g8wbHfcvtrRdpocAN9PKmpAa39GdPpgQVwyU70VhxP0; jwt=eyJhbGciOiJIUzI1NiIsInR5cCI6IkpXVCJ9.eyJpZCI6MjAsImlhdCI6MTYwODYzNTk1NCwiZXhwIjoxNjE2NDExOTU0fQ.4W4nqG2Goy2m3vJ0S8ZBibaaATeHKNyuWY13Ydt4adA",
        "if-none-match": "W/\"d2db-GZcFNh3pd674oB0JZjOA4Rh/pyo\""
      },
      "remoteAddress": "::ffff:186.206.254.45",
      "remotePort": 18967
    }
[22-12-2020 12:08:16] INFO	 (2254 on ubuntu): request completed
    res: {
      "statusCode": 200,
      "headers": {
        "x-powered-by": "Express"
      }
    }
    responseTime: 255
    req: {
      "id": 11,
      "method": "POST",
      "url": "/auth/enviarwhats",
      "headers": {
        "host": "bot.zapatendimento.com.br",
        "connection": "keep-alive",
        "content-length": "22",
        "accept": "*/*",
        "x-requested-with": "XMLHttpRequest",
        "user-agent": "Mozilla/5.0 (Windows NT 10.0; Win64; x64) AppleWebKit/537.36 (KHTML, like Gecko) Chrome/87.0.4280.88 Safari/537.36",
        "content-type": "application/x-www-form-urlencoded; charset=UTF-8",
        "origin": "http://bot.zapatendimento.com.br",
        "referer": "http://bot.zapatendimento.com.br/enviar",
        "accept-encoding": "gzip, deflate",
        "accept-language": "pt-BR,pt;q=0.9,en-US;q=0.8,en;q=0.7,es;q=0.6",
        "cookie": "_ga=GA1.3.199040947.1591923695; jwtatendente=eyJhbGciOiJIUzI1NiIsInR5cCI6IkpXVCJ9.eyJpZCI6NjQsImlkX3NldG9yIjoiMCIsImlhdCI6MTYwODMxMzIwNCwiZXhwIjoxNjE2MDg5MjA0fQ.g8wbHfcvtrRdpocAN9PKmpAa39GdPpgQVwyU70VhxP0; jwt=eyJhbGciOiJIUzI1NiIsInR5cCI6IkpXVCJ9.eyJpZCI6MjAsImlhdCI6MTYwODYzNTk1NCwiZXhwIjoxNjE2NDExOTU0fQ.4W4nqG2Goy2m3vJ0S8ZBibaaATeHKNyuWY13Ydt4adA"
      },
      "remoteAddress": "::ffff:186.206.254.45",
      "remotePort": 18984
    }
[22-12-2020 12:08:16] INFO	 (2254 on ubuntu): request completed
    res: {
      "statusCode": 200,
      "headers": {
        "x-powered-by": "Express"
      }
    }
    responseTime: 9
    req: {
      "id": 12,
      "method": "POST",
      "url": "/auth/enviadas",
      "headers": {
        "host": "bot.zapatendimento.com.br",
        "connection": "keep-alive",
        "content-length": "30",
        "accept": "*/*",
        "x-requested-with": "XMLHttpRequest",
        "user-agent": "Mozilla/5.0 (Windows NT 10.0; Win64; x64) AppleWebKit/537.36 (KHTML, like Gecko) Chrome/87.0.4280.88 Safari/537.36",
        "content-type": "application/x-www-form-urlencoded; charset=UTF-8",
        "origin": "http://bot.zapatendimento.com.br",
        "referer": "http://bot.zapatendimento.com.br/enviar",
        "accept-encoding": "gzip, deflate",
        "accept-language": "pt-BR,pt;q=0.9,en-US;q=0.8,en;q=0.7,es;q=0.6",
        "cookie": "_ga=GA1.3.199040947.1591923695; jwtatendente=eyJhbGciOiJIUzI1NiIsInR5cCI6IkpXVCJ9.eyJpZCI6NjQsImlkX3NldG9yIjoiMCIsImlhdCI6MTYwODMxMzIwNCwiZXhwIjoxNjE2MDg5MjA0fQ.g8wbHfcvtrRdpocAN9PKmpAa39GdPpgQVwyU70VhxP0; jwt=eyJhbGciOiJIUzI1NiIsInR5cCI6IkpXVCJ9.eyJpZCI6MjAsImlhdCI6MTYwODYzNTk1NCwiZXhwIjoxNjE2NDExOTU0fQ.4W4nqG2Goy2m3vJ0S8ZBibaaATeHKNyuWY13Ydt4adA"
      },
      "remoteAddress": "::ffff:186.206.254.45",
      "remotePort": 18984
    }
[22-12-2020 12:08:37] INFO	 (2254 on ubuntu):
[22-12-2020 12:08:37] INFO	 (2254 on ubuntu): request completed
    res: {
      "statusCode": 200,
      "headers": {
        "x-powered-by": "Express"
      }
    }
    responseTime: 1230
    req: {
      "id": 13,
      "method": "POST",
      "url": "/auth/enviarwhats",
      "headers": {
        "host": "bot.zapatendimento.com.br",
        "connection": "keep-alive",
        "content-length": "27",
        "accept": "*/*",
        "x-requested-with": "XMLHttpRequest",
        "user-agent": "Mozilla/5.0 (Windows NT 10.0; Win64; x64) AppleWebKit/537.36 (KHTML, like Gecko) Chrome/87.0.4280.88 Safari/537.36",
        "content-type": "application/x-www-form-urlencoded; charset=UTF-8",
        "origin": "http://bot.zapatendimento.com.br",
        "referer": "http://bot.zapatendimento.com.br/enviar",
        "accept-encoding": "gzip, deflate",
        "accept-language": "pt-BR,pt;q=0.9,en-US;q=0.8,en;q=0.7,es;q=0.6",
        "cookie": "_ga=GA1.3.199040947.1591923695; jwtatendente=eyJhbGciOiJIUzI1NiIsInR5cCI6IkpXVCJ9.eyJpZCI6NjQsImlkX3NldG9yIjoiMCIsImlhdCI6MTYwODMxMzIwNCwiZXhwIjoxNjE2MDg5MjA0fQ.g8wbHfcvtrRdpocAN9PKmpAa39GdPpgQVwyU70VhxP0; jwt=eyJhbGciOiJIUzI1NiIsInR5cCI6IkpXVCJ9.eyJpZCI6MjAsImlhdCI6MTYwODYzNTk1NCwiZXhwIjoxNjE2NDExOTU0fQ.4W4nqG2Goy2m3vJ0S8ZBibaaATeHKNyuWY13Ydt4adA"
      },
      "remoteAddress": "::ffff:186.206.254.45",
      "remotePort": 18985
    }
[22-12-2020 12:08:37] INFO	 (2254 on ubuntu): request completed
    res: {
      "statusCode": 200,
      "headers": {
        "x-powered-by": "Express"
      }
    }
    responseTime: 5
    req: {
      "id": 14,
      "method": "POST",
      "url": "/auth/enviadas",
      "headers": {
        "host": "bot.zapatendimento.com.br",
        "connection": "keep-alive",
        "content-length": "30",
        "accept": "*/*",
        "x-requested-with": "XMLHttpRequest",
        "user-agent": "Mozilla/5.0 (Windows NT 10.0; Win64; x64) AppleWebKit/537.36 (KHTML, like Gecko) Chrome/87.0.4280.88 Safari/537.36",
        "content-type": "application/x-www-form-urlencoded; charset=UTF-8",
        "origin": "http://bot.zapatendimento.com.br",
        "referer": "http://bot.zapatendimento.com.br/enviar",
        "accept-encoding": "gzip, deflate",
        "accept-language": "pt-BR,pt;q=0.9,en-US;q=0.8,en;q=0.7,es;q=0.6",
        "cookie": "_ga=GA1.3.199040947.1591923695; jwtatendente=eyJhbGciOiJIUzI1NiIsInR5cCI6IkpXVCJ9.eyJpZCI6NjQsImlkX3NldG9yIjoiMCIsImlhdCI6MTYwODMxMzIwNCwiZXhwIjoxNjE2MDg5MjA0fQ.g8wbHfcvtrRdpocAN9PKmpAa39GdPpgQVwyU70VhxP0; jwt=eyJhbGciOiJIUzI1NiIsInR5cCI6IkpXVCJ9.eyJpZCI6MjAsImlhdCI6MTYwODYzNTk1NCwiZXhwIjoxNjE2NDExOTU0fQ.4W4nqG2Goy2m3vJ0S8ZBibaaATeHKNyuWY13Ydt4adA"
      },
      "remoteAddress": "::ffff:186.206.254.45",
      "remotePort": 18985
    }
[22-12-2020 12:08:57] INFO	 (2254 on ubuntu):
[22-12-2020 12:08:57] INFO	 (2254 on ubuntu): request completed
    res: {
      "statusCode": 200,
      "headers": {
        "x-powered-by": "Express"
      }
    }
    responseTime: 1257
    req: {
      "id": 15,
      "method": "POST",
      "url": "/auth/enviarwhats",
      "headers": {
        "host": "bot.zapatendimento.com.br",
        "connection": "keep-alive",
        "content-length": "27",
        "accept": "*/*",
        "x-requested-with": "XMLHttpRequest",
        "user-agent": "Mozilla/5.0 (Windows NT 10.0; Win64; x64) AppleWebKit/537.36 (KHTML, like Gecko) Chrome/87.0.4280.88 Safari/537.36",
        "content-type": "application/x-www-form-urlencoded; charset=UTF-8",
        "origin": "http://bot.zapatendimento.com.br",
        "referer": "http://bot.zapatendimento.com.br/enviar",
        "accept-encoding": "gzip, deflate",
        "accept-language": "pt-BR,pt;q=0.9,en-US;q=0.8,en;q=0.7,es;q=0.6",
        "cookie": "_ga=GA1.3.199040947.1591923695; jwtatendente=eyJhbGciOiJIUzI1NiIsInR5cCI6IkpXVCJ9.eyJpZCI6NjQsImlkX3NldG9yIjoiMCIsImlhdCI6MTYwODMxMzIwNCwiZXhwIjoxNjE2MDg5MjA0fQ.g8wbHfcvtrRdpocAN9PKmpAa39GdPpgQVwyU70VhxP0; jwt=eyJhbGciOiJIUzI1NiIsInR5cCI6IkpXVCJ9.eyJpZCI6MjAsImlhdCI6MTYwODYzNTk1NCwiZXhwIjoxNjE2NDExOTU0fQ.4W4nqG2Goy2m3vJ0S8ZBibaaATeHKNyuWY13Ydt4adA"
      },
      "remoteAddress": "::ffff:186.206.254.45",
      "remotePort": 18992
    }
[22-12-2020 12:08:57] INFO	 (2254 on ubuntu): request completed
    res: {
      "statusCode": 200,
      "headers": {
        "x-powered-by": "Express"
      }
    }
    responseTime: 4
    req: {
      "id": 16,
      "method": "POST",
      "url": "/auth/enviadas",
      "headers": {
        "host": "bot.zapatendimento.com.br",
        "connection": "keep-alive",
        "content-length": "30",
        "accept": "*/*",
        "x-requested-with": "XMLHttpRequest",
        "user-agent": "Mozilla/5.0 (Windows NT 10.0; Win64; x64) AppleWebKit/537.36 (KHTML, like Gecko) Chrome/87.0.4280.88 Safari/537.36",
        "content-type": "application/x-www-form-urlencoded; charset=UTF-8",
        "origin": "http://bot.zapatendimento.com.br",
        "referer": "http://bot.zapatendimento.com.br/enviar",
        "accept-encoding": "gzip, deflate",
        "accept-language": "pt-BR,pt;q=0.9,en-US;q=0.8,en;q=0.7,es;q=0.6",
        "cookie": "_ga=GA1.3.199040947.1591923695; jwtatendente=eyJhbGciOiJIUzI1NiIsInR5cCI6IkpXVCJ9.eyJpZCI6NjQsImlkX3NldG9yIjoiMCIsImlhdCI6MTYwODMxMzIwNCwiZXhwIjoxNjE2MDg5MjA0fQ.g8wbHfcvtrRdpocAN9PKmpAa39GdPpgQVwyU70VhxP0; jwt=eyJhbGciOiJIUzI1NiIsInR5cCI6IkpXVCJ9.eyJpZCI6MjAsImlhdCI6MTYwODYzNTk1NCwiZXhwIjoxNjE2NDExOTU0fQ.4W4nqG2Goy2m3vJ0S8ZBibaaATeHKNyuWY13Ydt4adA"
      },
      "remoteAddress": "::ffff:186.206.254.45",
      "remotePort": 18992
    }
[22-12-2020 12:09:03] INFO	 (2254 on ubuntu): request completed
    res: {
      "statusCode": 304,
      "headers": {
        "x-powered-by": "Express",
        "etag": "W/\"e4ea-7sKIhKzwXUo5A8ybLWRoVLMTo7A\""
      }
    }
    responseTime: 89
    req: {
      "id": 17,
      "method": "GET",
      "url": "/enviar",
      "headers": {
        "host": "bot.zapatendimento.com.br",
        "connection": "keep-alive",
        "upgrade-insecure-requests": "1",
        "user-agent": "Mozilla/5.0 (Windows NT 10.0; Win64; x64) AppleWebKit/537.36 (KHTML, like Gecko) Chrome/87.0.4280.88 Safari/537.36",
        "accept": "text/html,application/xhtml+xml,application/xml;q=0.9,image/avif,image/webp,image/apng,*/*;q=0.8,application/signed-exchange;v=b3;q=0.9",
        "referer": "http://bot.zapatendimento.com.br/enviar",
        "accept-encoding": "gzip, deflate",
        "accept-language": "pt-BR,pt;q=0.9,en-US;q=0.8,en;q=0.7,es;q=0.6",
        "cookie": "_ga=GA1.3.199040947.1591923695; jwtatendente=eyJhbGciOiJIUzI1NiIsInR5cCI6IkpXVCJ9.eyJpZCI6NjQsImlkX3NldG9yIjoiMCIsImlhdCI6MTYwODMxMzIwNCwiZXhwIjoxNjE2MDg5MjA0fQ.g8wbHfcvtrRdpocAN9PKmpAa39GdPpgQVwyU70VhxP0; jwt=eyJhbGciOiJIUzI1NiIsInR5cCI6IkpXVCJ9.eyJpZCI6MjAsImlhdCI6MTYwODYzNTk1NCwiZXhwIjoxNjE2NDExOTU0fQ.4W4nqG2Goy2m3vJ0S8ZBibaaATeHKNyuWY13Ydt4adA",
        "if-none-match": "W/\"e4ea-7sKIhKzwXUo5A8ybLWRoVLMTo7A\""
      },
      "remoteAddress": "::ffff:186.206.254.45",
      "remotePort": 18996
    }
[22-12-2020 12:09:53] INFO	 (2254 on ubuntu): request completed
    res: {
      "statusCode": 200,
      "headers": {
        "x-powered-by": "Express",
        "content-type": "text/html; charset=utf-8",
        "content-length": "51896",
        "etag": "W/\"cab8-oMn7DQ4RLkqmTOpm10gypYGkn2Y\""
      }
    }
    responseTime: 75
    req: {
      "id": 18,
      "method": "GET",
      "url": "/campanhas",
      "headers": {
        "host": "bot.zapatendimento.com.br",
        "connection": "keep-alive",
        "upgrade-insecure-requests": "1",
        "user-agent": "Mozilla/5.0 (Windows NT 10.0; Win64; x64) AppleWebKit/537.36 (KHTML, like Gecko) Chrome/87.0.4280.88 Safari/537.36",
        "accept": "text/html,application/xhtml+xml,application/xml;q=0.9,image/avif,image/webp,image/apng,*/*;q=0.8,application/signed-exchange;v=b3;q=0.9",
        "accept-encoding": "gzip, deflate",
        "accept-language": "pt-BR,pt;q=0.9,en-US;q=0.8,en;q=0.7",
        "cookie": "jwt=eyJhbGciOiJIUzI1NiIsInR5cCI6IkpXVCJ9.eyJpZCI6MTUsImlhdCI6MTYwNzY5NDEzMCwiZXhwIjoxNjE1NDcwMTMwfQ.kWEbDorPw3uRZLo3vFxf92ZRcmitt9bp0V8DLutRB_w; io=VMsTwksiVXMBv32bAAAL"
      },
      "remoteAddress": "::ffff:187.72.69.121",
      "remotePort": 39198
    }
[22-12-2020 12:09:57] INFO	 (2254 on ubuntu):
    jwt_usuario: {
      "id": 15,
      "iat": 1607694130,
      "exp": 1615470130
    }
[22-12-2020 12:09:57] INFO	 (2254 on ubuntu):
    login_usuario: {
      "id": 15,
      "created_at": "2020-10-28T19:22:59.000Z",
      "updated_at": null,
      "nome": "prime",
      "senha": "$2a$08$Mhi4jhUYfzzlt2goipCd.eLVvVXS3hVZYi.3vvoq4lF5lUzF9oQy6",
      "email": "prime@prime.com",
      "maskeid": "SfuqMV",
      "admin": 0
    }
[22-12-2020 12:09:57] INFO	 (2254 on ubuntu): request completed
    res: {
      "statusCode": 200,
      "headers": {
        "x-powered-by": "Express",
        "content-type": "text/html; charset=utf-8",
        "content-length": "49135",
        "etag": "W/\"bfef-auu/iKiFM5vLfjEqzk1DSxXnaxM\""
      }
    }
    responseTime: 231
    req: {
      "id": 19,
      "method": "GET",
      "url": "/whats",
      "headers": {
        "host": "bot.zapatendimento.com.br",
        "connection": "keep-alive",
        "upgrade-insecure-requests": "1",
        "user-agent": "Mozilla/5.0 (Windows NT 10.0; Win64; x64) AppleWebKit/537.36 (KHTML, like Gecko) Chrome/87.0.4280.88 Safari/537.36",
        "accept": "text/html,application/xhtml+xml,application/xml;q=0.9,image/avif,image/webp,image/apng,*/*;q=0.8,application/signed-exchange;v=b3;q=0.9",
        "referer": "http://bot.zapatendimento.com.br/campanhas",
        "accept-encoding": "gzip, deflate",
        "accept-language": "pt-BR,pt;q=0.9,en-US;q=0.8,en;q=0.7",
        "cookie": "jwt=eyJhbGciOiJIUzI1NiIsInR5cCI6IkpXVCJ9.eyJpZCI6MTUsImlhdCI6MTYwNzY5NDEzMCwiZXhwIjoxNjE1NDcwMTMwfQ.kWEbDorPw3uRZLo3vFxf92ZRcmitt9bp0V8DLutRB_w; io=VMsTwksiVXMBv32bAAAL"
      },
      "remoteAddress": "::ffff:187.72.69.121",
      "remotePort": 25927
    }
[22-12-2020 12:10:05] INFO	 (2254 on ubuntu):
    jwt_usuario: {
      "id": 20,
      "iat": 1608635954,
      "exp": 1616411954
    }
[22-12-2020 12:10:05] INFO	 (2254 on ubuntu):
    login_usuario: {
      "id": 20,
      "created_at": "2020-12-08T11:29:31.000Z",
      "updated_at": null,
      "nome": "zapbot",
      "senha": "$2a$08$h9lhZaNO6JFnHjhryDM22OhbF2NBpL9HvE/UVl9IOV8OcAgKcoxC2",
      "email": "zapbot@zapbot.com",
      "maskeid": "0CelQN",
      "admin": 0
    }
[22-12-2020 12:10:05] INFO	 (2254 on ubuntu): request completed
    res: {
      "statusCode": 304,
      "headers": {
        "x-powered-by": "Express",
        "etag": "W/\"bff0-0EbJCLeuQ5Dbgc5ZTGCilibxlmI\""
      }
    }
    responseTime: 72
    req: {
      "id": 20,
      "method": "GET",
      "url": "/whats",
      "headers": {
        "host": "bot.zapatendimento.com.br",
        "connection": "keep-alive",
        "upgrade-insecure-requests": "1",
        "user-agent": "Mozilla/5.0 (Windows NT 10.0; Win64; x64) AppleWebKit/537.36 (KHTML, like Gecko) Chrome/87.0.4280.88 Safari/537.36",
        "accept": "text/html,application/xhtml+xml,application/xml;q=0.9,image/avif,image/webp,image/apng,*/*;q=0.8,application/signed-exchange;v=b3;q=0.9",
        "referer": "http://bot.zapatendimento.com.br/enviar",
        "accept-encoding": "gzip, deflate",
        "accept-language": "pt-BR,pt;q=0.9,en-US;q=0.8,en;q=0.7,es;q=0.6",
        "cookie": "_ga=GA1.3.199040947.1591923695; jwtatendente=eyJhbGciOiJIUzI1NiIsInR5cCI6IkpXVCJ9.eyJpZCI6NjQsImlkX3NldG9yIjoiMCIsImlhdCI6MTYwODMxMzIwNCwiZXhwIjoxNjE2MDg5MjA0fQ.g8wbHfcvtrRdpocAN9PKmpAa39GdPpgQVwyU70VhxP0; jwt=eyJhbGciOiJIUzI1NiIsInR5cCI6IkpXVCJ9.eyJpZCI6MjAsImlhdCI6MTYwODYzNTk1NCwiZXhwIjoxNjE2NDExOTU0fQ.4W4nqG2Goy2m3vJ0S8ZBibaaATeHKNyuWY13Ydt4adA",
        "if-none-match": "W/\"bff0-0EbJCLeuQ5Dbgc5ZTGCilibxlmI\""
      },
      "remoteAddress": "::ffff:186.206.254.45",
      "remotePort": 19019
    }
[22-12-2020 12:10:07] INFO	 (2254 on ubuntu): request completed
    res: {
      "statusCode": 200,
      "headers": {
        "x-powered-by": "Express"
      }
    }
    responseTime: 97
    req: {
      "id": 21,
      "method": "GET",
      "url": "/getqr",
      "headers": {
        "host": "bot.zapatendimento.com.br",
        "connection": "keep-alive",
        "accept": "*/*",
        "user-agent": "Mozilla/5.0 (Windows NT 10.0; Win64; x64) AppleWebKit/537.36 (KHTML, like Gecko) Chrome/87.0.4280.88 Safari/537.36",
        "x-requested-with": "XMLHttpRequest",
        "referer": "http://bot.zapatendimento.com.br/whats",
        "accept-encoding": "gzip, deflate",
        "accept-language": "pt-BR,pt;q=0.9,en-US;q=0.8,en;q=0.7,es;q=0.6",
        "cookie": "_ga=GA1.3.199040947.1591923695; jwtatendente=eyJhbGciOiJIUzI1NiIsInR5cCI6IkpXVCJ9.eyJpZCI6NjQsImlkX3NldG9yIjoiMCIsImlhdCI6MTYwODMxMzIwNCwiZXhwIjoxNjE2MDg5MjA0fQ.g8wbHfcvtrRdpocAN9PKmpAa39GdPpgQVwyU70VhxP0; jwt=eyJhbGciOiJIUzI1NiIsInR5cCI6IkpXVCJ9.eyJpZCI6MjAsImlhdCI6MTYwODYzNTk1NCwiZXhwIjoxNjE2NDExOTU0fQ.4W4nqG2Goy2m3vJ0S8ZBibaaATeHKNyuWY13Ydt4adA"
      },
      "remoteAddress": "::ffff:186.206.254.45",
      "remotePort": 19022
    }
[22-12-2020 12:10:12] INFO	 (2254 on ubuntu): request completed
    res: {
      "statusCode": 304,
      "headers": {
        "x-powered-by": "Express",
        "etag": "W/\"bde0-IDVhYOci1iNUlluuUoUyqgRvR5E\""
      }
    }
    responseTime: 46
    req: {
      "id": 22,
      "method": "GET",
      "url": "/grupos",
      "headers": {
        "host": "bot.zapatendimento.com.br",
        "connection": "keep-alive",
        "upgrade-insecure-requests": "1",
        "user-agent": "Mozilla/5.0 (Windows NT 10.0; Win64; x64) AppleWebKit/537.36 (KHTML, like Gecko) Chrome/87.0.4280.88 Safari/537.36",
        "accept": "text/html,application/xhtml+xml,application/xml;q=0.9,image/avif,image/webp,image/apng,*/*;q=0.8,application/signed-exchange;v=b3;q=0.9",
        "referer": "http://bot.zapatendimento.com.br/whats",
        "accept-encoding": "gzip, deflate",
        "accept-language": "pt-BR,pt;q=0.9,en-US;q=0.8,en;q=0.7,es;q=0.6",
        "cookie": "_ga=GA1.3.199040947.1591923695; jwtatendente=eyJhbGciOiJIUzI1NiIsInR5cCI6IkpXVCJ9.eyJpZCI6NjQsImlkX3NldG9yIjoiMCIsImlhdCI6MTYwODMxMzIwNCwiZXhwIjoxNjE2MDg5MjA0fQ.g8wbHfcvtrRdpocAN9PKmpAa39GdPpgQVwyU70VhxP0; jwt=eyJhbGciOiJIUzI1NiIsInR5cCI6IkpXVCJ9.eyJpZCI6MjAsImlhdCI6MTYwODYzNTk1NCwiZXhwIjoxNjE2NDExOTU0fQ.4W4nqG2Goy2m3vJ0S8ZBibaaATeHKNyuWY13Ydt4adA",
        "if-none-match": "W/\"bde0-IDVhYOci1iNUlluuUoUyqgRvR5E\""
      },
      "remoteAddress": "::ffff:186.206.254.45",
      "remotePort": 19022
    }
[22-12-2020 12:10:15] INFO	 (2254 on ubuntu): request completed
    res: {
      "statusCode": 200,
      "headers": {
        "x-powered-by": "Express",
        "content-type": "text/html; charset=utf-8",
        "content-length": "46803",
        "etag": "W/\"b6d3-WKREZ091st2WQu+m0r53qPKcGAg\""
      }
    }
    responseTime: 98
    req: {
      "id": 23,
      "method": "GET",
      "url": "/bot",
      "headers": {
        "host": "bot.zapatendimento.com.br",
        "connection": "keep-alive",
        "upgrade-insecure-requests": "1",
        "user-agent": "Mozilla/5.0 (Windows NT 10.0; Win64; x64) AppleWebKit/537.36 (KHTML, like Gecko) Chrome/87.0.4280.88 Safari/537.36",
        "accept": "text/html,application/xhtml+xml,application/xml;q=0.9,image/avif,image/webp,image/apng,*/*;q=0.8,application/signed-exchange;v=b3;q=0.9",
        "referer": "http://bot.zapatendimento.com.br/whats",
        "accept-encoding": "gzip, deflate",
        "accept-language": "pt-BR,pt;q=0.9,en-US;q=0.8,en;q=0.7",
        "cookie": "jwt=eyJhbGciOiJIUzI1NiIsInR5cCI6IkpXVCJ9.eyJpZCI6MTUsImlhdCI6MTYwNzY5NDEzMCwiZXhwIjoxNjE1NDcwMTMwfQ.kWEbDorPw3uRZLo3vFxf92ZRcmitt9bp0V8DLutRB_w; io=VMsTwksiVXMBv32bAAAL",
        "if-none-match": "W/\"ebf2-rQWZ294ebl0dYgJjbgEdIm1WPd0\""
      },
      "remoteAddress": "::ffff:187.72.69.121",
      "remotePort": 3414
    }
[22-12-2020 12:10:20] INFO	 (2254 on ubuntu): request completed
    res: {
      "statusCode": 200,
      "headers": {
        "x-powered-by": "Express",
        "content-type": "text/html; charset=utf-8",
        "content-length": "50553",
        "etag": "W/\"c579-liEUwltTZVRRApzE2lYNlWvgfFM\""
      }
    }
    responseTime: 113
    req: {
      "id": 24,
      "method": "GET",
      "url": "/contatos",
      "headers": {
        "host": "bot.zapatendimento.com.br",
        "connection": "keep-alive",
        "upgrade-insecure-requests": "1",
        "user-agent": "Mozilla/5.0 (Windows NT 10.0; Win64; x64) AppleWebKit/537.36 (KHTML, like Gecko) Chrome/87.0.4280.88 Safari/537.36",
        "accept": "text/html,application/xhtml+xml,application/xml;q=0.9,image/avif,image/webp,image/apng,*/*;q=0.8,application/signed-exchange;v=b3;q=0.9",
        "referer": "http://bot.zapatendimento.com.br/grupos",
        "accept-encoding": "gzip, deflate",
        "accept-language": "pt-BR,pt;q=0.9,en-US;q=0.8,en;q=0.7,es;q=0.6",
        "cookie": "_ga=GA1.3.199040947.1591923695; jwtatendente=eyJhbGciOiJIUzI1NiIsInR5cCI6IkpXVCJ9.eyJpZCI6NjQsImlkX3NldG9yIjoiMCIsImlhdCI6MTYwODMxMzIwNCwiZXhwIjoxNjE2MDg5MjA0fQ.g8wbHfcvtrRdpocAN9PKmpAa39GdPpgQVwyU70VhxP0; jwt=eyJhbGciOiJIUzI1NiIsInR5cCI6IkpXVCJ9.eyJpZCI6MjAsImlhdCI6MTYwODYzNTk1NCwiZXhwIjoxNjE2NDExOTU0fQ.4W4nqG2Goy2m3vJ0S8ZBibaaATeHKNyuWY13Ydt4adA"
      },
      "remoteAddress": "::ffff:186.206.254.45",
      "remotePort": 19036
    }
[22-12-2020 12:10:41] INFO	 (2254 on ubuntu): request completed
    res: {
      "statusCode": 304,
      "headers": {
        "x-powered-by": "Express",
        "etag": "W/\"bde0-IDVhYOci1iNUlluuUoUyqgRvR5E\""
      }
    }
    responseTime: 20
    req: {
      "id": 25,
      "method": "GET",
      "url": "/grupos",
      "headers": {
        "host": "bot.zapatendimento.com.br",
        "connection": "keep-alive",
        "upgrade-insecure-requests": "1",
        "user-agent": "Mozilla/5.0 (Windows NT 10.0; Win64; x64) AppleWebKit/537.36 (KHTML, like Gecko) Chrome/87.0.4280.88 Safari/537.36",
        "accept": "text/html,application/xhtml+xml,application/xml;q=0.9,image/avif,image/webp,image/apng,*/*;q=0.8,application/signed-exchange;v=b3;q=0.9",
        "referer": "http://bot.zapatendimento.com.br/contatos",
        "accept-encoding": "gzip, deflate",
        "accept-language": "pt-BR,pt;q=0.9,en-US;q=0.8,en;q=0.7,es;q=0.6",
        "cookie": "_ga=GA1.3.199040947.1591923695; jwtatendente=eyJhbGciOiJIUzI1NiIsInR5cCI6IkpXVCJ9.eyJpZCI6NjQsImlkX3NldG9yIjoiMCIsImlhdCI6MTYwODMxMzIwNCwiZXhwIjoxNjE2MDg5MjA0fQ.g8wbHfcvtrRdpocAN9PKmpAa39GdPpgQVwyU70VhxP0; jwt=eyJhbGciOiJIUzI1NiIsInR5cCI6IkpXVCJ9.eyJpZCI6MjAsImlhdCI6MTYwODYzNTk1NCwiZXhwIjoxNjE2NDExOTU0fQ.4W4nqG2Goy2m3vJ0S8ZBibaaATeHKNyuWY13Ydt4adA",
        "if-none-match": "W/\"bde0-IDVhYOci1iNUlluuUoUyqgRvR5E\""
      },
      "remoteAddress": "::ffff:186.206.254.45",
      "remotePort": 19051
    }
[22-12-2020 12:10:47] INFO	 (2254 on ubuntu):
    sucesso_addgrupo: {
      "fieldCount": 0,
      "affectedRows": 1,
      "insertId": 98,
      "serverStatus": 2,
      "warningCount": 0,
      "message": "",
      "protocol41": true,
      "changedRows": 0
    }
    body: {
      "usuario_id": "20",
      "nome_grupo": "teste",
      "descricao": "teste"
    }
[22-12-2020 12:10:47] INFO	 (2254 on ubuntu): request completed
    res: {
      "statusCode": 200,
      "headers": {
        "x-powered-by": "Express"
      }
    }
    responseTime: 13
    req: {
      "id": 26,
      "method": "POST",
      "url": "/auth/addgrupo",
      "headers": {
        "host": "bot.zapatendimento.com.br",
        "connection": "keep-alive",
        "content-length": "46",
        "accept": "*/*",
        "x-requested-with": "XMLHttpRequest",
        "user-agent": "Mozilla/5.0 (Windows NT 10.0; Win64; x64) AppleWebKit/537.36 (KHTML, like Gecko) Chrome/87.0.4280.88 Safari/537.36",
        "content-type": "application/x-www-form-urlencoded; charset=UTF-8",
        "origin": "http://bot.zapatendimento.com.br",
        "referer": "http://bot.zapatendimento.com.br/grupos",
        "accept-encoding": "gzip, deflate",
        "accept-language": "pt-BR,pt;q=0.9,en-US;q=0.8,en;q=0.7,es;q=0.6",
        "cookie": "_ga=GA1.3.199040947.1591923695; jwtatendente=eyJhbGciOiJIUzI1NiIsInR5cCI6IkpXVCJ9.eyJpZCI6NjQsImlkX3NldG9yIjoiMCIsImlhdCI6MTYwODMxMzIwNCwiZXhwIjoxNjE2MDg5MjA0fQ.g8wbHfcvtrRdpocAN9PKmpAa39GdPpgQVwyU70VhxP0; jwt=eyJhbGciOiJIUzI1NiIsInR5cCI6IkpXVCJ9.eyJpZCI6MjAsImlhdCI6MTYwODYzNTk1NCwiZXhwIjoxNjE2NDExOTU0fQ.4W4nqG2Goy2m3vJ0S8ZBibaaATeHKNyuWY13Ydt4adA"
      },
      "remoteAddress": "::ffff:186.206.254.45",
      "remotePort": 19062
    }
[22-12-2020 12:10:47] INFO	 (2254 on ubuntu): request completed
    res: {
      "statusCode": 200,
      "headers": {
        "x-powered-by": "Express",
        "content-type": "text/html; charset=utf-8",
        "content-length": "49185",
        "etag": "W/\"c021-MGJU9OYepbWA/T6EGGby3/s3ui4\""
      }
    }
    responseTime: 66
    req: {
      "id": 27,
      "method": "GET",
      "url": "/grupos",
      "headers": {
        "host": "bot.zapatendimento.com.br",
        "connection": "keep-alive",
        "upgrade-insecure-requests": "1",
        "user-agent": "Mozilla/5.0 (Windows NT 10.0; Win64; x64) AppleWebKit/537.36 (KHTML, like Gecko) Chrome/87.0.4280.88 Safari/537.36",
        "accept": "text/html,application/xhtml+xml,application/xml;q=0.9,image/avif,image/webp,image/apng,*/*;q=0.8,application/signed-exchange;v=b3;q=0.9",
        "referer": "http://bot.zapatendimento.com.br/grupos",
        "accept-encoding": "gzip, deflate",
        "accept-language": "pt-BR,pt;q=0.9,en-US;q=0.8,en;q=0.7,es;q=0.6",
        "cookie": "_ga=GA1.3.199040947.1591923695; jwtatendente=eyJhbGciOiJIUzI1NiIsInR5cCI6IkpXVCJ9.eyJpZCI6NjQsImlkX3NldG9yIjoiMCIsImlhdCI6MTYwODMxMzIwNCwiZXhwIjoxNjE2MDg5MjA0fQ.g8wbHfcvtrRdpocAN9PKmpAa39GdPpgQVwyU70VhxP0; jwt=eyJhbGciOiJIUzI1NiIsInR5cCI6IkpXVCJ9.eyJpZCI6MjAsImlhdCI6MTYwODYzNTk1NCwiZXhwIjoxNjE2NDExOTU0fQ.4W4nqG2Goy2m3vJ0S8ZBibaaATeHKNyuWY13Ydt4adA",
        "if-none-match": "W/\"bde0-IDVhYOci1iNUlluuUoUyqgRvR5E\""
      },
      "remoteAddress": "::ffff:186.206.254.45",
      "remotePort": 19062
    }
[22-12-2020 12:10:51] INFO	 (2254 on ubuntu): request completed
    res: {
      "statusCode": 200,
      "headers": {
        "x-powered-by": "Express",
        "content-type": "text/html; charset=utf-8",
        "content-length": "50657",
        "etag": "W/\"c5e1-DR8OlpLib9QmYI8YeNmKiZiO330\""
      }
    }
    responseTime: 54
    req: {
      "id": 28,
      "method": "GET",
      "url": "/contatos",
      "headers": {
        "host": "bot.zapatendimento.com.br",
        "connection": "keep-alive",
        "upgrade-insecure-requests": "1",
        "user-agent": "Mozilla/5.0 (Windows NT 10.0; Win64; x64) AppleWebKit/537.36 (KHTML, like Gecko) Chrome/87.0.4280.88 Safari/537.36",
        "accept": "text/html,application/xhtml+xml,application/xml;q=0.9,image/avif,image/webp,image/apng,*/*;q=0.8,application/signed-exchange;v=b3;q=0.9",
        "referer": "http://bot.zapatendimento.com.br/grupos",
        "accept-encoding": "gzip, deflate",
        "accept-language": "pt-BR,pt;q=0.9,en-US;q=0.8,en;q=0.7,es;q=0.6",
        "cookie": "_ga=GA1.3.199040947.1591923695; jwtatendente=eyJhbGciOiJIUzI1NiIsInR5cCI6IkpXVCJ9.eyJpZCI6NjQsImlkX3NldG9yIjoiMCIsImlhdCI6MTYwODMxMzIwNCwiZXhwIjoxNjE2MDg5MjA0fQ.g8wbHfcvtrRdpocAN9PKmpAa39GdPpgQVwyU70VhxP0; jwt=eyJhbGciOiJIUzI1NiIsInR5cCI6IkpXVCJ9.eyJpZCI6MjAsImlhdCI6MTYwODYzNTk1NCwiZXhwIjoxNjE2NDExOTU0fQ.4W4nqG2Goy2m3vJ0S8ZBibaaATeHKNyuWY13Ydt4adA",
        "if-none-match": "W/\"c579-liEUwltTZVRRApzE2lYNlWvgfFM\""
      },
      "remoteAddress": "::ffff:186.206.254.45",
      "remotePort": 19065
    }
[22-12-2020 12:11:06] INFO	 (2254 on ubuntu): request completed
    res: {
      "statusCode": 200,
      "headers": {
        "x-powered-by": "Express"
      }
    }
    responseTime: 17
    req: {
      "id": 29,
      "method": "POST",
      "url": "/auth/addcontato",
      "headers": {
        "host": "bot.zapatendimento.com.br",
        "connection": "keep-alive",
        "content-length": "88",
        "accept": "*/*",
        "x-requested-with": "XMLHttpRequest",
        "user-agent": "Mozilla/5.0 (Windows NT 10.0; Win64; x64) AppleWebKit/537.36 (KHTML, like Gecko) Chrome/87.0.4280.88 Safari/537.36",
        "content-type": "application/x-www-form-urlencoded; charset=UTF-8",
        "origin": "http://bot.zapatendimento.com.br",
        "referer": "http://bot.zapatendimento.com.br/contatos",
        "accept-encoding": "gzip, deflate",
        "accept-language": "pt-BR,pt;q=0.9,en-US;q=0.8,en;q=0.7,es;q=0.6",
        "cookie": "_ga=GA1.3.199040947.1591923695; jwtatendente=eyJhbGciOiJIUzI1NiIsInR5cCI6IkpXVCJ9.eyJpZCI6NjQsImlkX3NldG9yIjoiMCIsImlhdCI6MTYwODMxMzIwNCwiZXhwIjoxNjE2MDg5MjA0fQ.g8wbHfcvtrRdpocAN9PKmpAa39GdPpgQVwyU70VhxP0; jwt=eyJhbGciOiJIUzI1NiIsInR5cCI6IkpXVCJ9.eyJpZCI6MjAsImlhdCI6MTYwODYzNTk1NCwiZXhwIjoxNjE2NDExOTU0fQ.4W4nqG2Goy2m3vJ0S8ZBibaaATeHKNyuWY13Ydt4adA"
      },
      "remoteAddress": "::ffff:186.206.254.45",
      "remotePort": 19077
    }
[22-12-2020 12:11:07] INFO	 (2254 on ubuntu): request completed
    res: {
      "statusCode": 200,
      "headers": {
        "x-powered-by": "Express",
        "content-type": "text/html; charset=utf-8",
        "content-length": "51322",
        "etag": "W/\"c87a-dOl0uacXe9c2ikvT4AHgs3rlPio\""
      }
    }
    responseTime: 49
    req: {
      "id": 30,
      "method": "GET",
      "url": "/contatos",
      "headers": {
        "host": "bot.zapatendimento.com.br",
        "connection": "keep-alive",
        "upgrade-insecure-requests": "1",
        "user-agent": "Mozilla/5.0 (Windows NT 10.0; Win64; x64) AppleWebKit/537.36 (KHTML, like Gecko) Chrome/87.0.4280.88 Safari/537.36",
        "accept": "text/html,application/xhtml+xml,application/xml;q=0.9,image/avif,image/webp,image/apng,*/*;q=0.8,application/signed-exchange;v=b3;q=0.9",
        "referer": "http://bot.zapatendimento.com.br/contatos",
        "accept-encoding": "gzip, deflate",
        "accept-language": "pt-BR,pt;q=0.9,en-US;q=0.8,en;q=0.7,es;q=0.6",
        "cookie": "_ga=GA1.3.199040947.1591923695; jwtatendente=eyJhbGciOiJIUzI1NiIsInR5cCI6IkpXVCJ9.eyJpZCI6NjQsImlkX3NldG9yIjoiMCIsImlhdCI6MTYwODMxMzIwNCwiZXhwIjoxNjE2MDg5MjA0fQ.g8wbHfcvtrRdpocAN9PKmpAa39GdPpgQVwyU70VhxP0; jwt=eyJhbGciOiJIUzI1NiIsInR5cCI6IkpXVCJ9.eyJpZCI6MjAsImlhdCI6MTYwODYzNTk1NCwiZXhwIjoxNjE2NDExOTU0fQ.4W4nqG2Goy2m3vJ0S8ZBibaaATeHKNyuWY13Ydt4adA",
        "if-none-match": "W/\"c5e1-DR8OlpLib9QmYI8YeNmKiZiO330\""
      },
      "remoteAddress": "::ffff:186.206.254.45",
      "remotePort": 19077
    }
[22-12-2020 12:11:14] INFO	 (2254 on ubuntu): request completed
    res: {
      "statusCode": 200,
      "headers": {
        "x-powered-by": "Express",
        "content-type": "text/html; charset=utf-8",
        "content-length": "58945",
        "etag": "W/\"e641-GOn6lVpRYtkNb5zAA1trxqkyrdo\""
      }
    }
    responseTime: 92
    req: {
      "id": 31,
      "method": "GET",
      "url": "/enviar",
      "headers": {
        "host": "bot.zapatendimento.com.br",
        "connection": "keep-alive",
        "upgrade-insecure-requests": "1",
        "user-agent": "Mozilla/5.0 (Windows NT 10.0; Win64; x64) AppleWebKit/537.36 (KHTML, like Gecko) Chrome/87.0.4280.88 Safari/537.36",
        "accept": "text/html,application/xhtml+xml,application/xml;q=0.9,image/avif,image/webp,image/apng,*/*;q=0.8,application/signed-exchange;v=b3;q=0.9",
        "referer": "http://bot.zapatendimento.com.br/contatos",
        "accept-encoding": "gzip, deflate",
        "accept-language": "pt-BR,pt;q=0.9,en-US;q=0.8,en;q=0.7,es;q=0.6",
        "cookie": "_ga=GA1.3.199040947.1591923695; jwtatendente=eyJhbGciOiJIUzI1NiIsInR5cCI6IkpXVCJ9.eyJpZCI6NjQsImlkX3NldG9yIjoiMCIsImlhdCI6MTYwODMxMzIwNCwiZXhwIjoxNjE2MDg5MjA0fQ.g8wbHfcvtrRdpocAN9PKmpAa39GdPpgQVwyU70VhxP0; jwt=eyJhbGciOiJIUzI1NiIsInR5cCI6IkpXVCJ9.eyJpZCI6MjAsImlhdCI6MTYwODYzNTk1NCwiZXhwIjoxNjE2NDExOTU0fQ.4W4nqG2Goy2m3vJ0S8ZBibaaATeHKNyuWY13Ydt4adA",
        "if-none-match": "W/\"e4ea-7sKIhKzwXUo5A8ybLWRoVLMTo7A\""
      },
      "remoteAddress": "::ffff:186.206.254.45",
      "remotePort": 19089
    }
[22-12-2020 12:11:20] INFO	 (2254 on ubuntu): request completed
    res: {
      "statusCode": 200,
      "headers": {
        "x-powered-by": "Express",
        "content-type": "text/html; charset=utf-8",
        "content-length": "49208",
        "etag": "W/\"c038-T0/nQsQ7wKiIu8AqTLj+4lrFwqo\""
      }
    }
    responseTime: 49
    req: {
      "id": 32,
      "method": "GET",
      "url": "/campanhas",
      "headers": {
        "host": "bot.zapatendimento.com.br",
        "connection": "keep-alive",
        "upgrade-insecure-requests": "1",
        "user-agent": "Mozilla/5.0 (Windows NT 10.0; Win64; x64) AppleWebKit/537.36 (KHTML, like Gecko) Chrome/87.0.4280.88 Safari/537.36",
        "accept": "text/html,application/xhtml+xml,application/xml;q=0.9,image/avif,image/webp,image/apng,*/*;q=0.8,application/signed-exchange;v=b3;q=0.9",
        "referer": "http://bot.zapatendimento.com.br/enviar",
        "accept-encoding": "gzip, deflate",
        "accept-language": "pt-BR,pt;q=0.9,en-US;q=0.8,en;q=0.7,es;q=0.6",
        "cookie": "_ga=GA1.3.199040947.1591923695; jwtatendente=eyJhbGciOiJIUzI1NiIsInR5cCI6IkpXVCJ9.eyJpZCI6NjQsImlkX3NldG9yIjoiMCIsImlhdCI6MTYwODMxMzIwNCwiZXhwIjoxNjE2MDg5MjA0fQ.g8wbHfcvtrRdpocAN9PKmpAa39GdPpgQVwyU70VhxP0; jwt=eyJhbGciOiJIUzI1NiIsInR5cCI6IkpXVCJ9.eyJpZCI6MjAsImlhdCI6MTYwODYzNTk1NCwiZXhwIjoxNjE2NDExOTU0fQ.4W4nqG2Goy2m3vJ0S8ZBibaaATeHKNyuWY13Ydt4adA"
      },
      "remoteAddress": "::ffff:186.206.254.45",
      "remotePort": 19090
    }
[22-12-2020 12:11:22] INFO	 (2254 on ubuntu):
    jwt_usuario: {
      "id": 15,
      "iat": 1607694130,
      "exp": 1615470130
    }
[22-12-2020 12:11:22] INFO	 (2254 on ubuntu):
    login_usuario: {
      "id": 15,
      "created_at": "2020-10-28T19:22:59.000Z",
      "updated_at": null,
      "nome": "prime",
      "senha": "$2a$08$Mhi4jhUYfzzlt2goipCd.eLVvVXS3hVZYi.3vvoq4lF5lUzF9oQy6",
      "email": "prime@prime.com",
      "maskeid": "SfuqMV",
      "admin": 0
    }
[22-12-2020 12:11:22] INFO	 (2254 on ubuntu): request completed
    res: {
      "statusCode": 304,
      "headers": {
        "x-powered-by": "Express",
        "etag": "W/\"bfef-auu/iKiFM5vLfjEqzk1DSxXnaxM\""
      }
    }
    responseTime: 187
    req: {
      "id": 33,
      "method": "GET",
      "url": "/whats",
      "headers": {
        "host": "bot.zapatendimento.com.br",
        "connection": "keep-alive",
        "upgrade-insecure-requests": "1",
        "user-agent": "Mozilla/5.0 (Windows NT 10.0; Win64; x64) AppleWebKit/537.36 (KHTML, like Gecko) Chrome/87.0.4280.88 Safari/537.36",
        "accept": "text/html,application/xhtml+xml,application/xml;q=0.9,image/avif,image/webp,image/apng,*/*;q=0.8,application/signed-exchange;v=b3;q=0.9",
        "referer": "http://bot.zapatendimento.com.br/bot",
        "accept-encoding": "gzip, deflate",
        "accept-language": "pt-BR,pt;q=0.9,en-US;q=0.8,en;q=0.7",
        "cookie": "jwt=eyJhbGciOiJIUzI1NiIsInR5cCI6IkpXVCJ9.eyJpZCI6MTUsImlhdCI6MTYwNzY5NDEzMCwiZXhwIjoxNjE1NDcwMTMwfQ.kWEbDorPw3uRZLo3vFxf92ZRcmitt9bp0V8DLutRB_w; io=VMsTwksiVXMBv32bAAAL",
        "if-none-match": "W/\"bfef-auu/iKiFM5vLfjEqzk1DSxXnaxM\""
      },
      "remoteAddress": "::ffff:187.72.69.121",
      "remotePort": 13578
    }
[22-12-2020 12:11:24] INFO	 (2254 on ubuntu): request completed
    res: {
      "statusCode": 304,
      "headers": {
        "x-powered-by": "Express",
        "etag": "W/\"e641-GOn6lVpRYtkNb5zAA1trxqkyrdo\""
      }
    }
    responseTime: 51
    req: {
      "id": 34,
      "method": "GET",
      "url": "/enviar",
      "headers": {
        "host": "bot.zapatendimento.com.br",
        "connection": "keep-alive",
        "upgrade-insecure-requests": "1",
        "user-agent": "Mozilla/5.0 (Windows NT 10.0; Win64; x64) AppleWebKit/537.36 (KHTML, like Gecko) Chrome/87.0.4280.88 Safari/537.36",
        "accept": "text/html,application/xhtml+xml,application/xml;q=0.9,image/avif,image/webp,image/apng,*/*;q=0.8,application/signed-exchange;v=b3;q=0.9",
        "referer": "http://bot.zapatendimento.com.br/campanhas",
        "accept-encoding": "gzip, deflate",
        "accept-language": "pt-BR,pt;q=0.9,en-US;q=0.8,en;q=0.7,es;q=0.6",
        "cookie": "_ga=GA1.3.199040947.1591923695; jwtatendente=eyJhbGciOiJIUzI1NiIsInR5cCI6IkpXVCJ9.eyJpZCI6NjQsImlkX3NldG9yIjoiMCIsImlhdCI6MTYwODMxMzIwNCwiZXhwIjoxNjE2MDg5MjA0fQ.g8wbHfcvtrRdpocAN9PKmpAa39GdPpgQVwyU70VhxP0; jwt=eyJhbGciOiJIUzI1NiIsInR5cCI6IkpXVCJ9.eyJpZCI6MjAsImlhdCI6MTYwODYzNTk1NCwiZXhwIjoxNjE2NDExOTU0fQ.4W4nqG2Goy2m3vJ0S8ZBibaaATeHKNyuWY13Ydt4adA",
        "if-none-match": "W/\"e641-GOn6lVpRYtkNb5zAA1trxqkyrdo\""
      },
      "remoteAddress": "::ffff:186.206.254.45",
      "remotePort": 19107
    }
[22-12-2020 12:11:31] INFO	 (2254 on ubuntu):
[22-12-2020 12:11:31] INFO	 (2254 on ubuntu): request completed
    res: {
      "statusCode": 200,
      "headers": {
        "x-powered-by": "Express"
      }
    }
    responseTime: 1342
    req: {
      "id": 36,
      "method": "POST",
      "url": "/auth/enviarwhats",
      "headers": {
        "host": "bot.zapatendimento.com.br",
        "connection": "keep-alive",
        "content-length": "27",
        "accept": "*/*",
        "x-requested-with": "XMLHttpRequest",
        "user-agent": "Mozilla/5.0 (Windows NT 10.0; Win64; x64) AppleWebKit/537.36 (KHTML, like Gecko) Chrome/87.0.4280.88 Safari/537.36",
        "content-type": "application/x-www-form-urlencoded; charset=UTF-8",
        "origin": "http://bot.zapatendimento.com.br",
        "referer": "http://bot.zapatendimento.com.br/enviar",
        "accept-encoding": "gzip, deflate",
        "accept-language": "pt-BR,pt;q=0.9,en-US;q=0.8,en;q=0.7,es;q=0.6",
        "cookie": "_ga=GA1.3.199040947.1591923695; jwtatendente=eyJhbGciOiJIUzI1NiIsInR5cCI6IkpXVCJ9.eyJpZCI6NjQsImlkX3NldG9yIjoiMCIsImlhdCI6MTYwODMxMzIwNCwiZXhwIjoxNjE2MDg5MjA0fQ.g8wbHfcvtrRdpocAN9PKmpAa39GdPpgQVwyU70VhxP0; jwt=eyJhbGciOiJIUzI1NiIsInR5cCI6IkpXVCJ9.eyJpZCI6MjAsImlhdCI6MTYwODYzNTk1NCwiZXhwIjoxNjE2NDExOTU0fQ.4W4nqG2Goy2m3vJ0S8ZBibaaATeHKNyuWY13Ydt4adA"
      },
      "remoteAddress": "::ffff:186.206.254.45",
      "remotePort": 19109
    }
[22-12-2020 12:11:31] INFO	 (2254 on ubuntu): request completed
    res: {
      "statusCode": 200,
      "headers": {
        "x-powered-by": "Express"
      }
    }
    responseTime: 16
    req: {
      "id": 37,
      "method": "POST",
      "url": "/auth/enviadas",
      "headers": {
        "host": "bot.zapatendimento.com.br",
        "connection": "keep-alive",
        "content-length": "30",
        "accept": "*/*",
        "x-requested-with": "XMLHttpRequest",
        "user-agent": "Mozilla/5.0 (Windows NT 10.0; Win64; x64) AppleWebKit/537.36 (KHTML, like Gecko) Chrome/87.0.4280.88 Safari/537.36",
        "content-type": "application/x-www-form-urlencoded; charset=UTF-8",
        "origin": "http://bot.zapatendimento.com.br",
        "referer": "http://bot.zapatendimento.com.br/enviar",
        "accept-encoding": "gzip, deflate",
        "accept-language": "pt-BR,pt;q=0.9,en-US;q=0.8,en;q=0.7,es;q=0.6",
        "cookie": "_ga=GA1.3.199040947.1591923695; jwtatendente=eyJhbGciOiJIUzI1NiIsInR5cCI6IkpXVCJ9.eyJpZCI6NjQsImlkX3NldG9yIjoiMCIsImlhdCI6MTYwODMxMzIwNCwiZXhwIjoxNjE2MDg5MjA0fQ.g8wbHfcvtrRdpocAN9PKmpAa39GdPpgQVwyU70VhxP0; jwt=eyJhbGciOiJIUzI1NiIsInR5cCI6IkpXVCJ9.eyJpZCI6MjAsImlhdCI6MTYwODYzNTk1NCwiZXhwIjoxNjE2NDExOTU0fQ.4W4nqG2Goy2m3vJ0S8ZBibaaATeHKNyuWY13Ydt4adA"
      },
      "remoteAddress": "::ffff:186.206.254.45",
      "remotePort": 19109
    }
[22-12-2020 12:11:36] INFO	 (2254 on ubuntu): request completed
    res: {
      "statusCode": 304,
      "headers": {
        "x-powered-by": "Express",
        "etag": "W/\"e641-GOn6lVpRYtkNb5zAA1trxqkyrdo\""
      }
    }
    responseTime: 48
    req: {
      "id": 38,
      "method": "GET",
      "url": "/enviar",
      "headers": {
        "host": "bot.zapatendimento.com.br",
        "connection": "keep-alive",
        "upgrade-insecure-requests": "1",
        "user-agent": "Mozilla/5.0 (Windows NT 10.0; Win64; x64) AppleWebKit/537.36 (KHTML, like Gecko) Chrome/87.0.4280.88 Safari/537.36",
        "accept": "text/html,application/xhtml+xml,application/xml;q=0.9,image/avif,image/webp,image/apng,*/*;q=0.8,application/signed-exchange;v=b3;q=0.9",
        "referer": "http://bot.zapatendimento.com.br/enviar",
        "accept-encoding": "gzip, deflate",
        "accept-language": "pt-BR,pt;q=0.9,en-US;q=0.8,en;q=0.7,es;q=0.6",
        "cookie": "_ga=GA1.3.199040947.1591923695; jwtatendente=eyJhbGciOiJIUzI1NiIsInR5cCI6IkpXVCJ9.eyJpZCI6NjQsImlkX3NldG9yIjoiMCIsImlhdCI6MTYwODMxMzIwNCwiZXhwIjoxNjE2MDg5MjA0fQ.g8wbHfcvtrRdpocAN9PKmpAa39GdPpgQVwyU70VhxP0; jwt=eyJhbGciOiJIUzI1NiIsInR5cCI6IkpXVCJ9.eyJpZCI6MjAsImlhdCI6MTYwODYzNTk1NCwiZXhwIjoxNjE2NDExOTU0fQ.4W4nqG2Goy2m3vJ0S8ZBibaaATeHKNyuWY13Ydt4adA",
        "if-none-match": "W/\"e641-GOn6lVpRYtkNb5zAA1trxqkyrdo\""
      },
      "remoteAddress": "::ffff:186.206.254.45",
      "remotePort": 19123
    }
[22-12-2020 12:11:47] INFO	 (2254 on ubuntu): request completed
    res: {
      "statusCode": 304,
      "headers": {
        "x-powered-by": "Express",
        "etag": "W/\"c87a-dOl0uacXe9c2ikvT4AHgs3rlPio\""
      }
    }
    responseTime: 84
    req: {
      "id": 39,
      "method": "GET",
      "url": "/contatos",
      "headers": {
        "host": "bot.zapatendimento.com.br",
        "connection": "keep-alive",
        "upgrade-insecure-requests": "1",
        "user-agent": "Mozilla/5.0 (Windows NT 10.0; Win64; x64) AppleWebKit/537.36 (KHTML, like Gecko) Chrome/87.0.4280.88 Safari/537.36",
        "accept": "text/html,application/xhtml+xml,application/xml;q=0.9,image/avif,image/webp,image/apng,*/*;q=0.8,application/signed-exchange;v=b3;q=0.9",
        "referer": "http://bot.zapatendimento.com.br/enviar",
        "accept-encoding": "gzip, deflate",
        "accept-language": "pt-BR,pt;q=0.9,en-US;q=0.8,en;q=0.7,es;q=0.6",
        "cookie": "_ga=GA1.3.199040947.1591923695; jwtatendente=eyJhbGciOiJIUzI1NiIsInR5cCI6IkpXVCJ9.eyJpZCI6NjQsImlkX3NldG9yIjoiMCIsImlhdCI6MTYwODMxMzIwNCwiZXhwIjoxNjE2MDg5MjA0fQ.g8wbHfcvtrRdpocAN9PKmpAa39GdPpgQVwyU70VhxP0; jwt=eyJhbGciOiJIUzI1NiIsInR5cCI6IkpXVCJ9.eyJpZCI6MjAsImlhdCI6MTYwODYzNTk1NCwiZXhwIjoxNjE2NDExOTU0fQ.4W4nqG2Goy2m3vJ0S8ZBibaaATeHKNyuWY13Ydt4adA",
        "if-none-match": "W/\"c87a-dOl0uacXe9c2ikvT4AHgs3rlPio\""
      },
      "remoteAddress": "::ffff:186.206.254.45",
      "remotePort": 19134
    }
[22-12-2020 12:12:28] INFO	 (2254 on ubuntu): request completed
    res: {
      "statusCode": 304,
      "headers": {
        "x-powered-by": "Express",
        "etag": "W/\"cab8-oMn7DQ4RLkqmTOpm10gypYGkn2Y\""
      }
    }
    responseTime: 33
    req: {
      "id": 40,
      "method": "GET",
      "url": "/campanhas",
      "headers": {
        "host": "bot.zapatendimento.com.br",
        "connection": "keep-alive",
        "upgrade-insecure-requests": "1",
        "user-agent": "Mozilla/5.0 (Windows NT 10.0; Win64; x64) AppleWebKit/537.36 (KHTML, like Gecko) Chrome/87.0.4280.88 Safari/537.36",
        "accept": "text/html,application/xhtml+xml,application/xml;q=0.9,image/avif,image/webp,image/apng,*/*;q=0.8,application/signed-exchange;v=b3;q=0.9",
        "referer": "http://bot.zapatendimento.com.br/whats",
        "accept-encoding": "gzip, deflate",
        "accept-language": "pt-BR,pt;q=0.9,en-US;q=0.8,en;q=0.7",
        "cookie": "jwt=eyJhbGciOiJIUzI1NiIsInR5cCI6IkpXVCJ9.eyJpZCI6MTUsImlhdCI6MTYwNzY5NDEzMCwiZXhwIjoxNjE1NDcwMTMwfQ.kWEbDorPw3uRZLo3vFxf92ZRcmitt9bp0V8DLutRB_w; io=VMsTwksiVXMBv32bAAAL",
        "if-none-match": "W/\"cab8-oMn7DQ4RLkqmTOpm10gypYGkn2Y\""
      },
      "remoteAddress": "::ffff:187.72.69.121",
      "remotePort": 13378
    }
[22-12-2020 12:12:30] INFO	 (2254 on ubuntu): request completed
    res: {
      "statusCode": 200,
      "headers": {
        "x-powered-by": "Express",
        "content-type": "text/html; charset=utf-8",
        "content-length": "53978",
        "etag": "W/\"d2da-2kDt1gpm4J3yd3Enf5LZ9jy+s9c\""
      }
    }
    responseTime: 35
    req: {
      "id": 41,
      "method": "GET",
      "url": "/enviar",
      "headers": {
        "host": "bot.zapatendimento.com.br",
        "connection": "keep-alive",
        "upgrade-insecure-requests": "1",
        "user-agent": "Mozilla/5.0 (Windows NT 10.0; Win64; x64) AppleWebKit/537.36 (KHTML, like Gecko) Chrome/87.0.4280.88 Safari/537.36",
        "accept": "text/html,application/xhtml+xml,application/xml;q=0.9,image/avif,image/webp,image/apng,*/*;q=0.8,application/signed-exchange;v=b3;q=0.9",
        "referer": "http://bot.zapatendimento.com.br/campanhas",
        "accept-encoding": "gzip, deflate",
        "accept-language": "pt-BR,pt;q=0.9,en-US;q=0.8,en;q=0.7",
        "cookie": "jwt=eyJhbGciOiJIUzI1NiIsInR5cCI6IkpXVCJ9.eyJpZCI6MTUsImlhdCI6MTYwNzY5NDEzMCwiZXhwIjoxNjE1NDcwMTMwfQ.kWEbDorPw3uRZLo3vFxf92ZRcmitt9bp0V8DLutRB_w; io=VMsTwksiVXMBv32bAAAL",
        "if-none-match": "W/\"420fc-d4kCC1gEVXByaLWo/0MTpctJ/7M\""
      },
      "remoteAddress": "::ffff:187.72.69.121",
      "remotePort": 41079
    }
[22-12-2020 12:12:32] INFO	 (2254 on ubuntu):
    jwt_usuario: {
      "id": 15,
      "iat": 1607694130,
      "exp": 1615470130
    }
[22-12-2020 12:12:32] INFO	 (2254 on ubuntu):
    login_usuario: {
      "id": 15,
      "created_at": "2020-10-28T19:22:59.000Z",
      "updated_at": null,
      "nome": "prime",
      "senha": "$2a$08$Mhi4jhUYfzzlt2goipCd.eLVvVXS3hVZYi.3vvoq4lF5lUzF9oQy6",
      "email": "prime@prime.com",
      "maskeid": "SfuqMV",
      "admin": 0
    }
[22-12-2020 12:12:32] INFO	 (2254 on ubuntu): request completed
    res: {
      "statusCode": 304,
      "headers": {
        "x-powered-by": "Express",
        "etag": "W/\"bfef-auu/iKiFM5vLfjEqzk1DSxXnaxM\""
      }
    }
    responseTime: 81
    req: {
      "id": 42,
      "method": "GET",
      "url": "/whats",
      "headers": {
        "host": "bot.zapatendimento.com.br",
        "connection": "keep-alive",
        "upgrade-insecure-requests": "1",
        "user-agent": "Mozilla/5.0 (Windows NT 10.0; Win64; x64) AppleWebKit/537.36 (KHTML, like Gecko) Chrome/87.0.4280.88 Safari/537.36",
        "accept": "text/html,application/xhtml+xml,application/xml;q=0.9,image/avif,image/webp,image/apng,*/*;q=0.8,application/signed-exchange;v=b3;q=0.9",
        "referer": "http://bot.zapatendimento.com.br/enviar",
        "accept-encoding": "gzip, deflate",
        "accept-language": "pt-BR,pt;q=0.9,en-US;q=0.8,en;q=0.7",
        "cookie": "jwt=eyJhbGciOiJIUzI1NiIsInR5cCI6IkpXVCJ9.eyJpZCI6MTUsImlhdCI6MTYwNzY5NDEzMCwiZXhwIjoxNjE1NDcwMTMwfQ.kWEbDorPw3uRZLo3vFxf92ZRcmitt9bp0V8DLutRB_w; io=VMsTwksiVXMBv32bAAAL",
        "if-none-match": "W/\"bfef-auu/iKiFM5vLfjEqzk1DSxXnaxM\""
      },
      "remoteAddress": "::ffff:187.72.69.121",
      "remotePort": 27304
    }
[22-12-2020 12:14:43] INFO	 (2254 on ubuntu):
    jwt_usuario: {
      "id": 15,
      "iat": 1607694130,
      "exp": 1615470130
    }
[22-12-2020 12:14:43] INFO	 (2254 on ubuntu):
    login_usuario: {
      "id": 15,
      "created_at": "2020-10-28T19:22:59.000Z",
      "updated_at": null,
      "nome": "prime",
      "senha": "$2a$08$Mhi4jhUYfzzlt2goipCd.eLVvVXS3hVZYi.3vvoq4lF5lUzF9oQy6",
      "email": "prime@prime.com",
      "maskeid": "SfuqMV",
      "admin": 0
    }
[22-12-2020 12:14:43] INFO	 (2254 on ubuntu): request completed
    res: {
      "statusCode": 304,
      "headers": {
        "x-powered-by": "Express",
        "etag": "W/\"bfef-auu/iKiFM5vLfjEqzk1DSxXnaxM\""
      }
    }
    responseTime: 178
    req: {
      "id": 45,
      "method": "GET",
      "url": "/whats",
      "headers": {
        "host": "bot.zapatendimento.com.br",
        "connection": "keep-alive",
        "cache-control": "max-age=0",
        "upgrade-insecure-requests": "1",
        "user-agent": "Mozilla/5.0 (Windows NT 10.0; Win64; x64) AppleWebKit/537.36 (KHTML, like Gecko) Chrome/87.0.4280.88 Safari/537.36",
        "accept": "text/html,application/xhtml+xml,application/xml;q=0.9,image/avif,image/webp,image/apng,*/*;q=0.8,application/signed-exchange;v=b3;q=0.9",
        "referer": "http://bot.zapatendimento.com.br/enviar",
        "accept-encoding": "gzip, deflate",
        "accept-language": "pt-BR,pt;q=0.9,en-US;q=0.8,en;q=0.7",
        "cookie": "jwt=eyJhbGciOiJIUzI1NiIsInR5cCI6IkpXVCJ9.eyJpZCI6MTUsImlhdCI6MTYwNzY5NDEzMCwiZXhwIjoxNjE1NDcwMTMwfQ.kWEbDorPw3uRZLo3vFxf92ZRcmitt9bp0V8DLutRB_w; io=VMsTwksiVXMBv32bAAAL",
        "if-none-match": "W/\"bfef-auu/iKiFM5vLfjEqzk1DSxXnaxM\""
      },
      "remoteAddress": "::ffff:187.72.69.121",
      "remotePort": 7089
    }
[22-12-2020 12:14:46] INFO	 (2254 on ubuntu): request completed
    res: {
      "statusCode": 304,
      "headers": {
        "x-powered-by": "Express",
        "etag": "W/\"b6d3-WKREZ091st2WQu+m0r53qPKcGAg\""
      }
    }
    responseTime: 42
    req: {
      "id": 46,
      "method": "GET",
      "url": "/bot",
      "headers": {
        "host": "bot.zapatendimento.com.br",
        "connection": "keep-alive",
        "upgrade-insecure-requests": "1",
        "user-agent": "Mozilla/5.0 (Windows NT 10.0; Win64; x64) AppleWebKit/537.36 (KHTML, like Gecko) Chrome/87.0.4280.88 Safari/537.36",
        "accept": "text/html,application/xhtml+xml,application/xml;q=0.9,image/avif,image/webp,image/apng,*/*;q=0.8,application/signed-exchange;v=b3;q=0.9",
        "referer": "http://bot.zapatendimento.com.br/whats",
        "accept-encoding": "gzip, deflate",
        "accept-language": "pt-BR,pt;q=0.9,en-US;q=0.8,en;q=0.7",
        "cookie": "jwt=eyJhbGciOiJIUzI1NiIsInR5cCI6IkpXVCJ9.eyJpZCI6MTUsImlhdCI6MTYwNzY5NDEzMCwiZXhwIjoxNjE1NDcwMTMwfQ.kWEbDorPw3uRZLo3vFxf92ZRcmitt9bp0V8DLutRB_w; io=VMsTwksiVXMBv32bAAAL",
        "if-none-match": "W/\"b6d3-WKREZ091st2WQu+m0r53qPKcGAg\""
      },
      "remoteAddress": "::ffff:187.72.69.121",
      "remotePort": 49027
    }
[22-12-2020 12:15:00] INFO	 (2254 on ubuntu): request completed
    res: {
      "statusCode": 304,
      "headers": {
        "x-powered-by": "Express",
        "etag": "W/\"d2da-2kDt1gpm4J3yd3Enf5LZ9jy+s9c\""
      }
    }
    responseTime: 62
    req: {
      "id": 47,
      "method": "GET",
      "url": "/enviar",
      "headers": {
        "host": "bot.zapatendimento.com.br",
        "connection": "keep-alive",
        "upgrade-insecure-requests": "1",
        "user-agent": "Mozilla/5.0 (Windows NT 10.0; Win64; x64) AppleWebKit/537.36 (KHTML, like Gecko) Chrome/87.0.4280.88 Safari/537.36",
        "accept": "text/html,application/xhtml+xml,application/xml;q=0.9,image/avif,image/webp,image/apng,*/*;q=0.8,application/signed-exchange;v=b3;q=0.9",
        "referer": "http://bot.zapatendimento.com.br/bot",
        "accept-encoding": "gzip, deflate",
        "accept-language": "pt-BR,pt;q=0.9,en-US;q=0.8,en;q=0.7",
        "cookie": "jwt=eyJhbGciOiJIUzI1NiIsInR5cCI6IkpXVCJ9.eyJpZCI6MTUsImlhdCI6MTYwNzY5NDEzMCwiZXhwIjoxNjE1NDcwMTMwfQ.kWEbDorPw3uRZLo3vFxf92ZRcmitt9bp0V8DLutRB_w; io=VMsTwksiVXMBv32bAAAL",
        "if-none-match": "W/\"d2da-2kDt1gpm4J3yd3Enf5LZ9jy+s9c\""
      },
      "remoteAddress": "::ffff:187.72.69.121",
      "remotePort": 54175
    }
[22-12-2020 12:15:21] INFO	 (2254 on ubuntu):
    jwt_usuario: {
      "id": 15,
      "iat": 1607694130,
      "exp": 1615470130
    }
[22-12-2020 12:15:21] INFO	 (2254 on ubuntu):
    login_usuario: {
      "id": 15,
      "created_at": "2020-10-28T19:22:59.000Z",
      "updated_at": null,
      "nome": "prime",
      "senha": "$2a$08$Mhi4jhUYfzzlt2goipCd.eLVvVXS3hVZYi.3vvoq4lF5lUzF9oQy6",
      "email": "prime@prime.com",
      "maskeid": "SfuqMV",
      "admin": 0
    }
[22-12-2020 12:15:21] INFO	 (2254 on ubuntu): request completed
    res: {
      "statusCode": 304,
      "headers": {
        "x-powered-by": "Express",
        "etag": "W/\"bfef-auu/iKiFM5vLfjEqzk1DSxXnaxM\""
      }
    }
    responseTime: 88
    req: {
      "id": 48,
      "method": "GET",
      "url": "/whats",
      "headers": {
        "host": "bot.zapatendimento.com.br",
        "connection": "keep-alive",
        "upgrade-insecure-requests": "1",
        "user-agent": "Mozilla/5.0 (Windows NT 10.0; Win64; x64) AppleWebKit/537.36 (KHTML, like Gecko) Chrome/87.0.4280.88 Safari/537.36",
        "accept": "text/html,application/xhtml+xml,application/xml;q=0.9,image/avif,image/webp,image/apng,*/*;q=0.8,application/signed-exchange;v=b3;q=0.9",
        "referer": "http://bot.zapatendimento.com.br/enviar",
        "accept-encoding": "gzip, deflate",
        "accept-language": "pt-BR,pt;q=0.9,en-US;q=0.8,en;q=0.7",
        "cookie": "jwt=eyJhbGciOiJIUzI1NiIsInR5cCI6IkpXVCJ9.eyJpZCI6MTUsImlhdCI6MTYwNzY5NDEzMCwiZXhwIjoxNjE1NDcwMTMwfQ.kWEbDorPw3uRZLo3vFxf92ZRcmitt9bp0V8DLutRB_w; io=VMsTwksiVXMBv32bAAAL",
        "if-none-match": "W/\"bfef-auu/iKiFM5vLfjEqzk1DSxXnaxM\""
      },
      "remoteAddress": "::ffff:187.72.69.121",
      "remotePort": 59268
    }
[22-12-2020 12:15:24] INFO	 (2254 on ubuntu): request completed
    res: {
      "statusCode": 200,
      "headers": {
        "x-powered-by": "Express"
      }
    }
    responseTime: 18
    req: {
      "id": 49,
      "method": "POST",
      "url": "/auth/deletarwhats",
      "headers": {
        "host": "bot.zapatendimento.com.br",
        "connection": "keep-alive",
        "content-length": "16",
        "accept": "*/*",
        "x-requested-with": "XMLHttpRequest",
        "user-agent": "Mozilla/5.0 (Windows NT 10.0; Win64; x64) AppleWebKit/537.36 (KHTML, like Gecko) Chrome/87.0.4280.88 Safari/537.36",
        "content-type": "application/x-www-form-urlencoded; charset=UTF-8",
        "origin": "http://bot.zapatendimento.com.br",
        "referer": "http://bot.zapatendimento.com.br/whats",
        "accept-encoding": "gzip, deflate",
        "accept-language": "pt-BR,pt;q=0.9,en-US;q=0.8,en;q=0.7",
        "cookie": "jwt=eyJhbGciOiJIUzI1NiIsInR5cCI6IkpXVCJ9.eyJpZCI6MTUsImlhdCI6MTYwNzY5NDEzMCwiZXhwIjoxNjE1NDcwMTMwfQ.kWEbDorPw3uRZLo3vFxf92ZRcmitt9bp0V8DLutRB_w; io=VMsTwksiVXMBv32bAAAL"
      },
      "remoteAddress": "::ffff:187.72.69.121",
      "remotePort": 59268
    }
[22-12-2020 12:15:25] INFO	 (2254 on ubuntu):
    jwt_usuario: {
      "id": 15,
      "iat": 1607694130,
      "exp": 1615470130
    }
[22-12-2020 12:15:25] INFO	 (2254 on ubuntu):
    login_usuario: {
      "id": 15,
      "created_at": "2020-10-28T19:22:59.000Z",
      "updated_at": null,
      "nome": "prime",
      "senha": "$2a$08$Mhi4jhUYfzzlt2goipCd.eLVvVXS3hVZYi.3vvoq4lF5lUzF9oQy6",
      "email": "prime@prime.com",
      "maskeid": "SfuqMV",
      "admin": 0
    }
[22-12-2020 12:15:26] INFO	 (2254 on ubuntu): request completed
    res: {
      "statusCode": 304,
      "headers": {
        "x-powered-by": "Express",
        "etag": "W/\"bfef-auu/iKiFM5vLfjEqzk1DSxXnaxM\""
      }
    }
    responseTime: 114
    req: {
      "id": 50,
      "method": "GET",
      "url": "/whats",
      "headers": {
        "host": "bot.zapatendimento.com.br",
        "connection": "keep-alive",
        "upgrade-insecure-requests": "1",
        "user-agent": "Mozilla/5.0 (Windows NT 10.0; Win64; x64) AppleWebKit/537.36 (KHTML, like Gecko) Chrome/87.0.4280.88 Safari/537.36",
        "accept": "text/html,application/xhtml+xml,application/xml;q=0.9,image/avif,image/webp,image/apng,*/*;q=0.8,application/signed-exchange;v=b3;q=0.9",
        "referer": "http://bot.zapatendimento.com.br/whats",
        "accept-encoding": "gzip, deflate",
        "accept-language": "pt-BR,pt;q=0.9,en-US;q=0.8,en;q=0.7",
        "cookie": "jwt=eyJhbGciOiJIUzI1NiIsInR5cCI6IkpXVCJ9.eyJpZCI6MTUsImlhdCI6MTYwNzY5NDEzMCwiZXhwIjoxNjE1NDcwMTMwfQ.kWEbDorPw3uRZLo3vFxf92ZRcmitt9bp0V8DLutRB_w; io=VMsTwksiVXMBv32bAAAL",
        "if-none-match": "W/\"bfef-auu/iKiFM5vLfjEqzk1DSxXnaxM\""
      },
      "remoteAddress": "::ffff:187.72.69.121",
      "remotePort": 59268
    }
[22-12-2020 12:15:29] INFO	 (2254 on ubuntu): request completed
    res: {
      "statusCode": 302,
      "headers": {
        "x-powered-by": "Express",
        "location": "/entrar",
        "vary": "Accept",
        "content-type": "text/plain; charset=utf-8",
        "content-length": "29"
      }
    }
    responseTime: 3
    req: {
      "id": 52,
      "method": "HEAD",
      "url": "/",
      "headers": {
        "accept-encoding": "identity",
        "host": "bot.zapatendimento.com.br",
        "user-agent": "Mozilla/5.0 (Windows NT 10.0; Win64; x64) AppleWebKit/537.36 (KHTML, like Gecko) Chrome/87.0.4280.88 Safari/537.36",
        "connection": "close"
      },
      "remoteAddress": "::ffff:207.241.227.104",
      "remotePort": 35724
    }
[22-12-2020 12:15:36] INFO	 (2254 on ubuntu): request completed
    res: {
      "statusCode": 302,
      "headers": {
        "x-powered-by": "Express",
        "location": "/entrar",
        "vary": "Accept",
        "content-type": "text/plain; charset=utf-8",
        "content-length": "29"
      }
    }
    responseTime: 8
    req: {
      "id": 53,
      "method": "HEAD",
      "url": "/",
      "headers": {
        "accept-encoding": "identity",
        "host": "bot.zapatendimento.com.br",
        "user-agent": "Mozilla/5.0 (Windows NT 10.0; Win64; x64) AppleWebKit/537.36 (KHTML, like Gecko) Chrome/87.0.4280.88 Safari/537.36",
        "connection": "close"
      },
      "remoteAddress": "::ffff:207.241.227.104",
      "remotePort": 37900
    }
