[29-12-2020 20:26:44] INFO	 (375155 on ubuntu): Startou porta 80
[29-12-2020 20:26:44] INFO	 (375155 on ubuntu): MySQL connected!
[29-12-2020 20:26:45] INFO	 (375155 on ubuntu):
    jwt_usuario: {
      "id": 6,
      "iat": 1609265182,
      "exp": 1617041182
    }
[29-12-2020 20:26:45] INFO	 (375155 on ubuntu):
    login_usuario: {
      "id": 6,
      "created_at": "2020-09-30T21:40:01.000Z",
      "updated_at": "2020-12-29T17:36:31.000Z",
      "nome": "Socila",
      "senha": "$2a$08$JbVmVIX8fWEiRyUfIk7ZteDZaJDOvTi0hlYoZOMIwJWAfHljy/O3G",
      "email": "socila@socila.com",
      "maskeid": "tcFAYH",
      "admin": 0
    }
[29-12-2020 20:26:45] INFO	 (375155 on ubuntu): request completed
    res: {
      "statusCode": 304,
      "headers": {
        "x-powered-by": "Express",
        "etag": "W/\"d74c-Q3ebRt5xXIkzLTi97arOlEoJWAk\""
      }
    }
    responseTime: 221
    req: {
      "id": 1,
      "method": "GET",
      "url": "/",
      "headers": {
        "host": "bot.zapatendimento.com.br",
        "connection": "keep-alive",
        "upgrade-insecure-requests": "1",
        "user-agent": "Mozilla/5.0 (Windows NT 10.0; Win64; x64) AppleWebKit/537.36 (KHTML, like Gecko) Chrome/87.0.4280.88 Safari/537.36",
        "accept": "text/html,application/xhtml+xml,application/xml;q=0.9,image/avif,image/webp,image/apng,*/*;q=0.8,application/signed-exchange;v=b3;q=0.9",
        "accept-encoding": "gzip, deflate",
        "accept-language": "pt-BR,pt;q=0.9,en-US;q=0.8,en;q=0.7,es;q=0.6",
        "cookie": "jwt=eyJhbGciOiJIUzI1NiIsInR5cCI6IkpXVCJ9.eyJpZCI6NiwiaWF0IjoxNjA5MjY1MTgyLCJleHAiOjE2MTcwNDExODJ9.i3Y59v7UGVDKoJj5uRogKvJqfaCwMK7XQta2JWJ_XIM",
        "if-none-match": "W/\"d74c-Q3ebRt5xXIkzLTi97arOlEoJWAk\""
      },
      "remoteAddress": "::ffff:187.20.181.144",
      "remotePort": 52257
    }
[29-12-2020 20:26:46] INFO	 (375155 on ubuntu): request completed
    res: {
      "statusCode": 200,
      "headers": {
        "x-powered-by": "Express"
      }
    }
    responseTime: 75
    req: {
      "id": 2,
      "method": "POST",
      "url": "/auth/getmeses",
      "headers": {
        "host": "bot.zapatendimento.com.br",
        "connection": "keep-alive",
        "content-length": "13",
        "accept": "*/*",
        "x-requested-with": "XMLHttpRequest",
        "user-agent": "Mozilla/5.0 (Windows NT 10.0; Win64; x64) AppleWebKit/537.36 (KHTML, like Gecko) Chrome/87.0.4280.88 Safari/537.36",
        "content-type": "application/x-www-form-urlencoded; charset=UTF-8",
        "origin": "http://bot.zapatendimento.com.br",
        "referer": "http://bot.zapatendimento.com.br/",
        "accept-encoding": "gzip, deflate",
        "accept-language": "pt-BR,pt;q=0.9,en-US;q=0.8,en;q=0.7,es;q=0.6",
        "cookie": "jwt=eyJhbGciOiJIUzI1NiIsInR5cCI6IkpXVCJ9.eyJpZCI6NiwiaWF0IjoxNjA5MjY1MTgyLCJleHAiOjE2MTcwNDExODJ9.i3Y59v7UGVDKoJj5uRogKvJqfaCwMK7XQta2JWJ_XIM"
      },
      "remoteAddress": "::ffff:187.20.181.144",
      "remotePort": 52258
    }
[29-12-2020 20:26:50] INFO	 (375155 on ubuntu):
    jwt_usuario: {
      "id": 27,
      "iat": 1609270142,
      "exp": 1617046142
    }
[29-12-2020 20:26:50] INFO	 (375155 on ubuntu):
    login_usuario: {
      "id": 27,
      "created_at": "2020-12-29T19:29:02.000Z",
      "updated_at": null,
      "nome": "admin",
      "senha": "$2a$08$qKZe3k3YN4lOUqGKxCZjYODl8awCQuuXjnp3vdsKn35BqsxWsZ2Uy",
      "email": "admin@admin.com",
      "maskeid": "P6dS9C",
      "admin": 0
    }
[29-12-2020 20:26:50] INFO	 (375155 on ubuntu): request completed
    res: {
      "statusCode": 304,
      "headers": {
        "x-powered-by": "Express",
        "etag": "W/\"c45b-f9ddC2yNsR4IPU8usDEHKPj7GMU\""
      }
    }
    responseTime: 79
    req: {
      "id": 3,
      "method": "GET",
      "url": "/whats",
      "headers": {
        "host": "bot.zapatendimento.com.br",
        "connection": "keep-alive",
        "upgrade-insecure-requests": "1",
        "user-agent": "Mozilla/5.0 (Windows NT 10.0; Win64; x64) AppleWebKit/537.36 (KHTML, like Gecko) Chrome/87.0.4280.88 Safari/537.36",
        "accept": "text/html,application/xhtml+xml,application/xml;q=0.9,image/avif,image/webp,image/apng,*/*;q=0.8,application/signed-exchange;v=b3;q=0.9",
        "referer": "http://bot.zapatendimento.com.br/whats",
        "accept-encoding": "gzip, deflate",
        "accept-language": "pt-BR,pt;q=0.9,en-US;q=0.8,en;q=0.7,he;q=0.6,es;q=0.5",
        "cookie": "jwt=eyJhbGciOiJIUzI1NiIsInR5cCI6IkpXVCJ9.eyJpZCI6MjcsImlhdCI6MTYwOTI3MDE0MiwiZXhwIjoxNjE3MDQ2MTQyfQ.ygSqLH3-iPuHf7KuhZMNGQSWIqboqjW853CtIHvAR7I",
        "if-none-match": "W/\"c45b-f9ddC2yNsR4IPU8usDEHKPj7GMU\""
      },
      "remoteAddress": "::ffff:179.155.253.30",
      "remotePort": 50210
    }
[29-12-2020 20:26:51] INFO	 (375155 on ubuntu):
    jwt_usuario: {
      "id": 6,
      "iat": 1609265182,
      "exp": 1617041182
    }
[29-12-2020 20:26:51] INFO	 (375155 on ubuntu):
    login_usuario: {
      "id": 6,
      "created_at": "2020-09-30T21:40:01.000Z",
      "updated_at": "2020-12-29T17:36:31.000Z",
      "nome": "Socila",
      "senha": "$2a$08$JbVmVIX8fWEiRyUfIk7ZteDZaJDOvTi0hlYoZOMIwJWAfHljy/O3G",
      "email": "socila@socila.com",
      "maskeid": "tcFAYH",
      "admin": 0
    }
[29-12-2020 20:26:51] INFO	 (375155 on ubuntu): request completed
    res: {
      "statusCode": 304,
      "headers": {
        "x-powered-by": "Express",
        "etag": "W/\"c454-KAyysbn0kEA7h9xanHFByCQTmV8\""
      }
    }
    responseTime: 79
    req: {
      "id": 4,
      "method": "GET",
      "url": "/whats",
      "headers": {
        "host": "bot.zapatendimento.com.br",
        "connection": "keep-alive",
        "upgrade-insecure-requests": "1",
        "user-agent": "Mozilla/5.0 (Windows NT 10.0; Win64; x64) AppleWebKit/537.36 (KHTML, like Gecko) Chrome/87.0.4280.88 Safari/537.36",
        "accept": "text/html,application/xhtml+xml,application/xml;q=0.9,image/avif,image/webp,image/apng,*/*;q=0.8,application/signed-exchange;v=b3;q=0.9",
        "referer": "http://bot.zapatendimento.com.br/",
        "accept-encoding": "gzip, deflate",
        "accept-language": "pt-BR,pt;q=0.9,en-US;q=0.8,en;q=0.7,es;q=0.6",
        "cookie": "jwt=eyJhbGciOiJIUzI1NiIsInR5cCI6IkpXVCJ9.eyJpZCI6NiwiaWF0IjoxNjA5MjY1MTgyLCJleHAiOjE2MTcwNDExODJ9.i3Y59v7UGVDKoJj5uRogKvJqfaCwMK7XQta2JWJ_XIM",
        "if-none-match": "W/\"c454-KAyysbn0kEA7h9xanHFByCQTmV8\""
      },
      "remoteAddress": "::ffff:187.20.181.144",
      "remotePort": 52258
    }
[29-12-2020 20:26:52] INFO	 (375155 on ubuntu): request completed
    res: {
      "statusCode": 200,
      "headers": {
        "x-powered-by": "Express"
      }
    }
    responseTime: 2
    req: {
      "id": 5,
      "method": "POST",
      "url": "/auth/deletarwhats",
      "headers": {
        "host": "bot.zapatendimento.com.br",
        "connection": "keep-alive",
        "content-length": "16",
        "accept": "*/*",
        "x-requested-with": "XMLHttpRequest",
        "user-agent": "Mozilla/5.0 (Windows NT 10.0; Win64; x64) AppleWebKit/537.36 (KHTML, like Gecko) Chrome/87.0.4280.88 Safari/537.36",
        "content-type": "application/x-www-form-urlencoded; charset=UTF-8",
        "origin": "http://bot.zapatendimento.com.br",
        "referer": "http://bot.zapatendimento.com.br/whats",
        "accept-encoding": "gzip, deflate",
        "accept-language": "pt-BR,pt;q=0.9,en-US;q=0.8,en;q=0.7,he;q=0.6,es;q=0.5",
        "cookie": "jwt=eyJhbGciOiJIUzI1NiIsInR5cCI6IkpXVCJ9.eyJpZCI6MjcsImlhdCI6MTYwOTI3MDE0MiwiZXhwIjoxNjE3MDQ2MTQyfQ.ygSqLH3-iPuHf7KuhZMNGQSWIqboqjW853CtIHvAR7I"
      },
      "remoteAddress": "::ffff:179.155.253.30",
      "remotePort": 50215
    }
[29-12-2020 20:26:53] INFO	 (375155 on ubuntu): request completed
    res: {
      "statusCode": 200,
      "headers": {
        "x-powered-by": "Express",
        "content-type": "text/html; charset=utf-8",
        "content-length": "47929",
        "etag": "W/\"bb39-E1QeDzLWjMo1pksJP8ZHgD+qN4I\""
      }
    }
    responseTime: 52
    req: {
      "id": 6,
      "method": "GET",
      "url": "/bot",
      "headers": {
        "host": "bot.zapatendimento.com.br",
        "connection": "keep-alive",
        "upgrade-insecure-requests": "1",
        "user-agent": "Mozilla/5.0 (Windows NT 10.0; Win64; x64) AppleWebKit/537.36 (KHTML, like Gecko) Chrome/87.0.4280.88 Safari/537.36",
        "accept": "text/html,application/xhtml+xml,application/xml;q=0.9,image/avif,image/webp,image/apng,*/*;q=0.8,application/signed-exchange;v=b3;q=0.9",
        "referer": "http://bot.zapatendimento.com.br/whats",
        "accept-encoding": "gzip, deflate",
        "accept-language": "pt-BR,pt;q=0.9,en-US;q=0.8,en;q=0.7,es;q=0.6",
        "cookie": "jwt=eyJhbGciOiJIUzI1NiIsInR5cCI6IkpXVCJ9.eyJpZCI6NiwiaWF0IjoxNjA5MjY1MTgyLCJleHAiOjE2MTcwNDExODJ9.i3Y59v7UGVDKoJj5uRogKvJqfaCwMK7XQta2JWJ_XIM",
        "if-none-match": "W/\"baad-feHuvifU3AzYiHs0uLmb2ZUV63s\""
      },
      "remoteAddress": "::ffff:187.20.181.144",
      "remotePort": 52272
    }
[29-12-2020 20:26:53] INFO	 (375155 on ubuntu):
    jwt_usuario: {
      "id": 27,
      "iat": 1609270142,
      "exp": 1617046142
    }
[29-12-2020 20:26:53] INFO	 (375155 on ubuntu):
    login_usuario: {
      "id": 27,
      "created_at": "2020-12-29T19:29:02.000Z",
      "updated_at": null,
      "nome": "admin",
      "senha": "$2a$08$qKZe3k3YN4lOUqGKxCZjYODl8awCQuuXjnp3vdsKn35BqsxWsZ2Uy",
      "email": "admin@admin.com",
      "maskeid": "P6dS9C",
      "admin": 0
    }
[29-12-2020 20:26:53] INFO	 (375155 on ubuntu): request completed
    res: {
      "statusCode": 304,
      "headers": {
        "x-powered-by": "Express",
        "etag": "W/\"c45b-f9ddC2yNsR4IPU8usDEHKPj7GMU\""
      }
    }
    responseTime: 31
    req: {
      "id": 7,
      "method": "GET",
      "url": "/whats",
      "headers": {
        "host": "bot.zapatendimento.com.br",
        "connection": "keep-alive",
        "upgrade-insecure-requests": "1",
        "user-agent": "Mozilla/5.0 (Windows NT 10.0; Win64; x64) AppleWebKit/537.36 (KHTML, like Gecko) Chrome/87.0.4280.88 Safari/537.36",
        "accept": "text/html,application/xhtml+xml,application/xml;q=0.9,image/avif,image/webp,image/apng,*/*;q=0.8,application/signed-exchange;v=b3;q=0.9",
        "referer": "http://bot.zapatendimento.com.br/whats",
        "accept-encoding": "gzip, deflate",
        "accept-language": "pt-BR,pt;q=0.9,en-US;q=0.8,en;q=0.7,he;q=0.6,es;q=0.5",
        "cookie": "jwt=eyJhbGciOiJIUzI1NiIsInR5cCI6IkpXVCJ9.eyJpZCI6MjcsImlhdCI6MTYwOTI3MDE0MiwiZXhwIjoxNjE3MDQ2MTQyfQ.ygSqLH3-iPuHf7KuhZMNGQSWIqboqjW853CtIHvAR7I",
        "if-none-match": "W/\"c45b-f9ddC2yNsR4IPU8usDEHKPj7GMU\""
      },
      "remoteAddress": "::ffff:179.155.253.30",
      "remotePort": 50215
    }
[29-12-2020 20:26:58] INFO	 (375155 on ubuntu):
    jwt_usuario: {
      "id": 6,
      "iat": 1609265182,
      "exp": 1617041182
    }
[29-12-2020 20:26:58] INFO	 (375155 on ubuntu):
    login_usuario: {
      "id": 6,
      "created_at": "2020-09-30T21:40:01.000Z",
      "updated_at": "2020-12-29T17:36:31.000Z",
      "nome": "Socila",
      "senha": "$2a$08$JbVmVIX8fWEiRyUfIk7ZteDZaJDOvTi0hlYoZOMIwJWAfHljy/O3G",
      "email": "socila@socila.com",
      "maskeid": "tcFAYH",
      "admin": 0
    }
[29-12-2020 20:26:58] INFO	 (375155 on ubuntu): request completed
    res: {
      "statusCode": 304,
      "headers": {
        "x-powered-by": "Express",
        "etag": "W/\"c454-KAyysbn0kEA7h9xanHFByCQTmV8\""
      }
    }
    responseTime: 143
    req: {
      "id": 9,
      "method": "GET",
      "url": "/whats",
      "headers": {
        "host": "bot.zapatendimento.com.br",
        "connection": "keep-alive",
        "upgrade-insecure-requests": "1",
        "user-agent": "Mozilla/5.0 (Windows NT 10.0; Win64; x64) AppleWebKit/537.36 (KHTML, like Gecko) Chrome/87.0.4280.88 Safari/537.36",
        "accept": "text/html,application/xhtml+xml,application/xml;q=0.9,image/avif,image/webp,image/apng,*/*;q=0.8,application/signed-exchange;v=b3;q=0.9",
        "referer": "http://bot.zapatendimento.com.br/bot",
        "accept-encoding": "gzip, deflate",
        "accept-language": "pt-BR,pt;q=0.9,en-US;q=0.8,en;q=0.7,es;q=0.6",
        "cookie": "jwt=eyJhbGciOiJIUzI1NiIsInR5cCI6IkpXVCJ9.eyJpZCI6NiwiaWF0IjoxNjA5MjY1MTgyLCJleHAiOjE2MTcwNDExODJ9.i3Y59v7UGVDKoJj5uRogKvJqfaCwMK7XQta2JWJ_XIM",
        "if-none-match": "W/\"c454-KAyysbn0kEA7h9xanHFByCQTmV8\""
      },
      "remoteAddress": "::ffff:187.20.181.144",
      "remotePort": 52258
    }
[29-12-2020 20:27:25] INFO	 (375155 on ubuntu): request completed
    res: {
      "statusCode": 304,
      "headers": {
        "x-powered-by": "Express",
        "etag": "W/\"bb39-E1QeDzLWjMo1pksJP8ZHgD+qN4I\""
      }
    }
    responseTime: 43
    req: {
      "id": 11,
      "method": "GET",
      "url": "/bot",
      "headers": {
        "host": "bot.zapatendimento.com.br",
        "connection": "keep-alive",
        "upgrade-insecure-requests": "1",
        "user-agent": "Mozilla/5.0 (Windows NT 10.0; Win64; x64) AppleWebKit/537.36 (KHTML, like Gecko) Chrome/87.0.4280.88 Safari/537.36",
        "accept": "text/html,application/xhtml+xml,application/xml;q=0.9,image/avif,image/webp,image/apng,*/*;q=0.8,application/signed-exchange;v=b3;q=0.9",
        "referer": "http://bot.zapatendimento.com.br/whats",
        "accept-encoding": "gzip, deflate",
        "accept-language": "pt-BR,pt;q=0.9,en-US;q=0.8,en;q=0.7,es;q=0.6",
        "cookie": "jwt=eyJhbGciOiJIUzI1NiIsInR5cCI6IkpXVCJ9.eyJpZCI6NiwiaWF0IjoxNjA5MjY1MTgyLCJleHAiOjE2MTcwNDExODJ9.i3Y59v7UGVDKoJj5uRogKvJqfaCwMK7XQta2JWJ_XIM",
        "if-none-match": "W/\"bb39-E1QeDzLWjMo1pksJP8ZHgD+qN4I\""
      },
      "remoteAddress": "::ffff:187.20.181.144",
      "remotePort": 52281
    }
[29-12-2020 20:27:29] INFO	 (375155 on ubuntu): request completed
    res: {
      "statusCode": 200,
      "headers": {
        "x-powered-by": "Express",
        "content-type": "text/html; charset=utf-8",
        "content-length": "53563",
        "etag": "W/\"d13b-68k9sMkw11T/uKq8vgoiKdpvT+A\""
      }
    }
    responseTime: 56
    req: {
      "id": 12,
      "method": "GET",
      "url": "/setores",
      "headers": {
        "host": "bot.zapatendimento.com.br",
        "connection": "keep-alive",
        "upgrade-insecure-requests": "1",
        "user-agent": "Mozilla/5.0 (Windows NT 10.0; Win64; x64) AppleWebKit/537.36 (KHTML, like Gecko) Chrome/87.0.4280.88 Safari/537.36",
        "accept": "text/html,application/xhtml+xml,application/xml;q=0.9,image/avif,image/webp,image/apng,*/*;q=0.8,application/signed-exchange;v=b3;q=0.9",
        "referer": "http://bot.zapatendimento.com.br/bot",
        "accept-encoding": "gzip, deflate",
        "accept-language": "pt-BR,pt;q=0.9,en-US;q=0.8,en;q=0.7,es;q=0.6",
        "cookie": "jwt=eyJhbGciOiJIUzI1NiIsInR5cCI6IkpXVCJ9.eyJpZCI6NiwiaWF0IjoxNjA5MjY1MTgyLCJleHAiOjE2MTcwNDExODJ9.i3Y59v7UGVDKoJj5uRogKvJqfaCwMK7XQta2JWJ_XIM"
      },
      "remoteAddress": "::ffff:187.20.181.144",
      "remotePort": 52281
    }
[29-12-2020 20:27:40] INFO	 (375155 on ubuntu): request completed
    res: {
      "statusCode": 200,
      "headers": {
        "x-powered-by": "Express",
        "content-type": "text/html; charset=utf-8",
        "content-length": "55102",
        "etag": "W/\"d73e-zNYGdVlS09uNiGUplNr2fQ1WRjo\""
      }
    }
    responseTime: 68
    req: {
      "id": 13,
      "method": "GET",
      "url": "/enviar",
      "headers": {
        "host": "bot.zapatendimento.com.br",
        "connection": "keep-alive",
        "upgrade-insecure-requests": "1",
        "user-agent": "Mozilla/5.0 (Windows NT 10.0; Win64; x64) AppleWebKit/537.36 (KHTML, like Gecko) Chrome/87.0.4280.88 Safari/537.36",
        "accept": "text/html,application/xhtml+xml,application/xml;q=0.9,image/avif,image/webp,image/apng,*/*;q=0.8,application/signed-exchange;v=b3;q=0.9",
        "referer": "http://bot.zapatendimento.com.br/setores",
        "accept-encoding": "gzip, deflate",
        "accept-language": "pt-BR,pt;q=0.9,en-US;q=0.8,en;q=0.7,es;q=0.6",
        "cookie": "jwt=eyJhbGciOiJIUzI1NiIsInR5cCI6IkpXVCJ9.eyJpZCI6NiwiaWF0IjoxNjA5MjY1MTgyLCJleHAiOjE2MTcwNDExODJ9.i3Y59v7UGVDKoJj5uRogKvJqfaCwMK7XQta2JWJ_XIM",
        "if-none-match": "W/\"d6b2-d5rcOlNHgnqkIaKDQGuHxFozULo\""
      },
      "remoteAddress": "::ffff:187.20.181.144",
      "remotePort": 52287
    }
[29-12-2020 20:27:42] INFO	 (375155 on ubuntu):
    jwt_usuario: {
      "id": 6,
      "iat": 1609265182,
      "exp": 1617041182
    }
[29-12-2020 20:27:42] INFO	 (375155 on ubuntu):
    login_usuario: {
      "id": 6,
      "created_at": "2020-09-30T21:40:01.000Z",
      "updated_at": "2020-12-29T17:36:31.000Z",
      "nome": "Socila",
      "senha": "$2a$08$JbVmVIX8fWEiRyUfIk7ZteDZaJDOvTi0hlYoZOMIwJWAfHljy/O3G",
      "email": "socila@socila.com",
      "maskeid": "tcFAYH",
      "admin": 0
    }
[29-12-2020 20:27:42] INFO	 (375155 on ubuntu): request completed
    res: {
      "statusCode": 304,
      "headers": {
        "x-powered-by": "Express",
        "etag": "W/\"c454-KAyysbn0kEA7h9xanHFByCQTmV8\""
      }
    }
    responseTime: 112
    req: {
      "id": 14,
      "method": "GET",
      "url": "/whats",
      "headers": {
        "host": "bot.zapatendimento.com.br",
        "connection": "keep-alive",
        "upgrade-insecure-requests": "1",
        "user-agent": "Mozilla/5.0 (Windows NT 10.0; Win64; x64) AppleWebKit/537.36 (KHTML, like Gecko) Chrome/87.0.4280.88 Safari/537.36",
        "accept": "text/html,application/xhtml+xml,application/xml;q=0.9,image/avif,image/webp,image/apng,*/*;q=0.8,application/signed-exchange;v=b3;q=0.9",
        "referer": "http://bot.zapatendimento.com.br/enviar",
        "accept-encoding": "gzip, deflate",
        "accept-language": "pt-BR,pt;q=0.9,en-US;q=0.8,en;q=0.7,es;q=0.6",
        "cookie": "jwt=eyJhbGciOiJIUzI1NiIsInR5cCI6IkpXVCJ9.eyJpZCI6NiwiaWF0IjoxNjA5MjY1MTgyLCJleHAiOjE2MTcwNDExODJ9.i3Y59v7UGVDKoJj5uRogKvJqfaCwMK7XQta2JWJ_XIM",
        "if-none-match": "W/\"c454-KAyysbn0kEA7h9xanHFByCQTmV8\""
      },
      "remoteAddress": "::ffff:187.20.181.144",
      "remotePort": 52287
    }
[29-12-2020 20:28:08] INFO	 (375155 on ubuntu): request completed
    res: {
      "statusCode": 200,
      "headers": {
        "x-powered-by": "Express",
        "content-type": "text/html; charset=utf-8",
        "content-length": "52670",
        "etag": "W/\"cdbe-X2IQm44NDQNrvIK+ztrQkuGe5NI\""
      }
    }
    responseTime: 156
    req: {
      "id": 16,
      "method": "GET",
      "url": "/atendentes",
      "headers": {
        "host": "bot.zapatendimento.com.br",
        "connection": "keep-alive",
        "upgrade-insecure-requests": "1",
        "user-agent": "Mozilla/5.0 (Windows NT 10.0; Win64; x64) AppleWebKit/537.36 (KHTML, like Gecko) Chrome/87.0.4280.88 Safari/537.36",
        "accept": "text/html,application/xhtml+xml,application/xml;q=0.9,image/avif,image/webp,image/apng,*/*;q=0.8,application/signed-exchange;v=b3;q=0.9",
        "referer": "http://bot.zapatendimento.com.br/whats",
        "accept-encoding": "gzip, deflate",
        "accept-language": "pt-BR,pt;q=0.9,en-US;q=0.8,en;q=0.7,es;q=0.6",
        "cookie": "jwt=eyJhbGciOiJIUzI1NiIsInR5cCI6IkpXVCJ9.eyJpZCI6NiwiaWF0IjoxNjA5MjY1MTgyLCJleHAiOjE2MTcwNDExODJ9.i3Y59v7UGVDKoJj5uRogKvJqfaCwMK7XQta2JWJ_XIM"
      },
      "remoteAddress": "::ffff:187.20.181.144",
      "remotePort": 52298
    }
