[29-12-2020 21:05:35] INFO	 (377730 on ubuntu): Startou porta 80
[29-12-2020 21:05:35] INFO	 (377730 on ubuntu): MySQL connected!
[29-12-2020 21:05:36] INFO	 (377730 on ubuntu): request completed
    res: {
      "statusCode": 200,
      "headers": {
        "x-powered-by": "Express",
        "content-type": "text/html; charset=utf-8",
        "content-length": "47935",
        "etag": "W/\"bb3f-Rd11THcIE5M2knD7XUMVdEC6wdQ\""
      }
    }
    responseTime: 212
    req: {
      "id": 1,
      "method": "GET",
      "url": "/bot",
      "headers": {
        "host": "bot.zapatendimento.com.br",
        "connection": "keep-alive",
        "upgrade-insecure-requests": "1",
        "user-agent": "Mozilla/5.0 (Windows NT 10.0; Win64; x64) AppleWebKit/537.36 (KHTML, like Gecko) Chrome/87.0.4280.88 Safari/537.36",
        "accept": "text/html,application/xhtml+xml,application/xml;q=0.9,image/avif,image/webp,image/apng,*/*;q=0.8,application/signed-exchange;v=b3;q=0.9",
        "referer": "http://bot.zapatendimento.com.br/bot",
        "accept-encoding": "gzip, deflate",
        "accept-language": "pt-BR,pt;q=0.9,en-US;q=0.8,en;q=0.7,he;q=0.6,es;q=0.5",
        "cookie": "jwt=eyJhbGciOiJIUzI1NiIsInR5cCI6IkpXVCJ9.eyJpZCI6MjcsImlhdCI6MTYwOTI3MDE0MiwiZXhwIjoxNjE3MDQ2MTQyfQ.ygSqLH3-iPuHf7KuhZMNGQSWIqboqjW853CtIHvAR7I",
        "if-none-match": "W/\"d115-9Y6ri7An86YXbeqOqNdcUDsCH8s\""
      },
      "remoteAddress": "::ffff:179.155.253.30",
      "remotePort": 51701
    }
[29-12-2020 21:05:43] INFO	 (377730 on ubuntu):
    jwt_usuario: {
      "id": 27,
      "iat": 1609270142,
      "exp": 1617046142
    }
[29-12-2020 21:05:43] INFO	 (377730 on ubuntu):
    login_usuario: {
      "id": 27,
      "created_at": "2020-12-29T19:29:02.000Z",
      "updated_at": null,
      "nome": "admin",
      "senha": "$2a$08$qKZe3k3YN4lOUqGKxCZjYODl8awCQuuXjnp3vdsKn35BqsxWsZ2Uy",
      "email": "admin@admin.com",
      "maskeid": "P6dS9C",
      "admin": 0
    }
[29-12-2020 21:05:44] INFO	 (377730 on ubuntu): request completed
    res: {
      "statusCode": 304,
      "headers": {
        "x-powered-by": "Express",
        "etag": "W/\"c45b-f9ddC2yNsR4IPU8usDEHKPj7GMU\""
      }
    }
    responseTime: 98
    req: {
      "id": 2,
      "method": "GET",
      "url": "/whats",
      "headers": {
        "host": "bot.zapatendimento.com.br",
        "connection": "keep-alive",
        "upgrade-insecure-requests": "1",
        "user-agent": "Mozilla/5.0 (Windows NT 10.0; Win64; x64) AppleWebKit/537.36 (KHTML, like Gecko) Chrome/87.0.4280.88 Safari/537.36",
        "accept": "text/html,application/xhtml+xml,application/xml;q=0.9,image/avif,image/webp,image/apng,*/*;q=0.8,application/signed-exchange;v=b3;q=0.9",
        "referer": "http://bot.zapatendimento.com.br/bot",
        "accept-encoding": "gzip, deflate",
        "accept-language": "pt-BR,pt;q=0.9,en-US;q=0.8,en;q=0.7,he;q=0.6,es;q=0.5",
        "cookie": "jwt=eyJhbGciOiJIUzI1NiIsInR5cCI6IkpXVCJ9.eyJpZCI6MjcsImlhdCI6MTYwOTI3MDE0MiwiZXhwIjoxNjE3MDQ2MTQyfQ.ygSqLH3-iPuHf7KuhZMNGQSWIqboqjW853CtIHvAR7I",
        "if-none-match": "W/\"c45b-f9ddC2yNsR4IPU8usDEHKPj7GMU\""
      },
      "remoteAddress": "::ffff:179.155.253.30",
      "remotePort": 51718
    }
[29-12-2020 21:05:58] INFO	 (377730 on ubuntu):
    jwt_usuario: {
      "id": 3,
      "iat": 1609269351,
      "exp": 1617045351
    }
[29-12-2020 21:05:58] INFO	 (377730 on ubuntu):
    login_usuario: {
      "id": 3,
      "created_at": "2020-09-10T22:32:24.000Z",
      "updated_at": "2020-11-06T16:45:48.000Z",
      "nome": "Bruno Lima",
      "senha": "$2a$08$ZKYx.L.kPI1d3w/jNwgeCOqZanom0OsWKVm.ffQJNU.g.694uPFMu",
      "email": "bruno@bruno.com",
      "maskeid": "96vkP8",
      "admin": 1
    }
[29-12-2020 21:05:58] INFO	 (377730 on ubuntu): request completed
    res: {
      "statusCode": 304,
      "headers": {
        "x-powered-by": "Express",
        "etag": "W/\"d811-2xecOg7fCZccLrRzEWu0qLetaK0\""
      }
    }
    responseTime: 105
    req: {
      "id": 4,
      "method": "GET",
      "url": "/",
      "headers": {
        "host": "bot.zapatendimento.com.br",
        "connection": "keep-alive",
        "cache-control": "max-age=0",
        "upgrade-insecure-requests": "1",
        "user-agent": "Mozilla/5.0 (Windows NT 10.0; Win64; x64) AppleWebKit/537.36 (KHTML, like Gecko) Chrome/87.0.4280.88 Safari/537.36",
        "accept": "text/html,application/xhtml+xml,application/xml;q=0.9,image/avif,image/webp,image/apng,*/*;q=0.8,application/signed-exchange;v=b3;q=0.9",
        "accept-encoding": "gzip, deflate",
        "accept-language": "pt-BR,pt;q=0.9,en-US;q=0.8,en;q=0.7,es;q=0.6",
        "cookie": "_ga=GA1.3.199040947.1591923695; jwt=eyJhbGciOiJIUzI1NiIsInR5cCI6IkpXVCJ9.eyJpZCI6MywiaWF0IjoxNjA5MjY5MzUxLCJleHAiOjE2MTcwNDUzNTF9.cKSndgQ9ImxgGGI_CsNjeUY24bRn4Nzp0XJ2u-vC5Eg",
        "if-none-match": "W/\"d811-2xecOg7fCZccLrRzEWu0qLetaK0\""
      },
      "remoteAddress": "::ffff:201.17.159.113",
      "remotePort": 6595
    }
[29-12-2020 21:06:01] INFO	 (377730 on ubuntu): request completed
    res: {
      "statusCode": 200,
      "headers": {
        "x-powered-by": "Express"
      }
    }
    responseTime: 91
    req: {
      "id": 5,
      "method": "POST",
      "url": "/auth/getmeses",
      "headers": {
        "host": "bot.zapatendimento.com.br",
        "connection": "keep-alive",
        "content-length": "13",
        "accept": "*/*",
        "x-requested-with": "XMLHttpRequest",
        "user-agent": "Mozilla/5.0 (Windows NT 10.0; Win64; x64) AppleWebKit/537.36 (KHTML, like Gecko) Chrome/87.0.4280.88 Safari/537.36",
        "content-type": "application/x-www-form-urlencoded; charset=UTF-8",
        "origin": "http://bot.zapatendimento.com.br",
        "referer": "http://bot.zapatendimento.com.br/",
        "accept-encoding": "gzip, deflate",
        "accept-language": "pt-BR,pt;q=0.9,en-US;q=0.8,en;q=0.7,es;q=0.6",
        "cookie": "_ga=GA1.3.199040947.1591923695; jwt=eyJhbGciOiJIUzI1NiIsInR5cCI6IkpXVCJ9.eyJpZCI6MywiaWF0IjoxNjA5MjY5MzUxLCJleHAiOjE2MTcwNDUzNTF9.cKSndgQ9ImxgGGI_CsNjeUY24bRn4Nzp0XJ2u-vC5Eg"
      },
      "remoteAddress": "::ffff:201.17.159.113",
      "remotePort": 6604
    }
[29-12-2020 21:06:02] INFO	 (377730 on ubuntu): request completed
    res: {
      "statusCode": 200,
      "headers": {
        "x-powered-by": "Express"
      }
    }
    responseTime: 17280
    req: {
      "id": 3,
      "method": "GET",
      "url": "/getqr",
      "headers": {
        "host": "bot.zapatendimento.com.br",
        "connection": "keep-alive",
        "accept": "*/*",
        "user-agent": "Mozilla/5.0 (Windows NT 10.0; Win64; x64) AppleWebKit/537.36 (KHTML, like Gecko) Chrome/87.0.4280.88 Safari/537.36",
        "x-requested-with": "XMLHttpRequest",
        "referer": "http://bot.zapatendimento.com.br/whats",
        "accept-encoding": "gzip, deflate",
        "accept-language": "pt-BR,pt;q=0.9,en-US;q=0.8,en;q=0.7,he;q=0.6,es;q=0.5",
        "cookie": "jwt=eyJhbGciOiJIUzI1NiIsInR5cCI6IkpXVCJ9.eyJpZCI6MjcsImlhdCI6MTYwOTI3MDE0MiwiZXhwIjoxNjE3MDQ2MTQyfQ.ygSqLH3-iPuHf7KuhZMNGQSWIqboqjW853CtIHvAR7I"
      },
      "remoteAddress": "::ffff:179.155.253.30",
      "remotePort": 51723
    }
[29-12-2020 21:06:04] INFO	 (377730 on ubuntu): request completed
    res: {
      "statusCode": 200,
      "headers": {
        "x-powered-by": "Express",
        "content-type": "text/html; charset=utf-8",
        "content-length": "53525",
        "etag": "W/\"d115-9Y6ri7An86YXbeqOqNdcUDsCH8s\""
      }
    }
    responseTime: 95
    req: {
      "id": 6,
      "method": "GET",
      "url": "/bot",
      "headers": {
        "host": "bot.zapatendimento.com.br",
        "connection": "keep-alive",
        "upgrade-insecure-requests": "1",
        "user-agent": "Mozilla/5.0 (Windows NT 10.0; Win64; x64) AppleWebKit/537.36 (KHTML, like Gecko) Chrome/87.0.4280.88 Safari/537.36",
        "accept": "text/html,application/xhtml+xml,application/xml;q=0.9,image/avif,image/webp,image/apng,*/*;q=0.8,application/signed-exchange;v=b3;q=0.9",
        "referer": "http://bot.zapatendimento.com.br/whats",
        "accept-encoding": "gzip, deflate",
        "accept-language": "pt-BR,pt;q=0.9,en-US;q=0.8,en;q=0.7,he;q=0.6,es;q=0.5",
        "cookie": "jwt=eyJhbGciOiJIUzI1NiIsInR5cCI6IkpXVCJ9.eyJpZCI6MjcsImlhdCI6MTYwOTI3MDE0MiwiZXhwIjoxNjE3MDQ2MTQyfQ.ygSqLH3-iPuHf7KuhZMNGQSWIqboqjW853CtIHvAR7I",
        "if-none-match": "W/\"bb3f-Rd11THcIE5M2knD7XUMVdEC6wdQ\""
      },
      "remoteAddress": "::ffff:179.155.253.30",
      "remotePort": 51723
    }
[29-12-2020 21:06:06] INFO	 (377730 on ubuntu):
    jwt_usuario: {
      "id": 27,
      "iat": 1609270142,
      "exp": 1617046142
    }
[29-12-2020 21:06:06] INFO	 (377730 on ubuntu):
    login_usuario: {
      "id": 27,
      "created_at": "2020-12-29T19:29:02.000Z",
      "updated_at": null,
      "nome": "admin",
      "senha": "$2a$08$qKZe3k3YN4lOUqGKxCZjYODl8awCQuuXjnp3vdsKn35BqsxWsZ2Uy",
      "email": "admin@admin.com",
      "maskeid": "P6dS9C",
      "admin": 0
    }
[29-12-2020 21:06:06] INFO	 (377730 on ubuntu): request completed
    res: {
      "statusCode": 304,
      "headers": {
        "x-powered-by": "Express",
        "etag": "W/\"c45b-f9ddC2yNsR4IPU8usDEHKPj7GMU\""
      }
    }
    responseTime: 60
    req: {
      "id": 7,
      "method": "GET",
      "url": "/whats",
      "headers": {
        "host": "bot.zapatendimento.com.br",
        "connection": "keep-alive",
        "upgrade-insecure-requests": "1",
        "user-agent": "Mozilla/5.0 (Windows NT 10.0; Win64; x64) AppleWebKit/537.36 (KHTML, like Gecko) Chrome/87.0.4280.88 Safari/537.36",
        "accept": "text/html,application/xhtml+xml,application/xml;q=0.9,image/avif,image/webp,image/apng,*/*;q=0.8,application/signed-exchange;v=b3;q=0.9",
        "referer": "http://bot.zapatendimento.com.br/bot",
        "accept-encoding": "gzip, deflate",
        "accept-language": "pt-BR,pt;q=0.9,en-US;q=0.8,en;q=0.7,he;q=0.6,es;q=0.5",
        "cookie": "jwt=eyJhbGciOiJIUzI1NiIsInR5cCI6IkpXVCJ9.eyJpZCI6MjcsImlhdCI6MTYwOTI3MDE0MiwiZXhwIjoxNjE3MDQ2MTQyfQ.ygSqLH3-iPuHf7KuhZMNGQSWIqboqjW853CtIHvAR7I",
        "if-none-match": "W/\"c45b-f9ddC2yNsR4IPU8usDEHKPj7GMU\""
      },
      "remoteAddress": "::ffff:179.155.253.30",
      "remotePort": 51738
    }
