[29-12-2020 20:06:29] INFO	 (373796 on ubuntu): Startou porta 80
[29-12-2020 20:06:29] INFO	 (373796 on ubuntu): MySQL connected!
[29-12-2020 20:06:29] INFO	 (373796 on ubuntu): request completed
    res: {
      "statusCode": 200,
      "headers": {
        "x-powered-by": "Express",
        "content-type": "text/html; charset=utf-8",
        "content-length": "48567",
        "etag": "W/\"bdb7-asR95f7LuE2hty85ZfDrVsXdUrc\""
      }
    }
    responseTime: 220
    req: {
      "id": 1,
      "method": "GET",
      "url": "/contatos",
      "headers": {
        "host": "bot.zapatendimento.com.br",
        "connection": "keep-alive",
        "cache-control": "max-age=0",
        "upgrade-insecure-requests": "1",
        "user-agent": "Mozilla/5.0 (Windows NT 10.0; Win64; x64) AppleWebKit/537.36 (KHTML, like Gecko) Chrome/87.0.4280.88 Safari/537.36",
        "accept": "text/html,application/xhtml+xml,application/xml;q=0.9,image/avif,image/webp,image/apng,*/*;q=0.8,application/signed-exchange;v=b3;q=0.9",
        "referer": "http://bot.zapatendimento.com.br/contatos",
        "accept-encoding": "gzip, deflate",
        "accept-language": "pt-BR,pt;q=0.9,en-US;q=0.8,en;q=0.7,he;q=0.6,es;q=0.5",
        "cookie": "jwt=eyJhbGciOiJIUzI1NiIsInR5cCI6IkpXVCJ9.eyJpZCI6MjcsImlhdCI6MTYwOTI3MDE0MiwiZXhwIjoxNjE3MDQ2MTQyfQ.ygSqLH3-iPuHf7KuhZMNGQSWIqboqjW853CtIHvAR7I",
        "if-none-match": "W/\"bcd2-3c6eIeb+ssbYK7NkK15PChlbzrg\""
      },
      "remoteAddress": "::ffff:179.155.253.30",
      "remotePort": 60755
    }
