[29-12-2020 19:53:49] INFO	 (373487 on ubuntu): Startou porta 5000
[29-12-2020 19:53:49] ERROR	 (373487 on ubuntu): ER_ACCESS_DENIED_ERROR: Access denied for user 'root'@'localhost' (using password: YES)
    Error: ER_ACCESS_DENIED_ERROR: Access denied for user 'root'@'localhost' (using password: YES)
        at Handshake.Sequence._packetToError (/root/whatsbot/node_modules/mysql/lib/protocol/sequences/Sequence.js:47:14)
        at Handshake.ErrorPacket (/root/whatsbot/node_modules/mysql/lib/protocol/sequences/Handshake.js:123:18)
        at Protocol._parsePacket (/root/whatsbot/node_modules/mysql/lib/protocol/Protocol.js:291:23)
        at Parser._parsePacket (/root/whatsbot/node_modules/mysql/lib/protocol/Parser.js:433:10)
        at Parser.write (/root/whatsbot/node_modules/mysql/lib/protocol/Parser.js:43:10)
        at Protocol.write (/root/whatsbot/node_modules/mysql/lib/protocol/Protocol.js:38:16)
        at Socket.<anonymous> (/root/whatsbot/node_modules/mysql/lib/Connection.js:88:28)
        at Socket.<anonymous> (/root/whatsbot/node_modules/mysql/lib/Connection.js:526:10)
        at Socket.emit (events.js:198:13)
        at addChunk (_stream_readable.js:288:12)
        --------------------
        at Protocol._enqueue (/root/whatsbot/node_modules/mysql/lib/protocol/Protocol.js:144:48)
        at Protocol.handshake (/root/whatsbot/node_modules/mysql/lib/protocol/Protocol.js:51:23)
        at Connection.connect (/root/whatsbot/node_modules/mysql/lib/Connection.js:116:18)
        at Object.<anonymous> (/root/whatsbot/app.js:74:4)
        at Module._compile (internal/modules/cjs/loader.js:778:30)
        at Object.Module._extensions..js (internal/modules/cjs/loader.js:789:10)
        at Module.load (internal/modules/cjs/loader.js:653:32)
        at tryModuleLoad (internal/modules/cjs/loader.js:593:12)
        at Function.Module._load (internal/modules/cjs/loader.js:585:3)
        at Function.Module.runMain (internal/modules/cjs/loader.js:831:12)
