[29-12-2020 21:24:20] INFO	 (378757 on ubuntu): Startou porta 80
[29-12-2020 21:24:20] INFO	 (378757 on ubuntu): MySQL connected!
[29-12-2020 21:24:23] INFO	 (378757 on ubuntu):
    jwt_usuario: {
      "id": 27,
      "iat": 1609270142,
      "exp": 1617046142
    }
[29-12-2020 21:24:23] INFO	 (378757 on ubuntu):
    login_usuario: {
      "id": 27,
      "created_at": "2020-12-29T19:29:02.000Z",
      "updated_at": null,
      "nome": "admin",
      "senha": "$2a$08$qKZe3k3YN4lOUqGKxCZjYODl8awCQuuXjnp3vdsKn35BqsxWsZ2Uy",
      "email": "admin@admin.com",
      "maskeid": "P6dS9C",
      "admin": 0
    }
[29-12-2020 21:24:24] INFO	 (378757 on ubuntu): request completed
    res: {
      "statusCode": 304,
      "headers": {
        "x-powered-by": "Express",
        "etag": "W/\"c45b-f9ddC2yNsR4IPU8usDEHKPj7GMU\""
      }
    }
    responseTime: 278
    req: {
      "id": 1,
      "method": "GET",
      "url": "/whats",
      "headers": {
        "host": "bot.zapatendimento.com.br",
        "connection": "keep-alive",
        "upgrade-insecure-requests": "1",
        "user-agent": "Mozilla/5.0 (Windows NT 10.0; Win64; x64) AppleWebKit/537.36 (KHTML, like Gecko) Chrome/87.0.4280.88 Safari/537.36",
        "accept": "text/html,application/xhtml+xml,application/xml;q=0.9,image/avif,image/webp,image/apng,*/*;q=0.8,application/signed-exchange;v=b3;q=0.9",
        "referer": "http://bot.zapatendimento.com.br/bot",
        "accept-encoding": "gzip, deflate",
        "accept-language": "pt-BR,pt;q=0.9,en-US;q=0.8,en;q=0.7,he;q=0.6,es;q=0.5",
        "cookie": "jwt=eyJhbGciOiJIUzI1NiIsInR5cCI6IkpXVCJ9.eyJpZCI6MjcsImlhdCI6MTYwOTI3MDE0MiwiZXhwIjoxNjE3MDQ2MTQyfQ.ygSqLH3-iPuHf7KuhZMNGQSWIqboqjW853CtIHvAR7I",
        "if-none-match": "W/\"c45b-f9ddC2yNsR4IPU8usDEHKPj7GMU\""
      },
      "remoteAddress": "::ffff:179.155.253.30",
      "remotePort": 52471
    }
[29-12-2020 21:24:46] INFO	 (378757 on ubuntu): request completed
    res: {
      "statusCode": 200,
      "headers": {
        "x-powered-by": "Express",
        "content-type": "text/html; charset=utf-8",
        "content-length": "47935",
        "etag": "W/\"bb3f-Rd11THcIE5M2knD7XUMVdEC6wdQ\""
      }
    }
    responseTime: 189
    req: {
      "id": 3,
      "method": "GET",
      "url": "/bot",
      "headers": {
        "host": "bot.zapatendimento.com.br",
        "connection": "keep-alive",
        "upgrade-insecure-requests": "1",
        "user-agent": "Mozilla/5.0 (Windows NT 10.0; Win64; x64) AppleWebKit/537.36 (KHTML, like Gecko) Chrome/87.0.4280.88 Safari/537.36",
        "accept": "text/html,application/xhtml+xml,application/xml;q=0.9,image/avif,image/webp,image/apng,*/*;q=0.8,application/signed-exchange;v=b3;q=0.9",
        "referer": "http://bot.zapatendimento.com.br/whats",
        "accept-encoding": "gzip, deflate",
        "accept-language": "pt-BR,pt;q=0.9,en-US;q=0.8,en;q=0.7,he;q=0.6,es;q=0.5",
        "cookie": "jwt=eyJhbGciOiJIUzI1NiIsInR5cCI6IkpXVCJ9.eyJpZCI6MjcsImlhdCI6MTYwOTI3MDE0MiwiZXhwIjoxNjE3MDQ2MTQyfQ.ygSqLH3-iPuHf7KuhZMNGQSWIqboqjW853CtIHvAR7I",
        "if-none-match": "W/\"d115-9Y6ri7An86YXbeqOqNdcUDsCH8s\""
      },
      "remoteAddress": "::ffff:179.155.253.30",
      "remotePort": 52498
    }
[29-12-2020 21:24:50] INFO	 (378757 on ubuntu):
    jwt_usuario: {
      "id": 27,
      "iat": 1609270142,
      "exp": 1617046142
    }
[29-12-2020 21:24:50] INFO	 (378757 on ubuntu):
    login_usuario: {
      "id": 27,
      "created_at": "2020-12-29T19:29:02.000Z",
      "updated_at": null,
      "nome": "admin",
      "senha": "$2a$08$qKZe3k3YN4lOUqGKxCZjYODl8awCQuuXjnp3vdsKn35BqsxWsZ2Uy",
      "email": "admin@admin.com",
      "maskeid": "P6dS9C",
      "admin": 0
    }
[29-12-2020 21:24:50] INFO	 (378757 on ubuntu): request completed
    res: {
      "statusCode": 304,
      "headers": {
        "x-powered-by": "Express",
        "etag": "W/\"c45b-f9ddC2yNsR4IPU8usDEHKPj7GMU\""
      }
    }
    responseTime: 33
    req: {
      "id": 4,
      "method": "GET",
      "url": "/whats",
      "headers": {
        "host": "bot.zapatendimento.com.br",
        "connection": "keep-alive",
        "upgrade-insecure-requests": "1",
        "user-agent": "Mozilla/5.0 (Windows NT 10.0; Win64; x64) AppleWebKit/537.36 (KHTML, like Gecko) Chrome/87.0.4280.88 Safari/537.36",
        "accept": "text/html,application/xhtml+xml,application/xml;q=0.9,image/avif,image/webp,image/apng,*/*;q=0.8,application/signed-exchange;v=b3;q=0.9",
        "referer": "http://bot.zapatendimento.com.br/bot",
        "accept-encoding": "gzip, deflate",
        "accept-language": "pt-BR,pt;q=0.9,en-US;q=0.8,en;q=0.7,he;q=0.6,es;q=0.5",
        "cookie": "jwt=eyJhbGciOiJIUzI1NiIsInR5cCI6IkpXVCJ9.eyJpZCI6MjcsImlhdCI6MTYwOTI3MDE0MiwiZXhwIjoxNjE3MDQ2MTQyfQ.ygSqLH3-iPuHf7KuhZMNGQSWIqboqjW853CtIHvAR7I",
        "if-none-match": "W/\"c45b-f9ddC2yNsR4IPU8usDEHKPj7GMU\""
      },
      "remoteAddress": "::ffff:179.155.253.30",
      "remotePort": 52501
    }
[29-12-2020 21:25:21] INFO	 (378757 on ubuntu): request completed
    res: {
      "statusCode": 304,
      "headers": {
        "x-powered-by": "Express",
        "etag": "W/\"bb3f-Rd11THcIE5M2knD7XUMVdEC6wdQ\""
      }
    }
    responseTime: 114
    req: {
      "id": 6,
      "method": "GET",
      "url": "/bot",
      "headers": {
        "host": "bot.zapatendimento.com.br",
        "connection": "keep-alive",
        "upgrade-insecure-requests": "1",
        "user-agent": "Mozilla/5.0 (Windows NT 10.0; Win64; x64) AppleWebKit/537.36 (KHTML, like Gecko) Chrome/87.0.4280.88 Safari/537.36",
        "accept": "text/html,application/xhtml+xml,application/xml;q=0.9,image/avif,image/webp,image/apng,*/*;q=0.8,application/signed-exchange;v=b3;q=0.9",
        "referer": "http://bot.zapatendimento.com.br/whats",
        "accept-encoding": "gzip, deflate",
        "accept-language": "pt-BR,pt;q=0.9,en-US;q=0.8,en;q=0.7,he;q=0.6,es;q=0.5",
        "cookie": "jwt=eyJhbGciOiJIUzI1NiIsInR5cCI6IkpXVCJ9.eyJpZCI6MjcsImlhdCI6MTYwOTI3MDE0MiwiZXhwIjoxNjE3MDQ2MTQyfQ.ygSqLH3-iPuHf7KuhZMNGQSWIqboqjW853CtIHvAR7I",
        "if-none-match": "W/\"bb3f-Rd11THcIE5M2knD7XUMVdEC6wdQ\""
      },
      "remoteAddress": "::ffff:179.155.253.30",
      "remotePort": 52525
    }
[29-12-2020 21:25:25] INFO	 (378757 on ubuntu):
    jwt_usuario: {
      "id": 27,
      "iat": 1609270142,
      "exp": 1617046142
    }
[29-12-2020 21:25:25] INFO	 (378757 on ubuntu):
    login_usuario: {
      "id": 27,
      "created_at": "2020-12-29T19:29:02.000Z",
      "updated_at": null,
      "nome": "admin",
      "senha": "$2a$08$qKZe3k3YN4lOUqGKxCZjYODl8awCQuuXjnp3vdsKn35BqsxWsZ2Uy",
      "email": "admin@admin.com",
      "maskeid": "P6dS9C",
      "admin": 0
    }
[29-12-2020 21:25:26] INFO	 (378757 on ubuntu): request completed
    res: {
      "statusCode": 304,
      "headers": {
        "x-powered-by": "Express",
        "etag": "W/\"c45b-f9ddC2yNsR4IPU8usDEHKPj7GMU\""
      }
    }
    responseTime: 113
    req: {
      "id": 7,
      "method": "GET",
      "url": "/whats",
      "headers": {
        "host": "bot.zapatendimento.com.br",
        "connection": "keep-alive",
        "upgrade-insecure-requests": "1",
        "user-agent": "Mozilla/5.0 (Windows NT 10.0; Win64; x64) AppleWebKit/537.36 (KHTML, like Gecko) Chrome/87.0.4280.88 Safari/537.36",
        "accept": "text/html,application/xhtml+xml,application/xml;q=0.9,image/avif,image/webp,image/apng,*/*;q=0.8,application/signed-exchange;v=b3;q=0.9",
        "referer": "http://bot.zapatendimento.com.br/bot",
        "accept-encoding": "gzip, deflate",
        "accept-language": "pt-BR,pt;q=0.9,en-US;q=0.8,en;q=0.7,he;q=0.6,es;q=0.5",
        "cookie": "jwt=eyJhbGciOiJIUzI1NiIsInR5cCI6IkpXVCJ9.eyJpZCI6MjcsImlhdCI6MTYwOTI3MDE0MiwiZXhwIjoxNjE3MDQ2MTQyfQ.ygSqLH3-iPuHf7KuhZMNGQSWIqboqjW853CtIHvAR7I",
        "if-none-match": "W/\"c45b-f9ddC2yNsR4IPU8usDEHKPj7GMU\""
      },
      "remoteAddress": "::ffff:179.155.253.30",
      "remotePort": 52525
    }
[29-12-2020 21:25:49] INFO	 (378757 on ubuntu): request completed
    res: {
      "statusCode": 304,
      "headers": {
        "x-powered-by": "Express",
        "etag": "W/\"bb3f-Rd11THcIE5M2knD7XUMVdEC6wdQ\""
      }
    }
    responseTime: 187
    req: {
      "id": 9,
      "method": "GET",
      "url": "/bot",
      "headers": {
        "host": "bot.zapatendimento.com.br",
        "connection": "keep-alive",
        "upgrade-insecure-requests": "1",
        "user-agent": "Mozilla/5.0 (Windows NT 10.0; Win64; x64) AppleWebKit/537.36 (KHTML, like Gecko) Chrome/87.0.4280.88 Safari/537.36",
        "accept": "text/html,application/xhtml+xml,application/xml;q=0.9,image/avif,image/webp,image/apng,*/*;q=0.8,application/signed-exchange;v=b3;q=0.9",
        "referer": "http://bot.zapatendimento.com.br/whats",
        "accept-encoding": "gzip, deflate",
        "accept-language": "pt-BR,pt;q=0.9,en-US;q=0.8,en;q=0.7,he;q=0.6,es;q=0.5",
        "cookie": "jwt=eyJhbGciOiJIUzI1NiIsInR5cCI6IkpXVCJ9.eyJpZCI6MjcsImlhdCI6MTYwOTI3MDE0MiwiZXhwIjoxNjE3MDQ2MTQyfQ.ygSqLH3-iPuHf7KuhZMNGQSWIqboqjW853CtIHvAR7I",
        "if-none-match": "W/\"bb3f-Rd11THcIE5M2knD7XUMVdEC6wdQ\""
      },
      "remoteAddress": "::ffff:179.155.253.30",
      "remotePort": 52550
    }
[29-12-2020 21:25:50] INFO	 (378757 on ubuntu):
    jwt_usuario: {
      "id": 27,
      "iat": 1609270142,
      "exp": 1617046142
    }
[29-12-2020 21:25:50] INFO	 (378757 on ubuntu):
    login_usuario: {
      "id": 27,
      "created_at": "2020-12-29T19:29:02.000Z",
      "updated_at": null,
      "nome": "admin",
      "senha": "$2a$08$qKZe3k3YN4lOUqGKxCZjYODl8awCQuuXjnp3vdsKn35BqsxWsZ2Uy",
      "email": "admin@admin.com",
      "maskeid": "P6dS9C",
      "admin": 0
    }
[29-12-2020 21:25:51] INFO	 (378757 on ubuntu): request completed
    res: {
      "statusCode": 304,
      "headers": {
        "x-powered-by": "Express",
        "etag": "W/\"c45b-f9ddC2yNsR4IPU8usDEHKPj7GMU\""
      }
    }
    responseTime: 98
    req: {
      "id": 10,
      "method": "GET",
      "url": "/whats",
      "headers": {
        "host": "bot.zapatendimento.com.br",
        "connection": "keep-alive",
        "upgrade-insecure-requests": "1",
        "user-agent": "Mozilla/5.0 (Windows NT 10.0; Win64; x64) AppleWebKit/537.36 (KHTML, like Gecko) Chrome/87.0.4280.88 Safari/537.36",
        "accept": "text/html,application/xhtml+xml,application/xml;q=0.9,image/avif,image/webp,image/apng,*/*;q=0.8,application/signed-exchange;v=b3;q=0.9",
        "referer": "http://bot.zapatendimento.com.br/bot",
        "accept-encoding": "gzip, deflate",
        "accept-language": "pt-BR,pt;q=0.9,en-US;q=0.8,en;q=0.7,he;q=0.6,es;q=0.5",
        "cookie": "jwt=eyJhbGciOiJIUzI1NiIsInR5cCI6IkpXVCJ9.eyJpZCI6MjcsImlhdCI6MTYwOTI3MDE0MiwiZXhwIjoxNjE3MDQ2MTQyfQ.ygSqLH3-iPuHf7KuhZMNGQSWIqboqjW853CtIHvAR7I",
        "if-none-match": "W/\"c45b-f9ddC2yNsR4IPU8usDEHKPj7GMU\""
      },
      "remoteAddress": "::ffff:179.155.253.30",
      "remotePort": 52553
    }
[29-12-2020 21:25:53] INFO	 (378757 on ubuntu): request completed
    res: {
      "statusCode": 200,
      "headers": {
        "x-powered-by": "Express"
      }
    }
    responseTime: 4
    req: {
      "id": 11,
      "method": "POST",
      "url": "/auth/deletarwhats",
      "headers": {
        "host": "bot.zapatendimento.com.br",
        "connection": "keep-alive",
        "content-length": "16",
        "accept": "*/*",
        "x-requested-with": "XMLHttpRequest",
        "user-agent": "Mozilla/5.0 (Windows NT 10.0; Win64; x64) AppleWebKit/537.36 (KHTML, like Gecko) Chrome/87.0.4280.88 Safari/537.36",
        "content-type": "application/x-www-form-urlencoded; charset=UTF-8",
        "origin": "http://bot.zapatendimento.com.br",
        "referer": "http://bot.zapatendimento.com.br/whats",
        "accept-encoding": "gzip, deflate",
        "accept-language": "pt-BR,pt;q=0.9,en-US;q=0.8,en;q=0.7,he;q=0.6,es;q=0.5",
        "cookie": "jwt=eyJhbGciOiJIUzI1NiIsInR5cCI6IkpXVCJ9.eyJpZCI6MjcsImlhdCI6MTYwOTI3MDE0MiwiZXhwIjoxNjE3MDQ2MTQyfQ.ygSqLH3-iPuHf7KuhZMNGQSWIqboqjW853CtIHvAR7I"
      },
      "remoteAddress": "::ffff:179.155.253.30",
      "remotePort": 52554
    }
[29-12-2020 21:25:54] INFO	 (378757 on ubuntu):
    jwt_usuario: {
      "id": 27,
      "iat": 1609270142,
      "exp": 1617046142
    }
[29-12-2020 21:25:54] INFO	 (378757 on ubuntu):
    login_usuario: {
      "id": 27,
      "created_at": "2020-12-29T19:29:02.000Z",
      "updated_at": null,
      "nome": "admin",
      "senha": "$2a$08$qKZe3k3YN4lOUqGKxCZjYODl8awCQuuXjnp3vdsKn35BqsxWsZ2Uy",
      "email": "admin@admin.com",
      "maskeid": "P6dS9C",
      "admin": 0
    }
[29-12-2020 21:25:54] INFO	 (378757 on ubuntu): request completed
    res: {
      "statusCode": 304,
      "headers": {
        "x-powered-by": "Express",
        "etag": "W/\"c45b-f9ddC2yNsR4IPU8usDEHKPj7GMU\""
      }
    }
    responseTime: 67
    req: {
      "id": 12,
      "method": "GET",
      "url": "/whats",
      "headers": {
        "host": "bot.zapatendimento.com.br",
        "connection": "keep-alive",
        "upgrade-insecure-requests": "1",
        "user-agent": "Mozilla/5.0 (Windows NT 10.0; Win64; x64) AppleWebKit/537.36 (KHTML, like Gecko) Chrome/87.0.4280.88 Safari/537.36",
        "accept": "text/html,application/xhtml+xml,application/xml;q=0.9,image/avif,image/webp,image/apng,*/*;q=0.8,application/signed-exchange;v=b3;q=0.9",
        "referer": "http://bot.zapatendimento.com.br/whats",
        "accept-encoding": "gzip, deflate",
        "accept-language": "pt-BR,pt;q=0.9,en-US;q=0.8,en;q=0.7,he;q=0.6,es;q=0.5",
        "cookie": "jwt=eyJhbGciOiJIUzI1NiIsInR5cCI6IkpXVCJ9.eyJpZCI6MjcsImlhdCI6MTYwOTI3MDE0MiwiZXhwIjoxNjE3MDQ2MTQyfQ.ygSqLH3-iPuHf7KuhZMNGQSWIqboqjW853CtIHvAR7I",
        "if-none-match": "W/\"c45b-f9ddC2yNsR4IPU8usDEHKPj7GMU\""
      },
      "remoteAddress": "::ffff:179.155.253.30",
      "remotePort": 52554
    }
[29-12-2020 21:26:05] INFO	 (378757 on ubuntu): request completed
    res: {
      "statusCode": 200,
      "headers": {
        "x-powered-by": "Express",
        "content-type": "text/html; charset=utf-8",
        "content-length": "55582",
        "etag": "W/\"d91e-BDI3/2jowOFnY3ZwSlsC6KB4+qc\""
      }
    }
    responseTime: 203
    req: {
      "id": 14,
      "method": "GET",
      "url": "/campanhas",
      "headers": {
        "host": "bot.zapatendimento.com.br",
        "connection": "keep-alive",
        "upgrade-insecure-requests": "1",
        "user-agent": "Mozilla/5.0 (Windows NT 10.0; Win64; x64) AppleWebKit/537.36 (KHTML, like Gecko) Chrome/87.0.4280.88 Safari/537.36",
        "accept": "text/html,application/xhtml+xml,application/xml;q=0.9,image/avif,image/webp,image/apng,*/*;q=0.8,application/signed-exchange;v=b3;q=0.9",
        "accept-encoding": "gzip, deflate",
        "accept-language": "pt-BR,pt;q=0.9,en-US;q=0.8,en;q=0.7",
        "cookie": "jwt=eyJhbGciOiJIUzI1NiIsInR5cCI6IkpXVCJ9.eyJpZCI6MTUsImlhdCI6MTYwNzY5NDEzMCwiZXhwIjoxNjE1NDcwMTMwfQ.kWEbDorPw3uRZLo3vFxf92ZRcmitt9bp0V8DLutRB_w; io=VMsTwksiVXMBv32bAAAL",
        "if-none-match": "W/\"d892-gB27NxWfiGLnGl2jLIyn22BXUGQ\""
      },
      "remoteAddress": "::ffff:187.72.69.121",
      "remotePort": 51103
    }
[29-12-2020 21:26:10] INFO	 (378757 on ubuntu): request completed
    res: {
      "statusCode": 302,
      "headers": {
        "x-powered-by": "Express",
        "location": "/entrar",
        "vary": "Accept",
        "content-type": "text/plain; charset=utf-8",
        "content-length": "29"
      }
    }
    responseTime: 4
    req: {
      "id": 15,
      "method": "HEAD",
      "url": "/",
      "headers": {
        "accept-encoding": "identity",
        "user-agent": "Mozilla/5.0 (Windows NT 10.0; Win64; x64) AppleWebKit/537.36 (KHTML, like Gecko) Chrome/87.0.4280.88 Safari/537.36",
        "host": "bot.zapatendimento.com.br",
        "connection": "close"
      },
      "remoteAddress": "::ffff:207.241.227.104",
      "remotePort": 51996
    }
[29-12-2020 21:26:10] INFO	 (378757 on ubuntu): request completed
    res: {
      "statusCode": 200,
      "headers": {
        "x-powered-by": "Express",
        "content-type": "text/html; charset=utf-8",
        "content-length": "47935",
        "etag": "W/\"bb3f-0IzduKXhT7jf7swsZrpxEhPj4YA\""
      }
    }
    responseTime: 98
    req: {
      "id": 16,
      "method": "GET",
      "url": "/bot",
      "headers": {
        "host": "bot.zapatendimento.com.br",
        "connection": "keep-alive",
        "upgrade-insecure-requests": "1",
        "user-agent": "Mozilla/5.0 (Windows NT 10.0; Win64; x64) AppleWebKit/537.36 (KHTML, like Gecko) Chrome/87.0.4280.88 Safari/537.36",
        "accept": "text/html,application/xhtml+xml,application/xml;q=0.9,image/avif,image/webp,image/apng,*/*;q=0.8,application/signed-exchange;v=b3;q=0.9",
        "referer": "http://bot.zapatendimento.com.br/campanhas",
        "accept-encoding": "gzip, deflate",
        "accept-language": "pt-BR,pt;q=0.9,en-US;q=0.8,en;q=0.7",
        "cookie": "jwt=eyJhbGciOiJIUzI1NiIsInR5cCI6IkpXVCJ9.eyJpZCI6MTUsImlhdCI6MTYwNzY5NDEzMCwiZXhwIjoxNjE1NDcwMTMwfQ.kWEbDorPw3uRZLo3vFxf92ZRcmitt9bp0V8DLutRB_w; io=VMsTwksiVXMBv32bAAAL",
        "if-none-match": "W/\"efd4-TDJzvT8hjFb+cH8BfDP5+01c0gw\""
      },
      "remoteAddress": "::ffff:187.72.69.121",
      "remotePort": 46616
    }
[29-12-2020 21:26:12] INFO	 (378757 on ubuntu):
    jwt_usuario: {
      "id": 15,
      "iat": 1607694130,
      "exp": 1615470130
    }
[29-12-2020 21:26:12] INFO	 (378757 on ubuntu):
    login_usuario: {
      "id": 15,
      "created_at": "2020-10-28T19:22:59.000Z",
      "updated_at": null,
      "nome": "prime",
      "senha": "$2a$08$Mhi4jhUYfzzlt2goipCd.eLVvVXS3hVZYi.3vvoq4lF5lUzF9oQy6",
      "email": "prime@prime.com",
      "maskeid": "SfuqMV",
      "admin": 0
    }
[29-12-2020 21:26:12] INFO	 (378757 on ubuntu): request completed
    res: {
      "statusCode": 200,
      "headers": {
        "x-powered-by": "Express",
        "content-type": "text/html; charset=utf-8",
        "content-length": "50267",
        "etag": "W/\"c45b-dmoJlu5OKO6srpntiupVaLfK1Wg\""
      }
    }
    responseTime: 369
    req: {
      "id": 17,
      "method": "GET",
      "url": "/whats",
      "headers": {
        "host": "bot.zapatendimento.com.br",
        "connection": "keep-alive",
        "upgrade-insecure-requests": "1",
        "user-agent": "Mozilla/5.0 (Windows NT 10.0; Win64; x64) AppleWebKit/537.36 (KHTML, like Gecko) Chrome/87.0.4280.88 Safari/537.36",
        "accept": "text/html,application/xhtml+xml,application/xml;q=0.9,image/avif,image/webp,image/apng,*/*;q=0.8,application/signed-exchange;v=b3;q=0.9",
        "referer": "http://bot.zapatendimento.com.br/bot",
        "accept-encoding": "gzip, deflate",
        "accept-language": "pt-BR,pt;q=0.9,en-US;q=0.8,en;q=0.7",
        "cookie": "jwt=eyJhbGciOiJIUzI1NiIsInR5cCI6IkpXVCJ9.eyJpZCI6MTUsImlhdCI6MTYwNzY5NDEzMCwiZXhwIjoxNjE1NDcwMTMwfQ.kWEbDorPw3uRZLo3vFxf92ZRcmitt9bp0V8DLutRB_w; io=VMsTwksiVXMBv32bAAAL"
      },
      "remoteAddress": "::ffff:187.72.69.121",
      "remotePort": 35843
    }
[29-12-2020 21:26:31] INFO	 (378757 on ubuntu): request completed
    res: {
      "statusCode": 304,
      "headers": {
        "x-powered-by": "Express",
        "etag": "W/\"bb3f-Rd11THcIE5M2knD7XUMVdEC6wdQ\""
      }
    }
    responseTime: 83
    req: {
      "id": 19,
      "method": "GET",
      "url": "/bot",
      "headers": {
        "host": "bot.zapatendimento.com.br",
        "connection": "keep-alive",
        "upgrade-insecure-requests": "1",
        "user-agent": "Mozilla/5.0 (Windows NT 10.0; Win64; x64) AppleWebKit/537.36 (KHTML, like Gecko) Chrome/87.0.4280.88 Safari/537.36",
        "accept": "text/html,application/xhtml+xml,application/xml;q=0.9,image/avif,image/webp,image/apng,*/*;q=0.8,application/signed-exchange;v=b3;q=0.9",
        "referer": "http://bot.zapatendimento.com.br/whats",
        "accept-encoding": "gzip, deflate",
        "accept-language": "pt-BR,pt;q=0.9,en-US;q=0.8,en;q=0.7,he;q=0.6,es;q=0.5",
        "cookie": "jwt=eyJhbGciOiJIUzI1NiIsInR5cCI6IkpXVCJ9.eyJpZCI6MjcsImlhdCI6MTYwOTI3MDE0MiwiZXhwIjoxNjE3MDQ2MTQyfQ.ygSqLH3-iPuHf7KuhZMNGQSWIqboqjW853CtIHvAR7I",
        "if-none-match": "W/\"bb3f-Rd11THcIE5M2knD7XUMVdEC6wdQ\""
      },
      "remoteAddress": "::ffff:179.155.253.30",
      "remotePort": 52579
    }
[29-12-2020 21:26:33] INFO	 (378757 on ubuntu):
    jwt_usuario: {
      "id": 27,
      "iat": 1609270142,
      "exp": 1617046142
    }
[29-12-2020 21:26:33] INFO	 (378757 on ubuntu):
    login_usuario: {
      "id": 27,
      "created_at": "2020-12-29T19:29:02.000Z",
      "updated_at": null,
      "nome": "admin",
      "senha": "$2a$08$qKZe3k3YN4lOUqGKxCZjYODl8awCQuuXjnp3vdsKn35BqsxWsZ2Uy",
      "email": "admin@admin.com",
      "maskeid": "P6dS9C",
      "admin": 0
    }
[29-12-2020 21:26:33] INFO	 (378757 on ubuntu): request completed
    res: {
      "statusCode": 304,
      "headers": {
        "x-powered-by": "Express",
        "etag": "W/\"c45b-f9ddC2yNsR4IPU8usDEHKPj7GMU\""
      }
    }
    responseTime: 55
    req: {
      "id": 20,
      "method": "GET",
      "url": "/whats",
      "headers": {
        "host": "bot.zapatendimento.com.br",
        "connection": "keep-alive",
        "upgrade-insecure-requests": "1",
        "user-agent": "Mozilla/5.0 (Windows NT 10.0; Win64; x64) AppleWebKit/537.36 (KHTML, like Gecko) Chrome/87.0.4280.88 Safari/537.36",
        "accept": "text/html,application/xhtml+xml,application/xml;q=0.9,image/avif,image/webp,image/apng,*/*;q=0.8,application/signed-exchange;v=b3;q=0.9",
        "referer": "http://bot.zapatendimento.com.br/bot",
        "accept-encoding": "gzip, deflate",
        "accept-language": "pt-BR,pt;q=0.9,en-US;q=0.8,en;q=0.7,he;q=0.6,es;q=0.5",
        "cookie": "jwt=eyJhbGciOiJIUzI1NiIsInR5cCI6IkpXVCJ9.eyJpZCI6MjcsImlhdCI6MTYwOTI3MDE0MiwiZXhwIjoxNjE3MDQ2MTQyfQ.ygSqLH3-iPuHf7KuhZMNGQSWIqboqjW853CtIHvAR7I",
        "if-none-match": "W/\"c45b-f9ddC2yNsR4IPU8usDEHKPj7GMU\""
      },
      "remoteAddress": "::ffff:179.155.253.30",
      "remotePort": 52583
    }
[29-12-2020 21:26:35] INFO	 (378757 on ubuntu): request completed
    res: {
      "statusCode": 200,
      "headers": {
        "x-powered-by": "Express"
      }
    }
    responseTime: 1
    req: {
      "id": 21,
      "method": "POST",
      "url": "/auth/deletarwhats",
      "headers": {
        "host": "bot.zapatendimento.com.br",
        "connection": "keep-alive",
        "content-length": "16",
        "accept": "*/*",
        "x-requested-with": "XMLHttpRequest",
        "user-agent": "Mozilla/5.0 (Windows NT 10.0; Win64; x64) AppleWebKit/537.36 (KHTML, like Gecko) Chrome/87.0.4280.88 Safari/537.36",
        "content-type": "application/x-www-form-urlencoded; charset=UTF-8",
        "origin": "http://bot.zapatendimento.com.br",
        "referer": "http://bot.zapatendimento.com.br/whats",
        "accept-encoding": "gzip, deflate",
        "accept-language": "pt-BR,pt;q=0.9,en-US;q=0.8,en;q=0.7,he;q=0.6,es;q=0.5",
        "cookie": "jwt=eyJhbGciOiJIUzI1NiIsInR5cCI6IkpXVCJ9.eyJpZCI6MjcsImlhdCI6MTYwOTI3MDE0MiwiZXhwIjoxNjE3MDQ2MTQyfQ.ygSqLH3-iPuHf7KuhZMNGQSWIqboqjW853CtIHvAR7I"
      },
      "remoteAddress": "::ffff:179.155.253.30",
      "remotePort": 52585
    }
[29-12-2020 21:26:36] INFO	 (378757 on ubuntu):
    jwt_usuario: {
      "id": 27,
      "iat": 1609270142,
      "exp": 1617046142
    }
[29-12-2020 21:26:36] INFO	 (378757 on ubuntu):
    login_usuario: {
      "id": 27,
      "created_at": "2020-12-29T19:29:02.000Z",
      "updated_at": null,
      "nome": "admin",
      "senha": "$2a$08$qKZe3k3YN4lOUqGKxCZjYODl8awCQuuXjnp3vdsKn35BqsxWsZ2Uy",
      "email": "admin@admin.com",
      "maskeid": "P6dS9C",
      "admin": 0
    }
[29-12-2020 21:26:37] INFO	 (378757 on ubuntu): request completed
    res: {
      "statusCode": 304,
      "headers": {
        "x-powered-by": "Express",
        "etag": "W/\"c45b-f9ddC2yNsR4IPU8usDEHKPj7GMU\""
      }
    }
    responseTime: 103
    req: {
      "id": 22,
      "method": "GET",
      "url": "/whats",
      "headers": {
        "host": "bot.zapatendimento.com.br",
        "connection": "keep-alive",
        "upgrade-insecure-requests": "1",
        "user-agent": "Mozilla/5.0 (Windows NT 10.0; Win64; x64) AppleWebKit/537.36 (KHTML, like Gecko) Chrome/87.0.4280.88 Safari/537.36",
        "accept": "text/html,application/xhtml+xml,application/xml;q=0.9,image/avif,image/webp,image/apng,*/*;q=0.8,application/signed-exchange;v=b3;q=0.9",
        "referer": "http://bot.zapatendimento.com.br/whats",
        "accept-encoding": "gzip, deflate",
        "accept-language": "pt-BR,pt;q=0.9,en-US;q=0.8,en;q=0.7,he;q=0.6,es;q=0.5",
        "cookie": "jwt=eyJhbGciOiJIUzI1NiIsInR5cCI6IkpXVCJ9.eyJpZCI6MjcsImlhdCI6MTYwOTI3MDE0MiwiZXhwIjoxNjE3MDQ2MTQyfQ.ygSqLH3-iPuHf7KuhZMNGQSWIqboqjW853CtIHvAR7I",
        "if-none-match": "W/\"c45b-f9ddC2yNsR4IPU8usDEHKPj7GMU\""
      },
      "remoteAddress": "::ffff:179.155.253.30",
      "remotePort": 52585
    }
