[29-12-2020 18:37:48] INFO	 (368515 on ubuntu): Startou porta 80
[29-12-2020 18:37:48] INFO	 (368515 on ubuntu): MySQL connected!
[29-12-2020 18:37:48] INFO	 (368515 on ubuntu):
    jwt_usuario: {
      "id": 6,
      "iat": 1609265182,
      "exp": 1617041182
    }
[29-12-2020 18:37:48] INFO	 (368515 on ubuntu):
    login_usuario: {
      "id": 6,
      "created_at": "2020-09-30T21:40:01.000Z",
      "updated_at": "2020-12-29T17:36:31.000Z",
      "nome": "Socila",
      "senha": "$2a$08$JbVmVIX8fWEiRyUfIk7ZteDZaJDOvTi0hlYoZOMIwJWAfHljy/O3G",
      "email": "socila@socila.com",
      "maskeid": "tcFAYH",
      "admin": 0
    }
[29-12-2020 18:37:48] INFO	 (368515 on ubuntu): request completed
    res: {
      "statusCode": 304,
      "headers": {
        "x-powered-by": "Express",
        "etag": "W/\"c3c8-6/MfE2cgiKuooVc+bU7AyJINJP8\""
      }
    }
    responseTime: 172
    req: {
      "id": 1,
      "method": "GET",
      "url": "/whats",
      "headers": {
        "host": "bot.zapatendimento.com.br",
        "connection": "keep-alive",
        "cache-control": "max-age=0",
        "upgrade-insecure-requests": "1",
        "user-agent": "Mozilla/5.0 (Windows NT 10.0; Win64; x64) AppleWebKit/537.36 (KHTML, like Gecko) Chrome/87.0.4280.88 Safari/537.36",
        "accept": "text/html,application/xhtml+xml,application/xml;q=0.9,image/avif,image/webp,image/apng,*/*;q=0.8,application/signed-exchange;v=b3;q=0.9",
        "referer": "http://bot.zapatendimento.com.br/campanhas",
        "accept-encoding": "gzip, deflate",
        "accept-language": "pt-BR,pt;q=0.9,en-US;q=0.8,en;q=0.7,es;q=0.6",
        "cookie": "jwt=eyJhbGciOiJIUzI1NiIsInR5cCI6IkpXVCJ9.eyJpZCI6NiwiaWF0IjoxNjA5MjY1MTgyLCJleHAiOjE2MTcwNDExODJ9.i3Y59v7UGVDKoJj5uRogKvJqfaCwMK7XQta2JWJ_XIM",
        "if-none-match": "W/\"c3c8-6/MfE2cgiKuooVc+bU7AyJINJP8\""
      },
      "remoteAddress": "::ffff:187.20.181.144",
      "remotePort": 50699
    }
[29-12-2020 18:38:18] INFO	 (368515 on ubuntu): request completed
    res: {
      "statusCode": 304,
      "headers": {
        "x-powered-by": "Express",
        "etag": "W/\"baad-feHuvifU3AzYiHs0uLmb2ZUV63s\""
      }
    }
    responseTime: 84
    req: {
      "id": 3,
      "method": "GET",
      "url": "/bot",
      "headers": {
        "host": "bot.zapatendimento.com.br",
        "connection": "keep-alive",
        "upgrade-insecure-requests": "1",
        "user-agent": "Mozilla/5.0 (Windows NT 10.0; Win64; x64) AppleWebKit/537.36 (KHTML, like Gecko) Chrome/87.0.4280.88 Safari/537.36",
        "accept": "text/html,application/xhtml+xml,application/xml;q=0.9,image/avif,image/webp,image/apng,*/*;q=0.8,application/signed-exchange;v=b3;q=0.9",
        "referer": "http://bot.zapatendimento.com.br/whats",
        "accept-encoding": "gzip, deflate",
        "accept-language": "pt-BR,pt;q=0.9,en-US;q=0.8,en;q=0.7,es;q=0.6",
        "cookie": "jwt=eyJhbGciOiJIUzI1NiIsInR5cCI6IkpXVCJ9.eyJpZCI6NiwiaWF0IjoxNjA5MjY1MTgyLCJleHAiOjE2MTcwNDExODJ9.i3Y59v7UGVDKoJj5uRogKvJqfaCwMK7XQta2JWJ_XIM",
        "if-none-match": "W/\"baad-feHuvifU3AzYiHs0uLmb2ZUV63s\""
      },
      "remoteAddress": "::ffff:187.20.181.144",
      "remotePort": 50721
    }
[29-12-2020 18:38:20] INFO	 (368515 on ubuntu):
    jwt_usuario: {
      "id": 6,
      "iat": 1609265182,
      "exp": 1617041182
    }
[29-12-2020 18:38:20] INFO	 (368515 on ubuntu):
    login_usuario: {
      "id": 6,
      "created_at": "2020-09-30T21:40:01.000Z",
      "updated_at": "2020-12-29T17:36:31.000Z",
      "nome": "Socila",
      "senha": "$2a$08$JbVmVIX8fWEiRyUfIk7ZteDZaJDOvTi0hlYoZOMIwJWAfHljy/O3G",
      "email": "socila@socila.com",
      "maskeid": "tcFAYH",
      "admin": 0
    }
[29-12-2020 18:38:20] INFO	 (368515 on ubuntu): request completed
    res: {
      "statusCode": 304,
      "headers": {
        "x-powered-by": "Express",
        "etag": "W/\"c3c8-6/MfE2cgiKuooVc+bU7AyJINJP8\""
      }
    }
    responseTime: 158
    req: {
      "id": 4,
      "method": "GET",
      "url": "/whats",
      "headers": {
        "host": "bot.zapatendimento.com.br",
        "connection": "keep-alive",
        "upgrade-insecure-requests": "1",
        "user-agent": "Mozilla/5.0 (Windows NT 10.0; Win64; x64) AppleWebKit/537.36 (KHTML, like Gecko) Chrome/87.0.4280.88 Safari/537.36",
        "accept": "text/html,application/xhtml+xml,application/xml;q=0.9,image/avif,image/webp,image/apng,*/*;q=0.8,application/signed-exchange;v=b3;q=0.9",
        "referer": "http://bot.zapatendimento.com.br/bot",
        "accept-encoding": "gzip, deflate",
        "accept-language": "pt-BR,pt;q=0.9,en-US;q=0.8,en;q=0.7,es;q=0.6",
        "cookie": "jwt=eyJhbGciOiJIUzI1NiIsInR5cCI6IkpXVCJ9.eyJpZCI6NiwiaWF0IjoxNjA5MjY1MTgyLCJleHAiOjE2MTcwNDExODJ9.i3Y59v7UGVDKoJj5uRogKvJqfaCwMK7XQta2JWJ_XIM",
        "if-none-match": "W/\"c3c8-6/MfE2cgiKuooVc+bU7AyJINJP8\""
      },
      "remoteAddress": "::ffff:187.20.181.144",
      "remotePort": 50725
    }
[29-12-2020 18:38:47] INFO	 (368515 on ubuntu): request completed
    res: {
      "statusCode": 200,
      "headers": {
        "x-powered-by": "Express",
        "content-type": "text/html; charset=utf-8",
        "content-length": "54962",
        "etag": "W/\"d6b2-d5rcOlNHgnqkIaKDQGuHxFozULo\""
      }
    }
    responseTime: 139
    req: {
      "id": 6,
      "method": "GET",
      "url": "/enviar",
      "headers": {
        "host": "bot.zapatendimento.com.br",
        "connection": "keep-alive",
        "upgrade-insecure-requests": "1",
        "user-agent": "Mozilla/5.0 (Windows NT 10.0; Win64; x64) AppleWebKit/537.36 (KHTML, like Gecko) Chrome/87.0.4280.88 Safari/537.36",
        "accept": "text/html,application/xhtml+xml,application/xml;q=0.9,image/avif,image/webp,image/apng,*/*;q=0.8,application/signed-exchange;v=b3;q=0.9",
        "referer": "http://bot.zapatendimento.com.br/whats",
        "accept-encoding": "gzip, deflate",
        "accept-language": "pt-BR,pt;q=0.9,en-US;q=0.8,en;q=0.7,es;q=0.6",
        "cookie": "jwt=eyJhbGciOiJIUzI1NiIsInR5cCI6IkpXVCJ9.eyJpZCI6NiwiaWF0IjoxNjA5MjY1MTgyLCJleHAiOjE2MTcwNDExODJ9.i3Y59v7UGVDKoJj5uRogKvJqfaCwMK7XQta2JWJ_XIM"
      },
      "remoteAddress": "::ffff:187.20.181.144",
      "remotePort": 50730
    }
[29-12-2020 18:38:49] INFO	 (368515 on ubuntu):
    jwt_usuario: {
      "id": 6,
      "iat": 1609265182,
      "exp": 1617041182
    }
[29-12-2020 18:38:49] INFO	 (368515 on ubuntu):
    login_usuario: {
      "id": 6,
      "created_at": "2020-09-30T21:40:01.000Z",
      "updated_at": "2020-12-29T17:36:31.000Z",
      "nome": "Socila",
      "senha": "$2a$08$JbVmVIX8fWEiRyUfIk7ZteDZaJDOvTi0hlYoZOMIwJWAfHljy/O3G",
      "email": "socila@socila.com",
      "maskeid": "tcFAYH",
      "admin": 0
    }
[29-12-2020 18:38:49] INFO	 (368515 on ubuntu): request completed
    res: {
      "statusCode": 304,
      "headers": {
        "x-powered-by": "Express",
        "etag": "W/\"c3c8-6/MfE2cgiKuooVc+bU7AyJINJP8\""
      }
    }
    responseTime: 115
    req: {
      "id": 7,
      "method": "GET",
      "url": "/whats",
      "headers": {
        "host": "bot.zapatendimento.com.br",
        "connection": "keep-alive",
        "upgrade-insecure-requests": "1",
        "user-agent": "Mozilla/5.0 (Windows NT 10.0; Win64; x64) AppleWebKit/537.36 (KHTML, like Gecko) Chrome/87.0.4280.88 Safari/537.36",
        "accept": "text/html,application/xhtml+xml,application/xml;q=0.9,image/avif,image/webp,image/apng,*/*;q=0.8,application/signed-exchange;v=b3;q=0.9",
        "referer": "http://bot.zapatendimento.com.br/enviar",
        "accept-encoding": "gzip, deflate",
        "accept-language": "pt-BR,pt;q=0.9,en-US;q=0.8,en;q=0.7,es;q=0.6",
        "cookie": "jwt=eyJhbGciOiJIUzI1NiIsInR5cCI6IkpXVCJ9.eyJpZCI6NiwiaWF0IjoxNjA5MjY1MTgyLCJleHAiOjE2MTcwNDExODJ9.i3Y59v7UGVDKoJj5uRogKvJqfaCwMK7XQta2JWJ_XIM",
        "if-none-match": "W/\"c3c8-6/MfE2cgiKuooVc+bU7AyJINJP8\""
      },
      "remoteAddress": "::ffff:187.20.181.144",
      "remotePort": 50736
    }
[29-12-2020 18:39:21] INFO	 (368515 on ubuntu): request completed
    res: {
      "statusCode": 200,
      "headers": {
        "x-powered-by": "Express",
        "content-type": "text/html; charset=utf-8",
        "content-length": "53379",
        "etag": "W/\"d083-MHuLceQLIfmE79u06GB42VBbgiY\""
      }
    }
    responseTime: 76
    req: {
      "id": 9,
      "method": "GET",
      "url": "/bot",
      "headers": {
        "host": "bot.zapatendimento.com.br",
        "connection": "keep-alive",
        "upgrade-insecure-requests": "1",
        "user-agent": "Mozilla/5.0 (Windows NT 10.0; Win64; x64) AppleWebKit/537.36 (KHTML, like Gecko) Chrome/87.0.4280.88 Safari/537.36",
        "accept": "text/html,application/xhtml+xml,application/xml;q=0.9,image/avif,image/webp,image/apng,*/*;q=0.8,application/signed-exchange;v=b3;q=0.9",
        "referer": "http://bot.zapatendimento.com.br/whats",
        "accept-encoding": "gzip, deflate",
        "accept-language": "pt-BR,pt;q=0.9,en-US;q=0.8,en;q=0.7,es;q=0.6",
        "cookie": "jwt=eyJhbGciOiJIUzI1NiIsInR5cCI6IkpXVCJ9.eyJpZCI6NiwiaWF0IjoxNjA5MjY1MTgyLCJleHAiOjE2MTcwNDExODJ9.i3Y59v7UGVDKoJj5uRogKvJqfaCwMK7XQta2JWJ_XIM",
        "if-none-match": "W/\"baad-feHuvifU3AzYiHs0uLmb2ZUV63s\""
      },
      "remoteAddress": "::ffff:187.20.181.144",
      "remotePort": 50744
    }
[29-12-2020 18:39:28] INFO	 (368515 on ubuntu): request completed
    res: {
      "statusCode": 200,
      "headers": {
        "x-powered-by": "Express",
        "content-type": "text/html; charset=utf-8",
        "content-length": "60990",
        "etag": "W/\"ee3e-UZWaKLVr65o7wlf3L9p6NAK01qI\""
      }
    }
    responseTime: 85
    req: {
      "id": 10,
      "method": "GET",
      "url": "/enviar",
      "headers": {
        "host": "bot.zapatendimento.com.br",
        "connection": "keep-alive",
        "upgrade-insecure-requests": "1",
        "user-agent": "Mozilla/5.0 (Windows NT 10.0; Win64; x64) AppleWebKit/537.36 (KHTML, like Gecko) Chrome/87.0.4280.88 Safari/537.36",
        "accept": "text/html,application/xhtml+xml,application/xml;q=0.9,image/avif,image/webp,image/apng,*/*;q=0.8,application/signed-exchange;v=b3;q=0.9",
        "referer": "http://bot.zapatendimento.com.br/bot",
        "accept-encoding": "gzip, deflate",
        "accept-language": "pt-BR,pt;q=0.9,en-US;q=0.8,en;q=0.7,es;q=0.6",
        "cookie": "jwt=eyJhbGciOiJIUzI1NiIsInR5cCI6IkpXVCJ9.eyJpZCI6NiwiaWF0IjoxNjA5MjY1MTgyLCJleHAiOjE2MTcwNDExODJ9.i3Y59v7UGVDKoJj5uRogKvJqfaCwMK7XQta2JWJ_XIM",
        "if-none-match": "W/\"d6b2-d5rcOlNHgnqkIaKDQGuHxFozULo\""
      },
      "remoteAddress": "::ffff:187.20.181.144",
      "remotePort": 50754
    }
[29-12-2020 18:41:12] INFO	 (368515 on ubuntu): request completed
    res: {
      "statusCode": 304,
      "headers": {
        "x-powered-by": "Express",
        "etag": "W/\"ee3e-UZWaKLVr65o7wlf3L9p6NAK01qI\""
      }
    }
    responseTime: 164
    req: {
      "id": 16,
      "method": "GET",
      "url": "/enviar",
      "headers": {
        "host": "bot.zapatendimento.com.br",
        "connection": "keep-alive",
        "upgrade-insecure-requests": "1",
        "user-agent": "Mozilla/5.0 (Windows NT 10.0; Win64; x64) AppleWebKit/537.36 (KHTML, like Gecko) Chrome/87.0.4280.88 Safari/537.36",
        "accept": "text/html,application/xhtml+xml,application/xml;q=0.9,image/avif,image/webp,image/apng,*/*;q=0.8,application/signed-exchange;v=b3;q=0.9",
        "referer": "http://bot.zapatendimento.com.br/enviar",
        "accept-encoding": "gzip, deflate",
        "accept-language": "pt-BR,pt;q=0.9,en-US;q=0.8,en;q=0.7,es;q=0.6",
        "cookie": "jwt=eyJhbGciOiJIUzI1NiIsInR5cCI6IkpXVCJ9.eyJpZCI6NiwiaWF0IjoxNjA5MjY1MTgyLCJleHAiOjE2MTcwNDExODJ9.i3Y59v7UGVDKoJj5uRogKvJqfaCwMK7XQta2JWJ_XIM",
        "if-none-match": "W/\"ee3e-UZWaKLVr65o7wlf3L9p6NAK01qI\""
      },
      "remoteAddress": "::ffff:187.20.181.144",
      "remotePort": 50776
    }
[29-12-2020 18:41:15] INFO	 (368515 on ubuntu):
    jwt_usuario: {
      "id": 6,
      "iat": 1609265182,
      "exp": 1617041182
    }
[29-12-2020 18:41:15] INFO	 (368515 on ubuntu):
    login_usuario: {
      "id": 6,
      "created_at": "2020-09-30T21:40:01.000Z",
      "updated_at": "2020-12-29T17:36:31.000Z",
      "nome": "Socila",
      "senha": "$2a$08$JbVmVIX8fWEiRyUfIk7ZteDZaJDOvTi0hlYoZOMIwJWAfHljy/O3G",
      "email": "socila@socila.com",
      "maskeid": "tcFAYH",
      "admin": 0
    }
[29-12-2020 18:41:15] INFO	 (368515 on ubuntu): request completed
    res: {
      "statusCode": 304,
      "headers": {
        "x-powered-by": "Express",
        "etag": "W/\"c3c8-6/MfE2cgiKuooVc+bU7AyJINJP8\""
      }
    }
    responseTime: 65
    req: {
      "id": 17,
      "method": "GET",
      "url": "/whats",
      "headers": {
        "host": "bot.zapatendimento.com.br",
        "connection": "keep-alive",
        "upgrade-insecure-requests": "1",
        "user-agent": "Mozilla/5.0 (Windows NT 10.0; Win64; x64) AppleWebKit/537.36 (KHTML, like Gecko) Chrome/87.0.4280.88 Safari/537.36",
        "accept": "text/html,application/xhtml+xml,application/xml;q=0.9,image/avif,image/webp,image/apng,*/*;q=0.8,application/signed-exchange;v=b3;q=0.9",
        "referer": "http://bot.zapatendimento.com.br/enviar",
        "accept-encoding": "gzip, deflate",
        "accept-language": "pt-BR,pt;q=0.9,en-US;q=0.8,en;q=0.7,es;q=0.6",
        "cookie": "jwt=eyJhbGciOiJIUzI1NiIsInR5cCI6IkpXVCJ9.eyJpZCI6NiwiaWF0IjoxNjA5MjY1MTgyLCJleHAiOjE2MTcwNDExODJ9.i3Y59v7UGVDKoJj5uRogKvJqfaCwMK7XQta2JWJ_XIM",
        "if-none-match": "W/\"c3c8-6/MfE2cgiKuooVc+bU7AyJINJP8\""
      },
      "remoteAddress": "::ffff:187.20.181.144",
      "remotePort": 50781
    }
[29-12-2020 18:41:50] INFO	 (368515 on ubuntu): request completed
    res: {
      "statusCode": 304,
      "headers": {
        "x-powered-by": "Express",
        "etag": "W/\"d083-MHuLceQLIfmE79u06GB42VBbgiY\""
      }
    }
    responseTime: 59
    req: {
      "id": 19,
      "method": "GET",
      "url": "/bot",
      "headers": {
        "host": "bot.zapatendimento.com.br",
        "connection": "keep-alive",
        "upgrade-insecure-requests": "1",
        "user-agent": "Mozilla/5.0 (Windows NT 10.0; Win64; x64) AppleWebKit/537.36 (KHTML, like Gecko) Chrome/87.0.4280.88 Safari/537.36",
        "accept": "text/html,application/xhtml+xml,application/xml;q=0.9,image/avif,image/webp,image/apng,*/*;q=0.8,application/signed-exchange;v=b3;q=0.9",
        "referer": "http://bot.zapatendimento.com.br/whats",
        "accept-encoding": "gzip, deflate",
        "accept-language": "pt-BR,pt;q=0.9,en-US;q=0.8,en;q=0.7,es;q=0.6",
        "cookie": "jwt=eyJhbGciOiJIUzI1NiIsInR5cCI6IkpXVCJ9.eyJpZCI6NiwiaWF0IjoxNjA5MjY1MTgyLCJleHAiOjE2MTcwNDExODJ9.i3Y59v7UGVDKoJj5uRogKvJqfaCwMK7XQta2JWJ_XIM",
        "if-none-match": "W/\"d083-MHuLceQLIfmE79u06GB42VBbgiY\""
      },
      "remoteAddress": "::ffff:187.20.181.144",
      "remotePort": 50792
    }
[29-12-2020 18:41:51] INFO	 (368515 on ubuntu):
    jwt_usuario: {
      "id": 6,
      "iat": 1609265182,
      "exp": 1617041182
    }
[29-12-2020 18:41:51] INFO	 (368515 on ubuntu):
    login_usuario: {
      "id": 6,
      "created_at": "2020-09-30T21:40:01.000Z",
      "updated_at": "2020-12-29T17:36:31.000Z",
      "nome": "Socila",
      "senha": "$2a$08$JbVmVIX8fWEiRyUfIk7ZteDZaJDOvTi0hlYoZOMIwJWAfHljy/O3G",
      "email": "socila@socila.com",
      "maskeid": "tcFAYH",
      "admin": 0
    }
[29-12-2020 18:41:51] INFO	 (368515 on ubuntu): request completed
    res: {
      "statusCode": 304,
      "headers": {
        "x-powered-by": "Express",
        "etag": "W/\"c3c8-6/MfE2cgiKuooVc+bU7AyJINJP8\""
      }
    }
    responseTime: 117
    req: {
      "id": 20,
      "method": "GET",
      "url": "/whats",
      "headers": {
        "host": "bot.zapatendimento.com.br",
        "connection": "keep-alive",
        "upgrade-insecure-requests": "1",
        "user-agent": "Mozilla/5.0 (Windows NT 10.0; Win64; x64) AppleWebKit/537.36 (KHTML, like Gecko) Chrome/87.0.4280.88 Safari/537.36",
        "accept": "text/html,application/xhtml+xml,application/xml;q=0.9,image/avif,image/webp,image/apng,*/*;q=0.8,application/signed-exchange;v=b3;q=0.9",
        "referer": "http://bot.zapatendimento.com.br/bot",
        "accept-encoding": "gzip, deflate",
        "accept-language": "pt-BR,pt;q=0.9,en-US;q=0.8,en;q=0.7,es;q=0.6",
        "cookie": "jwt=eyJhbGciOiJIUzI1NiIsInR5cCI6IkpXVCJ9.eyJpZCI6NiwiaWF0IjoxNjA5MjY1MTgyLCJleHAiOjE2MTcwNDExODJ9.i3Y59v7UGVDKoJj5uRogKvJqfaCwMK7XQta2JWJ_XIM",
        "if-none-match": "W/\"c3c8-6/MfE2cgiKuooVc+bU7AyJINJP8\""
      },
      "remoteAddress": "::ffff:187.20.181.144",
      "remotePort": 50796
    }
[29-12-2020 18:42:38] INFO	 (368515 on ubuntu): request completed
    res: {
      "statusCode": 200,
      "headers": {
        "x-powered-by": "Express",
        "content-type": "text/html; charset=utf-8",
        "content-length": "53379",
        "etag": "W/\"d083-MHuLceQLIfmE79u06GB42VBbgiY\""
      }
    }
    responseTime: 8124
    req: {
      "id": 23,
      "method": "GET",
      "url": "/bot",
      "headers": {
        "host": "bot.zapatendimento.com.br",
        "connection": "keep-alive",
        "upgrade-insecure-requests": "1",
        "user-agent": "Mozilla/5.0 (Windows NT 10.0; Win64; x64) AppleWebKit/537.36 (KHTML, like Gecko) Chrome/87.0.4280.88 Safari/537.36",
        "accept": "text/html,application/xhtml+xml,application/xml;q=0.9,image/avif,image/webp,image/apng,*/*;q=0.8,application/signed-exchange;v=b3;q=0.9",
        "referer": "http://bot.zapatendimento.com.br/whats",
        "accept-encoding": "gzip, deflate",
        "accept-language": "pt-BR,pt;q=0.9,en-US;q=0.8,en;q=0.7,es;q=0.6",
        "cookie": "jwt=eyJhbGciOiJIUzI1NiIsInR5cCI6IkpXVCJ9.eyJpZCI6NiwiaWF0IjoxNjA5MjY1MTgyLCJleHAiOjE2MTcwNDExODJ9.i3Y59v7UGVDKoJj5uRogKvJqfaCwMK7XQta2JWJ_XIM"
      },
      "remoteAddress": "::ffff:187.20.181.144",
      "remotePort": 50803
    }
[29-12-2020 18:43:32] INFO	 (368515 on ubuntu): request completed
    res: {
      "statusCode": 304,
      "headers": {
        "x-powered-by": "Express",
        "etag": "W/\"ee3e-UZWaKLVr65o7wlf3L9p6NAK01qI\""
      }
    }
    responseTime: 140
    req: {
      "id": 24,
      "method": "GET",
      "url": "/enviar",
      "headers": {
        "host": "bot.zapatendimento.com.br",
        "connection": "keep-alive",
        "upgrade-insecure-requests": "1",
        "user-agent": "Mozilla/5.0 (Windows NT 10.0; Win64; x64) AppleWebKit/537.36 (KHTML, like Gecko) Chrome/87.0.4280.88 Safari/537.36",
        "accept": "text/html,application/xhtml+xml,application/xml;q=0.9,image/avif,image/webp,image/apng,*/*;q=0.8,application/signed-exchange;v=b3;q=0.9",
        "referer": "http://bot.zapatendimento.com.br/bot",
        "accept-encoding": "gzip, deflate",
        "accept-language": "pt-BR,pt;q=0.9,en-US;q=0.8,en;q=0.7,es;q=0.6",
        "cookie": "jwt=eyJhbGciOiJIUzI1NiIsInR5cCI6IkpXVCJ9.eyJpZCI6NiwiaWF0IjoxNjA5MjY1MTgyLCJleHAiOjE2MTcwNDExODJ9.i3Y59v7UGVDKoJj5uRogKvJqfaCwMK7XQta2JWJ_XIM",
        "if-none-match": "W/\"ee3e-UZWaKLVr65o7wlf3L9p6NAK01qI\""
      },
      "remoteAddress": "::ffff:187.20.181.144",
      "remotePort": 50816
    }
[29-12-2020 18:44:04] INFO	 (368515 on ubuntu): request completed
    res: {
      "statusCode": 304,
      "headers": {
        "x-powered-by": "Express",
        "etag": "W/\"ee3e-UZWaKLVr65o7wlf3L9p6NAK01qI\""
      }
    }
    responseTime: 69
    req: {
      "id": 27,
      "method": "GET",
      "url": "/enviar",
      "headers": {
        "host": "bot.zapatendimento.com.br",
        "connection": "keep-alive",
        "upgrade-insecure-requests": "1",
        "user-agent": "Mozilla/5.0 (Windows NT 10.0; Win64; x64) AppleWebKit/537.36 (KHTML, like Gecko) Chrome/87.0.4280.88 Safari/537.36",
        "accept": "text/html,application/xhtml+xml,application/xml;q=0.9,image/avif,image/webp,image/apng,*/*;q=0.8,application/signed-exchange;v=b3;q=0.9",
        "referer": "http://bot.zapatendimento.com.br/enviar",
        "accept-encoding": "gzip, deflate",
        "accept-language": "pt-BR,pt;q=0.9,en-US;q=0.8,en;q=0.7,es;q=0.6",
        "cookie": "jwt=eyJhbGciOiJIUzI1NiIsInR5cCI6IkpXVCJ9.eyJpZCI6NiwiaWF0IjoxNjA5MjY1MTgyLCJleHAiOjE2MTcwNDExODJ9.i3Y59v7UGVDKoJj5uRogKvJqfaCwMK7XQta2JWJ_XIM",
        "if-none-match": "W/\"ee3e-UZWaKLVr65o7wlf3L9p6NAK01qI\""
      },
      "remoteAddress": "::ffff:187.20.181.144",
      "remotePort": 50829
    }
[29-12-2020 18:44:06] INFO	 (368515 on ubuntu):
    jwt_usuario: {
      "id": 6,
      "iat": 1609265182,
      "exp": 1617041182
    }
[29-12-2020 18:44:06] INFO	 (368515 on ubuntu):
    login_usuario: {
      "id": 6,
      "created_at": "2020-09-30T21:40:01.000Z",
      "updated_at": "2020-12-29T17:36:31.000Z",
      "nome": "Socila",
      "senha": "$2a$08$JbVmVIX8fWEiRyUfIk7ZteDZaJDOvTi0hlYoZOMIwJWAfHljy/O3G",
      "email": "socila@socila.com",
      "maskeid": "tcFAYH",
      "admin": 0
    }
[29-12-2020 18:44:06] INFO	 (368515 on ubuntu): request completed
    res: {
      "statusCode": 304,
      "headers": {
        "x-powered-by": "Express",
        "etag": "W/\"c3c8-6/MfE2cgiKuooVc+bU7AyJINJP8\""
      }
    }
    responseTime: 128
    req: {
      "id": 28,
      "method": "GET",
      "url": "/whats",
      "headers": {
        "host": "bot.zapatendimento.com.br",
        "connection": "keep-alive",
        "upgrade-insecure-requests": "1",
        "user-agent": "Mozilla/5.0 (Windows NT 10.0; Win64; x64) AppleWebKit/537.36 (KHTML, like Gecko) Chrome/87.0.4280.88 Safari/537.36",
        "accept": "text/html,application/xhtml+xml,application/xml;q=0.9,image/avif,image/webp,image/apng,*/*;q=0.8,application/signed-exchange;v=b3;q=0.9",
        "referer": "http://bot.zapatendimento.com.br/enviar",
        "accept-encoding": "gzip, deflate",
        "accept-language": "pt-BR,pt;q=0.9,en-US;q=0.8,en;q=0.7,es;q=0.6",
        "cookie": "jwt=eyJhbGciOiJIUzI1NiIsInR5cCI6IkpXVCJ9.eyJpZCI6NiwiaWF0IjoxNjA5MjY1MTgyLCJleHAiOjE2MTcwNDExODJ9.i3Y59v7UGVDKoJj5uRogKvJqfaCwMK7XQta2JWJ_XIM",
        "if-none-match": "W/\"c3c8-6/MfE2cgiKuooVc+bU7AyJINJP8\""
      },
      "remoteAddress": "::ffff:187.20.181.144",
      "remotePort": 50832
    }
[29-12-2020 18:44:20] INFO	 (368515 on ubuntu): request completed
    res: {
      "statusCode": 200,
      "headers": {
        "x-powered-by": "Express"
      }
    }
    responseTime: 9
    req: {
      "id": 30,
      "method": "POST",
      "url": "/auth/deletarwhats",
      "headers": {
        "host": "bot.zapatendimento.com.br",
        "connection": "keep-alive",
        "content-length": "15",
        "accept": "*/*",
        "x-requested-with": "XMLHttpRequest",
        "user-agent": "Mozilla/5.0 (Windows NT 10.0; Win64; x64) AppleWebKit/537.36 (KHTML, like Gecko) Chrome/87.0.4280.88 Safari/537.36",
        "content-type": "application/x-www-form-urlencoded; charset=UTF-8",
        "origin": "http://bot.zapatendimento.com.br",
        "referer": "http://bot.zapatendimento.com.br/whats",
        "accept-encoding": "gzip, deflate",
        "accept-language": "pt-BR,pt;q=0.9,en-US;q=0.8,en;q=0.7,es;q=0.6",
        "cookie": "jwt=eyJhbGciOiJIUzI1NiIsInR5cCI6IkpXVCJ9.eyJpZCI6NiwiaWF0IjoxNjA5MjY1MTgyLCJleHAiOjE2MTcwNDExODJ9.i3Y59v7UGVDKoJj5uRogKvJqfaCwMK7XQta2JWJ_XIM"
      },
      "remoteAddress": "::ffff:187.20.181.144",
      "remotePort": 50837
    }
[29-12-2020 18:44:21] INFO	 (368515 on ubuntu):
    jwt_usuario: {
      "id": 6,
      "iat": 1609265182,
      "exp": 1617041182
    }
[29-12-2020 18:44:21] INFO	 (368515 on ubuntu):
    login_usuario: {
      "id": 6,
      "created_at": "2020-09-30T21:40:01.000Z",
      "updated_at": "2020-12-29T17:36:31.000Z",
      "nome": "Socila",
      "senha": "$2a$08$JbVmVIX8fWEiRyUfIk7ZteDZaJDOvTi0hlYoZOMIwJWAfHljy/O3G",
      "email": "socila@socila.com",
      "maskeid": "tcFAYH",
      "admin": 0
    }
[29-12-2020 18:44:22] INFO	 (368515 on ubuntu): request completed
    res: {
      "statusCode": 304,
      "headers": {
        "x-powered-by": "Express",
        "etag": "W/\"c3c8-6/MfE2cgiKuooVc+bU7AyJINJP8\""
      }
    }
    responseTime: 263
    req: {
      "id": 31,
      "method": "GET",
      "url": "/whats",
      "headers": {
        "host": "bot.zapatendimento.com.br",
        "connection": "keep-alive",
        "upgrade-insecure-requests": "1",
        "user-agent": "Mozilla/5.0 (Windows NT 10.0; Win64; x64) AppleWebKit/537.36 (KHTML, like Gecko) Chrome/87.0.4280.88 Safari/537.36",
        "accept": "text/html,application/xhtml+xml,application/xml;q=0.9,image/avif,image/webp,image/apng,*/*;q=0.8,application/signed-exchange;v=b3;q=0.9",
        "referer": "http://bot.zapatendimento.com.br/whats",
        "accept-encoding": "gzip, deflate",
        "accept-language": "pt-BR,pt;q=0.9,en-US;q=0.8,en;q=0.7,es;q=0.6",
        "cookie": "jwt=eyJhbGciOiJIUzI1NiIsInR5cCI6IkpXVCJ9.eyJpZCI6NiwiaWF0IjoxNjA5MjY1MTgyLCJleHAiOjE2MTcwNDExODJ9.i3Y59v7UGVDKoJj5uRogKvJqfaCwMK7XQta2JWJ_XIM",
        "if-none-match": "W/\"c3c8-6/MfE2cgiKuooVc+bU7AyJINJP8\""
      },
      "remoteAddress": "::ffff:187.20.181.144",
      "remotePort": 50837
    }
[29-12-2020 18:44:52] INFO	 (368515 on ubuntu): request completed
    res: {
      "statusCode": 304,
      "headers": {
        "x-powered-by": "Express",
        "etag": "W/\"d083-MHuLceQLIfmE79u06GB42VBbgiY\""
      }
    }
    responseTime: 118
    req: {
      "id": 33,
      "method": "GET",
      "url": "/bot",
      "headers": {
        "host": "bot.zapatendimento.com.br",
        "connection": "keep-alive",
        "upgrade-insecure-requests": "1",
        "user-agent": "Mozilla/5.0 (Windows NT 10.0; Win64; x64) AppleWebKit/537.36 (KHTML, like Gecko) Chrome/87.0.4280.88 Safari/537.36",
        "accept": "text/html,application/xhtml+xml,application/xml;q=0.9,image/avif,image/webp,image/apng,*/*;q=0.8,application/signed-exchange;v=b3;q=0.9",
        "referer": "http://bot.zapatendimento.com.br/whats",
        "accept-encoding": "gzip, deflate",
        "accept-language": "pt-BR,pt;q=0.9,en-US;q=0.8,en;q=0.7,es;q=0.6",
        "cookie": "jwt=eyJhbGciOiJIUzI1NiIsInR5cCI6IkpXVCJ9.eyJpZCI6NiwiaWF0IjoxNjA5MjY1MTgyLCJleHAiOjE2MTcwNDExODJ9.i3Y59v7UGVDKoJj5uRogKvJqfaCwMK7XQta2JWJ_XIM",
        "if-none-match": "W/\"d083-MHuLceQLIfmE79u06GB42VBbgiY\""
      },
      "remoteAddress": "::ffff:187.20.181.144",
      "remotePort": 50845
    }
[29-12-2020 18:44:55] INFO	 (368515 on ubuntu):
    jwt_usuario: {
      "id": 6,
      "iat": 1609265182,
      "exp": 1617041182
    }
[29-12-2020 18:44:55] INFO	 (368515 on ubuntu):
    login_usuario: {
      "id": 6,
      "created_at": "2020-09-30T21:40:01.000Z",
      "updated_at": "2020-12-29T17:36:31.000Z",
      "nome": "Socila",
      "senha": "$2a$08$JbVmVIX8fWEiRyUfIk7ZteDZaJDOvTi0hlYoZOMIwJWAfHljy/O3G",
      "email": "socila@socila.com",
      "maskeid": "tcFAYH",
      "admin": 0
    }
[29-12-2020 18:44:55] INFO	 (368515 on ubuntu): request completed
    res: {
      "statusCode": 304,
      "headers": {
        "x-powered-by": "Express",
        "etag": "W/\"c3c8-6/MfE2cgiKuooVc+bU7AyJINJP8\""
      }
    }
    responseTime: 140
    req: {
      "id": 34,
      "method": "GET",
      "url": "/whats",
      "headers": {
        "host": "bot.zapatendimento.com.br",
        "connection": "keep-alive",
        "upgrade-insecure-requests": "1",
        "user-agent": "Mozilla/5.0 (Windows NT 10.0; Win64; x64) AppleWebKit/537.36 (KHTML, like Gecko) Chrome/87.0.4280.88 Safari/537.36",
        "accept": "text/html,application/xhtml+xml,application/xml;q=0.9,image/avif,image/webp,image/apng,*/*;q=0.8,application/signed-exchange;v=b3;q=0.9",
        "referer": "http://bot.zapatendimento.com.br/bot",
        "accept-encoding": "gzip, deflate",
        "accept-language": "pt-BR,pt;q=0.9,en-US;q=0.8,en;q=0.7,es;q=0.6",
        "cookie": "jwt=eyJhbGciOiJIUzI1NiIsInR5cCI6IkpXVCJ9.eyJpZCI6NiwiaWF0IjoxNjA5MjY1MTgyLCJleHAiOjE2MTcwNDExODJ9.i3Y59v7UGVDKoJj5uRogKvJqfaCwMK7XQta2JWJ_XIM",
        "if-none-match": "W/\"c3c8-6/MfE2cgiKuooVc+bU7AyJINJP8\""
      },
      "remoteAddress": "::ffff:187.20.181.144",
      "remotePort": 50848
    }
[29-12-2020 18:45:29] INFO	 (368515 on ubuntu): request completed
    res: {
      "statusCode": 304,
      "headers": {
        "x-powered-by": "Express",
        "etag": "W/\"d083-MHuLceQLIfmE79u06GB42VBbgiY\""
      }
    }
    responseTime: 797
    req: {
      "id": 36,
      "method": "GET",
      "url": "/bot",
      "headers": {
        "host": "bot.zapatendimento.com.br",
        "connection": "keep-alive",
        "upgrade-insecure-requests": "1",
        "user-agent": "Mozilla/5.0 (Windows NT 10.0; Win64; x64) AppleWebKit/537.36 (KHTML, like Gecko) Chrome/87.0.4280.88 Safari/537.36",
        "accept": "text/html,application/xhtml+xml,application/xml;q=0.9,image/avif,image/webp,image/apng,*/*;q=0.8,application/signed-exchange;v=b3;q=0.9",
        "referer": "http://bot.zapatendimento.com.br/whats",
        "accept-encoding": "gzip, deflate",
        "accept-language": "pt-BR,pt;q=0.9,en-US;q=0.8,en;q=0.7,es;q=0.6",
        "cookie": "jwt=eyJhbGciOiJIUzI1NiIsInR5cCI6IkpXVCJ9.eyJpZCI6NiwiaWF0IjoxNjA5MjY1MTgyLCJleHAiOjE2MTcwNDExODJ9.i3Y59v7UGVDKoJj5uRogKvJqfaCwMK7XQta2JWJ_XIM",
        "if-none-match": "W/\"d083-MHuLceQLIfmE79u06GB42VBbgiY\""
      },
      "remoteAddress": "::ffff:187.20.181.144",
      "remotePort": 50859
    }
[29-12-2020 18:45:31] INFO	 (368515 on ubuntu):
    jwt_usuario: {
      "id": 6,
      "iat": 1609265182,
      "exp": 1617041182
    }
[29-12-2020 18:45:32] INFO	 (368515 on ubuntu):
    login_usuario: {
      "id": 6,
      "created_at": "2020-09-30T21:40:01.000Z",
      "updated_at": "2020-12-29T17:36:31.000Z",
      "nome": "Socila",
      "senha": "$2a$08$JbVmVIX8fWEiRyUfIk7ZteDZaJDOvTi0hlYoZOMIwJWAfHljy/O3G",
      "email": "socila@socila.com",
      "maskeid": "tcFAYH",
      "admin": 0
    }
[29-12-2020 18:45:32] INFO	 (368515 on ubuntu): request completed
    res: {
      "statusCode": 304,
      "headers": {
        "x-powered-by": "Express",
        "etag": "W/\"c3c8-6/MfE2cgiKuooVc+bU7AyJINJP8\""
      }
    }
    responseTime: 1447
    req: {
      "id": 37,
      "method": "GET",
      "url": "/whats",
      "headers": {
        "host": "bot.zapatendimento.com.br",
        "connection": "keep-alive",
        "upgrade-insecure-requests": "1",
        "user-agent": "Mozilla/5.0 (Windows NT 10.0; Win64; x64) AppleWebKit/537.36 (KHTML, like Gecko) Chrome/87.0.4280.88 Safari/537.36",
        "accept": "text/html,application/xhtml+xml,application/xml;q=0.9,image/avif,image/webp,image/apng,*/*;q=0.8,application/signed-exchange;v=b3;q=0.9",
        "referer": "http://bot.zapatendimento.com.br/bot",
        "accept-encoding": "gzip, deflate",
        "accept-language": "pt-BR,pt;q=0.9,en-US;q=0.8,en;q=0.7,es;q=0.6",
        "cookie": "jwt=eyJhbGciOiJIUzI1NiIsInR5cCI6IkpXVCJ9.eyJpZCI6NiwiaWF0IjoxNjA5MjY1MTgyLCJleHAiOjE2MTcwNDExODJ9.i3Y59v7UGVDKoJj5uRogKvJqfaCwMK7XQta2JWJ_XIM",
        "if-none-match": "W/\"c3c8-6/MfE2cgiKuooVc+bU7AyJINJP8\""
      },
      "remoteAddress": "::ffff:187.20.181.144",
      "remotePort": 50863
    }
[29-12-2020 18:46:23] INFO	 (368515 on ubuntu): request completed
    res: {
      "statusCode": 200,
      "headers": {
        "x-powered-by": "Express"
      }
    }
    responseTime: 167
    req: {
      "id": 39,
      "method": "POST",
      "url": "/auth/deletarwhats",
      "headers": {
        "host": "bot.zapatendimento.com.br",
        "connection": "keep-alive",
        "content-length": "15",
        "accept": "*/*",
        "x-requested-with": "XMLHttpRequest",
        "user-agent": "Mozilla/5.0 (Windows NT 10.0; Win64; x64) AppleWebKit/537.36 (KHTML, like Gecko) Chrome/87.0.4280.88 Safari/537.36",
        "content-type": "application/x-www-form-urlencoded; charset=UTF-8",
        "origin": "http://bot.zapatendimento.com.br",
        "referer": "http://bot.zapatendimento.com.br/whats",
        "accept-encoding": "gzip, deflate",
        "accept-language": "pt-BR,pt;q=0.9,en-US;q=0.8,en;q=0.7,es;q=0.6",
        "cookie": "jwt=eyJhbGciOiJIUzI1NiIsInR5cCI6IkpXVCJ9.eyJpZCI6NiwiaWF0IjoxNjA5MjY1MTgyLCJleHAiOjE2MTcwNDExODJ9.i3Y59v7UGVDKoJj5uRogKvJqfaCwMK7XQta2JWJ_XIM"
      },
      "remoteAddress": "::ffff:187.20.181.144",
      "remotePort": 50869
    }
[29-12-2020 18:46:23] INFO	 (368515 on ubuntu): request completed
    res: {
      "statusCode": 200,
      "headers": {
        "x-powered-by": "Express"
      }
    }
    responseTime: 4
    req: {
      "id": 40,
      "method": "POST",
      "url": "/auth/deletarwhats",
      "headers": {
        "host": "bot.zapatendimento.com.br",
        "connection": "keep-alive",
        "content-length": "15",
        "accept": "*/*",
        "x-requested-with": "XMLHttpRequest",
        "user-agent": "Mozilla/5.0 (Windows NT 10.0; Win64; x64) AppleWebKit/537.36 (KHTML, like Gecko) Chrome/87.0.4280.88 Safari/537.36",
        "content-type": "application/x-www-form-urlencoded; charset=UTF-8",
        "origin": "http://bot.zapatendimento.com.br",
        "referer": "http://bot.zapatendimento.com.br/whats",
        "accept-encoding": "gzip, deflate",
        "accept-language": "pt-BR,pt;q=0.9,en-US;q=0.8,en;q=0.7,es;q=0.6",
        "cookie": "jwt=eyJhbGciOiJIUzI1NiIsInR5cCI6IkpXVCJ9.eyJpZCI6NiwiaWF0IjoxNjA5MjY1MTgyLCJleHAiOjE2MTcwNDExODJ9.i3Y59v7UGVDKoJj5uRogKvJqfaCwMK7XQta2JWJ_XIM"
      },
      "remoteAddress": "::ffff:187.20.181.144",
      "remotePort": 50871
    }
[29-12-2020 18:46:23] INFO	 (368515 on ubuntu): request completed
    res: {
      "statusCode": 200,
      "headers": {
        "x-powered-by": "Express"
      }
    }
    responseTime: 19
    req: {
      "id": 41,
      "method": "POST",
      "url": "/auth/deletarwhats",
      "headers": {
        "host": "bot.zapatendimento.com.br",
        "connection": "keep-alive",
        "content-length": "15",
        "accept": "*/*",
        "x-requested-with": "XMLHttpRequest",
        "user-agent": "Mozilla/5.0 (Windows NT 10.0; Win64; x64) AppleWebKit/537.36 (KHTML, like Gecko) Chrome/87.0.4280.88 Safari/537.36",
        "content-type": "application/x-www-form-urlencoded; charset=UTF-8",
        "origin": "http://bot.zapatendimento.com.br",
        "referer": "http://bot.zapatendimento.com.br/whats",
        "accept-encoding": "gzip, deflate",
        "accept-language": "pt-BR,pt;q=0.9,en-US;q=0.8,en;q=0.7,es;q=0.6",
        "cookie": "jwt=eyJhbGciOiJIUzI1NiIsInR5cCI6IkpXVCJ9.eyJpZCI6NiwiaWF0IjoxNjA5MjY1MTgyLCJleHAiOjE2MTcwNDExODJ9.i3Y59v7UGVDKoJj5uRogKvJqfaCwMK7XQta2JWJ_XIM"
      },
      "remoteAddress": "::ffff:187.20.181.144",
      "remotePort": 50870
    }
[29-12-2020 18:46:24] INFO	 (368515 on ubuntu): request completed
    res: {
      "statusCode": 304,
      "headers": {
        "x-powered-by": "Express",
        "etag": "W/\"ee3e-UZWaKLVr65o7wlf3L9p6NAK01qI\""
      }
    }
    responseTime: 750
    req: {
      "id": 42,
      "method": "GET",
      "url": "/enviar",
      "headers": {
        "host": "bot.zapatendimento.com.br",
        "connection": "keep-alive",
        "upgrade-insecure-requests": "1",
        "user-agent": "Mozilla/5.0 (Windows NT 10.0; Win64; x64) AppleWebKit/537.36 (KHTML, like Gecko) Chrome/87.0.4280.88 Safari/537.36",
        "accept": "text/html,application/xhtml+xml,application/xml;q=0.9,image/avif,image/webp,image/apng,*/*;q=0.8,application/signed-exchange;v=b3;q=0.9",
        "referer": "http://bot.zapatendimento.com.br/whats",
        "accept-encoding": "gzip, deflate",
        "accept-language": "pt-BR,pt;q=0.9,en-US;q=0.8,en;q=0.7,es;q=0.6",
        "cookie": "jwt=eyJhbGciOiJIUzI1NiIsInR5cCI6IkpXVCJ9.eyJpZCI6NiwiaWF0IjoxNjA5MjY1MTgyLCJleHAiOjE2MTcwNDExODJ9.i3Y59v7UGVDKoJj5uRogKvJqfaCwMK7XQta2JWJ_XIM",
        "if-none-match": "W/\"ee3e-UZWaKLVr65o7wlf3L9p6NAK01qI\""
      },
      "remoteAddress": "::ffff:187.20.181.144",
      "remotePort": 50872
    }
[29-12-2020 18:46:25] INFO	 (368515 on ubuntu):
    jwt_usuario: {
      "id": 6,
      "iat": 1609265182,
      "exp": 1617041182
    }
[29-12-2020 18:46:25] INFO	 (368515 on ubuntu):
    login_usuario: {
      "id": 6,
      "created_at": "2020-09-30T21:40:01.000Z",
      "updated_at": "2020-12-29T17:36:31.000Z",
      "nome": "Socila",
      "senha": "$2a$08$JbVmVIX8fWEiRyUfIk7ZteDZaJDOvTi0hlYoZOMIwJWAfHljy/O3G",
      "email": "socila@socila.com",
      "maskeid": "tcFAYH",
      "admin": 0
    }
[29-12-2020 18:46:25] INFO	 (368515 on ubuntu): request completed
    res: {
      "statusCode": 304,
      "headers": {
        "x-powered-by": "Express",
        "etag": "W/\"c3c8-6/MfE2cgiKuooVc+bU7AyJINJP8\""
      }
    }
    responseTime: 130
    req: {
      "id": 43,
      "method": "GET",
      "url": "/whats",
      "headers": {
        "host": "bot.zapatendimento.com.br",
        "connection": "keep-alive",
        "upgrade-insecure-requests": "1",
        "user-agent": "Mozilla/5.0 (Windows NT 10.0; Win64; x64) AppleWebKit/537.36 (KHTML, like Gecko) Chrome/87.0.4280.88 Safari/537.36",
        "accept": "text/html,application/xhtml+xml,application/xml;q=0.9,image/avif,image/webp,image/apng,*/*;q=0.8,application/signed-exchange;v=b3;q=0.9",
        "referer": "http://bot.zapatendimento.com.br/whats",
        "accept-encoding": "gzip, deflate",
        "accept-language": "pt-BR,pt;q=0.9,en-US;q=0.8,en;q=0.7,es;q=0.6",
        "cookie": "jwt=eyJhbGciOiJIUzI1NiIsInR5cCI6IkpXVCJ9.eyJpZCI6NiwiaWF0IjoxNjA5MjY1MTgyLCJleHAiOjE2MTcwNDExODJ9.i3Y59v7UGVDKoJj5uRogKvJqfaCwMK7XQta2JWJ_XIM",
        "if-none-match": "W/\"c3c8-6/MfE2cgiKuooVc+bU7AyJINJP8\""
      },
      "remoteAddress": "::ffff:187.20.181.144",
      "remotePort": 50872
    }
[29-12-2020 18:46:26] INFO	 (368515 on ubuntu):
    jwt_usuario: {
      "id": 6,
      "iat": 1609265182,
      "exp": 1617041182
    }
[29-12-2020 18:46:26] INFO	 (368515 on ubuntu):
    login_usuario: {
      "id": 6,
      "created_at": "2020-09-30T21:40:01.000Z",
      "updated_at": "2020-12-29T17:36:31.000Z",
      "nome": "Socila",
      "senha": "$2a$08$JbVmVIX8fWEiRyUfIk7ZteDZaJDOvTi0hlYoZOMIwJWAfHljy/O3G",
      "email": "socila@socila.com",
      "maskeid": "tcFAYH",
      "admin": 0
    }
[29-12-2020 18:46:27] INFO	 (368515 on ubuntu): request completed
    res: {
      "statusCode": 304,
      "headers": {
        "x-powered-by": "Express",
        "etag": "W/\"c3c8-6/MfE2cgiKuooVc+bU7AyJINJP8\""
      }
    }
    responseTime: 444
    req: {
      "id": 44,
      "method": "GET",
      "url": "/whats",
      "headers": {
        "host": "bot.zapatendimento.com.br",
        "connection": "keep-alive",
        "upgrade-insecure-requests": "1",
        "user-agent": "Mozilla/5.0 (Windows NT 10.0; Win64; x64) AppleWebKit/537.36 (KHTML, like Gecko) Chrome/87.0.4280.88 Safari/537.36",
        "accept": "text/html,application/xhtml+xml,application/xml;q=0.9,image/avif,image/webp,image/apng,*/*;q=0.8,application/signed-exchange;v=b3;q=0.9",
        "referer": "http://bot.zapatendimento.com.br/whats",
        "accept-encoding": "gzip, deflate",
        "accept-language": "pt-BR,pt;q=0.9,en-US;q=0.8,en;q=0.7,es;q=0.6",
        "cookie": "jwt=eyJhbGciOiJIUzI1NiIsInR5cCI6IkpXVCJ9.eyJpZCI6NiwiaWF0IjoxNjA5MjY1MTgyLCJleHAiOjE2MTcwNDExODJ9.i3Y59v7UGVDKoJj5uRogKvJqfaCwMK7XQta2JWJ_XIM",
        "if-none-match": "W/\"c3c8-6/MfE2cgiKuooVc+bU7AyJINJP8\""
      },
      "remoteAddress": "::ffff:187.20.181.144",
      "remotePort": 50872
    }
[29-12-2020 18:46:27] INFO	 (368515 on ubuntu):
    jwt_usuario: {
      "id": 6,
      "iat": 1609265182,
      "exp": 1617041182
    }
[29-12-2020 18:46:27] INFO	 (368515 on ubuntu):
    login_usuario: {
      "id": 6,
      "created_at": "2020-09-30T21:40:01.000Z",
      "updated_at": "2020-12-29T17:36:31.000Z",
      "nome": "Socila",
      "senha": "$2a$08$JbVmVIX8fWEiRyUfIk7ZteDZaJDOvTi0hlYoZOMIwJWAfHljy/O3G",
      "email": "socila@socila.com",
      "maskeid": "tcFAYH",
      "admin": 0
    }
[29-12-2020 18:46:27] INFO	 (368515 on ubuntu): request completed
    res: {
      "statusCode": 304,
      "headers": {
        "x-powered-by": "Express",
        "etag": "W/\"c3c8-6/MfE2cgiKuooVc+bU7AyJINJP8\""
      }
    }
    responseTime: 180
    req: {
      "id": 45,
      "method": "GET",
      "url": "/whats",
      "headers": {
        "host": "bot.zapatendimento.com.br",
        "connection": "keep-alive",
        "upgrade-insecure-requests": "1",
        "user-agent": "Mozilla/5.0 (Windows NT 10.0; Win64; x64) AppleWebKit/537.36 (KHTML, like Gecko) Chrome/87.0.4280.88 Safari/537.36",
        "accept": "text/html,application/xhtml+xml,application/xml;q=0.9,image/avif,image/webp,image/apng,*/*;q=0.8,application/signed-exchange;v=b3;q=0.9",
        "referer": "http://bot.zapatendimento.com.br/whats",
        "accept-encoding": "gzip, deflate",
        "accept-language": "pt-BR,pt;q=0.9,en-US;q=0.8,en;q=0.7,es;q=0.6",
        "cookie": "jwt=eyJhbGciOiJIUzI1NiIsInR5cCI6IkpXVCJ9.eyJpZCI6NiwiaWF0IjoxNjA5MjY1MTgyLCJleHAiOjE2MTcwNDExODJ9.i3Y59v7UGVDKoJj5uRogKvJqfaCwMK7XQta2JWJ_XIM",
        "if-none-match": "W/\"c3c8-6/MfE2cgiKuooVc+bU7AyJINJP8\""
      },
      "remoteAddress": "::ffff:187.20.181.144",
      "remotePort": 50872
    }
[29-12-2020 18:47:02] INFO	 (368515 on ubuntu): request completed
    res: {
      "statusCode": 200,
      "headers": {
        "x-powered-by": "Express"
      }
    }
    responseTime: 20
    req: {
      "id": 47,
      "method": "POST",
      "url": "/auth/deletarwhats",
      "headers": {
        "host": "bot.zapatendimento.com.br",
        "connection": "keep-alive",
        "content-length": "15",
        "accept": "*/*",
        "x-requested-with": "XMLHttpRequest",
        "user-agent": "Mozilla/5.0 (Windows NT 10.0; Win64; x64) AppleWebKit/537.36 (KHTML, like Gecko) Chrome/87.0.4280.88 Safari/537.36",
        "content-type": "application/x-www-form-urlencoded; charset=UTF-8",
        "origin": "http://bot.zapatendimento.com.br",
        "referer": "http://bot.zapatendimento.com.br/whats",
        "accept-encoding": "gzip, deflate",
        "accept-language": "pt-BR,pt;q=0.9,en-US;q=0.8,en;q=0.7,es;q=0.6",
        "cookie": "jwt=eyJhbGciOiJIUzI1NiIsInR5cCI6IkpXVCJ9.eyJpZCI6NiwiaWF0IjoxNjA5MjY1MTgyLCJleHAiOjE2MTcwNDExODJ9.i3Y59v7UGVDKoJj5uRogKvJqfaCwMK7XQta2JWJ_XIM"
      },
      "remoteAddress": "::ffff:187.20.181.144",
      "remotePort": 50879
    }
[29-12-2020 18:47:02] INFO	 (368515 on ubuntu): request completed
    res: {
      "statusCode": 200,
      "headers": {
        "x-powered-by": "Express"
      }
    }
    responseTime: 9
    req: {
      "id": 48,
      "method": "POST",
      "url": "/auth/deletarwhats",
      "headers": {
        "host": "bot.zapatendimento.com.br",
        "connection": "keep-alive",
        "content-length": "15",
        "accept": "*/*",
        "x-requested-with": "XMLHttpRequest",
        "user-agent": "Mozilla/5.0 (Windows NT 10.0; Win64; x64) AppleWebKit/537.36 (KHTML, like Gecko) Chrome/87.0.4280.88 Safari/537.36",
        "content-type": "application/x-www-form-urlencoded; charset=UTF-8",
        "origin": "http://bot.zapatendimento.com.br",
        "referer": "http://bot.zapatendimento.com.br/whats",
        "accept-encoding": "gzip, deflate",
        "accept-language": "pt-BR,pt;q=0.9,en-US;q=0.8,en;q=0.7,es;q=0.6",
        "cookie": "jwt=eyJhbGciOiJIUzI1NiIsInR5cCI6IkpXVCJ9.eyJpZCI6NiwiaWF0IjoxNjA5MjY1MTgyLCJleHAiOjE2MTcwNDExODJ9.i3Y59v7UGVDKoJj5uRogKvJqfaCwMK7XQta2JWJ_XIM"
      },
      "remoteAddress": "::ffff:187.20.181.144",
      "remotePort": 50880
    }
[29-12-2020 18:47:02] INFO	 (368515 on ubuntu):
    jwt_usuario: {
      "id": 6,
      "iat": 1609265182,
      "exp": 1617041182
    }
[29-12-2020 18:47:02] INFO	 (368515 on ubuntu):
    login_usuario: {
      "id": 6,
      "created_at": "2020-09-30T21:40:01.000Z",
      "updated_at": "2020-12-29T17:36:31.000Z",
      "nome": "Socila",
      "senha": "$2a$08$JbVmVIX8fWEiRyUfIk7ZteDZaJDOvTi0hlYoZOMIwJWAfHljy/O3G",
      "email": "socila@socila.com",
      "maskeid": "tcFAYH",
      "admin": 0
    }
[29-12-2020 18:47:02] INFO	 (368515 on ubuntu): request completed
    res: {
      "statusCode": 304,
      "headers": {
        "x-powered-by": "Express",
        "etag": "W/\"d6c9-VFuQEp0iu2LuehlVM/FENwrs58U\""
      }
    }
    responseTime: 315
    req: {
      "id": 49,
      "method": "GET",
      "url": "/",
      "headers": {
        "host": "bot.zapatendimento.com.br",
        "connection": "keep-alive",
        "upgrade-insecure-requests": "1",
        "user-agent": "Mozilla/5.0 (Windows NT 10.0; Win64; x64) AppleWebKit/537.36 (KHTML, like Gecko) Chrome/87.0.4280.88 Safari/537.36",
        "accept": "text/html,application/xhtml+xml,application/xml;q=0.9,image/avif,image/webp,image/apng,*/*;q=0.8,application/signed-exchange;v=b3;q=0.9",
        "referer": "http://bot.zapatendimento.com.br/whats",
        "accept-encoding": "gzip, deflate",
        "accept-language": "pt-BR,pt;q=0.9,en-US;q=0.8,en;q=0.7,es;q=0.6",
        "cookie": "jwt=eyJhbGciOiJIUzI1NiIsInR5cCI6IkpXVCJ9.eyJpZCI6NiwiaWF0IjoxNjA5MjY1MTgyLCJleHAiOjE2MTcwNDExODJ9.i3Y59v7UGVDKoJj5uRogKvJqfaCwMK7XQta2JWJ_XIM",
        "if-none-match": "W/\"d6c9-VFuQEp0iu2LuehlVM/FENwrs58U\""
      },
      "remoteAddress": "::ffff:187.20.181.144",
      "remotePort": 50881
    }
[29-12-2020 18:47:04] INFO	 (368515 on ubuntu):
    jwt_usuario: {
      "id": 6,
      "iat": 1609265182,
      "exp": 1617041182
    }
[29-12-2020 18:47:04] INFO	 (368515 on ubuntu):
    login_usuario: {
      "id": 6,
      "created_at": "2020-09-30T21:40:01.000Z",
      "updated_at": "2020-12-29T17:36:31.000Z",
      "nome": "Socila",
      "senha": "$2a$08$JbVmVIX8fWEiRyUfIk7ZteDZaJDOvTi0hlYoZOMIwJWAfHljy/O3G",
      "email": "socila@socila.com",
      "maskeid": "tcFAYH",
      "admin": 0
    }
[29-12-2020 18:47:04] INFO	 (368515 on ubuntu): request completed
    res: {
      "statusCode": 304,
      "headers": {
        "x-powered-by": "Express",
        "etag": "W/\"c3c8-6/MfE2cgiKuooVc+bU7AyJINJP8\""
      }
    }
    responseTime: 54
    req: {
      "id": 50,
      "method": "GET",
      "url": "/whats",
      "headers": {
        "host": "bot.zapatendimento.com.br",
        "connection": "keep-alive",
        "upgrade-insecure-requests": "1",
        "user-agent": "Mozilla/5.0 (Windows NT 10.0; Win64; x64) AppleWebKit/537.36 (KHTML, like Gecko) Chrome/87.0.4280.88 Safari/537.36",
        "accept": "text/html,application/xhtml+xml,application/xml;q=0.9,image/avif,image/webp,image/apng,*/*;q=0.8,application/signed-exchange;v=b3;q=0.9",
        "referer": "http://bot.zapatendimento.com.br/whats",
        "accept-encoding": "gzip, deflate",
        "accept-language": "pt-BR,pt;q=0.9,en-US;q=0.8,en;q=0.7,es;q=0.6",
        "cookie": "jwt=eyJhbGciOiJIUzI1NiIsInR5cCI6IkpXVCJ9.eyJpZCI6NiwiaWF0IjoxNjA5MjY1MTgyLCJleHAiOjE2MTcwNDExODJ9.i3Y59v7UGVDKoJj5uRogKvJqfaCwMK7XQta2JWJ_XIM",
        "if-none-match": "W/\"c3c8-6/MfE2cgiKuooVc+bU7AyJINJP8\""
      },
      "remoteAddress": "::ffff:187.20.181.144",
      "remotePort": 50881
    }
[29-12-2020 18:47:05] INFO	 (368515 on ubuntu):
    jwt_usuario: {
      "id": 6,
      "iat": 1609265182,
      "exp": 1617041182
    }
[29-12-2020 18:47:05] INFO	 (368515 on ubuntu):
    login_usuario: {
      "id": 6,
      "created_at": "2020-09-30T21:40:01.000Z",
      "updated_at": "2020-12-29T17:36:31.000Z",
      "nome": "Socila",
      "senha": "$2a$08$JbVmVIX8fWEiRyUfIk7ZteDZaJDOvTi0hlYoZOMIwJWAfHljy/O3G",
      "email": "socila@socila.com",
      "maskeid": "tcFAYH",
      "admin": 0
    }
[29-12-2020 18:47:05] INFO	 (368515 on ubuntu): request completed
    res: {
      "statusCode": 304,
      "headers": {
        "x-powered-by": "Express",
        "etag": "W/\"c3c8-6/MfE2cgiKuooVc+bU7AyJINJP8\""
      }
    }
    responseTime: 88
    req: {
      "id": 51,
      "method": "GET",
      "url": "/whats",
      "headers": {
        "host": "bot.zapatendimento.com.br",
        "connection": "keep-alive",
        "upgrade-insecure-requests": "1",
        "user-agent": "Mozilla/5.0 (Windows NT 10.0; Win64; x64) AppleWebKit/537.36 (KHTML, like Gecko) Chrome/87.0.4280.88 Safari/537.36",
        "accept": "text/html,application/xhtml+xml,application/xml;q=0.9,image/avif,image/webp,image/apng,*/*;q=0.8,application/signed-exchange;v=b3;q=0.9",
        "referer": "http://bot.zapatendimento.com.br/whats",
        "accept-encoding": "gzip, deflate",
        "accept-language": "pt-BR,pt;q=0.9,en-US;q=0.8,en;q=0.7,es;q=0.6",
        "cookie": "jwt=eyJhbGciOiJIUzI1NiIsInR5cCI6IkpXVCJ9.eyJpZCI6NiwiaWF0IjoxNjA5MjY1MTgyLCJleHAiOjE2MTcwNDExODJ9.i3Y59v7UGVDKoJj5uRogKvJqfaCwMK7XQta2JWJ_XIM",
        "if-none-match": "W/\"c3c8-6/MfE2cgiKuooVc+bU7AyJINJP8\""
      },
      "remoteAddress": "::ffff:187.20.181.144",
      "remotePort": 50881
    }
[29-12-2020 18:47:30] INFO	 (368515 on ubuntu): request completed
    res: {
      "statusCode": 304,
      "headers": {
        "x-powered-by": "Express",
        "etag": "W/\"ee3e-UZWaKLVr65o7wlf3L9p6NAK01qI\""
      }
    }
    responseTime: 38
    req: {
      "id": 52,
      "method": "GET",
      "url": "/enviar",
      "headers": {
        "host": "bot.zapatendimento.com.br",
        "connection": "keep-alive",
        "upgrade-insecure-requests": "1",
        "user-agent": "Mozilla/5.0 (Windows NT 10.0; Win64; x64) AppleWebKit/537.36 (KHTML, like Gecko) Chrome/87.0.4280.88 Safari/537.36",
        "accept": "text/html,application/xhtml+xml,application/xml;q=0.9,image/avif,image/webp,image/apng,*/*;q=0.8,application/signed-exchange;v=b3;q=0.9",
        "referer": "http://bot.zapatendimento.com.br/whats",
        "accept-encoding": "gzip, deflate",
        "accept-language": "pt-BR,pt;q=0.9,en-US;q=0.8,en;q=0.7,es;q=0.6",
        "cookie": "jwt=eyJhbGciOiJIUzI1NiIsInR5cCI6IkpXVCJ9.eyJpZCI6NiwiaWF0IjoxNjA5MjY1MTgyLCJleHAiOjE2MTcwNDExODJ9.i3Y59v7UGVDKoJj5uRogKvJqfaCwMK7XQta2JWJ_XIM",
        "if-none-match": "W/\"ee3e-UZWaKLVr65o7wlf3L9p6NAK01qI\""
      },
      "remoteAddress": "::ffff:187.20.181.144",
      "remotePort": 50891
    }
[29-12-2020 18:47:44] INFO	 (368515 on ubuntu):
    jwt_usuario: {
      "id": 6,
      "iat": 1609265182,
      "exp": 1617041182
    }
[29-12-2020 18:47:44] INFO	 (368515 on ubuntu):
    login_usuario: {
      "id": 6,
      "created_at": "2020-09-30T21:40:01.000Z",
      "updated_at": "2020-12-29T17:36:31.000Z",
      "nome": "Socila",
      "senha": "$2a$08$JbVmVIX8fWEiRyUfIk7ZteDZaJDOvTi0hlYoZOMIwJWAfHljy/O3G",
      "email": "socila@socila.com",
      "maskeid": "tcFAYH",
      "admin": 0
    }
[29-12-2020 18:47:44] INFO	 (368515 on ubuntu): request completed
    res: {
      "statusCode": 304,
      "headers": {
        "x-powered-by": "Express",
        "etag": "W/\"d6c9-VFuQEp0iu2LuehlVM/FENwrs58U\""
      }
    }
    responseTime: 57
    req: {
      "id": 53,
      "method": "GET",
      "url": "/",
      "headers": {
        "host": "bot.zapatendimento.com.br",
        "connection": "keep-alive",
        "upgrade-insecure-requests": "1",
        "user-agent": "Mozilla/5.0 (Windows NT 10.0; Win64; x64) AppleWebKit/537.36 (KHTML, like Gecko) Chrome/87.0.4280.88 Safari/537.36",
        "accept": "text/html,application/xhtml+xml,application/xml;q=0.9,image/avif,image/webp,image/apng,*/*;q=0.8,application/signed-exchange;v=b3;q=0.9",
        "referer": "http://bot.zapatendimento.com.br/enviar",
        "accept-encoding": "gzip, deflate",
        "accept-language": "pt-BR,pt;q=0.9,en-US;q=0.8,en;q=0.7,es;q=0.6",
        "cookie": "jwt=eyJhbGciOiJIUzI1NiIsInR5cCI6IkpXVCJ9.eyJpZCI6NiwiaWF0IjoxNjA5MjY1MTgyLCJleHAiOjE2MTcwNDExODJ9.i3Y59v7UGVDKoJj5uRogKvJqfaCwMK7XQta2JWJ_XIM",
        "if-none-match": "W/\"d6c9-VFuQEp0iu2LuehlVM/FENwrs58U\""
      },
      "remoteAddress": "::ffff:187.20.181.144",
      "remotePort": 50901
    }
[29-12-2020 18:47:45] INFO	 (368515 on ubuntu): request completed
    res: {
      "statusCode": 200,
      "headers": {
        "x-powered-by": "Express"
      }
    }
    responseTime: 80
    req: {
      "id": 54,
      "method": "POST",
      "url": "/auth/getmeses",
      "headers": {
        "host": "bot.zapatendimento.com.br",
        "connection": "keep-alive",
        "content-length": "13",
        "accept": "*/*",
        "x-requested-with": "XMLHttpRequest",
        "user-agent": "Mozilla/5.0 (Windows NT 10.0; Win64; x64) AppleWebKit/537.36 (KHTML, like Gecko) Chrome/87.0.4280.88 Safari/537.36",
        "content-type": "application/x-www-form-urlencoded; charset=UTF-8",
        "origin": "http://bot.zapatendimento.com.br",
        "referer": "http://bot.zapatendimento.com.br/",
        "accept-encoding": "gzip, deflate",
        "accept-language": "pt-BR,pt;q=0.9,en-US;q=0.8,en;q=0.7,es;q=0.6",
        "cookie": "jwt=eyJhbGciOiJIUzI1NiIsInR5cCI6IkpXVCJ9.eyJpZCI6NiwiaWF0IjoxNjA5MjY1MTgyLCJleHAiOjE2MTcwNDExODJ9.i3Y59v7UGVDKoJj5uRogKvJqfaCwMK7XQta2JWJ_XIM"
      },
      "remoteAddress": "::ffff:187.20.181.144",
      "remotePort": 50905
    }
[29-12-2020 18:49:42] INFO	 (368515 on ubuntu): request completed
    res: {
      "statusCode": 304,
      "headers": {
        "x-powered-by": "Express",
        "etag": "W/\"ee3e-UZWaKLVr65o7wlf3L9p6NAK01qI\""
      }
    }
    responseTime: 50
    req: {
      "id": 55,
      "method": "GET",
      "url": "/enviar",
      "headers": {
        "host": "bot.zapatendimento.com.br",
        "connection": "keep-alive",
        "upgrade-insecure-requests": "1",
        "user-agent": "Mozilla/5.0 (Windows NT 10.0; Win64; x64) AppleWebKit/537.36 (KHTML, like Gecko) Chrome/87.0.4280.88 Safari/537.36",
        "accept": "text/html,application/xhtml+xml,application/xml;q=0.9,image/avif,image/webp,image/apng,*/*;q=0.8,application/signed-exchange;v=b3;q=0.9",
        "referer": "http://bot.zapatendimento.com.br/",
        "accept-encoding": "gzip, deflate",
        "accept-language": "pt-BR,pt;q=0.9,en-US;q=0.8,en;q=0.7,es;q=0.6",
        "cookie": "jwt=eyJhbGciOiJIUzI1NiIsInR5cCI6IkpXVCJ9.eyJpZCI6NiwiaWF0IjoxNjA5MjY1MTgyLCJleHAiOjE2MTcwNDExODJ9.i3Y59v7UGVDKoJj5uRogKvJqfaCwMK7XQta2JWJ_XIM",
        "if-none-match": "W/\"ee3e-UZWaKLVr65o7wlf3L9p6NAK01qI\""
      },
      "remoteAddress": "::ffff:187.20.181.144",
      "remotePort": 50914
    }
[29-12-2020 18:57:45] INFO	 (368515 on ubuntu): request completed
    res: {
      "statusCode": 200,
      "headers": {
        "x-powered-by": "Express",
        "content-type": "text/html; charset=utf-8",
        "content-length": "54970",
        "etag": "W/\"d6ba-DgVzFBhQolwUFBDDnHUHEPIEoYo\""
      }
    }
    responseTime: 44
    req: {
      "id": 56,
      "method": "GET",
      "url": "/enviar",
      "headers": {
        "host": "bot.zapatendimento.com.br",
        "connection": "keep-alive",
        "upgrade-insecure-requests": "1",
        "user-agent": "Mozilla/5.0 (Windows NT 10.0; Win64; x64) AppleWebKit/537.36 (KHTML, like Gecko) Chrome/87.0.4280.88 Safari/537.36",
        "accept": "text/html,application/xhtml+xml,application/xml;q=0.9,image/avif,image/webp,image/apng,*/*;q=0.8,application/signed-exchange;v=b3;q=0.9",
        "referer": "http://bot.zapatendimento.com.br/",
        "accept-encoding": "gzip, deflate",
        "accept-language": "pt-BR,pt;q=0.9,en-US;q=0.8,en;q=0.7,es;q=0.6",
        "cookie": "_ga=GA1.3.199040947.1591923695; jwt=eyJhbGciOiJIUzI1NiIsInR5cCI6IkpXVCJ9.eyJpZCI6MTUsImlhdCI6MTYwOTI1NDA5OSwiZXhwIjoxNjE3MDMwMDk5fQ.Mfh5oMGx7Rw6Np0gHjBd4YLfi9iTrpQKumR8IMKy2y0",
        "if-none-match": "W/\"22e3a-Bc/TU5KNRtxP6QCWNY+cHLWZjcw\""
      },
      "remoteAddress": "::ffff:201.17.159.113",
      "remotePort": 6314
    }
[29-12-2020 18:57:48] INFO	 (368515 on ubuntu):
    jwt_usuario: {
      "id": 15,
      "iat": 1609254099,
      "exp": 1617030099
    }
[29-12-2020 18:57:48] INFO	 (368515 on ubuntu):
    login_usuario: {
      "id": 15,
      "created_at": "2020-10-28T19:22:59.000Z",
      "updated_at": null,
      "nome": "prime",
      "senha": "$2a$08$Mhi4jhUYfzzlt2goipCd.eLVvVXS3hVZYi.3vvoq4lF5lUzF9oQy6",
      "email": "prime@prime.com",
      "maskeid": "SfuqMV",
      "admin": 0
    }
[29-12-2020 18:57:48] INFO	 (368515 on ubuntu): request completed
    res: {
      "statusCode": 304,
      "headers": {
        "x-powered-by": "Express",
        "etag": "W/\"c3cf-7P2/foxybXllBVTPoAfS1Dn760Y\""
      }
    }
    responseTime: 227
    req: {
      "id": 57,
      "method": "GET",
      "url": "/whats",
      "headers": {
        "host": "bot.zapatendimento.com.br",
        "connection": "keep-alive",
        "upgrade-insecure-requests": "1",
        "user-agent": "Mozilla/5.0 (Windows NT 10.0; Win64; x64) AppleWebKit/537.36 (KHTML, like Gecko) Chrome/87.0.4280.88 Safari/537.36",
        "accept": "text/html,application/xhtml+xml,application/xml;q=0.9,image/avif,image/webp,image/apng,*/*;q=0.8,application/signed-exchange;v=b3;q=0.9",
        "referer": "http://bot.zapatendimento.com.br/enviar",
        "accept-encoding": "gzip, deflate",
        "accept-language": "pt-BR,pt;q=0.9,en-US;q=0.8,en;q=0.7,es;q=0.6",
        "cookie": "_ga=GA1.3.199040947.1591923695; jwt=eyJhbGciOiJIUzI1NiIsInR5cCI6IkpXVCJ9.eyJpZCI6MTUsImlhdCI6MTYwOTI1NDA5OSwiZXhwIjoxNjE3MDMwMDk5fQ.Mfh5oMGx7Rw6Np0gHjBd4YLfi9iTrpQKumR8IMKy2y0",
        "if-none-match": "W/\"c3cf-7P2/foxybXllBVTPoAfS1Dn760Y\""
      },
      "remoteAddress": "::ffff:201.17.159.113",
      "remotePort": 6313
    }
