[29-12-2020 20:33:38] INFO	 (375683 on ubuntu): Startou porta 80
[29-12-2020 20:33:38] INFO	 (375683 on ubuntu): MySQL connected!
[29-12-2020 20:33:41] INFO	 (375683 on ubuntu):
    jwt_usuario: {
      "id": 27,
      "iat": 1609270142,
      "exp": 1617046142
    }
[29-12-2020 20:33:41] INFO	 (375683 on ubuntu):
    login_usuario: {
      "id": 27,
      "created_at": "2020-12-29T19:29:02.000Z",
      "updated_at": null,
      "nome": "admin",
      "senha": "$2a$08$qKZe3k3YN4lOUqGKxCZjYODl8awCQuuXjnp3vdsKn35BqsxWsZ2Uy",
      "email": "admin@admin.com",
      "maskeid": "P6dS9C",
      "admin": 0
    }
[29-12-2020 20:33:42] INFO	 (375683 on ubuntu): request completed
    res: {
      "statusCode": 304,
      "headers": {
        "x-powered-by": "Express",
        "etag": "W/\"c45b-f9ddC2yNsR4IPU8usDEHKPj7GMU\""
      }
    }
    responseTime: 228
    req: {
      "id": 1,
      "method": "GET",
      "url": "/whats",
      "headers": {
        "host": "bot.zapatendimento.com.br",
        "connection": "keep-alive",
        "upgrade-insecure-requests": "1",
        "user-agent": "Mozilla/5.0 (Windows NT 10.0; Win64; x64) AppleWebKit/537.36 (KHTML, like Gecko) Chrome/87.0.4280.88 Safari/537.36",
        "accept": "text/html,application/xhtml+xml,application/xml;q=0.9,image/avif,image/webp,image/apng,*/*;q=0.8,application/signed-exchange;v=b3;q=0.9",
        "referer": "http://bot.zapatendimento.com.br/whats",
        "accept-encoding": "gzip, deflate",
        "accept-language": "pt-BR,pt;q=0.9,en-US;q=0.8,en;q=0.7,he;q=0.6,es;q=0.5",
        "cookie": "jwt=eyJhbGciOiJIUzI1NiIsInR5cCI6IkpXVCJ9.eyJpZCI6MjcsImlhdCI6MTYwOTI3MDE0MiwiZXhwIjoxNjE3MDQ2MTQyfQ.ygSqLH3-iPuHf7KuhZMNGQSWIqboqjW853CtIHvAR7I",
        "if-none-match": "W/\"c45b-f9ddC2yNsR4IPU8usDEHKPj7GMU\""
      },
      "remoteAddress": "::ffff:179.155.253.30",
      "remotePort": 50458
    }
[29-12-2020 20:34:02] INFO	 (375683 on ubuntu): request completed
    res: {
      "statusCode": 200,
      "headers": {
        "x-powered-by": "Express"
      }
    }
    responseTime: 17832
    req: {
      "id": 2,
      "method": "GET",
      "url": "/getqr",
      "headers": {
        "host": "bot.zapatendimento.com.br",
        "connection": "keep-alive",
        "accept": "*/*",
        "user-agent": "Mozilla/5.0 (Windows NT 10.0; Win64; x64) AppleWebKit/537.36 (KHTML, like Gecko) Chrome/87.0.4280.88 Safari/537.36",
        "x-requested-with": "XMLHttpRequest",
        "referer": "http://bot.zapatendimento.com.br/whats",
        "accept-encoding": "gzip, deflate",
        "accept-language": "pt-BR,pt;q=0.9,en-US;q=0.8,en;q=0.7,he;q=0.6,es;q=0.5",
        "cookie": "jwt=eyJhbGciOiJIUzI1NiIsInR5cCI6IkpXVCJ9.eyJpZCI6MjcsImlhdCI6MTYwOTI3MDE0MiwiZXhwIjoxNjE3MDQ2MTQyfQ.ygSqLH3-iPuHf7KuhZMNGQSWIqboqjW853CtIHvAR7I"
      },
      "remoteAddress": "::ffff:179.155.253.30",
      "remotePort": 50459
    }
[29-12-2020 20:34:05] INFO	 (375683 on ubuntu): request completed
    res: {
      "statusCode": 304,
      "headers": {
        "x-powered-by": "Express",
        "etag": "W/\"d115-9Y6ri7An86YXbeqOqNdcUDsCH8s\""
      }
    }
    responseTime: 141
    req: {
      "id": 3,
      "method": "GET",
      "url": "/bot",
      "headers": {
        "host": "bot.zapatendimento.com.br",
        "connection": "keep-alive",
        "upgrade-insecure-requests": "1",
        "user-agent": "Mozilla/5.0 (Windows NT 10.0; Win64; x64) AppleWebKit/537.36 (KHTML, like Gecko) Chrome/87.0.4280.88 Safari/537.36",
        "accept": "text/html,application/xhtml+xml,application/xml;q=0.9,image/avif,image/webp,image/apng,*/*;q=0.8,application/signed-exchange;v=b3;q=0.9",
        "referer": "http://bot.zapatendimento.com.br/whats",
        "accept-encoding": "gzip, deflate",
        "accept-language": "pt-BR,pt;q=0.9,en-US;q=0.8,en;q=0.7,he;q=0.6,es;q=0.5",
        "cookie": "jwt=eyJhbGciOiJIUzI1NiIsInR5cCI6IkpXVCJ9.eyJpZCI6MjcsImlhdCI6MTYwOTI3MDE0MiwiZXhwIjoxNjE3MDQ2MTQyfQ.ygSqLH3-iPuHf7KuhZMNGQSWIqboqjW853CtIHvAR7I",
        "if-none-match": "W/\"d115-9Y6ri7An86YXbeqOqNdcUDsCH8s\""
      },
      "remoteAddress": "::ffff:179.155.253.30",
      "remotePort": 50459
    }
[29-12-2020 20:34:07] INFO	 (375683 on ubuntu):
    jwt_usuario: {
      "id": 27,
      "iat": 1609270142,
      "exp": 1617046142
    }
[29-12-2020 20:34:07] INFO	 (375683 on ubuntu):
    login_usuario: {
      "id": 27,
      "created_at": "2020-12-29T19:29:02.000Z",
      "updated_at": null,
      "nome": "admin",
      "senha": "$2a$08$qKZe3k3YN4lOUqGKxCZjYODl8awCQuuXjnp3vdsKn35BqsxWsZ2Uy",
      "email": "admin@admin.com",
      "maskeid": "P6dS9C",
      "admin": 0
    }
[29-12-2020 20:34:07] INFO	 (375683 on ubuntu): request completed
    res: {
      "statusCode": 304,
      "headers": {
        "x-powered-by": "Express",
        "etag": "W/\"c45b-f9ddC2yNsR4IPU8usDEHKPj7GMU\""
      }
    }
    responseTime: 108
    req: {
      "id": 4,
      "method": "GET",
      "url": "/whats",
      "headers": {
        "host": "bot.zapatendimento.com.br",
        "connection": "keep-alive",
        "upgrade-insecure-requests": "1",
        "user-agent": "Mozilla/5.0 (Windows NT 10.0; Win64; x64) AppleWebKit/537.36 (KHTML, like Gecko) Chrome/87.0.4280.88 Safari/537.36",
        "accept": "text/html,application/xhtml+xml,application/xml;q=0.9,image/avif,image/webp,image/apng,*/*;q=0.8,application/signed-exchange;v=b3;q=0.9",
        "referer": "http://bot.zapatendimento.com.br/bot",
        "accept-encoding": "gzip, deflate",
        "accept-language": "pt-BR,pt;q=0.9,en-US;q=0.8,en;q=0.7,he;q=0.6,es;q=0.5",
        "cookie": "jwt=eyJhbGciOiJIUzI1NiIsInR5cCI6IkpXVCJ9.eyJpZCI6MjcsImlhdCI6MTYwOTI3MDE0MiwiZXhwIjoxNjE3MDQ2MTQyfQ.ygSqLH3-iPuHf7KuhZMNGQSWIqboqjW853CtIHvAR7I",
        "if-none-match": "W/\"c45b-f9ddC2yNsR4IPU8usDEHKPj7GMU\""
      },
      "remoteAddress": "::ffff:179.155.253.30",
      "remotePort": 50486
    }
[29-12-2020 20:34:10] INFO	 (375683 on ubuntu): request completed
    res: {
      "statusCode": 200,
      "headers": {
        "x-powered-by": "Express"
      }
    }
    responseTime: 21
    req: {
      "id": 5,
      "method": "POST",
      "url": "/auth/deletarwhats",
      "headers": {
        "host": "bot.zapatendimento.com.br",
        "connection": "keep-alive",
        "content-length": "16",
        "accept": "*/*",
        "x-requested-with": "XMLHttpRequest",
        "user-agent": "Mozilla/5.0 (Windows NT 10.0; Win64; x64) AppleWebKit/537.36 (KHTML, like Gecko) Chrome/87.0.4280.88 Safari/537.36",
        "content-type": "application/x-www-form-urlencoded; charset=UTF-8",
        "origin": "http://bot.zapatendimento.com.br",
        "referer": "http://bot.zapatendimento.com.br/whats",
        "accept-encoding": "gzip, deflate",
        "accept-language": "pt-BR,pt;q=0.9,en-US;q=0.8,en;q=0.7,he;q=0.6,es;q=0.5",
        "cookie": "jwt=eyJhbGciOiJIUzI1NiIsInR5cCI6IkpXVCJ9.eyJpZCI6MjcsImlhdCI6MTYwOTI3MDE0MiwiZXhwIjoxNjE3MDQ2MTQyfQ.ygSqLH3-iPuHf7KuhZMNGQSWIqboqjW853CtIHvAR7I"
      },
      "remoteAddress": "::ffff:179.155.253.30",
      "remotePort": 50459
    }
[29-12-2020 20:34:11] INFO	 (375683 on ubuntu):
    jwt_usuario: {
      "id": 27,
      "iat": 1609270142,
      "exp": 1617046142
    }
[29-12-2020 20:34:11] INFO	 (375683 on ubuntu):
    login_usuario: {
      "id": 27,
      "created_at": "2020-12-29T19:29:02.000Z",
      "updated_at": null,
      "nome": "admin",
      "senha": "$2a$08$qKZe3k3YN4lOUqGKxCZjYODl8awCQuuXjnp3vdsKn35BqsxWsZ2Uy",
      "email": "admin@admin.com",
      "maskeid": "P6dS9C",
      "admin": 0
    }
[29-12-2020 20:34:11] INFO	 (375683 on ubuntu): request completed
    res: {
      "statusCode": 304,
      "headers": {
        "x-powered-by": "Express",
        "etag": "W/\"c45b-f9ddC2yNsR4IPU8usDEHKPj7GMU\""
      }
    }
    responseTime: 63
    req: {
      "id": 6,
      "method": "GET",
      "url": "/whats",
      "headers": {
        "host": "bot.zapatendimento.com.br",
        "connection": "keep-alive",
        "upgrade-insecure-requests": "1",
        "user-agent": "Mozilla/5.0 (Windows NT 10.0; Win64; x64) AppleWebKit/537.36 (KHTML, like Gecko) Chrome/87.0.4280.88 Safari/537.36",
        "accept": "text/html,application/xhtml+xml,application/xml;q=0.9,image/avif,image/webp,image/apng,*/*;q=0.8,application/signed-exchange;v=b3;q=0.9",
        "referer": "http://bot.zapatendimento.com.br/whats",
        "accept-encoding": "gzip, deflate",
        "accept-language": "pt-BR,pt;q=0.9,en-US;q=0.8,en;q=0.7,he;q=0.6,es;q=0.5",
        "cookie": "jwt=eyJhbGciOiJIUzI1NiIsInR5cCI6IkpXVCJ9.eyJpZCI6MjcsImlhdCI6MTYwOTI3MDE0MiwiZXhwIjoxNjE3MDQ2MTQyfQ.ygSqLH3-iPuHf7KuhZMNGQSWIqboqjW853CtIHvAR7I",
        "if-none-match": "W/\"c45b-f9ddC2yNsR4IPU8usDEHKPj7GMU\""
      },
      "remoteAddress": "::ffff:179.155.253.30",
      "remotePort": 50459
    }
[29-12-2020 20:34:41] INFO	 (375683 on ubuntu):
    jwt_usuario: {
      "id": 27,
      "iat": 1609270142,
      "exp": 1617046142
    }
[29-12-2020 20:34:41] INFO	 (375683 on ubuntu):
    login_usuario: {
      "id": 27,
      "created_at": "2020-12-29T19:29:02.000Z",
      "updated_at": null,
      "nome": "admin",
      "senha": "$2a$08$qKZe3k3YN4lOUqGKxCZjYODl8awCQuuXjnp3vdsKn35BqsxWsZ2Uy",
      "email": "admin@admin.com",
      "maskeid": "P6dS9C",
      "admin": 0
    }
[29-12-2020 20:34:41] INFO	 (375683 on ubuntu): request completed
    res: {
      "statusCode": 304,
      "headers": {
        "x-powered-by": "Express",
        "etag": "W/\"c45b-f9ddC2yNsR4IPU8usDEHKPj7GMU\""
      }
    }
    responseTime: 157
    req: {
      "id": 8,
      "method": "GET",
      "url": "/whats",
      "headers": {
        "host": "bot.zapatendimento.com.br",
        "connection": "keep-alive",
        "upgrade-insecure-requests": "1",
        "user-agent": "Mozilla/5.0 (Windows NT 10.0; Win64; x64) AppleWebKit/537.36 (KHTML, like Gecko) Chrome/87.0.4280.88 Safari/537.36",
        "accept": "text/html,application/xhtml+xml,application/xml;q=0.9,image/avif,image/webp,image/apng,*/*;q=0.8,application/signed-exchange;v=b3;q=0.9",
        "referer": "http://bot.zapatendimento.com.br/whats",
        "accept-encoding": "gzip, deflate",
        "accept-language": "pt-BR,pt;q=0.9,en-US;q=0.8,en;q=0.7,he;q=0.6,es;q=0.5",
        "cookie": "jwt=eyJhbGciOiJIUzI1NiIsInR5cCI6IkpXVCJ9.eyJpZCI6MjcsImlhdCI6MTYwOTI3MDE0MiwiZXhwIjoxNjE3MDQ2MTQyfQ.ygSqLH3-iPuHf7KuhZMNGQSWIqboqjW853CtIHvAR7I",
        "if-none-match": "W/\"c45b-f9ddC2yNsR4IPU8usDEHKPj7GMU\""
      },
      "remoteAddress": "::ffff:179.155.253.30",
      "remotePort": 50510
    }
[29-12-2020 20:34:43] INFO	 (375683 on ubuntu): request completed
    res: {
      "statusCode": 304,
      "headers": {
        "x-powered-by": "Express",
        "etag": "W/\"d115-9Y6ri7An86YXbeqOqNdcUDsCH8s\""
      }
    }
    responseTime: 78
    req: {
      "id": 9,
      "method": "GET",
      "url": "/bot",
      "headers": {
        "host": "bot.zapatendimento.com.br",
        "connection": "keep-alive",
        "upgrade-insecure-requests": "1",
        "user-agent": "Mozilla/5.0 (Windows NT 10.0; Win64; x64) AppleWebKit/537.36 (KHTML, like Gecko) Chrome/87.0.4280.88 Safari/537.36",
        "accept": "text/html,application/xhtml+xml,application/xml;q=0.9,image/avif,image/webp,image/apng,*/*;q=0.8,application/signed-exchange;v=b3;q=0.9",
        "referer": "http://bot.zapatendimento.com.br/whats",
        "accept-encoding": "gzip, deflate",
        "accept-language": "pt-BR,pt;q=0.9,en-US;q=0.8,en;q=0.7,he;q=0.6,es;q=0.5",
        "cookie": "jwt=eyJhbGciOiJIUzI1NiIsInR5cCI6IkpXVCJ9.eyJpZCI6MjcsImlhdCI6MTYwOTI3MDE0MiwiZXhwIjoxNjE3MDQ2MTQyfQ.ygSqLH3-iPuHf7KuhZMNGQSWIqboqjW853CtIHvAR7I",
        "if-none-match": "W/\"d115-9Y6ri7An86YXbeqOqNdcUDsCH8s\""
      },
      "remoteAddress": "::ffff:179.155.253.30",
      "remotePort": 50512
    }
[29-12-2020 20:34:44] INFO	 (375683 on ubuntu):
    jwt_usuario: {
      "id": 27,
      "iat": 1609270142,
      "exp": 1617046142
    }
[29-12-2020 20:34:44] INFO	 (375683 on ubuntu):
    login_usuario: {
      "id": 27,
      "created_at": "2020-12-29T19:29:02.000Z",
      "updated_at": null,
      "nome": "admin",
      "senha": "$2a$08$qKZe3k3YN4lOUqGKxCZjYODl8awCQuuXjnp3vdsKn35BqsxWsZ2Uy",
      "email": "admin@admin.com",
      "maskeid": "P6dS9C",
      "admin": 0
    }
[29-12-2020 20:34:45] INFO	 (375683 on ubuntu): request completed
    res: {
      "statusCode": 304,
      "headers": {
        "x-powered-by": "Express",
        "etag": "W/\"c45b-f9ddC2yNsR4IPU8usDEHKPj7GMU\""
      }
    }
    responseTime: 118
    req: {
      "id": 10,
      "method": "GET",
      "url": "/whats",
      "headers": {
        "host": "bot.zapatendimento.com.br",
        "connection": "keep-alive",
        "upgrade-insecure-requests": "1",
        "user-agent": "Mozilla/5.0 (Windows NT 10.0; Win64; x64) AppleWebKit/537.36 (KHTML, like Gecko) Chrome/87.0.4280.88 Safari/537.36",
        "accept": "text/html,application/xhtml+xml,application/xml;q=0.9,image/avif,image/webp,image/apng,*/*;q=0.8,application/signed-exchange;v=b3;q=0.9",
        "referer": "http://bot.zapatendimento.com.br/bot",
        "accept-encoding": "gzip, deflate",
        "accept-language": "pt-BR,pt;q=0.9,en-US;q=0.8,en;q=0.7,he;q=0.6,es;q=0.5",
        "cookie": "jwt=eyJhbGciOiJIUzI1NiIsInR5cCI6IkpXVCJ9.eyJpZCI6MjcsImlhdCI6MTYwOTI3MDE0MiwiZXhwIjoxNjE3MDQ2MTQyfQ.ygSqLH3-iPuHf7KuhZMNGQSWIqboqjW853CtIHvAR7I",
        "if-none-match": "W/\"c45b-f9ddC2yNsR4IPU8usDEHKPj7GMU\""
      },
      "remoteAddress": "::ffff:179.155.253.30",
      "remotePort": 50512
    }
[29-12-2020 20:35:06] INFO	 (375683 on ubuntu): request completed
    res: {
      "statusCode": 200,
      "headers": {
        "x-powered-by": "Express"
      }
    }
    responseTime: 20076
    req: {
      "id": 11,
      "method": "GET",
      "url": "/getqr",
      "headers": {
        "host": "bot.zapatendimento.com.br",
        "connection": "keep-alive",
        "accept": "*/*",
        "user-agent": "Mozilla/5.0 (Windows NT 10.0; Win64; x64) AppleWebKit/537.36 (KHTML, like Gecko) Chrome/87.0.4280.88 Safari/537.36",
        "x-requested-with": "XMLHttpRequest",
        "referer": "http://bot.zapatendimento.com.br/whats",
        "accept-encoding": "gzip, deflate",
        "accept-language": "pt-BR,pt;q=0.9,en-US;q=0.8,en;q=0.7,he;q=0.6,es;q=0.5",
        "cookie": "jwt=eyJhbGciOiJIUzI1NiIsInR5cCI6IkpXVCJ9.eyJpZCI6MjcsImlhdCI6MTYwOTI3MDE0MiwiZXhwIjoxNjE3MDQ2MTQyfQ.ygSqLH3-iPuHf7KuhZMNGQSWIqboqjW853CtIHvAR7I"
      },
      "remoteAddress": "::ffff:179.155.253.30",
      "remotePort": 50511
    }
[29-12-2020 20:38:00] INFO	 (375683 on ubuntu):
    jwt_usuario: {
      "id": 27,
      "iat": 1609270142,
      "exp": 1617046142
    }
[29-12-2020 20:38:00] INFO	 (375683 on ubuntu):
    login_usuario: {
      "id": 27,
      "created_at": "2020-12-29T19:29:02.000Z",
      "updated_at": null,
      "nome": "admin",
      "senha": "$2a$08$qKZe3k3YN4lOUqGKxCZjYODl8awCQuuXjnp3vdsKn35BqsxWsZ2Uy",
      "email": "admin@admin.com",
      "maskeid": "P6dS9C",
      "admin": 0
    }
[29-12-2020 20:38:00] INFO	 (375683 on ubuntu): request completed
    res: {
      "statusCode": 304,
      "headers": {
        "x-powered-by": "Express",
        "etag": "W/\"c45b-f9ddC2yNsR4IPU8usDEHKPj7GMU\""
      }
    }
    responseTime: 95
    req: {
      "id": 12,
      "method": "GET",
      "url": "/whats",
      "headers": {
        "host": "bot.zapatendimento.com.br",
        "connection": "keep-alive",
        "upgrade-insecure-requests": "1",
        "user-agent": "Mozilla/5.0 (Windows NT 10.0; Win64; x64) AppleWebKit/537.36 (KHTML, like Gecko) Chrome/87.0.4280.88 Safari/537.36",
        "accept": "text/html,application/xhtml+xml,application/xml;q=0.9,image/avif,image/webp,image/apng,*/*;q=0.8,application/signed-exchange;v=b3;q=0.9",
        "referer": "http://bot.zapatendimento.com.br/whats",
        "accept-encoding": "gzip, deflate",
        "accept-language": "pt-BR,pt;q=0.9,en-US;q=0.8,en;q=0.7,he;q=0.6,es;q=0.5",
        "cookie": "jwt=eyJhbGciOiJIUzI1NiIsInR5cCI6IkpXVCJ9.eyJpZCI6MjcsImlhdCI6MTYwOTI3MDE0MiwiZXhwIjoxNjE3MDQ2MTQyfQ.ygSqLH3-iPuHf7KuhZMNGQSWIqboqjW853CtIHvAR7I",
        "if-none-match": "W/\"c45b-f9ddC2yNsR4IPU8usDEHKPj7GMU\""
      },
      "remoteAddress": "::ffff:179.155.253.30",
      "remotePort": 50637
    }
