[29-12-2020 21:32:41] INFO	 (379436 on ubuntu): Startou porta 80
[29-12-2020 21:32:41] INFO	 (379436 on ubuntu): MySQL connected!
[29-12-2020 21:32:47] INFO	 (379436 on ubuntu): request completed
    res: {
      "statusCode": 200,
      "headers": {
        "x-powered-by": "Express",
        "content-type": "text/html; charset=utf-8",
        "content-length": "47935",
        "etag": "W/\"bb3f-Rd11THcIE5M2knD7XUMVdEC6wdQ\""
      }
    }
    responseTime: 214
    req: {
      "id": 1,
      "method": "GET",
      "url": "/bot",
      "headers": {
        "host": "bot.zapatendimento.com.br",
        "connection": "keep-alive",
        "cache-control": "max-age=0",
        "upgrade-insecure-requests": "1",
        "user-agent": "Mozilla/5.0 (Windows NT 10.0; Win64; x64) AppleWebKit/537.36 (KHTML, like Gecko) Chrome/87.0.4280.88 Safari/537.36",
        "accept": "text/html,application/xhtml+xml,application/xml;q=0.9,image/avif,image/webp,image/apng,*/*;q=0.8,application/signed-exchange;v=b3;q=0.9",
        "referer": "http://bot.zapatendimento.com.br/whats",
        "accept-encoding": "gzip, deflate",
        "accept-language": "pt-BR,pt;q=0.9,en-US;q=0.8,en;q=0.7,he;q=0.6,es;q=0.5",
        "cookie": "jwt=eyJhbGciOiJIUzI1NiIsInR5cCI6IkpXVCJ9.eyJpZCI6MjcsImlhdCI6MTYwOTI3MDE0MiwiZXhwIjoxNjE3MDQ2MTQyfQ.ygSqLH3-iPuHf7KuhZMNGQSWIqboqjW853CtIHvAR7I",
        "if-none-match": "W/\"d115-9Y6ri7An86YXbeqOqNdcUDsCH8s\""
      },
      "remoteAddress": "::ffff:179.155.253.30",
      "remotePort": 52870
    }
[29-12-2020 21:32:49] INFO	 (379436 on ubuntu):
    jwt_usuario: {
      "id": 27,
      "iat": 1609270142,
      "exp": 1617046142
    }
[29-12-2020 21:32:49] INFO	 (379436 on ubuntu):
    login_usuario: {
      "id": 27,
      "created_at": "2020-12-29T19:29:02.000Z",
      "updated_at": null,
      "nome": "admin",
      "senha": "$2a$08$qKZe3k3YN4lOUqGKxCZjYODl8awCQuuXjnp3vdsKn35BqsxWsZ2Uy",
      "email": "admin@admin.com",
      "maskeid": "P6dS9C",
      "admin": 0
    }
[29-12-2020 21:32:49] INFO	 (379436 on ubuntu): request completed
    res: {
      "statusCode": 304,
      "headers": {
        "x-powered-by": "Express",
        "etag": "W/\"c45b-f9ddC2yNsR4IPU8usDEHKPj7GMU\""
      }
    }
    responseTime: 105
    req: {
      "id": 2,
      "method": "GET",
      "url": "/whats",
      "headers": {
        "host": "bot.zapatendimento.com.br",
        "connection": "keep-alive",
        "upgrade-insecure-requests": "1",
        "user-agent": "Mozilla/5.0 (Windows NT 10.0; Win64; x64) AppleWebKit/537.36 (KHTML, like Gecko) Chrome/87.0.4280.88 Safari/537.36",
        "accept": "text/html,application/xhtml+xml,application/xml;q=0.9,image/avif,image/webp,image/apng,*/*;q=0.8,application/signed-exchange;v=b3;q=0.9",
        "referer": "http://bot.zapatendimento.com.br/bot",
        "accept-encoding": "gzip, deflate",
        "accept-language": "pt-BR,pt;q=0.9,en-US;q=0.8,en;q=0.7,he;q=0.6,es;q=0.5",
        "cookie": "jwt=eyJhbGciOiJIUzI1NiIsInR5cCI6IkpXVCJ9.eyJpZCI6MjcsImlhdCI6MTYwOTI3MDE0MiwiZXhwIjoxNjE3MDQ2MTQyfQ.ygSqLH3-iPuHf7KuhZMNGQSWIqboqjW853CtIHvAR7I",
        "if-none-match": "W/\"c45b-f9ddC2yNsR4IPU8usDEHKPj7GMU\""
      },
      "remoteAddress": "::ffff:179.155.253.30",
      "remotePort": 52875
    }
[29-12-2020 21:33:08] INFO	 (379436 on ubuntu): request completed
    res: {
      "statusCode": 304,
      "headers": {
        "x-powered-by": "Express",
        "etag": "W/\"bb3f-Rd11THcIE5M2knD7XUMVdEC6wdQ\""
      }
    }
    responseTime: 52
    req: {
      "id": 4,
      "method": "GET",
      "url": "/bot",
      "headers": {
        "host": "bot.zapatendimento.com.br",
        "connection": "keep-alive",
        "upgrade-insecure-requests": "1",
        "user-agent": "Mozilla/5.0 (Windows NT 10.0; Win64; x64) AppleWebKit/537.36 (KHTML, like Gecko) Chrome/87.0.4280.88 Safari/537.36",
        "accept": "text/html,application/xhtml+xml,application/xml;q=0.9,image/avif,image/webp,image/apng,*/*;q=0.8,application/signed-exchange;v=b3;q=0.9",
        "referer": "http://bot.zapatendimento.com.br/whats",
        "accept-encoding": "gzip, deflate",
        "accept-language": "pt-BR,pt;q=0.9,en-US;q=0.8,en;q=0.7,he;q=0.6,es;q=0.5",
        "cookie": "jwt=eyJhbGciOiJIUzI1NiIsInR5cCI6IkpXVCJ9.eyJpZCI6MjcsImlhdCI6MTYwOTI3MDE0MiwiZXhwIjoxNjE3MDQ2MTQyfQ.ygSqLH3-iPuHf7KuhZMNGQSWIqboqjW853CtIHvAR7I",
        "if-none-match": "W/\"bb3f-Rd11THcIE5M2knD7XUMVdEC6wdQ\""
      },
      "remoteAddress": "::ffff:179.155.253.30",
      "remotePort": 52895
    }
[29-12-2020 21:33:13] INFO	 (379436 on ubuntu):
    jwt_usuario: {
      "id": 27,
      "iat": 1609270142,
      "exp": 1617046142
    }
[29-12-2020 21:33:13] INFO	 (379436 on ubuntu):
    login_usuario: {
      "id": 27,
      "created_at": "2020-12-29T19:29:02.000Z",
      "updated_at": null,
      "nome": "admin",
      "senha": "$2a$08$qKZe3k3YN4lOUqGKxCZjYODl8awCQuuXjnp3vdsKn35BqsxWsZ2Uy",
      "email": "admin@admin.com",
      "maskeid": "P6dS9C",
      "admin": 0
    }
[29-12-2020 21:33:14] INFO	 (379436 on ubuntu): request completed
    res: {
      "statusCode": 304,
      "headers": {
        "x-powered-by": "Express",
        "etag": "W/\"c45b-f9ddC2yNsR4IPU8usDEHKPj7GMU\""
      }
    }
    responseTime: 80
    req: {
      "id": 5,
      "method": "GET",
      "url": "/whats",
      "headers": {
        "host": "bot.zapatendimento.com.br",
        "connection": "keep-alive",
        "upgrade-insecure-requests": "1",
        "user-agent": "Mozilla/5.0 (Windows NT 10.0; Win64; x64) AppleWebKit/537.36 (KHTML, like Gecko) Chrome/87.0.4280.88 Safari/537.36",
        "accept": "text/html,application/xhtml+xml,application/xml;q=0.9,image/avif,image/webp,image/apng,*/*;q=0.8,application/signed-exchange;v=b3;q=0.9",
        "referer": "http://bot.zapatendimento.com.br/bot",
        "accept-encoding": "gzip, deflate",
        "accept-language": "pt-BR,pt;q=0.9,en-US;q=0.8,en;q=0.7,he;q=0.6,es;q=0.5",
        "cookie": "jwt=eyJhbGciOiJIUzI1NiIsInR5cCI6IkpXVCJ9.eyJpZCI6MjcsImlhdCI6MTYwOTI3MDE0MiwiZXhwIjoxNjE3MDQ2MTQyfQ.ygSqLH3-iPuHf7KuhZMNGQSWIqboqjW853CtIHvAR7I",
        "if-none-match": "W/\"c45b-f9ddC2yNsR4IPU8usDEHKPj7GMU\""
      },
      "remoteAddress": "::ffff:179.155.253.30",
      "remotePort": 52897
    }
[29-12-2020 21:33:19] INFO	 (379436 on ubuntu): request completed
    res: {
      "statusCode": 200,
      "headers": {
        "x-powered-by": "Express",
        "content-type": "text/html; charset=utf-8",
        "content-length": "53525",
        "etag": "W/\"d115-9Y6ri7An86YXbeqOqNdcUDsCH8s\""
      }
    }
    responseTime: 52
    req: {
      "id": 6,
      "method": "GET",
      "url": "/bot",
      "headers": {
        "host": "bot.zapatendimento.com.br",
        "connection": "keep-alive",
        "upgrade-insecure-requests": "1",
        "user-agent": "Mozilla/5.0 (Windows NT 10.0; Win64; x64) AppleWebKit/537.36 (KHTML, like Gecko) Chrome/87.0.4280.88 Safari/537.36",
        "accept": "text/html,application/xhtml+xml,application/xml;q=0.9,image/avif,image/webp,image/apng,*/*;q=0.8,application/signed-exchange;v=b3;q=0.9",
        "referer": "http://bot.zapatendimento.com.br/whats",
        "accept-encoding": "gzip, deflate",
        "accept-language": "pt-BR,pt;q=0.9,en-US;q=0.8,en;q=0.7,he;q=0.6,es;q=0.5",
        "cookie": "jwt=eyJhbGciOiJIUzI1NiIsInR5cCI6IkpXVCJ9.eyJpZCI6MjcsImlhdCI6MTYwOTI3MDE0MiwiZXhwIjoxNjE3MDQ2MTQyfQ.ygSqLH3-iPuHf7KuhZMNGQSWIqboqjW853CtIHvAR7I",
        "if-none-match": "W/\"bb3f-Rd11THcIE5M2knD7XUMVdEC6wdQ\""
      },
      "remoteAddress": "::ffff:179.155.253.30",
      "remotePort": 52908
    }
[29-12-2020 21:33:25] INFO	 (379436 on ubuntu):
    jwt_usuario: {
      "id": 27,
      "iat": 1609270142,
      "exp": 1617046142
    }
[29-12-2020 21:33:25] INFO	 (379436 on ubuntu):
    login_usuario: {
      "id": 27,
      "created_at": "2020-12-29T19:29:02.000Z",
      "updated_at": null,
      "nome": "admin",
      "senha": "$2a$08$qKZe3k3YN4lOUqGKxCZjYODl8awCQuuXjnp3vdsKn35BqsxWsZ2Uy",
      "email": "admin@admin.com",
      "maskeid": "P6dS9C",
      "admin": 0
    }
[29-12-2020 21:33:25] INFO	 (379436 on ubuntu): request completed
    res: {
      "statusCode": 304,
      "headers": {
        "x-powered-by": "Express",
        "etag": "W/\"c45b-f9ddC2yNsR4IPU8usDEHKPj7GMU\""
      }
    }
    responseTime: 61
    req: {
      "id": 7,
      "method": "GET",
      "url": "/whats",
      "headers": {
        "host": "bot.zapatendimento.com.br",
        "connection": "keep-alive",
        "upgrade-insecure-requests": "1",
        "user-agent": "Mozilla/5.0 (Windows NT 10.0; Win64; x64) AppleWebKit/537.36 (KHTML, like Gecko) Chrome/87.0.4280.88 Safari/537.36",
        "accept": "text/html,application/xhtml+xml,application/xml;q=0.9,image/avif,image/webp,image/apng,*/*;q=0.8,application/signed-exchange;v=b3;q=0.9",
        "referer": "http://bot.zapatendimento.com.br/bot",
        "accept-encoding": "gzip, deflate",
        "accept-language": "pt-BR,pt;q=0.9,en-US;q=0.8,en;q=0.7,he;q=0.6,es;q=0.5",
        "cookie": "jwt=eyJhbGciOiJIUzI1NiIsInR5cCI6IkpXVCJ9.eyJpZCI6MjcsImlhdCI6MTYwOTI3MDE0MiwiZXhwIjoxNjE3MDQ2MTQyfQ.ygSqLH3-iPuHf7KuhZMNGQSWIqboqjW853CtIHvAR7I",
        "if-none-match": "W/\"c45b-f9ddC2yNsR4IPU8usDEHKPj7GMU\""
      },
      "remoteAddress": "::ffff:179.155.253.30",
      "remotePort": 52914
    }
[29-12-2020 21:33:27] INFO	 (379436 on ubuntu): request completed
    res: {
      "statusCode": 200,
      "headers": {
        "x-powered-by": "Express"
      }
    }
    responseTime: 14
    req: {
      "id": 8,
      "method": "POST",
      "url": "/auth/deletarwhats",
      "headers": {
        "host": "bot.zapatendimento.com.br",
        "connection": "keep-alive",
        "content-length": "16",
        "accept": "*/*",
        "x-requested-with": "XMLHttpRequest",
        "user-agent": "Mozilla/5.0 (Windows NT 10.0; Win64; x64) AppleWebKit/537.36 (KHTML, like Gecko) Chrome/87.0.4280.88 Safari/537.36",
        "content-type": "application/x-www-form-urlencoded; charset=UTF-8",
        "origin": "http://bot.zapatendimento.com.br",
        "referer": "http://bot.zapatendimento.com.br/whats",
        "accept-encoding": "gzip, deflate",
        "accept-language": "pt-BR,pt;q=0.9,en-US;q=0.8,en;q=0.7,he;q=0.6,es;q=0.5",
        "cookie": "jwt=eyJhbGciOiJIUzI1NiIsInR5cCI6IkpXVCJ9.eyJpZCI6MjcsImlhdCI6MTYwOTI3MDE0MiwiZXhwIjoxNjE3MDQ2MTQyfQ.ygSqLH3-iPuHf7KuhZMNGQSWIqboqjW853CtIHvAR7I"
      },
      "remoteAddress": "::ffff:179.155.253.30",
      "remotePort": 52919
    }
[29-12-2020 21:33:28] INFO	 (379436 on ubuntu):
    jwt_usuario: {
      "id": 27,
      "iat": 1609270142,
      "exp": 1617046142
    }
[29-12-2020 21:33:28] INFO	 (379436 on ubuntu):
    login_usuario: {
      "id": 27,
      "created_at": "2020-12-29T19:29:02.000Z",
      "updated_at": null,
      "nome": "admin",
      "senha": "$2a$08$qKZe3k3YN4lOUqGKxCZjYODl8awCQuuXjnp3vdsKn35BqsxWsZ2Uy",
      "email": "admin@admin.com",
      "maskeid": "P6dS9C",
      "admin": 0
    }
[29-12-2020 21:33:28] INFO	 (379436 on ubuntu): request completed
    res: {
      "statusCode": 304,
      "headers": {
        "x-powered-by": "Express",
        "etag": "W/\"c45b-f9ddC2yNsR4IPU8usDEHKPj7GMU\""
      }
    }
    responseTime: 67
    req: {
      "id": 9,
      "method": "GET",
      "url": "/whats",
      "headers": {
        "host": "bot.zapatendimento.com.br",
        "connection": "keep-alive",
        "upgrade-insecure-requests": "1",
        "user-agent": "Mozilla/5.0 (Windows NT 10.0; Win64; x64) AppleWebKit/537.36 (KHTML, like Gecko) Chrome/87.0.4280.88 Safari/537.36",
        "accept": "text/html,application/xhtml+xml,application/xml;q=0.9,image/avif,image/webp,image/apng,*/*;q=0.8,application/signed-exchange;v=b3;q=0.9",
        "referer": "http://bot.zapatendimento.com.br/whats",
        "accept-encoding": "gzip, deflate",
        "accept-language": "pt-BR,pt;q=0.9,en-US;q=0.8,en;q=0.7,he;q=0.6,es;q=0.5",
        "cookie": "jwt=eyJhbGciOiJIUzI1NiIsInR5cCI6IkpXVCJ9.eyJpZCI6MjcsImlhdCI6MTYwOTI3MDE0MiwiZXhwIjoxNjE3MDQ2MTQyfQ.ygSqLH3-iPuHf7KuhZMNGQSWIqboqjW853CtIHvAR7I",
        "if-none-match": "W/\"c45b-f9ddC2yNsR4IPU8usDEHKPj7GMU\""
      },
      "remoteAddress": "::ffff:179.155.253.30",
      "remotePort": 52919
    }
[29-12-2020 21:33:29] INFO	 (379436 on ubuntu): request completed
    res: {
      "statusCode": 200,
      "headers": {
        "x-powered-by": "Express",
        "content-type": "text/html; charset=utf-8",
        "content-length": "47935",
        "etag": "W/\"bb3f-Rd11THcIE5M2knD7XUMVdEC6wdQ\""
      }
    }
    responseTime: 67
    req: {
      "id": 10,
      "method": "GET",
      "url": "/bot",
      "headers": {
        "host": "bot.zapatendimento.com.br",
        "connection": "keep-alive",
        "upgrade-insecure-requests": "1",
        "user-agent": "Mozilla/5.0 (Windows NT 10.0; Win64; x64) AppleWebKit/537.36 (KHTML, like Gecko) Chrome/87.0.4280.88 Safari/537.36",
        "accept": "text/html,application/xhtml+xml,application/xml;q=0.9,image/avif,image/webp,image/apng,*/*;q=0.8,application/signed-exchange;v=b3;q=0.9",
        "referer": "http://bot.zapatendimento.com.br/whats",
        "accept-encoding": "gzip, deflate",
        "accept-language": "pt-BR,pt;q=0.9,en-US;q=0.8,en;q=0.7,he;q=0.6,es;q=0.5",
        "cookie": "jwt=eyJhbGciOiJIUzI1NiIsInR5cCI6IkpXVCJ9.eyJpZCI6MjcsImlhdCI6MTYwOTI3MDE0MiwiZXhwIjoxNjE3MDQ2MTQyfQ.ygSqLH3-iPuHf7KuhZMNGQSWIqboqjW853CtIHvAR7I",
        "if-none-match": "W/\"d115-9Y6ri7An86YXbeqOqNdcUDsCH8s\""
      },
      "remoteAddress": "::ffff:179.155.253.30",
      "remotePort": 52919
    }
[29-12-2020 21:33:33] INFO	 (379436 on ubuntu):
    jwt_usuario: {
      "id": 27,
      "iat": 1609270142,
      "exp": 1617046142
    }
[29-12-2020 21:33:33] INFO	 (379436 on ubuntu):
    login_usuario: {
      "id": 27,
      "created_at": "2020-12-29T19:29:02.000Z",
      "updated_at": null,
      "nome": "admin",
      "senha": "$2a$08$qKZe3k3YN4lOUqGKxCZjYODl8awCQuuXjnp3vdsKn35BqsxWsZ2Uy",
      "email": "admin@admin.com",
      "maskeid": "P6dS9C",
      "admin": 0
    }
[29-12-2020 21:33:33] INFO	 (379436 on ubuntu): request completed
    res: {
      "statusCode": 304,
      "headers": {
        "x-powered-by": "Express",
        "etag": "W/\"c45b-f9ddC2yNsR4IPU8usDEHKPj7GMU\""
      }
    }
    responseTime: 67
    req: {
      "id": 11,
      "method": "GET",
      "url": "/whats",
      "headers": {
        "host": "bot.zapatendimento.com.br",
        "connection": "keep-alive",
        "upgrade-insecure-requests": "1",
        "user-agent": "Mozilla/5.0 (Windows NT 10.0; Win64; x64) AppleWebKit/537.36 (KHTML, like Gecko) Chrome/87.0.4280.88 Safari/537.36",
        "accept": "text/html,application/xhtml+xml,application/xml;q=0.9,image/avif,image/webp,image/apng,*/*;q=0.8,application/signed-exchange;v=b3;q=0.9",
        "referer": "http://bot.zapatendimento.com.br/bot",
        "accept-encoding": "gzip, deflate",
        "accept-language": "pt-BR,pt;q=0.9,en-US;q=0.8,en;q=0.7,he;q=0.6,es;q=0.5",
        "cookie": "jwt=eyJhbGciOiJIUzI1NiIsInR5cCI6IkpXVCJ9.eyJpZCI6MjcsImlhdCI6MTYwOTI3MDE0MiwiZXhwIjoxNjE3MDQ2MTQyfQ.ygSqLH3-iPuHf7KuhZMNGQSWIqboqjW853CtIHvAR7I",
        "if-none-match": "W/\"c45b-f9ddC2yNsR4IPU8usDEHKPj7GMU\""
      },
      "remoteAddress": "::ffff:179.155.253.30",
      "remotePort": 52915
    }
