[28-01-2021 12:43:32] ERROR	 (1981992 on ubuntu): The first argument must be one of type string or Buffer. Received type object
    TypeError [ERR_INVALID_ARG_TYPE]: The first argument must be one of type string or Buffer. Received type object
        at write_ (_http_outgoing.js:595:11)
        at ServerResponse.write (_http_outgoing.js:567:10)
        at Query.db.query (/root/whatsbot/controllers/auth.js:2066:17)
        at Query.<anonymous> (/root/whatsbot/node_modules/mysql/lib/Connection.js:526:10)
        at Query._callback (/root/whatsbot/node_modules/mysql/lib/Connection.js:488:16)
        at Query.Sequence.end (/root/whatsbot/node_modules/mysql/lib/protocol/sequences/Sequence.js:83:24)
        at Query.ErrorPacket (/root/whatsbot/node_modules/mysql/lib/protocol/sequences/Query.js:92:8)
        at Protocol._parsePacket (/root/whatsbot/node_modules/mysql/lib/protocol/Protocol.js:291:23)
        at Parser._parsePacket (/root/whatsbot/node_modules/mysql/lib/protocol/Parser.js:433:10)
        at Parser.write (/root/whatsbot/node_modules/mysql/lib/protocol/Parser.js:43:10)
[01-02-2021 18:18:57] ERROR	 (1981992 on ubuntu): The first argument must be one of type string or Buffer. Received type object
    TypeError [ERR_INVALID_ARG_TYPE]: The first argument must be one of type string or Buffer. Received type object
        at write_ (_http_outgoing.js:595:11)
        at ServerResponse.write (_http_outgoing.js:567:10)
        at Query.db.query (/root/whatsbot/controllers/auth.js:2066:17)
        at Query.<anonymous> (/root/whatsbot/node_modules/mysql/lib/Connection.js:526:10)
        at Query._callback (/root/whatsbot/node_modules/mysql/lib/Connection.js:488:16)
        at Query.Sequence.end (/root/whatsbot/node_modules/mysql/lib/protocol/sequences/Sequence.js:83:24)
        at Query.ErrorPacket (/root/whatsbot/node_modules/mysql/lib/protocol/sequences/Query.js:92:8)
        at Protocol._parsePacket (/root/whatsbot/node_modules/mysql/lib/protocol/Protocol.js:291:23)
        at Parser._parsePacket (/root/whatsbot/node_modules/mysql/lib/protocol/Parser.js:433:10)
        at Parser.write (/root/whatsbot/node_modules/mysql/lib/protocol/Parser.js:43:10)
[01-02-2021 18:19:14] ERROR	 (1981992 on ubuntu): The first argument must be one of type string or Buffer. Received type object
    TypeError [ERR_INVALID_ARG_TYPE]: The first argument must be one of type string or Buffer. Received type object
        at write_ (_http_outgoing.js:595:11)
        at ServerResponse.write (_http_outgoing.js:567:10)
        at Query.db.query (/root/whatsbot/controllers/auth.js:2066:17)
        at Query.<anonymous> (/root/whatsbot/node_modules/mysql/lib/Connection.js:526:10)
        at Query._callback (/root/whatsbot/node_modules/mysql/lib/Connection.js:488:16)
        at Query.Sequence.end (/root/whatsbot/node_modules/mysql/lib/protocol/sequences/Sequence.js:83:24)
        at Query.ErrorPacket (/root/whatsbot/node_modules/mysql/lib/protocol/sequences/Query.js:92:8)
        at Protocol._parsePacket (/root/whatsbot/node_modules/mysql/lib/protocol/Protocol.js:291:23)
        at Parser._parsePacket (/root/whatsbot/node_modules/mysql/lib/protocol/Parser.js:433:10)
        at Parser.write (/root/whatsbot/node_modules/mysql/lib/protocol/Parser.js:43:10)
[01-02-2021 18:20:28] ERROR	 (1981992 on ubuntu): The first argument must be one of type string or Buffer. Received type object
    TypeError [ERR_INVALID_ARG_TYPE]: The first argument must be one of type string or Buffer. Received type object
        at write_ (_http_outgoing.js:595:11)
        at ServerResponse.write (_http_outgoing.js:567:10)
        at Query.db.query (/root/whatsbot/controllers/auth.js:2066:17)
        at Query.<anonymous> (/root/whatsbot/node_modules/mysql/lib/Connection.js:526:10)
        at Query._callback (/root/whatsbot/node_modules/mysql/lib/Connection.js:488:16)
        at Query.Sequence.end (/root/whatsbot/node_modules/mysql/lib/protocol/sequences/Sequence.js:83:24)
        at Query.ErrorPacket (/root/whatsbot/node_modules/mysql/lib/protocol/sequences/Query.js:92:8)
        at Protocol._parsePacket (/root/whatsbot/node_modules/mysql/lib/protocol/Protocol.js:291:23)
        at Parser._parsePacket (/root/whatsbot/node_modules/mysql/lib/protocol/Parser.js:433:10)
        at Parser.write (/root/whatsbot/node_modules/mysql/lib/protocol/Parser.js:43:10)
[01-02-2021 20:31:40] ERROR	 (1981992 on ubuntu): The first argument must be one of type string or Buffer. Received type object
    TypeError [ERR_INVALID_ARG_TYPE]: The first argument must be one of type string or Buffer. Received type object
        at write_ (_http_outgoing.js:595:11)
        at ServerResponse.write (_http_outgoing.js:567:10)
        at Query.db.query (/root/whatsbot/controllers/auth.js:2066:17)
        at Query.<anonymous> (/root/whatsbot/node_modules/mysql/lib/Connection.js:526:10)
        at Query._callback (/root/whatsbot/node_modules/mysql/lib/Connection.js:488:16)
        at Query.Sequence.end (/root/whatsbot/node_modules/mysql/lib/protocol/sequences/Sequence.js:83:24)
        at Query.ErrorPacket (/root/whatsbot/node_modules/mysql/lib/protocol/sequences/Query.js:92:8)
        at Protocol._parsePacket (/root/whatsbot/node_modules/mysql/lib/protocol/Protocol.js:291:23)
        at Parser._parsePacket (/root/whatsbot/node_modules/mysql/lib/protocol/Parser.js:433:10)
        at Parser.write (/root/whatsbot/node_modules/mysql/lib/protocol/Parser.js:43:10)
[01-02-2021 20:31:56] ERROR	 (1981992 on ubuntu): The first argument must be one of type string or Buffer. Received type object
    TypeError [ERR_INVALID_ARG_TYPE]: The first argument must be one of type string or Buffer. Received type object
        at write_ (_http_outgoing.js:595:11)
        at ServerResponse.write (_http_outgoing.js:567:10)
        at Query.db.query (/root/whatsbot/controllers/auth.js:2066:17)
        at Query.<anonymous> (/root/whatsbot/node_modules/mysql/lib/Connection.js:526:10)
        at Query._callback (/root/whatsbot/node_modules/mysql/lib/Connection.js:488:16)
        at Query.Sequence.end (/root/whatsbot/node_modules/mysql/lib/protocol/sequences/Sequence.js:83:24)
        at Query.ErrorPacket (/root/whatsbot/node_modules/mysql/lib/protocol/sequences/Query.js:92:8)
        at Protocol._parsePacket (/root/whatsbot/node_modules/mysql/lib/protocol/Protocol.js:291:23)
        at Parser._parsePacket (/root/whatsbot/node_modules/mysql/lib/protocol/Parser.js:433:10)
        at Parser.write (/root/whatsbot/node_modules/mysql/lib/protocol/Parser.js:43:10)
[01-02-2021 20:32:20] ERROR	 (1981992 on ubuntu): The first argument must be one of type string or Buffer. Received type object
    TypeError [ERR_INVALID_ARG_TYPE]: The first argument must be one of type string or Buffer. Received type object
        at write_ (_http_outgoing.js:595:11)
        at ServerResponse.write (_http_outgoing.js:567:10)
        at Query.db.query (/root/whatsbot/controllers/auth.js:2066:17)
        at Query.<anonymous> (/root/whatsbot/node_modules/mysql/lib/Connection.js:526:10)
        at Query._callback (/root/whatsbot/node_modules/mysql/lib/Connection.js:488:16)
        at Query.Sequence.end (/root/whatsbot/node_modules/mysql/lib/protocol/sequences/Sequence.js:83:24)
        at Query.ErrorPacket (/root/whatsbot/node_modules/mysql/lib/protocol/sequences/Query.js:92:8)
        at Protocol._parsePacket (/root/whatsbot/node_modules/mysql/lib/protocol/Protocol.js:291:23)
        at Parser._parsePacket (/root/whatsbot/node_modules/mysql/lib/protocol/Parser.js:433:10)
        at Parser.write (/root/whatsbot/node_modules/mysql/lib/protocol/Parser.js:43:10)
[01-02-2021 20:32:25] ERROR	 (1981992 on ubuntu): The first argument must be one of type string or Buffer. Received type object
    TypeError [ERR_INVALID_ARG_TYPE]: The first argument must be one of type string or Buffer. Received type object
        at write_ (_http_outgoing.js:595:11)
        at ServerResponse.write (_http_outgoing.js:567:10)
        at Query.db.query (/root/whatsbot/controllers/auth.js:2066:17)
        at Query.<anonymous> (/root/whatsbot/node_modules/mysql/lib/Connection.js:526:10)
        at Query._callback (/root/whatsbot/node_modules/mysql/lib/Connection.js:488:16)
        at Query.Sequence.end (/root/whatsbot/node_modules/mysql/lib/protocol/sequences/Sequence.js:83:24)
        at Query.ErrorPacket (/root/whatsbot/node_modules/mysql/lib/protocol/sequences/Query.js:92:8)
        at Protocol._parsePacket (/root/whatsbot/node_modules/mysql/lib/protocol/Protocol.js:291:23)
        at Parser._parsePacket (/root/whatsbot/node_modules/mysql/lib/protocol/Parser.js:433:10)
        at Parser.write (/root/whatsbot/node_modules/mysql/lib/protocol/Parser.js:43:10)
[01-02-2021 20:32:26] ERROR	 (1981992 on ubuntu): The first argument must be one of type string or Buffer. Received type object
    TypeError [ERR_INVALID_ARG_TYPE]: The first argument must be one of type string or Buffer. Received type object
        at write_ (_http_outgoing.js:595:11)
        at ServerResponse.write (_http_outgoing.js:567:10)
        at Query.db.query (/root/whatsbot/controllers/auth.js:2066:17)
        at Query.<anonymous> (/root/whatsbot/node_modules/mysql/lib/Connection.js:526:10)
        at Query._callback (/root/whatsbot/node_modules/mysql/lib/Connection.js:488:16)
        at Query.Sequence.end (/root/whatsbot/node_modules/mysql/lib/protocol/sequences/Sequence.js:83:24)
        at Query.ErrorPacket (/root/whatsbot/node_modules/mysql/lib/protocol/sequences/Query.js:92:8)
        at Protocol._parsePacket (/root/whatsbot/node_modules/mysql/lib/protocol/Protocol.js:291:23)
        at Parser._parsePacket (/root/whatsbot/node_modules/mysql/lib/protocol/Parser.js:433:10)
        at Parser.write (/root/whatsbot/node_modules/mysql/lib/protocol/Parser.js:43:10)
[01-02-2021 20:33:20] ERROR	 (1981992 on ubuntu): The first argument must be one of type string or Buffer. Received type object
    TypeError [ERR_INVALID_ARG_TYPE]: The first argument must be one of type string or Buffer. Received type object
        at write_ (_http_outgoing.js:595:11)
        at ServerResponse.write (_http_outgoing.js:567:10)
        at Query.db.query (/root/whatsbot/controllers/auth.js:2066:17)
        at Query.<anonymous> (/root/whatsbot/node_modules/mysql/lib/Connection.js:526:10)
        at Query._callback (/root/whatsbot/node_modules/mysql/lib/Connection.js:488:16)
        at Query.Sequence.end (/root/whatsbot/node_modules/mysql/lib/protocol/sequences/Sequence.js:83:24)
        at Query.ErrorPacket (/root/whatsbot/node_modules/mysql/lib/protocol/sequences/Query.js:92:8)
        at Protocol._parsePacket (/root/whatsbot/node_modules/mysql/lib/protocol/Protocol.js:291:23)
        at Parser._parsePacket (/root/whatsbot/node_modules/mysql/lib/protocol/Parser.js:433:10)
        at Parser.write (/root/whatsbot/node_modules/mysql/lib/protocol/Parser.js:43:10)
[01-02-2021 20:33:41] ERROR	 (1981992 on ubuntu): The first argument must be one of type string or Buffer. Received type object
    TypeError [ERR_INVALID_ARG_TYPE]: The first argument must be one of type string or Buffer. Received type object
        at write_ (_http_outgoing.js:595:11)
        at ServerResponse.write (_http_outgoing.js:567:10)
        at Query.db.query (/root/whatsbot/controllers/auth.js:2066:17)
        at Query.<anonymous> (/root/whatsbot/node_modules/mysql/lib/Connection.js:526:10)
        at Query._callback (/root/whatsbot/node_modules/mysql/lib/Connection.js:488:16)
        at Query.Sequence.end (/root/whatsbot/node_modules/mysql/lib/protocol/sequences/Sequence.js:83:24)
        at Query.ErrorPacket (/root/whatsbot/node_modules/mysql/lib/protocol/sequences/Query.js:92:8)
        at Protocol._parsePacket (/root/whatsbot/node_modules/mysql/lib/protocol/Protocol.js:291:23)
        at Parser._parsePacket (/root/whatsbot/node_modules/mysql/lib/protocol/Parser.js:433:10)
        at Parser.write (/root/whatsbot/node_modules/mysql/lib/protocol/Parser.js:43:10)
[01-02-2021 20:34:21] ERROR	 (1981992 on ubuntu): The first argument must be one of type string or Buffer. Received type object
    TypeError [ERR_INVALID_ARG_TYPE]: The first argument must be one of type string or Buffer. Received type object
        at write_ (_http_outgoing.js:595:11)
        at ServerResponse.write (_http_outgoing.js:567:10)
        at Query.db.query (/root/whatsbot/controllers/auth.js:2066:17)
        at Query.<anonymous> (/root/whatsbot/node_modules/mysql/lib/Connection.js:526:10)
        at Query._callback (/root/whatsbot/node_modules/mysql/lib/Connection.js:488:16)
        at Query.Sequence.end (/root/whatsbot/node_modules/mysql/lib/protocol/sequences/Sequence.js:83:24)
        at Query.ErrorPacket (/root/whatsbot/node_modules/mysql/lib/protocol/sequences/Query.js:92:8)
        at Protocol._parsePacket (/root/whatsbot/node_modules/mysql/lib/protocol/Protocol.js:291:23)
        at Parser._parsePacket (/root/whatsbot/node_modules/mysql/lib/protocol/Parser.js:433:10)
        at Parser.write (/root/whatsbot/node_modules/mysql/lib/protocol/Parser.js:43:10)
[01-02-2021 20:34:57] ERROR	 (1981992 on ubuntu): The first argument must be one of type string or Buffer. Received type object
    TypeError [ERR_INVALID_ARG_TYPE]: The first argument must be one of type string or Buffer. Received type object
        at write_ (_http_outgoing.js:595:11)
        at ServerResponse.write (_http_outgoing.js:567:10)
        at Query.db.query (/root/whatsbot/controllers/auth.js:2066:17)
        at Query.<anonymous> (/root/whatsbot/node_modules/mysql/lib/Connection.js:526:10)
        at Query._callback (/root/whatsbot/node_modules/mysql/lib/Connection.js:488:16)
        at Query.Sequence.end (/root/whatsbot/node_modules/mysql/lib/protocol/sequences/Sequence.js:83:24)
        at Query.ErrorPacket (/root/whatsbot/node_modules/mysql/lib/protocol/sequences/Query.js:92:8)
        at Protocol._parsePacket (/root/whatsbot/node_modules/mysql/lib/protocol/Protocol.js:291:23)
        at Parser._parsePacket (/root/whatsbot/node_modules/mysql/lib/protocol/Parser.js:433:10)
        at Parser.write (/root/whatsbot/node_modules/mysql/lib/protocol/Parser.js:43:10)
[01-02-2021 20:45:17] ERROR	 (1981992 on ubuntu): The first argument must be one of type string or Buffer. Received type object
    TypeError [ERR_INVALID_ARG_TYPE]: The first argument must be one of type string or Buffer. Received type object
        at write_ (_http_outgoing.js:595:11)
        at ServerResponse.write (_http_outgoing.js:567:10)
        at Query.db.query (/root/whatsbot/controllers/auth.js:2066:17)
        at Query.<anonymous> (/root/whatsbot/node_modules/mysql/lib/Connection.js:526:10)
        at Query._callback (/root/whatsbot/node_modules/mysql/lib/Connection.js:488:16)
        at Query.Sequence.end (/root/whatsbot/node_modules/mysql/lib/protocol/sequences/Sequence.js:83:24)
        at Query.ErrorPacket (/root/whatsbot/node_modules/mysql/lib/protocol/sequences/Query.js:92:8)
        at Protocol._parsePacket (/root/whatsbot/node_modules/mysql/lib/protocol/Protocol.js:291:23)
        at Parser._parsePacket (/root/whatsbot/node_modules/mysql/lib/protocol/Parser.js:433:10)
        at Parser.write (/root/whatsbot/node_modules/mysql/lib/protocol/Parser.js:43:10)
[01-02-2021 20:45:18] ERROR	 (1981992 on ubuntu): The first argument must be one of type string or Buffer. Received type object
    TypeError [ERR_INVALID_ARG_TYPE]: The first argument must be one of type string or Buffer. Received type object
        at write_ (_http_outgoing.js:595:11)
        at ServerResponse.write (_http_outgoing.js:567:10)
        at Query.db.query (/root/whatsbot/controllers/auth.js:2066:17)
        at Query.<anonymous> (/root/whatsbot/node_modules/mysql/lib/Connection.js:526:10)
        at Query._callback (/root/whatsbot/node_modules/mysql/lib/Connection.js:488:16)
        at Query.Sequence.end (/root/whatsbot/node_modules/mysql/lib/protocol/sequences/Sequence.js:83:24)
        at Query.ErrorPacket (/root/whatsbot/node_modules/mysql/lib/protocol/sequences/Query.js:92:8)
        at Protocol._parsePacket (/root/whatsbot/node_modules/mysql/lib/protocol/Protocol.js:291:23)
        at Parser._parsePacket (/root/whatsbot/node_modules/mysql/lib/protocol/Parser.js:433:10)
        at Parser.write (/root/whatsbot/node_modules/mysql/lib/protocol/Parser.js:43:10)
[01-02-2021 20:45:18] ERROR	 (1981992 on ubuntu): The first argument must be one of type string or Buffer. Received type object
    TypeError [ERR_INVALID_ARG_TYPE]: The first argument must be one of type string or Buffer. Received type object
        at write_ (_http_outgoing.js:595:11)
        at ServerResponse.write (_http_outgoing.js:567:10)
        at Query.db.query (/root/whatsbot/controllers/auth.js:2066:17)
        at Query.<anonymous> (/root/whatsbot/node_modules/mysql/lib/Connection.js:526:10)
        at Query._callback (/root/whatsbot/node_modules/mysql/lib/Connection.js:488:16)
        at Query.Sequence.end (/root/whatsbot/node_modules/mysql/lib/protocol/sequences/Sequence.js:83:24)
        at Query.ErrorPacket (/root/whatsbot/node_modules/mysql/lib/protocol/sequences/Query.js:92:8)
        at Protocol._parsePacket (/root/whatsbot/node_modules/mysql/lib/protocol/Protocol.js:291:23)
        at Parser._parsePacket (/root/whatsbot/node_modules/mysql/lib/protocol/Parser.js:433:10)
        at Parser.write (/root/whatsbot/node_modules/mysql/lib/protocol/Parser.js:43:10)
[01-02-2021 20:47:38] ERROR	 (1981992 on ubuntu): The first argument must be one of type string or Buffer. Received type object
    TypeError [ERR_INVALID_ARG_TYPE]: The first argument must be one of type string or Buffer. Received type object
        at write_ (_http_outgoing.js:595:11)
        at ServerResponse.write (_http_outgoing.js:567:10)
        at Query.db.query (/root/whatsbot/controllers/auth.js:2066:17)
        at Query.<anonymous> (/root/whatsbot/node_modules/mysql/lib/Connection.js:526:10)
        at Query._callback (/root/whatsbot/node_modules/mysql/lib/Connection.js:488:16)
        at Query.Sequence.end (/root/whatsbot/node_modules/mysql/lib/protocol/sequences/Sequence.js:83:24)
        at Query.ErrorPacket (/root/whatsbot/node_modules/mysql/lib/protocol/sequences/Query.js:92:8)
        at Protocol._parsePacket (/root/whatsbot/node_modules/mysql/lib/protocol/Protocol.js:291:23)
        at Parser._parsePacket (/root/whatsbot/node_modules/mysql/lib/protocol/Parser.js:433:10)
        at Parser.write (/root/whatsbot/node_modules/mysql/lib/protocol/Parser.js:43:10)
[01-02-2021 20:47:47] ERROR	 (1981992 on ubuntu): The first argument must be one of type string or Buffer. Received type object
    TypeError [ERR_INVALID_ARG_TYPE]: The first argument must be one of type string or Buffer. Received type object
        at write_ (_http_outgoing.js:595:11)
        at ServerResponse.write (_http_outgoing.js:567:10)
        at Query.db.query (/root/whatsbot/controllers/auth.js:2066:17)
        at Query.<anonymous> (/root/whatsbot/node_modules/mysql/lib/Connection.js:526:10)
        at Query._callback (/root/whatsbot/node_modules/mysql/lib/Connection.js:488:16)
        at Query.Sequence.end (/root/whatsbot/node_modules/mysql/lib/protocol/sequences/Sequence.js:83:24)
        at Query.ErrorPacket (/root/whatsbot/node_modules/mysql/lib/protocol/sequences/Query.js:92:8)
        at Protocol._parsePacket (/root/whatsbot/node_modules/mysql/lib/protocol/Protocol.js:291:23)
        at Parser._parsePacket (/root/whatsbot/node_modules/mysql/lib/protocol/Parser.js:433:10)
        at Parser.write (/root/whatsbot/node_modules/mysql/lib/protocol/Parser.js:43:10)
[01-02-2021 20:47:48] ERROR	 (1981992 on ubuntu): The first argument must be one of type string or Buffer. Received type object
    TypeError [ERR_INVALID_ARG_TYPE]: The first argument must be one of type string or Buffer. Received type object
        at write_ (_http_outgoing.js:595:11)
        at ServerResponse.write (_http_outgoing.js:567:10)
        at Query.db.query (/root/whatsbot/controllers/auth.js:2066:17)
        at Query.<anonymous> (/root/whatsbot/node_modules/mysql/lib/Connection.js:526:10)
        at Query._callback (/root/whatsbot/node_modules/mysql/lib/Connection.js:488:16)
        at Query.Sequence.end (/root/whatsbot/node_modules/mysql/lib/protocol/sequences/Sequence.js:83:24)
        at Query.ErrorPacket (/root/whatsbot/node_modules/mysql/lib/protocol/sequences/Query.js:92:8)
        at Protocol._parsePacket (/root/whatsbot/node_modules/mysql/lib/protocol/Protocol.js:291:23)
        at Parser._parsePacket (/root/whatsbot/node_modules/mysql/lib/protocol/Parser.js:433:10)
        at Parser.write (/root/whatsbot/node_modules/mysql/lib/protocol/Parser.js:43:10)
[01-02-2021 20:47:48] ERROR	 (1981992 on ubuntu): The first argument must be one of type string or Buffer. Received type object
    TypeError [ERR_INVALID_ARG_TYPE]: The first argument must be one of type string or Buffer. Received type object
        at write_ (_http_outgoing.js:595:11)
        at ServerResponse.write (_http_outgoing.js:567:10)
        at Query.db.query (/root/whatsbot/controllers/auth.js:2066:17)
        at Query.<anonymous> (/root/whatsbot/node_modules/mysql/lib/Connection.js:526:10)
        at Query._callback (/root/whatsbot/node_modules/mysql/lib/Connection.js:488:16)
        at Query.Sequence.end (/root/whatsbot/node_modules/mysql/lib/protocol/sequences/Sequence.js:83:24)
        at Query.ErrorPacket (/root/whatsbot/node_modules/mysql/lib/protocol/sequences/Query.js:92:8)
        at Protocol._parsePacket (/root/whatsbot/node_modules/mysql/lib/protocol/Protocol.js:291:23)
        at Parser._parsePacket (/root/whatsbot/node_modules/mysql/lib/protocol/Parser.js:433:10)
        at Parser.write (/root/whatsbot/node_modules/mysql/lib/protocol/Parser.js:43:10)
[01-02-2021 20:47:49] ERROR	 (1981992 on ubuntu): The first argument must be one of type string or Buffer. Received type object
    TypeError [ERR_INVALID_ARG_TYPE]: The first argument must be one of type string or Buffer. Received type object
        at write_ (_http_outgoing.js:595:11)
        at ServerResponse.write (_http_outgoing.js:567:10)
        at Query.db.query (/root/whatsbot/controllers/auth.js:2066:17)
        at Query.<anonymous> (/root/whatsbot/node_modules/mysql/lib/Connection.js:526:10)
        at Query._callback (/root/whatsbot/node_modules/mysql/lib/Connection.js:488:16)
        at Query.Sequence.end (/root/whatsbot/node_modules/mysql/lib/protocol/sequences/Sequence.js:83:24)
        at Query.ErrorPacket (/root/whatsbot/node_modules/mysql/lib/protocol/sequences/Query.js:92:8)
        at Protocol._parsePacket (/root/whatsbot/node_modules/mysql/lib/protocol/Protocol.js:291:23)
        at Parser._parsePacket (/root/whatsbot/node_modules/mysql/lib/protocol/Parser.js:433:10)
        at Parser.write (/root/whatsbot/node_modules/mysql/lib/protocol/Parser.js:43:10)
[01-02-2021 20:47:49] ERROR	 (1981992 on ubuntu): The first argument must be one of type string or Buffer. Received type object
    TypeError [ERR_INVALID_ARG_TYPE]: The first argument must be one of type string or Buffer. Received type object
        at write_ (_http_outgoing.js:595:11)
        at ServerResponse.write (_http_outgoing.js:567:10)
        at Query.db.query (/root/whatsbot/controllers/auth.js:2066:17)
        at Query.<anonymous> (/root/whatsbot/node_modules/mysql/lib/Connection.js:526:10)
        at Query._callback (/root/whatsbot/node_modules/mysql/lib/Connection.js:488:16)
        at Query.Sequence.end (/root/whatsbot/node_modules/mysql/lib/protocol/sequences/Sequence.js:83:24)
        at Query.ErrorPacket (/root/whatsbot/node_modules/mysql/lib/protocol/sequences/Query.js:92:8)
        at Protocol._parsePacket (/root/whatsbot/node_modules/mysql/lib/protocol/Protocol.js:291:23)
        at Parser._parsePacket (/root/whatsbot/node_modules/mysql/lib/protocol/Parser.js:433:10)
        at Parser.write (/root/whatsbot/node_modules/mysql/lib/protocol/Parser.js:43:10)
[01-02-2021 21:03:06] ERROR	 (1981992 on ubuntu): The first argument must be one of type string or Buffer. Received type object
    TypeError [ERR_INVALID_ARG_TYPE]: The first argument must be one of type string or Buffer. Received type object
        at write_ (_http_outgoing.js:595:11)
        at ServerResponse.write (_http_outgoing.js:567:10)
        at Query.db.query (/root/whatsbot/controllers/auth.js:2066:17)
        at Query.<anonymous> (/root/whatsbot/node_modules/mysql/lib/Connection.js:526:10)
        at Query._callback (/root/whatsbot/node_modules/mysql/lib/Connection.js:488:16)
        at Query.Sequence.end (/root/whatsbot/node_modules/mysql/lib/protocol/sequences/Sequence.js:83:24)
        at Query.ErrorPacket (/root/whatsbot/node_modules/mysql/lib/protocol/sequences/Query.js:92:8)
        at Protocol._parsePacket (/root/whatsbot/node_modules/mysql/lib/protocol/Protocol.js:291:23)
        at Parser._parsePacket (/root/whatsbot/node_modules/mysql/lib/protocol/Parser.js:433:10)
        at Parser.write (/root/whatsbot/node_modules/mysql/lib/protocol/Parser.js:43:10)
[01-02-2021 21:04:07] ERROR	 (1981992 on ubuntu): The first argument must be one of type string or Buffer. Received type object
    TypeError [ERR_INVALID_ARG_TYPE]: The first argument must be one of type string or Buffer. Received type object
        at write_ (_http_outgoing.js:595:11)
        at ServerResponse.write (_http_outgoing.js:567:10)
        at Query.db.query (/root/whatsbot/controllers/auth.js:2066:17)
        at Query.<anonymous> (/root/whatsbot/node_modules/mysql/lib/Connection.js:526:10)
        at Query._callback (/root/whatsbot/node_modules/mysql/lib/Connection.js:488:16)
        at Query.Sequence.end (/root/whatsbot/node_modules/mysql/lib/protocol/sequences/Sequence.js:83:24)
        at Query.ErrorPacket (/root/whatsbot/node_modules/mysql/lib/protocol/sequences/Query.js:92:8)
        at Protocol._parsePacket (/root/whatsbot/node_modules/mysql/lib/protocol/Protocol.js:291:23)
        at Parser._parsePacket (/root/whatsbot/node_modules/mysql/lib/protocol/Parser.js:433:10)
        at Parser.write (/root/whatsbot/node_modules/mysql/lib/protocol/Parser.js:43:10)
[01-02-2021 21:06:30] ERROR	 (1981992 on ubuntu): The first argument must be one of type string or Buffer. Received type object
    TypeError [ERR_INVALID_ARG_TYPE]: The first argument must be one of type string or Buffer. Received type object
        at write_ (_http_outgoing.js:595:11)
        at ServerResponse.write (_http_outgoing.js:567:10)
        at Query.db.query (/root/whatsbot/controllers/auth.js:2066:17)
        at Query.<anonymous> (/root/whatsbot/node_modules/mysql/lib/Connection.js:526:10)
        at Query._callback (/root/whatsbot/node_modules/mysql/lib/Connection.js:488:16)
        at Query.Sequence.end (/root/whatsbot/node_modules/mysql/lib/protocol/sequences/Sequence.js:83:24)
        at Query.ErrorPacket (/root/whatsbot/node_modules/mysql/lib/protocol/sequences/Query.js:92:8)
        at Protocol._parsePacket (/root/whatsbot/node_modules/mysql/lib/protocol/Protocol.js:291:23)
        at Parser._parsePacket (/root/whatsbot/node_modules/mysql/lib/protocol/Parser.js:433:10)
        at Parser.write (/root/whatsbot/node_modules/mysql/lib/protocol/Parser.js:43:10)
[01-02-2021 21:06:30] ERROR	 (1981992 on ubuntu): The first argument must be one of type string or Buffer. Received type object
    TypeError [ERR_INVALID_ARG_TYPE]: The first argument must be one of type string or Buffer. Received type object
        at write_ (_http_outgoing.js:595:11)
        at ServerResponse.write (_http_outgoing.js:567:10)
        at Query.db.query (/root/whatsbot/controllers/auth.js:2066:17)
        at Query.<anonymous> (/root/whatsbot/node_modules/mysql/lib/Connection.js:526:10)
        at Query._callback (/root/whatsbot/node_modules/mysql/lib/Connection.js:488:16)
        at Query.Sequence.end (/root/whatsbot/node_modules/mysql/lib/protocol/sequences/Sequence.js:83:24)
        at Query.ErrorPacket (/root/whatsbot/node_modules/mysql/lib/protocol/sequences/Query.js:92:8)
        at Protocol._parsePacket (/root/whatsbot/node_modules/mysql/lib/protocol/Protocol.js:291:23)
        at Parser._parsePacket (/root/whatsbot/node_modules/mysql/lib/protocol/Parser.js:433:10)
        at Parser.write (/root/whatsbot/node_modules/mysql/lib/protocol/Parser.js:43:10)
[01-02-2021 21:06:31] ERROR	 (1981992 on ubuntu): The first argument must be one of type string or Buffer. Received type object
    TypeError [ERR_INVALID_ARG_TYPE]: The first argument must be one of type string or Buffer. Received type object
        at write_ (_http_outgoing.js:595:11)
        at ServerResponse.write (_http_outgoing.js:567:10)
        at Query.db.query (/root/whatsbot/controllers/auth.js:2066:17)
        at Query.<anonymous> (/root/whatsbot/node_modules/mysql/lib/Connection.js:526:10)
        at Query._callback (/root/whatsbot/node_modules/mysql/lib/Connection.js:488:16)
        at Query.Sequence.end (/root/whatsbot/node_modules/mysql/lib/protocol/sequences/Sequence.js:83:24)
        at Query.ErrorPacket (/root/whatsbot/node_modules/mysql/lib/protocol/sequences/Query.js:92:8)
        at Protocol._parsePacket (/root/whatsbot/node_modules/mysql/lib/protocol/Protocol.js:291:23)
        at Parser._parsePacket (/root/whatsbot/node_modules/mysql/lib/protocol/Parser.js:433:10)
        at Parser.write (/root/whatsbot/node_modules/mysql/lib/protocol/Parser.js:43:10)
[01-02-2021 21:06:31] ERROR	 (1981992 on ubuntu): The first argument must be one of type string or Buffer. Received type object
    TypeError [ERR_INVALID_ARG_TYPE]: The first argument must be one of type string or Buffer. Received type object
        at write_ (_http_outgoing.js:595:11)
        at ServerResponse.write (_http_outgoing.js:567:10)
        at Query.db.query (/root/whatsbot/controllers/auth.js:2066:17)
        at Query.<anonymous> (/root/whatsbot/node_modules/mysql/lib/Connection.js:526:10)
        at Query._callback (/root/whatsbot/node_modules/mysql/lib/Connection.js:488:16)
        at Query.Sequence.end (/root/whatsbot/node_modules/mysql/lib/protocol/sequences/Sequence.js:83:24)
        at Query.ErrorPacket (/root/whatsbot/node_modules/mysql/lib/protocol/sequences/Query.js:92:8)
        at Protocol._parsePacket (/root/whatsbot/node_modules/mysql/lib/protocol/Protocol.js:291:23)
        at Parser._parsePacket (/root/whatsbot/node_modules/mysql/lib/protocol/Parser.js:433:10)
        at Parser.write (/root/whatsbot/node_modules/mysql/lib/protocol/Parser.js:43:10)
[01-02-2021 21:16:42] ERROR	 (1981992 on ubuntu): The first argument must be one of type string or Buffer. Received type object
    TypeError [ERR_INVALID_ARG_TYPE]: The first argument must be one of type string or Buffer. Received type object
        at write_ (_http_outgoing.js:595:11)
        at ServerResponse.write (_http_outgoing.js:567:10)
        at Query.db.query (/root/whatsbot/controllers/auth.js:2066:17)
        at Query.<anonymous> (/root/whatsbot/node_modules/mysql/lib/Connection.js:526:10)
        at Query._callback (/root/whatsbot/node_modules/mysql/lib/Connection.js:488:16)
        at Query.Sequence.end (/root/whatsbot/node_modules/mysql/lib/protocol/sequences/Sequence.js:83:24)
        at Query.ErrorPacket (/root/whatsbot/node_modules/mysql/lib/protocol/sequences/Query.js:92:8)
        at Protocol._parsePacket (/root/whatsbot/node_modules/mysql/lib/protocol/Protocol.js:291:23)
        at Parser._parsePacket (/root/whatsbot/node_modules/mysql/lib/protocol/Parser.js:433:10)
        at Parser.write (/root/whatsbot/node_modules/mysql/lib/protocol/Parser.js:43:10)
[01-02-2021 21:16:55] ERROR	 (1981992 on ubuntu): The first argument must be one of type string or Buffer. Received type object
    TypeError [ERR_INVALID_ARG_TYPE]: The first argument must be one of type string or Buffer. Received type object
        at write_ (_http_outgoing.js:595:11)
        at ServerResponse.write (_http_outgoing.js:567:10)
        at Query.db.query (/root/whatsbot/controllers/auth.js:2066:17)
        at Query.<anonymous> (/root/whatsbot/node_modules/mysql/lib/Connection.js:526:10)
        at Query._callback (/root/whatsbot/node_modules/mysql/lib/Connection.js:488:16)
        at Query.Sequence.end (/root/whatsbot/node_modules/mysql/lib/protocol/sequences/Sequence.js:83:24)
        at Query.ErrorPacket (/root/whatsbot/node_modules/mysql/lib/protocol/sequences/Query.js:92:8)
        at Protocol._parsePacket (/root/whatsbot/node_modules/mysql/lib/protocol/Protocol.js:291:23)
        at Parser._parsePacket (/root/whatsbot/node_modules/mysql/lib/protocol/Parser.js:433:10)
        at Parser.write (/root/whatsbot/node_modules/mysql/lib/protocol/Parser.js:43:10)
[01-02-2021 21:18:07] ERROR	 (1981992 on ubuntu): The first argument must be one of type string or Buffer. Received type object
    TypeError [ERR_INVALID_ARG_TYPE]: The first argument must be one of type string or Buffer. Received type object
        at write_ (_http_outgoing.js:595:11)
        at ServerResponse.write (_http_outgoing.js:567:10)
        at Query.db.query (/root/whatsbot/controllers/auth.js:2066:17)
        at Query.<anonymous> (/root/whatsbot/node_modules/mysql/lib/Connection.js:526:10)
        at Query._callback (/root/whatsbot/node_modules/mysql/lib/Connection.js:488:16)
        at Query.Sequence.end (/root/whatsbot/node_modules/mysql/lib/protocol/sequences/Sequence.js:83:24)
        at Query.ErrorPacket (/root/whatsbot/node_modules/mysql/lib/protocol/sequences/Query.js:92:8)
        at Protocol._parsePacket (/root/whatsbot/node_modules/mysql/lib/protocol/Protocol.js:291:23)
        at Parser._parsePacket (/root/whatsbot/node_modules/mysql/lib/protocol/Parser.js:433:10)
        at Parser.write (/root/whatsbot/node_modules/mysql/lib/protocol/Parser.js:43:10)
[02-02-2021 15:20:25] ERROR	 (1981992 on ubuntu): Connection lost: The server closed the connection.
    Error: Connection lost: The server closed the connection.
        at Protocol.end (/root/whatsbot/node_modules/mysql/lib/protocol/Protocol.js:112:13)
        at Socket.<anonymous> (/root/whatsbot/node_modules/mysql/lib/Connection.js:94:28)
        at Socket.<anonymous> (/root/whatsbot/node_modules/mysql/lib/Connection.js:526:10)
        at Socket.emit (events.js:203:15)
        at endReadableNT (_stream_readable.js:1145:12)
        at process._tickCallback (internal/process/next_tick.js:63:19)
