[12-01-2021 20:08:27] ERROR	 (818431 on ubuntu): Cannot read property 'id' of undefined
    TypeError: Cannot read property 'id' of undefined
        at Query.db.query (/root/whatsbot/controllers/auth.js:872:32)
        at Query.<anonymous> (/root/whatsbot/node_modules/mysql/lib/Connection.js:526:10)
        at Query._callback (/root/whatsbot/node_modules/mysql/lib/Connection.js:488:16)
        at Query.Sequence.end (/root/whatsbot/node_modules/mysql/lib/protocol/sequences/Sequence.js:83:24)
        at Query._handleFinalResultPacket (/root/whatsbot/node_modules/mysql/lib/protocol/sequences/Query.js:149:8)
        at Query.EofPacket (/root/whatsbot/node_modules/mysql/lib/protocol/sequences/Query.js:133:8)
        at Protocol._parsePacket (/root/whatsbot/node_modules/mysql/lib/protocol/Protocol.js:291:23)
        at Parser._parsePacket (/root/whatsbot/node_modules/mysql/lib/protocol/Parser.js:433:10)
        at Parser.write (/root/whatsbot/node_modules/mysql/lib/protocol/Parser.js:43:10)
        at Protocol.write (/root/whatsbot/node_modules/mysql/lib/protocol/Protocol.js:38:16)
[12-01-2021 20:09:37] ERROR	 (818431 on ubuntu): Cannot read property 'id' of undefined
    TypeError: Cannot read property 'id' of undefined
        at Query.db.query (/root/whatsbot/controllers/auth.js:872:32)
        at Query.<anonymous> (/root/whatsbot/node_modules/mysql/lib/Connection.js:526:10)
        at Query._callback (/root/whatsbot/node_modules/mysql/lib/Connection.js:488:16)
        at Query.Sequence.end (/root/whatsbot/node_modules/mysql/lib/protocol/sequences/Sequence.js:83:24)
        at Query._handleFinalResultPacket (/root/whatsbot/node_modules/mysql/lib/protocol/sequences/Query.js:149:8)
        at Query.EofPacket (/root/whatsbot/node_modules/mysql/lib/protocol/sequences/Query.js:133:8)
        at Protocol._parsePacket (/root/whatsbot/node_modules/mysql/lib/protocol/Protocol.js:291:23)
        at Parser._parsePacket (/root/whatsbot/node_modules/mysql/lib/protocol/Parser.js:433:10)
        at Parser.write (/root/whatsbot/node_modules/mysql/lib/protocol/Parser.js:43:10)
        at Protocol.write (/root/whatsbot/node_modules/mysql/lib/protocol/Protocol.js:38:16)
