[23-12-2020 20:40:41] INFO	 (76744 on ubuntu): Startou porta 80
[23-12-2020 20:40:41] INFO	 (76744 on ubuntu): MySQL connected!
[23-12-2020 20:40:46] INFO	 (76744 on ubuntu):
    jwt_usuario: {
      "id": 19,
      "iat": 1608749693,
      "exp": 1616525693
    }
[23-12-2020 20:40:46] INFO	 (76744 on ubuntu):
    login_usuario: {
      "id": 19,
      "created_at": "2020-12-04T20:40:16.000Z",
      "updated_at": null,
      "nome": "Novo Visual",
      "senha": "$2a$08$l5wOqC4U0/RzzRvRjfOH7uontRZchMW3tSTdBu.uBTe170MBD9PUa",
      "email": "novovisual@novovisual.com",
      "maskeid": "gAFg3l",
      "admin": 0
    }
[23-12-2020 20:40:46] INFO	 (76744 on ubuntu): request completed
    res: {
      "statusCode": 304,
      "headers": {
        "x-powered-by": "Express",
        "etag": "W/\"c3d5-QyoLiMUVaNOlRpKnwUz7it20HBs\""
      }
    }
    responseTime: 176
    req: {
      "id": 1,
      "method": "GET",
      "url": "/whats",
      "headers": {
        "host": "bot.zapatendimento.com.br",
        "connection": "keep-alive",
        "cache-control": "max-age=0",
        "upgrade-insecure-requests": "1",
        "user-agent": "Mozilla/5.0 (Windows NT 10.0; Win64; x64) AppleWebKit/537.36 (KHTML, like Gecko) Chrome/87.0.4280.88 Safari/537.36",
        "accept": "text/html,application/xhtml+xml,application/xml;q=0.9,image/avif,image/webp,image/apng,*/*;q=0.8,application/signed-exchange;v=b3;q=0.9",
        "referer": "http://bot.zapatendimento.com.br/whats",
        "accept-encoding": "gzip, deflate",
        "accept-language": "pt-BR,pt;q=0.9,en-US;q=0.8,en;q=0.7,es;q=0.6",
        "cookie": "_ga=GA1.3.199040947.1591923695; jwt=eyJhbGciOiJIUzI1NiIsInR5cCI6IkpXVCJ9.eyJpZCI6MTksImlhdCI6MTYwODc0OTY5MywiZXhwIjoxNjE2NTI1NjkzfQ.GlyQO5Gwl9rzrDj8Vzq7y-x6kAxeH3lQOqchC2UmgWQ; io=5C_sJZLzf-tv9F2lAAAA",
        "if-none-match": "W/\"c3d5-QyoLiMUVaNOlRpKnwUz7it20HBs\""
      },
      "remoteAddress": "::ffff:186.206.254.45",
      "remotePort": 19143
    }
[23-12-2020 20:41:09] INFO	 (76744 on ubuntu): request completed
    res: {
      "statusCode": 200,
      "headers": {
        "x-powered-by": "Express"
      }
    }
    responseTime: 20937
    req: {
      "id": 2,
      "method": "GET",
      "url": "/getqr",
      "headers": {
        "host": "bot.zapatendimento.com.br",
        "connection": "keep-alive",
        "accept": "*/*",
        "user-agent": "Mozilla/5.0 (Windows NT 10.0; Win64; x64) AppleWebKit/537.36 (KHTML, like Gecko) Chrome/87.0.4280.88 Safari/537.36",
        "x-requested-with": "XMLHttpRequest",
        "referer": "http://bot.zapatendimento.com.br/whats",
        "accept-encoding": "gzip, deflate",
        "accept-language": "pt-BR,pt;q=0.9,en-US;q=0.8,en;q=0.7,es;q=0.6",
        "cookie": "_ga=GA1.3.199040947.1591923695; jwt=eyJhbGciOiJIUzI1NiIsInR5cCI6IkpXVCJ9.eyJpZCI6MTksImlhdCI6MTYwODc0OTY5MywiZXhwIjoxNjE2NTI1NjkzfQ.GlyQO5Gwl9rzrDj8Vzq7y-x6kAxeH3lQOqchC2UmgWQ; io=5C_sJZLzf-tv9F2lAAAA"
      },
      "remoteAddress": "::ffff:186.206.254.45",
      "remotePort": 19144
    }
[23-12-2020 20:41:11] INFO	 (76744 on ubuntu): request completed
    res: {
      "statusCode": 200,
      "headers": {
        "x-powered-by": "Express"
      }
    }
    responseTime: 9
    req: {
      "id": 3,
      "method": "POST",
      "url": "/auth/deletarwhats",
      "headers": {
        "host": "bot.zapatendimento.com.br",
        "connection": "keep-alive",
        "content-length": "16",
        "accept": "*/*",
        "x-requested-with": "XMLHttpRequest",
        "user-agent": "Mozilla/5.0 (Windows NT 10.0; Win64; x64) AppleWebKit/537.36 (KHTML, like Gecko) Chrome/87.0.4280.88 Safari/537.36",
        "content-type": "application/x-www-form-urlencoded; charset=UTF-8",
        "origin": "http://bot.zapatendimento.com.br",
        "referer": "http://bot.zapatendimento.com.br/whats",
        "accept-encoding": "gzip, deflate",
        "accept-language": "pt-BR,pt;q=0.9,en-US;q=0.8,en;q=0.7,es;q=0.6",
        "cookie": "_ga=GA1.3.199040947.1591923695; jwt=eyJhbGciOiJIUzI1NiIsInR5cCI6IkpXVCJ9.eyJpZCI6MTksImlhdCI6MTYwODc0OTY5MywiZXhwIjoxNjE2NTI1NjkzfQ.GlyQO5Gwl9rzrDj8Vzq7y-x6kAxeH3lQOqchC2UmgWQ; io=5C_sJZLzf-tv9F2lAAAA"
      },
      "remoteAddress": "::ffff:186.206.254.45",
      "remotePort": 19144
    }
[23-12-2020 20:41:13] INFO	 (76744 on ubuntu):
    jwt_usuario: {
      "id": 19,
      "iat": 1608749693,
      "exp": 1616525693
    }
[23-12-2020 20:41:13] INFO	 (76744 on ubuntu):
    login_usuario: {
      "id": 19,
      "created_at": "2020-12-04T20:40:16.000Z",
      "updated_at": null,
      "nome": "Novo Visual",
      "senha": "$2a$08$l5wOqC4U0/RzzRvRjfOH7uontRZchMW3tSTdBu.uBTe170MBD9PUa",
      "email": "novovisual@novovisual.com",
      "maskeid": "gAFg3l",
      "admin": 0
    }
[23-12-2020 20:41:13] INFO	 (76744 on ubuntu): request completed
    res: {
      "statusCode": 304,
      "headers": {
        "x-powered-by": "Express",
        "etag": "W/\"c3d5-QyoLiMUVaNOlRpKnwUz7it20HBs\""
      }
    }
    responseTime: 88
    req: {
      "id": 4,
      "method": "GET",
      "url": "/whats",
      "headers": {
        "host": "bot.zapatendimento.com.br",
        "connection": "keep-alive",
        "upgrade-insecure-requests": "1",
        "user-agent": "Mozilla/5.0 (Windows NT 10.0; Win64; x64) AppleWebKit/537.36 (KHTML, like Gecko) Chrome/87.0.4280.88 Safari/537.36",
        "accept": "text/html,application/xhtml+xml,application/xml;q=0.9,image/avif,image/webp,image/apng,*/*;q=0.8,application/signed-exchange;v=b3;q=0.9",
        "referer": "http://bot.zapatendimento.com.br/whats",
        "accept-encoding": "gzip, deflate",
        "accept-language": "pt-BR,pt;q=0.9,en-US;q=0.8,en;q=0.7,es;q=0.6",
        "cookie": "_ga=GA1.3.199040947.1591923695; jwt=eyJhbGciOiJIUzI1NiIsInR5cCI6IkpXVCJ9.eyJpZCI6MTksImlhdCI6MTYwODc0OTY5MywiZXhwIjoxNjE2NTI1NjkzfQ.GlyQO5Gwl9rzrDj8Vzq7y-x6kAxeH3lQOqchC2UmgWQ; io=5C_sJZLzf-tv9F2lAAAA",
        "if-none-match": "W/\"c3d5-QyoLiMUVaNOlRpKnwUz7it20HBs\""
      },
      "remoteAddress": "::ffff:186.206.254.45",
      "remotePort": 19163
    }
[23-12-2020 20:56:52] INFO	 (76744 on ubuntu): request completed
    res: {
      "statusCode": 302,
      "headers": {
        "x-powered-by": "Express",
        "set-cookie": "jwt=loggedout; Path=/; Expires=Wed, 23 Dec 2020 20:57:02 GMT; HttpOnly",
        "location": "/",
        "vary": "Accept",
        "content-type": "text/html; charset=utf-8",
        "content-length": "46"
      }
    }
    responseTime: 8
    req: {
      "id": 5,
      "method": "GET",
      "url": "/auth/logout",
      "headers": {
        "host": "bot.zapatendimento.com.br",
        "connection": "keep-alive",
        "upgrade-insecure-requests": "1",
        "user-agent": "Mozilla/5.0 (Windows NT 10.0; Win64; x64) AppleWebKit/537.36 (KHTML, like Gecko) Chrome/87.0.4280.88 Safari/537.36",
        "accept": "text/html,application/xhtml+xml,application/xml;q=0.9,image/avif,image/webp,image/apng,*/*;q=0.8,application/signed-exchange;v=b3;q=0.9",
        "referer": "http://bot.zapatendimento.com.br/whats",
        "accept-encoding": "gzip, deflate",
        "accept-language": "pt-BR,pt;q=0.9,en-US;q=0.8,en;q=0.7,es;q=0.6",
        "cookie": "_ga=GA1.3.199040947.1591923695; jwt=eyJhbGciOiJIUzI1NiIsInR5cCI6IkpXVCJ9.eyJpZCI6MTksImlhdCI6MTYwODc0OTY5MywiZXhwIjoxNjE2NTI1NjkzfQ.GlyQO5Gwl9rzrDj8Vzq7y-x6kAxeH3lQOqchC2UmgWQ; io=5C_sJZLzf-tv9F2lAAAA"
      },
      "remoteAddress": "::ffff:186.206.254.45",
      "remotePort": 19045
    }
[23-12-2020 20:56:52] INFO	 (76744 on ubuntu): request completed
    res: {
      "statusCode": 302,
      "headers": {
        "x-powered-by": "Express",
        "location": "/entrar",
        "vary": "Accept",
        "content-type": "text/html; charset=utf-8",
        "content-length": "58"
      }
    }
    responseTime: 2
    req: {
      "id": 6,
      "method": "GET",
      "url": "/",
      "headers": {
        "host": "bot.zapatendimento.com.br",
        "connection": "keep-alive",
        "upgrade-insecure-requests": "1",
        "user-agent": "Mozilla/5.0 (Windows NT 10.0; Win64; x64) AppleWebKit/537.36 (KHTML, like Gecko) Chrome/87.0.4280.88 Safari/537.36",
        "accept": "text/html,application/xhtml+xml,application/xml;q=0.9,image/avif,image/webp,image/apng,*/*;q=0.8,application/signed-exchange;v=b3;q=0.9",
        "referer": "http://bot.zapatendimento.com.br/whats",
        "accept-encoding": "gzip, deflate",
        "accept-language": "pt-BR,pt;q=0.9,en-US;q=0.8,en;q=0.7,es;q=0.6",
        "cookie": "_ga=GA1.3.199040947.1591923695; io=5C_sJZLzf-tv9F2lAAAA; jwt=loggedout",
        "if-none-match": "W/\"d6de-6oQrhEfd5gl0CfcxnqzJcNFWN3Y\""
      },
      "remoteAddress": "::ffff:186.206.254.45",
      "remotePort": 19045
    }
[23-12-2020 20:56:52] INFO	 (76744 on ubuntu): request completed
    res: {
      "statusCode": 304,
      "headers": {
        "x-powered-by": "Express",
        "etag": "W/\"bca-84PQKdxIX7GqgjoD6JMGxRQgDWU\""
      }
    }
    responseTime: 9
    req: {
      "id": 7,
      "method": "GET",
      "url": "/entrar",
      "headers": {
        "host": "bot.zapatendimento.com.br",
        "connection": "keep-alive",
        "upgrade-insecure-requests": "1",
        "user-agent": "Mozilla/5.0 (Windows NT 10.0; Win64; x64) AppleWebKit/537.36 (KHTML, like Gecko) Chrome/87.0.4280.88 Safari/537.36",
        "accept": "text/html,application/xhtml+xml,application/xml;q=0.9,image/avif,image/webp,image/apng,*/*;q=0.8,application/signed-exchange;v=b3;q=0.9",
        "referer": "http://bot.zapatendimento.com.br/whats",
        "accept-encoding": "gzip, deflate",
        "accept-language": "pt-BR,pt;q=0.9,en-US;q=0.8,en;q=0.7,es;q=0.6",
        "cookie": "_ga=GA1.3.199040947.1591923695; io=5C_sJZLzf-tv9F2lAAAA; jwt=loggedout",
        "if-none-match": "W/\"bca-84PQKdxIX7GqgjoD6JMGxRQgDWU\""
      },
      "remoteAddress": "::ffff:186.206.254.45",
      "remotePort": 19045
    }
[23-12-2020 20:56:53] INFO	 (76744 on ubuntu): request completed
    res: {
      "statusCode": 404,
      "headers": {
        "x-powered-by": "Express",
        "content-security-policy": "default-src 'none'",
        "x-content-type-options": "nosniff",
        "content-type": "text/html; charset=utf-8",
        "content-length": 166
      }
    }
    responseTime: 2
    req: {
      "id": 8,
      "method": "GET",
      "url": "/vendor/jquery/jquery.min.js",
      "headers": {
        "host": "bot.zapatendimento.com.br",
        "connection": "keep-alive",
        "user-agent": "Mozilla/5.0 (Windows NT 10.0; Win64; x64) AppleWebKit/537.36 (KHTML, like Gecko) Chrome/87.0.4280.88 Safari/537.36",
        "accept": "*/*",
        "referer": "http://bot.zapatendimento.com.br/entrar",
        "accept-encoding": "gzip, deflate",
        "accept-language": "pt-BR,pt;q=0.9,en-US;q=0.8,en;q=0.7,es;q=0.6",
        "cookie": "_ga=GA1.3.199040947.1591923695; io=5C_sJZLzf-tv9F2lAAAA; jwt=loggedout"
      },
      "remoteAddress": "::ffff:186.206.254.45",
      "remotePort": 19045
    }
[23-12-2020 20:56:53] INFO	 (76744 on ubuntu): request completed
    res: {
      "statusCode": 404,
      "headers": {
        "x-powered-by": "Express",
        "content-security-policy": "default-src 'none'",
        "x-content-type-options": "nosniff",
        "content-type": "text/html; charset=utf-8",
        "content-length": 180
      }
    }
    responseTime: 1
    req: {
      "id": 9,
      "method": "GET",
      "url": "/vendor/jquery-easing/jquery.easing.min.js",
      "headers": {
        "host": "bot.zapatendimento.com.br",
        "connection": "keep-alive",
        "user-agent": "Mozilla/5.0 (Windows NT 10.0; Win64; x64) AppleWebKit/537.36 (KHTML, like Gecko) Chrome/87.0.4280.88 Safari/537.36",
        "accept": "*/*",
        "referer": "http://bot.zapatendimento.com.br/entrar",
        "accept-encoding": "gzip, deflate",
        "accept-language": "pt-BR,pt;q=0.9,en-US;q=0.8,en;q=0.7,es;q=0.6",
        "cookie": "_ga=GA1.3.199040947.1591923695; io=5C_sJZLzf-tv9F2lAAAA; jwt=loggedout"
      },
      "remoteAddress": "::ffff:186.206.254.45",
      "remotePort": 19044
    }
[23-12-2020 20:56:53] INFO	 (76744 on ubuntu): request completed
    res: {
      "statusCode": 404,
      "headers": {
        "x-powered-by": "Express",
        "content-security-policy": "default-src 'none'",
        "x-content-type-options": "nosniff",
        "content-type": "text/html; charset=utf-8",
        "content-length": 182
      }
    }
    responseTime: 0
    req: {
      "id": 10,
      "method": "GET",
      "url": "/vendor/bootstrap/js/bootstrap.bundle.min.js",
      "headers": {
        "host": "bot.zapatendimento.com.br",
        "connection": "keep-alive",
        "user-agent": "Mozilla/5.0 (Windows NT 10.0; Win64; x64) AppleWebKit/537.36 (KHTML, like Gecko) Chrome/87.0.4280.88 Safari/537.36",
        "accept": "*/*",
        "referer": "http://bot.zapatendimento.com.br/entrar",
        "accept-encoding": "gzip, deflate",
        "accept-language": "pt-BR,pt;q=0.9,en-US;q=0.8,en;q=0.7,es;q=0.6",
        "cookie": "_ga=GA1.3.199040947.1591923695; io=5C_sJZLzf-tv9F2lAAAA; jwt=loggedout"
      },
      "remoteAddress": "::ffff:186.206.254.45",
      "remotePort": 19048
    }
[23-12-2020 20:56:53] INFO	 (76744 on ubuntu): request completed
    res: {
      "statusCode": 404,
      "headers": {
        "x-powered-by": "Express",
        "content-security-policy": "default-src 'none'",
        "x-content-type-options": "nosniff",
        "content-type": "text/html; charset=utf-8",
        "content-length": 159
      }
    }
    responseTime: 1
    req: {
      "id": 11,
      "method": "GET",
      "url": "/js/sb-admin-2.min.js",
      "headers": {
        "host": "bot.zapatendimento.com.br",
        "connection": "keep-alive",
        "user-agent": "Mozilla/5.0 (Windows NT 10.0; Win64; x64) AppleWebKit/537.36 (KHTML, like Gecko) Chrome/87.0.4280.88 Safari/537.36",
        "accept": "*/*",
        "referer": "http://bot.zapatendimento.com.br/entrar",
        "accept-encoding": "gzip, deflate",
        "accept-language": "pt-BR,pt;q=0.9,en-US;q=0.8,en;q=0.7,es;q=0.6",
        "cookie": "_ga=GA1.3.199040947.1591923695; io=5C_sJZLzf-tv9F2lAAAA; jwt=loggedout"
      },
      "remoteAddress": "::ffff:186.206.254.45",
      "remotePort": 19046
    }
[23-12-2020 20:57:00] INFO	 (76744 on ubuntu): request completed
    res: {
      "statusCode": 302,
      "headers": {
        "x-powered-by": "Express",
        "set-cookie": "jwt=eyJhbGciOiJIUzI1NiIsInR5cCI6IkpXVCJ9.eyJpZCI6MjAsImlhdCI6MTYwODc1NzAyMCwiZXhwIjoxNjE2NTMzMDIwfQ.LXgpcN6u257LLnTFxonLYzAa88qHBOyHAh3teVO2SgE; Path=/; Expires=Tue, 23 Mar 2021 20:57:00 GMT; HttpOnly",
        "location": "/",
        "vary": "Accept",
        "content-type": "text/html; charset=utf-8",
        "content-length": "46"
      }
    }
    responseTime: 83
    req: {
      "id": 12,
      "method": "POST",
      "url": "/auth/entrar",
      "headers": {
        "host": "bot.zapatendimento.com.br",
        "connection": "keep-alive",
        "content-length": "38",
        "cache-control": "max-age=0",
        "upgrade-insecure-requests": "1",
        "origin": "http://bot.zapatendimento.com.br",
        "content-type": "application/x-www-form-urlencoded",
        "user-agent": "Mozilla/5.0 (Windows NT 10.0; Win64; x64) AppleWebKit/537.36 (KHTML, like Gecko) Chrome/87.0.4280.88 Safari/537.36",
        "accept": "text/html,application/xhtml+xml,application/xml;q=0.9,image/avif,image/webp,image/apng,*/*;q=0.8,application/signed-exchange;v=b3;q=0.9",
        "referer": "http://bot.zapatendimento.com.br/entrar",
        "accept-encoding": "gzip, deflate",
        "accept-language": "pt-BR,pt;q=0.9,en-US;q=0.8,en;q=0.7,es;q=0.6",
        "cookie": "_ga=GA1.3.199040947.1591923695; io=5C_sJZLzf-tv9F2lAAAA; jwt=loggedout"
      },
      "remoteAddress": "::ffff:186.206.254.45",
      "remotePort": 19051
    }
[23-12-2020 20:57:00] INFO	 (76744 on ubuntu):
    jwt_usuario: {
      "id": 20,
      "iat": 1608757020,
      "exp": 1616533020
    }
[23-12-2020 20:57:00] INFO	 (76744 on ubuntu):
    login_usuario: {
      "id": 20,
      "created_at": "2020-12-08T11:29:31.000Z",
      "updated_at": null,
      "nome": "zapbot",
      "senha": "$2a$08$h9lhZaNO6JFnHjhryDM22OhbF2NBpL9HvE/UVl9IOV8OcAgKcoxC2",
      "email": "zapbot@zapbot.com",
      "maskeid": "0CelQN",
      "admin": 0
    }
[23-12-2020 20:57:00] INFO	 (76744 on ubuntu): request completed
    res: {
      "statusCode": 200,
      "headers": {
        "x-powered-by": "Express",
        "content-type": "text/html; charset=utf-8",
        "content-length": "54995",
        "etag": "W/\"d6d3-UZ76TXpBvwdcp9WQt8tL2Vd85iU\""
      }
    }
    responseTime: 66
    req: {
      "id": 13,
      "method": "GET",
      "url": "/",
      "headers": {
        "host": "bot.zapatendimento.com.br",
        "connection": "keep-alive",
        "cache-control": "max-age=0",
        "upgrade-insecure-requests": "1",
        "user-agent": "Mozilla/5.0 (Windows NT 10.0; Win64; x64) AppleWebKit/537.36 (KHTML, like Gecko) Chrome/87.0.4280.88 Safari/537.36",
        "accept": "text/html,application/xhtml+xml,application/xml;q=0.9,image/avif,image/webp,image/apng,*/*;q=0.8,application/signed-exchange;v=b3;q=0.9",
        "referer": "http://bot.zapatendimento.com.br/entrar",
        "accept-encoding": "gzip, deflate",
        "accept-language": "pt-BR,pt;q=0.9,en-US;q=0.8,en;q=0.7,es;q=0.6",
        "cookie": "_ga=GA1.3.199040947.1591923695; io=5C_sJZLzf-tv9F2lAAAA; jwt=eyJhbGciOiJIUzI1NiIsInR5cCI6IkpXVCJ9.eyJpZCI6MjAsImlhdCI6MTYwODc1NzAyMCwiZXhwIjoxNjE2NTMzMDIwfQ.LXgpcN6u257LLnTFxonLYzAa88qHBOyHAh3teVO2SgE"
      },
      "remoteAddress": "::ffff:186.206.254.45",
      "remotePort": 19051
    }
[23-12-2020 20:57:01] INFO	 (76744 on ubuntu): request completed
    res: {
      "statusCode": 200,
      "headers": {
        "x-powered-by": "Express"
      }
    }
    responseTime: 88
    req: {
      "id": 14,
      "method": "POST",
      "url": "/auth/getmeses",
      "headers": {
        "host": "bot.zapatendimento.com.br",
        "connection": "keep-alive",
        "content-length": "14",
        "accept": "*/*",
        "x-requested-with": "XMLHttpRequest",
        "user-agent": "Mozilla/5.0 (Windows NT 10.0; Win64; x64) AppleWebKit/537.36 (KHTML, like Gecko) Chrome/87.0.4280.88 Safari/537.36",
        "content-type": "application/x-www-form-urlencoded; charset=UTF-8",
        "origin": "http://bot.zapatendimento.com.br",
        "referer": "http://bot.zapatendimento.com.br/",
        "accept-encoding": "gzip, deflate",
        "accept-language": "pt-BR,pt;q=0.9,en-US;q=0.8,en;q=0.7,es;q=0.6",
        "cookie": "_ga=GA1.3.199040947.1591923695; io=5C_sJZLzf-tv9F2lAAAA; jwt=eyJhbGciOiJIUzI1NiIsInR5cCI6IkpXVCJ9.eyJpZCI6MjAsImlhdCI6MTYwODc1NzAyMCwiZXhwIjoxNjE2NTMzMDIwfQ.LXgpcN6u257LLnTFxonLYzAa88qHBOyHAh3teVO2SgE"
      },
      "remoteAddress": "::ffff:186.206.254.45",
      "remotePort": 19056
    }
[23-12-2020 20:57:03] INFO	 (76744 on ubuntu):
    jwt_usuario: {
      "id": 20,
      "iat": 1608757020,
      "exp": 1616533020
    }
[23-12-2020 20:57:03] INFO	 (76744 on ubuntu):
    login_usuario: {
      "id": 20,
      "created_at": "2020-12-08T11:29:31.000Z",
      "updated_at": null,
      "nome": "zapbot",
      "senha": "$2a$08$h9lhZaNO6JFnHjhryDM22OhbF2NBpL9HvE/UVl9IOV8OcAgKcoxC2",
      "email": "zapbot@zapbot.com",
      "maskeid": "0CelQN",
      "admin": 0
    }
[23-12-2020 20:57:03] INFO	 (76744 on ubuntu): request completed
    res: {
      "statusCode": 200,
      "headers": {
        "x-powered-by": "Express",
        "content-type": "text/html; charset=utf-8",
        "content-length": "50128",
        "etag": "W/\"c3d0-mf5QM72bqE/RboyvB3pQQMjAbSc\""
      }
    }
    responseTime: 134
    req: {
      "id": 15,
      "method": "GET",
      "url": "/whats",
      "headers": {
        "host": "bot.zapatendimento.com.br",
        "connection": "keep-alive",
        "upgrade-insecure-requests": "1",
        "user-agent": "Mozilla/5.0 (Windows NT 10.0; Win64; x64) AppleWebKit/537.36 (KHTML, like Gecko) Chrome/87.0.4280.88 Safari/537.36",
        "accept": "text/html,application/xhtml+xml,application/xml;q=0.9,image/avif,image/webp,image/apng,*/*;q=0.8,application/signed-exchange;v=b3;q=0.9",
        "referer": "http://bot.zapatendimento.com.br/",
        "accept-encoding": "gzip, deflate",
        "accept-language": "pt-BR,pt;q=0.9,en-US;q=0.8,en;q=0.7,es;q=0.6",
        "cookie": "_ga=GA1.3.199040947.1591923695; io=5C_sJZLzf-tv9F2lAAAA; jwt=eyJhbGciOiJIUzI1NiIsInR5cCI6IkpXVCJ9.eyJpZCI6MjAsImlhdCI6MTYwODc1NzAyMCwiZXhwIjoxNjE2NTMzMDIwfQ.LXgpcN6u257LLnTFxonLYzAa88qHBOyHAh3teVO2SgE",
        "if-none-match": "W/\"c3d5-QyoLiMUVaNOlRpKnwUz7it20HBs\""
      },
      "remoteAddress": "::ffff:186.206.254.45",
      "remotePort": 19056
    }
[23-12-2020 20:57:30] INFO	 (76744 on ubuntu): request completed
    res: {
      "statusCode": 200,
      "headers": {
        "x-powered-by": "Express",
        "content-type": "text/html; charset=utf-8",
        "content-length": "47796",
        "etag": "W/\"bab4-6EhpC6qk2pv/a1CBGpwQ/DzD+i0\""
      }
    }
    responseTime: 35
    req: {
      "id": 17,
      "method": "GET",
      "url": "/bot",
      "headers": {
        "host": "bot.zapatendimento.com.br",
        "connection": "keep-alive",
        "upgrade-insecure-requests": "1",
        "user-agent": "Mozilla/5.0 (Windows NT 10.0; Win64; x64) AppleWebKit/537.36 (KHTML, like Gecko) Chrome/87.0.4280.88 Safari/537.36",
        "accept": "text/html,application/xhtml+xml,application/xml;q=0.9,image/avif,image/webp,image/apng,*/*;q=0.8,application/signed-exchange;v=b3;q=0.9",
        "referer": "http://bot.zapatendimento.com.br/whats",
        "accept-encoding": "gzip, deflate",
        "accept-language": "pt-BR,pt;q=0.9,en-US;q=0.8,en;q=0.7,es;q=0.6",
        "cookie": "_ga=GA1.3.199040947.1591923695; io=5C_sJZLzf-tv9F2lAAAA; jwt=eyJhbGciOiJIUzI1NiIsInR5cCI6IkpXVCJ9.eyJpZCI6MjAsImlhdCI6MTYwODc1NzAyMCwiZXhwIjoxNjE2NTMzMDIwfQ.LXgpcN6u257LLnTFxonLYzAa88qHBOyHAh3teVO2SgE",
        "if-none-match": "W/\"d08f-t359qrNiKWalOdcOn+nNYF2hwbE\""
      },
      "remoteAddress": "::ffff:186.206.254.45",
      "remotePort": 19074
    }
[23-12-2020 20:57:32] INFO	 (76744 on ubuntu):
    jwt_usuario: {
      "id": 20,
      "iat": 1608757020,
      "exp": 1616533020
    }
[23-12-2020 20:57:32] INFO	 (76744 on ubuntu):
    login_usuario: {
      "id": 20,
      "created_at": "2020-12-08T11:29:31.000Z",
      "updated_at": null,
      "nome": "zapbot",
      "senha": "$2a$08$h9lhZaNO6JFnHjhryDM22OhbF2NBpL9HvE/UVl9IOV8OcAgKcoxC2",
      "email": "zapbot@zapbot.com",
      "maskeid": "0CelQN",
      "admin": 0
    }
[23-12-2020 20:57:32] INFO	 (76744 on ubuntu): request completed
    res: {
      "statusCode": 304,
      "headers": {
        "x-powered-by": "Express",
        "etag": "W/\"c3d0-mf5QM72bqE/RboyvB3pQQMjAbSc\""
      }
    }
    responseTime: 121
    req: {
      "id": 18,
      "method": "GET",
      "url": "/whats",
      "headers": {
        "host": "bot.zapatendimento.com.br",
        "connection": "keep-alive",
        "upgrade-insecure-requests": "1",
        "user-agent": "Mozilla/5.0 (Windows NT 10.0; Win64; x64) AppleWebKit/537.36 (KHTML, like Gecko) Chrome/87.0.4280.88 Safari/537.36",
        "accept": "text/html,application/xhtml+xml,application/xml;q=0.9,image/avif,image/webp,image/apng,*/*;q=0.8,application/signed-exchange;v=b3;q=0.9",
        "referer": "http://bot.zapatendimento.com.br/bot",
        "accept-encoding": "gzip, deflate",
        "accept-language": "pt-BR,pt;q=0.9,en-US;q=0.8,en;q=0.7,es;q=0.6",
        "cookie": "_ga=GA1.3.199040947.1591923695; io=5C_sJZLzf-tv9F2lAAAA; jwt=eyJhbGciOiJIUzI1NiIsInR5cCI6IkpXVCJ9.eyJpZCI6MjAsImlhdCI6MTYwODc1NzAyMCwiZXhwIjoxNjE2NTMzMDIwfQ.LXgpcN6u257LLnTFxonLYzAa88qHBOyHAh3teVO2SgE",
        "if-none-match": "W/\"c3d0-mf5QM72bqE/RboyvB3pQQMjAbSc\""
      },
      "remoteAddress": "::ffff:186.206.254.45",
      "remotePort": 19074
    }
