[23-12-2020 16:02:03] INFO	 (60132 on ubuntu): Startou porta 80
[23-12-2020 16:02:04] INFO	 (60132 on ubuntu): MySQL connected!
[23-12-2020 16:02:07] INFO	 (60132 on ubuntu): request completed
    res: {
      "statusCode": 200,
      "headers": {
        "x-powered-by": "Express",
        "content-type": "text/html; charset=utf-8",
        "content-length": "70368",
        "etag": "W/\"112e0-e28EdRc3WowYs1MX0h1qXplk9NE\""
      }
    }
    responseTime: 131
    req: {
      "id": 1,
      "method": "GET",
      "url": "/contatos",
      "headers": {
        "host": "bot.zapatendimento.com.br",
        "connection": "keep-alive",
        "cache-control": "max-age=0",
        "upgrade-insecure-requests": "1",
        "user-agent": "Mozilla/5.0 (Windows NT 10.0; Win64; x64) AppleWebKit/537.36 (KHTML, like Gecko) Chrome/87.0.4280.88 Safari/537.36",
        "accept": "text/html,application/xhtml+xml,application/xml;q=0.9,image/avif,image/webp,image/apng,*/*;q=0.8,application/signed-exchange;v=b3;q=0.9",
        "referer": "http://bot.zapatendimento.com.br/contatos",
        "accept-encoding": "gzip, deflate",
        "accept-language": "pt-BR,pt;q=0.9,en-US;q=0.8,en;q=0.7,es;q=0.6",
        "cookie": "_ga=GA1.3.199040947.1591923695; jwtatendente=eyJhbGciOiJIUzI1NiIsInR5cCI6IkpXVCJ9.eyJpZCI6NjQsImlkX3NldG9yIjoiMCIsImlhdCI6MTYwODMxMzIwNCwiZXhwIjoxNjE2MDg5MjA0fQ.g8wbHfcvtrRdpocAN9PKmpAa39GdPpgQVwyU70VhxP0; jwt=eyJhbGciOiJIUzI1NiIsInR5cCI6IkpXVCJ9.eyJpZCI6MjAsImlhdCI6MTYwODcyMzIyOSwiZXhwIjoxNjE2NDk5MjI5fQ.kJE-aiQsSSNjbMDBSRGeI-CEBKkkRslEzZKC8sp1kNg",
        "if-none-match": "W/\"112e0-3wGZLORv2UmYMpB8b4wF+1HU1bs\""
      },
      "remoteAddress": "::ffff:186.206.254.45",
      "remotePort": 19442
    }
[23-12-2020 16:02:19] INFO	 (60132 on ubuntu): request completed
    res: {
      "statusCode": 200,
      "headers": {
        "x-powered-by": "Express"
      }
    }
    responseTime: 17
    req: {
      "id": 2,
      "method": "POST",
      "url": "/auth/addcontato",
      "headers": {
        "host": "bot.zapatendimento.com.br",
        "connection": "keep-alive",
        "content-length": "68",
        "accept": "*/*",
        "x-requested-with": "XMLHttpRequest",
        "user-agent": "Mozilla/5.0 (Windows NT 10.0; Win64; x64) AppleWebKit/537.36 (KHTML, like Gecko) Chrome/87.0.4280.88 Safari/537.36",
        "content-type": "application/x-www-form-urlencoded; charset=UTF-8",
        "origin": "http://bot.zapatendimento.com.br",
        "referer": "http://bot.zapatendimento.com.br/contatos",
        "accept-encoding": "gzip, deflate",
        "accept-language": "pt-BR,pt;q=0.9,en-US;q=0.8,en;q=0.7,es;q=0.6",
        "cookie": "_ga=GA1.3.199040947.1591923695; jwtatendente=eyJhbGciOiJIUzI1NiIsInR5cCI6IkpXVCJ9.eyJpZCI6NjQsImlkX3NldG9yIjoiMCIsImlhdCI6MTYwODMxMzIwNCwiZXhwIjoxNjE2MDg5MjA0fQ.g8wbHfcvtrRdpocAN9PKmpAa39GdPpgQVwyU70VhxP0; jwt=eyJhbGciOiJIUzI1NiIsInR5cCI6IkpXVCJ9.eyJpZCI6MjAsImlhdCI6MTYwODcyMzIyOSwiZXhwIjoxNjE2NDk5MjI5fQ.kJE-aiQsSSNjbMDBSRGeI-CEBKkkRslEzZKC8sp1kNg"
      },
      "remoteAddress": "::ffff:186.206.254.45",
      "remotePort": 19453
    }
[23-12-2020 16:02:19] INFO	 (60132 on ubuntu): request completed
    res: {
      "statusCode": 200,
      "headers": {
        "x-powered-by": "Express"
      }
    }
    responseTime: 10
    req: {
      "id": 3,
      "method": "POST",
      "url": "/auth/addcontato",
      "headers": {
        "host": "bot.zapatendimento.com.br",
        "connection": "keep-alive",
        "content-length": "68",
        "accept": "*/*",
        "x-requested-with": "XMLHttpRequest",
        "user-agent": "Mozilla/5.0 (Windows NT 10.0; Win64; x64) AppleWebKit/537.36 (KHTML, like Gecko) Chrome/87.0.4280.88 Safari/537.36",
        "content-type": "application/x-www-form-urlencoded; charset=UTF-8",
        "origin": "http://bot.zapatendimento.com.br",
        "referer": "http://bot.zapatendimento.com.br/contatos",
        "accept-encoding": "gzip, deflate",
        "accept-language": "pt-BR,pt;q=0.9,en-US;q=0.8,en;q=0.7,es;q=0.6",
        "cookie": "_ga=GA1.3.199040947.1591923695; jwtatendente=eyJhbGciOiJIUzI1NiIsInR5cCI6IkpXVCJ9.eyJpZCI6NjQsImlkX3NldG9yIjoiMCIsImlhdCI6MTYwODMxMzIwNCwiZXhwIjoxNjE2MDg5MjA0fQ.g8wbHfcvtrRdpocAN9PKmpAa39GdPpgQVwyU70VhxP0; jwt=eyJhbGciOiJIUzI1NiIsInR5cCI6IkpXVCJ9.eyJpZCI6MjAsImlhdCI6MTYwODcyMzIyOSwiZXhwIjoxNjE2NDk5MjI5fQ.kJE-aiQsSSNjbMDBSRGeI-CEBKkkRslEzZKC8sp1kNg"
      },
      "remoteAddress": "::ffff:186.206.254.45",
      "remotePort": 19453
    }
[23-12-2020 16:02:19] INFO	 (60132 on ubuntu): request completed
    res: {
      "statusCode": 200,
      "headers": {
        "x-powered-by": "Express"
      }
    }
    responseTime: 17
    req: {
      "id": 4,
      "method": "POST",
      "url": "/auth/addcontato",
      "headers": {
        "host": "bot.zapatendimento.com.br",
        "connection": "keep-alive",
        "content-length": "68",
        "accept": "*/*",
        "x-requested-with": "XMLHttpRequest",
        "user-agent": "Mozilla/5.0 (Windows NT 10.0; Win64; x64) AppleWebKit/537.36 (KHTML, like Gecko) Chrome/87.0.4280.88 Safari/537.36",
        "content-type": "application/x-www-form-urlencoded; charset=UTF-8",
        "origin": "http://bot.zapatendimento.com.br",
        "referer": "http://bot.zapatendimento.com.br/contatos",
        "accept-encoding": "gzip, deflate",
        "accept-language": "pt-BR,pt;q=0.9,en-US;q=0.8,en;q=0.7,es;q=0.6",
        "cookie": "_ga=GA1.3.199040947.1591923695; jwtatendente=eyJhbGciOiJIUzI1NiIsInR5cCI6IkpXVCJ9.eyJpZCI6NjQsImlkX3NldG9yIjoiMCIsImlhdCI6MTYwODMxMzIwNCwiZXhwIjoxNjE2MDg5MjA0fQ.g8wbHfcvtrRdpocAN9PKmpAa39GdPpgQVwyU70VhxP0; jwt=eyJhbGciOiJIUzI1NiIsInR5cCI6IkpXVCJ9.eyJpZCI6MjAsImlhdCI6MTYwODcyMzIyOSwiZXhwIjoxNjE2NDk5MjI5fQ.kJE-aiQsSSNjbMDBSRGeI-CEBKkkRslEzZKC8sp1kNg"
      },
      "remoteAddress": "::ffff:186.206.254.45",
      "remotePort": 19453
    }
[23-12-2020 16:02:20] INFO	 (60132 on ubuntu): request completed
    res: {
      "statusCode": 200,
      "headers": {
        "x-powered-by": "Express"
      }
    }
    responseTime: 14
    req: {
      "id": 5,
      "method": "POST",
      "url": "/auth/addcontato",
      "headers": {
        "host": "bot.zapatendimento.com.br",
        "connection": "keep-alive",
        "content-length": "68",
        "accept": "*/*",
        "x-requested-with": "XMLHttpRequest",
        "user-agent": "Mozilla/5.0 (Windows NT 10.0; Win64; x64) AppleWebKit/537.36 (KHTML, like Gecko) Chrome/87.0.4280.88 Safari/537.36",
        "content-type": "application/x-www-form-urlencoded; charset=UTF-8",
        "origin": "http://bot.zapatendimento.com.br",
        "referer": "http://bot.zapatendimento.com.br/contatos",
        "accept-encoding": "gzip, deflate",
        "accept-language": "pt-BR,pt;q=0.9,en-US;q=0.8,en;q=0.7,es;q=0.6",
        "cookie": "_ga=GA1.3.199040947.1591923695; jwtatendente=eyJhbGciOiJIUzI1NiIsInR5cCI6IkpXVCJ9.eyJpZCI6NjQsImlkX3NldG9yIjoiMCIsImlhdCI6MTYwODMxMzIwNCwiZXhwIjoxNjE2MDg5MjA0fQ.g8wbHfcvtrRdpocAN9PKmpAa39GdPpgQVwyU70VhxP0; jwt=eyJhbGciOiJIUzI1NiIsInR5cCI6IkpXVCJ9.eyJpZCI6MjAsImlhdCI6MTYwODcyMzIyOSwiZXhwIjoxNjE2NDk5MjI5fQ.kJE-aiQsSSNjbMDBSRGeI-CEBKkkRslEzZKC8sp1kNg"
      },
      "remoteAddress": "::ffff:186.206.254.45",
      "remotePort": 19453
    }
[23-12-2020 16:02:20] INFO	 (60132 on ubuntu): request completed
    res: {
      "statusCode": 200,
      "headers": {
        "x-powered-by": "Express"
      }
    }
    responseTime: 15
    req: {
      "id": 6,
      "method": "POST",
      "url": "/auth/addcontato",
      "headers": {
        "host": "bot.zapatendimento.com.br",
        "connection": "keep-alive",
        "content-length": "68",
        "accept": "*/*",
        "x-requested-with": "XMLHttpRequest",
        "user-agent": "Mozilla/5.0 (Windows NT 10.0; Win64; x64) AppleWebKit/537.36 (KHTML, like Gecko) Chrome/87.0.4280.88 Safari/537.36",
        "content-type": "application/x-www-form-urlencoded; charset=UTF-8",
        "origin": "http://bot.zapatendimento.com.br",
        "referer": "http://bot.zapatendimento.com.br/contatos",
        "accept-encoding": "gzip, deflate",
        "accept-language": "pt-BR,pt;q=0.9,en-US;q=0.8,en;q=0.7,es;q=0.6",
        "cookie": "_ga=GA1.3.199040947.1591923695; jwtatendente=eyJhbGciOiJIUzI1NiIsInR5cCI6IkpXVCJ9.eyJpZCI6NjQsImlkX3NldG9yIjoiMCIsImlhdCI6MTYwODMxMzIwNCwiZXhwIjoxNjE2MDg5MjA0fQ.g8wbHfcvtrRdpocAN9PKmpAa39GdPpgQVwyU70VhxP0; jwt=eyJhbGciOiJIUzI1NiIsInR5cCI6IkpXVCJ9.eyJpZCI6MjAsImlhdCI6MTYwODcyMzIyOSwiZXhwIjoxNjE2NDk5MjI5fQ.kJE-aiQsSSNjbMDBSRGeI-CEBKkkRslEzZKC8sp1kNg"
      },
      "remoteAddress": "::ffff:186.206.254.45",
      "remotePort": 19453
    }
[23-12-2020 16:02:20] INFO	 (60132 on ubuntu): request completed
    res: {
      "statusCode": 200,
      "headers": {
        "x-powered-by": "Express"
      }
    }
    responseTime: 13
    req: {
      "id": 7,
      "method": "POST",
      "url": "/auth/addcontato",
      "headers": {
        "host": "bot.zapatendimento.com.br",
        "connection": "keep-alive",
        "content-length": "68",
        "accept": "*/*",
        "x-requested-with": "XMLHttpRequest",
        "user-agent": "Mozilla/5.0 (Windows NT 10.0; Win64; x64) AppleWebKit/537.36 (KHTML, like Gecko) Chrome/87.0.4280.88 Safari/537.36",
        "content-type": "application/x-www-form-urlencoded; charset=UTF-8",
        "origin": "http://bot.zapatendimento.com.br",
        "referer": "http://bot.zapatendimento.com.br/contatos",
        "accept-encoding": "gzip, deflate",
        "accept-language": "pt-BR,pt;q=0.9,en-US;q=0.8,en;q=0.7,es;q=0.6",
        "cookie": "_ga=GA1.3.199040947.1591923695; jwtatendente=eyJhbGciOiJIUzI1NiIsInR5cCI6IkpXVCJ9.eyJpZCI6NjQsImlkX3NldG9yIjoiMCIsImlhdCI6MTYwODMxMzIwNCwiZXhwIjoxNjE2MDg5MjA0fQ.g8wbHfcvtrRdpocAN9PKmpAa39GdPpgQVwyU70VhxP0; jwt=eyJhbGciOiJIUzI1NiIsInR5cCI6IkpXVCJ9.eyJpZCI6MjAsImlhdCI6MTYwODcyMzIyOSwiZXhwIjoxNjE2NDk5MjI5fQ.kJE-aiQsSSNjbMDBSRGeI-CEBKkkRslEzZKC8sp1kNg"
      },
      "remoteAddress": "::ffff:186.206.254.45",
      "remotePort": 19453
    }
[23-12-2020 16:02:20] INFO	 (60132 on ubuntu): request completed
    res: {
      "statusCode": 200,
      "headers": {
        "x-powered-by": "Express"
      }
    }
    responseTime: 12
    req: {
      "id": 8,
      "method": "POST",
      "url": "/auth/addcontato",
      "headers": {
        "host": "bot.zapatendimento.com.br",
        "connection": "keep-alive",
        "content-length": "68",
        "accept": "*/*",
        "x-requested-with": "XMLHttpRequest",
        "user-agent": "Mozilla/5.0 (Windows NT 10.0; Win64; x64) AppleWebKit/537.36 (KHTML, like Gecko) Chrome/87.0.4280.88 Safari/537.36",
        "content-type": "application/x-www-form-urlencoded; charset=UTF-8",
        "origin": "http://bot.zapatendimento.com.br",
        "referer": "http://bot.zapatendimento.com.br/contatos",
        "accept-encoding": "gzip, deflate",
        "accept-language": "pt-BR,pt;q=0.9,en-US;q=0.8,en;q=0.7,es;q=0.6",
        "cookie": "_ga=GA1.3.199040947.1591923695; jwtatendente=eyJhbGciOiJIUzI1NiIsInR5cCI6IkpXVCJ9.eyJpZCI6NjQsImlkX3NldG9yIjoiMCIsImlhdCI6MTYwODMxMzIwNCwiZXhwIjoxNjE2MDg5MjA0fQ.g8wbHfcvtrRdpocAN9PKmpAa39GdPpgQVwyU70VhxP0; jwt=eyJhbGciOiJIUzI1NiIsInR5cCI6IkpXVCJ9.eyJpZCI6MjAsImlhdCI6MTYwODcyMzIyOSwiZXhwIjoxNjE2NDk5MjI5fQ.kJE-aiQsSSNjbMDBSRGeI-CEBKkkRslEzZKC8sp1kNg"
      },
      "remoteAddress": "::ffff:186.206.254.45",
      "remotePort": 19453
    }
[23-12-2020 16:02:20] INFO	 (60132 on ubuntu): request completed
    res: {
      "statusCode": 200,
      "headers": {
        "x-powered-by": "Express"
      }
    }
    responseTime: 11
    req: {
      "id": 9,
      "method": "POST",
      "url": "/auth/addcontato",
      "headers": {
        "host": "bot.zapatendimento.com.br",
        "connection": "keep-alive",
        "content-length": "68",
        "accept": "*/*",
        "x-requested-with": "XMLHttpRequest",
        "user-agent": "Mozilla/5.0 (Windows NT 10.0; Win64; x64) AppleWebKit/537.36 (KHTML, like Gecko) Chrome/87.0.4280.88 Safari/537.36",
        "content-type": "application/x-www-form-urlencoded; charset=UTF-8",
        "origin": "http://bot.zapatendimento.com.br",
        "referer": "http://bot.zapatendimento.com.br/contatos",
        "accept-encoding": "gzip, deflate",
        "accept-language": "pt-BR,pt;q=0.9,en-US;q=0.8,en;q=0.7,es;q=0.6",
        "cookie": "_ga=GA1.3.199040947.1591923695; jwtatendente=eyJhbGciOiJIUzI1NiIsInR5cCI6IkpXVCJ9.eyJpZCI6NjQsImlkX3NldG9yIjoiMCIsImlhdCI6MTYwODMxMzIwNCwiZXhwIjoxNjE2MDg5MjA0fQ.g8wbHfcvtrRdpocAN9PKmpAa39GdPpgQVwyU70VhxP0; jwt=eyJhbGciOiJIUzI1NiIsInR5cCI6IkpXVCJ9.eyJpZCI6MjAsImlhdCI6MTYwODcyMzIyOSwiZXhwIjoxNjE2NDk5MjI5fQ.kJE-aiQsSSNjbMDBSRGeI-CEBKkkRslEzZKC8sp1kNg"
      },
      "remoteAddress": "::ffff:186.206.254.45",
      "remotePort": 19453
    }
[23-12-2020 16:02:21] INFO	 (60132 on ubuntu): request completed
    res: {
      "statusCode": 200,
      "headers": {
        "x-powered-by": "Express"
      }
    }
    responseTime: 10
    req: {
      "id": 10,
      "method": "POST",
      "url": "/auth/addcontato",
      "headers": {
        "host": "bot.zapatendimento.com.br",
        "connection": "keep-alive",
        "content-length": "68",
        "accept": "*/*",
        "x-requested-with": "XMLHttpRequest",
        "user-agent": "Mozilla/5.0 (Windows NT 10.0; Win64; x64) AppleWebKit/537.36 (KHTML, like Gecko) Chrome/87.0.4280.88 Safari/537.36",
        "content-type": "application/x-www-form-urlencoded; charset=UTF-8",
        "origin": "http://bot.zapatendimento.com.br",
        "referer": "http://bot.zapatendimento.com.br/contatos",
        "accept-encoding": "gzip, deflate",
        "accept-language": "pt-BR,pt;q=0.9,en-US;q=0.8,en;q=0.7,es;q=0.6",
        "cookie": "_ga=GA1.3.199040947.1591923695; jwtatendente=eyJhbGciOiJIUzI1NiIsInR5cCI6IkpXVCJ9.eyJpZCI6NjQsImlkX3NldG9yIjoiMCIsImlhdCI6MTYwODMxMzIwNCwiZXhwIjoxNjE2MDg5MjA0fQ.g8wbHfcvtrRdpocAN9PKmpAa39GdPpgQVwyU70VhxP0; jwt=eyJhbGciOiJIUzI1NiIsInR5cCI6IkpXVCJ9.eyJpZCI6MjAsImlhdCI6MTYwODcyMzIyOSwiZXhwIjoxNjE2NDk5MjI5fQ.kJE-aiQsSSNjbMDBSRGeI-CEBKkkRslEzZKC8sp1kNg"
      },
      "remoteAddress": "::ffff:186.206.254.45",
      "remotePort": 19453
    }
[23-12-2020 16:02:21] INFO	 (60132 on ubuntu): request completed
    res: {
      "statusCode": 200,
      "headers": {
        "x-powered-by": "Express"
      }
    }
    responseTime: 12
    req: {
      "id": 11,
      "method": "POST",
      "url": "/auth/addcontato",
      "headers": {
        "host": "bot.zapatendimento.com.br",
        "connection": "keep-alive",
        "content-length": "68",
        "accept": "*/*",
        "x-requested-with": "XMLHttpRequest",
        "user-agent": "Mozilla/5.0 (Windows NT 10.0; Win64; x64) AppleWebKit/537.36 (KHTML, like Gecko) Chrome/87.0.4280.88 Safari/537.36",
        "content-type": "application/x-www-form-urlencoded; charset=UTF-8",
        "origin": "http://bot.zapatendimento.com.br",
        "referer": "http://bot.zapatendimento.com.br/contatos",
        "accept-encoding": "gzip, deflate",
        "accept-language": "pt-BR,pt;q=0.9,en-US;q=0.8,en;q=0.7,es;q=0.6",
        "cookie": "_ga=GA1.3.199040947.1591923695; jwtatendente=eyJhbGciOiJIUzI1NiIsInR5cCI6IkpXVCJ9.eyJpZCI6NjQsImlkX3NldG9yIjoiMCIsImlhdCI6MTYwODMxMzIwNCwiZXhwIjoxNjE2MDg5MjA0fQ.g8wbHfcvtrRdpocAN9PKmpAa39GdPpgQVwyU70VhxP0; jwt=eyJhbGciOiJIUzI1NiIsInR5cCI6IkpXVCJ9.eyJpZCI6MjAsImlhdCI6MTYwODcyMzIyOSwiZXhwIjoxNjE2NDk5MjI5fQ.kJE-aiQsSSNjbMDBSRGeI-CEBKkkRslEzZKC8sp1kNg"
      },
      "remoteAddress": "::ffff:186.206.254.45",
      "remotePort": 19453
    }
[23-12-2020 16:02:21] INFO	 (60132 on ubuntu): request completed
    res: {
      "statusCode": 200,
      "headers": {
        "x-powered-by": "Express"
      }
    }
    responseTime: 13
    req: {
      "id": 12,
      "method": "POST",
      "url": "/auth/addcontato",
      "headers": {
        "host": "bot.zapatendimento.com.br",
        "connection": "keep-alive",
        "content-length": "68",
        "accept": "*/*",
        "x-requested-with": "XMLHttpRequest",
        "user-agent": "Mozilla/5.0 (Windows NT 10.0; Win64; x64) AppleWebKit/537.36 (KHTML, like Gecko) Chrome/87.0.4280.88 Safari/537.36",
        "content-type": "application/x-www-form-urlencoded; charset=UTF-8",
        "origin": "http://bot.zapatendimento.com.br",
        "referer": "http://bot.zapatendimento.com.br/contatos",
        "accept-encoding": "gzip, deflate",
        "accept-language": "pt-BR,pt;q=0.9,en-US;q=0.8,en;q=0.7,es;q=0.6",
        "cookie": "_ga=GA1.3.199040947.1591923695; jwtatendente=eyJhbGciOiJIUzI1NiIsInR5cCI6IkpXVCJ9.eyJpZCI6NjQsImlkX3NldG9yIjoiMCIsImlhdCI6MTYwODMxMzIwNCwiZXhwIjoxNjE2MDg5MjA0fQ.g8wbHfcvtrRdpocAN9PKmpAa39GdPpgQVwyU70VhxP0; jwt=eyJhbGciOiJIUzI1NiIsInR5cCI6IkpXVCJ9.eyJpZCI6MjAsImlhdCI6MTYwODcyMzIyOSwiZXhwIjoxNjE2NDk5MjI5fQ.kJE-aiQsSSNjbMDBSRGeI-CEBKkkRslEzZKC8sp1kNg"
      },
      "remoteAddress": "::ffff:186.206.254.45",
      "remotePort": 19453
    }
[23-12-2020 16:02:21] INFO	 (60132 on ubuntu): request completed
    res: {
      "statusCode": 200,
      "headers": {
        "x-powered-by": "Express"
      }
    }
    responseTime: 13
    req: {
      "id": 13,
      "method": "POST",
      "url": "/auth/addcontato",
      "headers": {
        "host": "bot.zapatendimento.com.br",
        "connection": "keep-alive",
        "content-length": "68",
        "accept": "*/*",
        "x-requested-with": "XMLHttpRequest",
        "user-agent": "Mozilla/5.0 (Windows NT 10.0; Win64; x64) AppleWebKit/537.36 (KHTML, like Gecko) Chrome/87.0.4280.88 Safari/537.36",
        "content-type": "application/x-www-form-urlencoded; charset=UTF-8",
        "origin": "http://bot.zapatendimento.com.br",
        "referer": "http://bot.zapatendimento.com.br/contatos",
        "accept-encoding": "gzip, deflate",
        "accept-language": "pt-BR,pt;q=0.9,en-US;q=0.8,en;q=0.7,es;q=0.6",
        "cookie": "_ga=GA1.3.199040947.1591923695; jwtatendente=eyJhbGciOiJIUzI1NiIsInR5cCI6IkpXVCJ9.eyJpZCI6NjQsImlkX3NldG9yIjoiMCIsImlhdCI6MTYwODMxMzIwNCwiZXhwIjoxNjE2MDg5MjA0fQ.g8wbHfcvtrRdpocAN9PKmpAa39GdPpgQVwyU70VhxP0; jwt=eyJhbGciOiJIUzI1NiIsInR5cCI6IkpXVCJ9.eyJpZCI6MjAsImlhdCI6MTYwODcyMzIyOSwiZXhwIjoxNjE2NDk5MjI5fQ.kJE-aiQsSSNjbMDBSRGeI-CEBKkkRslEzZKC8sp1kNg"
      },
      "remoteAddress": "::ffff:186.206.254.45",
      "remotePort": 19453
    }
[23-12-2020 16:02:21] INFO	 (60132 on ubuntu): request completed
    res: {
      "statusCode": 200,
      "headers": {
        "x-powered-by": "Express"
      }
    }
    responseTime: 11
    req: {
      "id": 14,
      "method": "POST",
      "url": "/auth/addcontato",
      "headers": {
        "host": "bot.zapatendimento.com.br",
        "connection": "keep-alive",
        "content-length": "68",
        "accept": "*/*",
        "x-requested-with": "XMLHttpRequest",
        "user-agent": "Mozilla/5.0 (Windows NT 10.0; Win64; x64) AppleWebKit/537.36 (KHTML, like Gecko) Chrome/87.0.4280.88 Safari/537.36",
        "content-type": "application/x-www-form-urlencoded; charset=UTF-8",
        "origin": "http://bot.zapatendimento.com.br",
        "referer": "http://bot.zapatendimento.com.br/contatos",
        "accept-encoding": "gzip, deflate",
        "accept-language": "pt-BR,pt;q=0.9,en-US;q=0.8,en;q=0.7,es;q=0.6",
        "cookie": "_ga=GA1.3.199040947.1591923695; jwtatendente=eyJhbGciOiJIUzI1NiIsInR5cCI6IkpXVCJ9.eyJpZCI6NjQsImlkX3NldG9yIjoiMCIsImlhdCI6MTYwODMxMzIwNCwiZXhwIjoxNjE2MDg5MjA0fQ.g8wbHfcvtrRdpocAN9PKmpAa39GdPpgQVwyU70VhxP0; jwt=eyJhbGciOiJIUzI1NiIsInR5cCI6IkpXVCJ9.eyJpZCI6MjAsImlhdCI6MTYwODcyMzIyOSwiZXhwIjoxNjE2NDk5MjI5fQ.kJE-aiQsSSNjbMDBSRGeI-CEBKkkRslEzZKC8sp1kNg"
      },
      "remoteAddress": "::ffff:186.206.254.45",
      "remotePort": 19453
    }
[23-12-2020 16:02:22] INFO	 (60132 on ubuntu): request completed
    res: {
      "statusCode": 200,
      "headers": {
        "x-powered-by": "Express"
      }
    }
    responseTime: 8
    req: {
      "id": 15,
      "method": "POST",
      "url": "/auth/addcontato",
      "headers": {
        "host": "bot.zapatendimento.com.br",
        "connection": "keep-alive",
        "content-length": "68",
        "accept": "*/*",
        "x-requested-with": "XMLHttpRequest",
        "user-agent": "Mozilla/5.0 (Windows NT 10.0; Win64; x64) AppleWebKit/537.36 (KHTML, like Gecko) Chrome/87.0.4280.88 Safari/537.36",
        "content-type": "application/x-www-form-urlencoded; charset=UTF-8",
        "origin": "http://bot.zapatendimento.com.br",
        "referer": "http://bot.zapatendimento.com.br/contatos",
        "accept-encoding": "gzip, deflate",
        "accept-language": "pt-BR,pt;q=0.9,en-US;q=0.8,en;q=0.7,es;q=0.6",
        "cookie": "_ga=GA1.3.199040947.1591923695; jwtatendente=eyJhbGciOiJIUzI1NiIsInR5cCI6IkpXVCJ9.eyJpZCI6NjQsImlkX3NldG9yIjoiMCIsImlhdCI6MTYwODMxMzIwNCwiZXhwIjoxNjE2MDg5MjA0fQ.g8wbHfcvtrRdpocAN9PKmpAa39GdPpgQVwyU70VhxP0; jwt=eyJhbGciOiJIUzI1NiIsInR5cCI6IkpXVCJ9.eyJpZCI6MjAsImlhdCI6MTYwODcyMzIyOSwiZXhwIjoxNjE2NDk5MjI5fQ.kJE-aiQsSSNjbMDBSRGeI-CEBKkkRslEzZKC8sp1kNg"
      },
      "remoteAddress": "::ffff:186.206.254.45",
      "remotePort": 19453
    }
[23-12-2020 16:02:22] INFO	 (60132 on ubuntu): request completed
    res: {
      "statusCode": 200,
      "headers": {
        "x-powered-by": "Express"
      }
    }
    responseTime: 10
    req: {
      "id": 16,
      "method": "POST",
      "url": "/auth/addcontato",
      "headers": {
        "host": "bot.zapatendimento.com.br",
        "connection": "keep-alive",
        "content-length": "68",
        "accept": "*/*",
        "x-requested-with": "XMLHttpRequest",
        "user-agent": "Mozilla/5.0 (Windows NT 10.0; Win64; x64) AppleWebKit/537.36 (KHTML, like Gecko) Chrome/87.0.4280.88 Safari/537.36",
        "content-type": "application/x-www-form-urlencoded; charset=UTF-8",
        "origin": "http://bot.zapatendimento.com.br",
        "referer": "http://bot.zapatendimento.com.br/contatos",
        "accept-encoding": "gzip, deflate",
        "accept-language": "pt-BR,pt;q=0.9,en-US;q=0.8,en;q=0.7,es;q=0.6",
        "cookie": "_ga=GA1.3.199040947.1591923695; jwtatendente=eyJhbGciOiJIUzI1NiIsInR5cCI6IkpXVCJ9.eyJpZCI6NjQsImlkX3NldG9yIjoiMCIsImlhdCI6MTYwODMxMzIwNCwiZXhwIjoxNjE2MDg5MjA0fQ.g8wbHfcvtrRdpocAN9PKmpAa39GdPpgQVwyU70VhxP0; jwt=eyJhbGciOiJIUzI1NiIsInR5cCI6IkpXVCJ9.eyJpZCI6MjAsImlhdCI6MTYwODcyMzIyOSwiZXhwIjoxNjE2NDk5MjI5fQ.kJE-aiQsSSNjbMDBSRGeI-CEBKkkRslEzZKC8sp1kNg"
      },
      "remoteAddress": "::ffff:186.206.254.45",
      "remotePort": 19453
    }
[23-12-2020 16:02:22] INFO	 (60132 on ubuntu): request completed
    res: {
      "statusCode": 200,
      "headers": {
        "x-powered-by": "Express"
      }
    }
    responseTime: 12
    req: {
      "id": 17,
      "method": "POST",
      "url": "/auth/addcontato",
      "headers": {
        "host": "bot.zapatendimento.com.br",
        "connection": "keep-alive",
        "content-length": "68",
        "accept": "*/*",
        "x-requested-with": "XMLHttpRequest",
        "user-agent": "Mozilla/5.0 (Windows NT 10.0; Win64; x64) AppleWebKit/537.36 (KHTML, like Gecko) Chrome/87.0.4280.88 Safari/537.36",
        "content-type": "application/x-www-form-urlencoded; charset=UTF-8",
        "origin": "http://bot.zapatendimento.com.br",
        "referer": "http://bot.zapatendimento.com.br/contatos",
        "accept-encoding": "gzip, deflate",
        "accept-language": "pt-BR,pt;q=0.9,en-US;q=0.8,en;q=0.7,es;q=0.6",
        "cookie": "_ga=GA1.3.199040947.1591923695; jwtatendente=eyJhbGciOiJIUzI1NiIsInR5cCI6IkpXVCJ9.eyJpZCI6NjQsImlkX3NldG9yIjoiMCIsImlhdCI6MTYwODMxMzIwNCwiZXhwIjoxNjE2MDg5MjA0fQ.g8wbHfcvtrRdpocAN9PKmpAa39GdPpgQVwyU70VhxP0; jwt=eyJhbGciOiJIUzI1NiIsInR5cCI6IkpXVCJ9.eyJpZCI6MjAsImlhdCI6MTYwODcyMzIyOSwiZXhwIjoxNjE2NDk5MjI5fQ.kJE-aiQsSSNjbMDBSRGeI-CEBKkkRslEzZKC8sp1kNg"
      },
      "remoteAddress": "::ffff:186.206.254.45",
      "remotePort": 19453
    }
[23-12-2020 16:02:22] INFO	 (60132 on ubuntu): request completed
    res: {
      "statusCode": 200,
      "headers": {
        "x-powered-by": "Express"
      }
    }
    responseTime: 53
    req: {
      "id": 18,
      "method": "POST",
      "url": "/auth/addcontato",
      "headers": {
        "host": "bot.zapatendimento.com.br",
        "connection": "keep-alive",
        "content-length": "68",
        "accept": "*/*",
        "x-requested-with": "XMLHttpRequest",
        "user-agent": "Mozilla/5.0 (Windows NT 10.0; Win64; x64) AppleWebKit/537.36 (KHTML, like Gecko) Chrome/87.0.4280.88 Safari/537.36",
        "content-type": "application/x-www-form-urlencoded; charset=UTF-8",
        "origin": "http://bot.zapatendimento.com.br",
        "referer": "http://bot.zapatendimento.com.br/contatos",
        "accept-encoding": "gzip, deflate",
        "accept-language": "pt-BR,pt;q=0.9,en-US;q=0.8,en;q=0.7,es;q=0.6",
        "cookie": "_ga=GA1.3.199040947.1591923695; jwtatendente=eyJhbGciOiJIUzI1NiIsInR5cCI6IkpXVCJ9.eyJpZCI6NjQsImlkX3NldG9yIjoiMCIsImlhdCI6MTYwODMxMzIwNCwiZXhwIjoxNjE2MDg5MjA0fQ.g8wbHfcvtrRdpocAN9PKmpAa39GdPpgQVwyU70VhxP0; jwt=eyJhbGciOiJIUzI1NiIsInR5cCI6IkpXVCJ9.eyJpZCI6MjAsImlhdCI6MTYwODcyMzIyOSwiZXhwIjoxNjE2NDk5MjI5fQ.kJE-aiQsSSNjbMDBSRGeI-CEBKkkRslEzZKC8sp1kNg"
      },
      "remoteAddress": "::ffff:186.206.254.45",
      "remotePort": 19453
    }
[23-12-2020 16:02:22] INFO	 (60132 on ubuntu): request completed
    res: {
      "statusCode": 200,
      "headers": {
        "x-powered-by": "Express"
      }
    }
    responseTime: 13
    req: {
      "id": 19,
      "method": "POST",
      "url": "/auth/addcontato",
      "headers": {
        "host": "bot.zapatendimento.com.br",
        "connection": "keep-alive",
        "content-length": "68",
        "accept": "*/*",
        "x-requested-with": "XMLHttpRequest",
        "user-agent": "Mozilla/5.0 (Windows NT 10.0; Win64; x64) AppleWebKit/537.36 (KHTML, like Gecko) Chrome/87.0.4280.88 Safari/537.36",
        "content-type": "application/x-www-form-urlencoded; charset=UTF-8",
        "origin": "http://bot.zapatendimento.com.br",
        "referer": "http://bot.zapatendimento.com.br/contatos",
        "accept-encoding": "gzip, deflate",
        "accept-language": "pt-BR,pt;q=0.9,en-US;q=0.8,en;q=0.7,es;q=0.6",
        "cookie": "_ga=GA1.3.199040947.1591923695; jwtatendente=eyJhbGciOiJIUzI1NiIsInR5cCI6IkpXVCJ9.eyJpZCI6NjQsImlkX3NldG9yIjoiMCIsImlhdCI6MTYwODMxMzIwNCwiZXhwIjoxNjE2MDg5MjA0fQ.g8wbHfcvtrRdpocAN9PKmpAa39GdPpgQVwyU70VhxP0; jwt=eyJhbGciOiJIUzI1NiIsInR5cCI6IkpXVCJ9.eyJpZCI6MjAsImlhdCI6MTYwODcyMzIyOSwiZXhwIjoxNjE2NDk5MjI5fQ.kJE-aiQsSSNjbMDBSRGeI-CEBKkkRslEzZKC8sp1kNg"
      },
      "remoteAddress": "::ffff:186.206.254.45",
      "remotePort": 19453
    }
[23-12-2020 16:02:22] INFO	 (60132 on ubuntu): request completed
    res: {
      "statusCode": 200,
      "headers": {
        "x-powered-by": "Express"
      }
    }
    responseTime: 12
    req: {
      "id": 20,
      "method": "POST",
      "url": "/auth/addcontato",
      "headers": {
        "host": "bot.zapatendimento.com.br",
        "connection": "keep-alive",
        "content-length": "68",
        "accept": "*/*",
        "x-requested-with": "XMLHttpRequest",
        "user-agent": "Mozilla/5.0 (Windows NT 10.0; Win64; x64) AppleWebKit/537.36 (KHTML, like Gecko) Chrome/87.0.4280.88 Safari/537.36",
        "content-type": "application/x-www-form-urlencoded; charset=UTF-8",
        "origin": "http://bot.zapatendimento.com.br",
        "referer": "http://bot.zapatendimento.com.br/contatos",
        "accept-encoding": "gzip, deflate",
        "accept-language": "pt-BR,pt;q=0.9,en-US;q=0.8,en;q=0.7,es;q=0.6",
        "cookie": "_ga=GA1.3.199040947.1591923695; jwtatendente=eyJhbGciOiJIUzI1NiIsInR5cCI6IkpXVCJ9.eyJpZCI6NjQsImlkX3NldG9yIjoiMCIsImlhdCI6MTYwODMxMzIwNCwiZXhwIjoxNjE2MDg5MjA0fQ.g8wbHfcvtrRdpocAN9PKmpAa39GdPpgQVwyU70VhxP0; jwt=eyJhbGciOiJIUzI1NiIsInR5cCI6IkpXVCJ9.eyJpZCI6MjAsImlhdCI6MTYwODcyMzIyOSwiZXhwIjoxNjE2NDk5MjI5fQ.kJE-aiQsSSNjbMDBSRGeI-CEBKkkRslEzZKC8sp1kNg"
      },
      "remoteAddress": "::ffff:186.206.254.45",
      "remotePort": 19453
    }
[23-12-2020 16:02:23] INFO	 (60132 on ubuntu): request completed
    res: {
      "statusCode": 200,
      "headers": {
        "x-powered-by": "Express"
      }
    }
    responseTime: 12
    req: {
      "id": 21,
      "method": "POST",
      "url": "/auth/addcontato",
      "headers": {
        "host": "bot.zapatendimento.com.br",
        "connection": "keep-alive",
        "content-length": "68",
        "accept": "*/*",
        "x-requested-with": "XMLHttpRequest",
        "user-agent": "Mozilla/5.0 (Windows NT 10.0; Win64; x64) AppleWebKit/537.36 (KHTML, like Gecko) Chrome/87.0.4280.88 Safari/537.36",
        "content-type": "application/x-www-form-urlencoded; charset=UTF-8",
        "origin": "http://bot.zapatendimento.com.br",
        "referer": "http://bot.zapatendimento.com.br/contatos",
        "accept-encoding": "gzip, deflate",
        "accept-language": "pt-BR,pt;q=0.9,en-US;q=0.8,en;q=0.7,es;q=0.6",
        "cookie": "_ga=GA1.3.199040947.1591923695; jwtatendente=eyJhbGciOiJIUzI1NiIsInR5cCI6IkpXVCJ9.eyJpZCI6NjQsImlkX3NldG9yIjoiMCIsImlhdCI6MTYwODMxMzIwNCwiZXhwIjoxNjE2MDg5MjA0fQ.g8wbHfcvtrRdpocAN9PKmpAa39GdPpgQVwyU70VhxP0; jwt=eyJhbGciOiJIUzI1NiIsInR5cCI6IkpXVCJ9.eyJpZCI6MjAsImlhdCI6MTYwODcyMzIyOSwiZXhwIjoxNjE2NDk5MjI5fQ.kJE-aiQsSSNjbMDBSRGeI-CEBKkkRslEzZKC8sp1kNg"
      },
      "remoteAddress": "::ffff:186.206.254.45",
      "remotePort": 19453
    }
[23-12-2020 16:02:23] INFO	 (60132 on ubuntu): request completed
    res: {
      "statusCode": 200,
      "headers": {
        "x-powered-by": "Express"
      }
    }
    responseTime: 12
    req: {
      "id": 22,
      "method": "POST",
      "url": "/auth/addcontato",
      "headers": {
        "host": "bot.zapatendimento.com.br",
        "connection": "keep-alive",
        "content-length": "68",
        "accept": "*/*",
        "x-requested-with": "XMLHttpRequest",
        "user-agent": "Mozilla/5.0 (Windows NT 10.0; Win64; x64) AppleWebKit/537.36 (KHTML, like Gecko) Chrome/87.0.4280.88 Safari/537.36",
        "content-type": "application/x-www-form-urlencoded; charset=UTF-8",
        "origin": "http://bot.zapatendimento.com.br",
        "referer": "http://bot.zapatendimento.com.br/contatos",
        "accept-encoding": "gzip, deflate",
        "accept-language": "pt-BR,pt;q=0.9,en-US;q=0.8,en;q=0.7,es;q=0.6",
        "cookie": "_ga=GA1.3.199040947.1591923695; jwtatendente=eyJhbGciOiJIUzI1NiIsInR5cCI6IkpXVCJ9.eyJpZCI6NjQsImlkX3NldG9yIjoiMCIsImlhdCI6MTYwODMxMzIwNCwiZXhwIjoxNjE2MDg5MjA0fQ.g8wbHfcvtrRdpocAN9PKmpAa39GdPpgQVwyU70VhxP0; jwt=eyJhbGciOiJIUzI1NiIsInR5cCI6IkpXVCJ9.eyJpZCI6MjAsImlhdCI6MTYwODcyMzIyOSwiZXhwIjoxNjE2NDk5MjI5fQ.kJE-aiQsSSNjbMDBSRGeI-CEBKkkRslEzZKC8sp1kNg"
      },
      "remoteAddress": "::ffff:186.206.254.45",
      "remotePort": 19453
    }
[23-12-2020 16:02:23] INFO	 (60132 on ubuntu): request completed
    res: {
      "statusCode": 200,
      "headers": {
        "x-powered-by": "Express"
      }
    }
    responseTime: 12
    req: {
      "id": 23,
      "method": "POST",
      "url": "/auth/addcontato",
      "headers": {
        "host": "bot.zapatendimento.com.br",
        "connection": "keep-alive",
        "content-length": "68",
        "accept": "*/*",
        "x-requested-with": "XMLHttpRequest",
        "user-agent": "Mozilla/5.0 (Windows NT 10.0; Win64; x64) AppleWebKit/537.36 (KHTML, like Gecko) Chrome/87.0.4280.88 Safari/537.36",
        "content-type": "application/x-www-form-urlencoded; charset=UTF-8",
        "origin": "http://bot.zapatendimento.com.br",
        "referer": "http://bot.zapatendimento.com.br/contatos",
        "accept-encoding": "gzip, deflate",
        "accept-language": "pt-BR,pt;q=0.9,en-US;q=0.8,en;q=0.7,es;q=0.6",
        "cookie": "_ga=GA1.3.199040947.1591923695; jwtatendente=eyJhbGciOiJIUzI1NiIsInR5cCI6IkpXVCJ9.eyJpZCI6NjQsImlkX3NldG9yIjoiMCIsImlhdCI6MTYwODMxMzIwNCwiZXhwIjoxNjE2MDg5MjA0fQ.g8wbHfcvtrRdpocAN9PKmpAa39GdPpgQVwyU70VhxP0; jwt=eyJhbGciOiJIUzI1NiIsInR5cCI6IkpXVCJ9.eyJpZCI6MjAsImlhdCI6MTYwODcyMzIyOSwiZXhwIjoxNjE2NDk5MjI5fQ.kJE-aiQsSSNjbMDBSRGeI-CEBKkkRslEzZKC8sp1kNg"
      },
      "remoteAddress": "::ffff:186.206.254.45",
      "remotePort": 19453
    }
[23-12-2020 16:02:23] INFO	 (60132 on ubuntu): request completed
    res: {
      "statusCode": 200,
      "headers": {
        "x-powered-by": "Express"
      }
    }
    responseTime: 10
    req: {
      "id": 24,
      "method": "POST",
      "url": "/auth/addcontato",
      "headers": {
        "host": "bot.zapatendimento.com.br",
        "connection": "keep-alive",
        "content-length": "68",
        "accept": "*/*",
        "x-requested-with": "XMLHttpRequest",
        "user-agent": "Mozilla/5.0 (Windows NT 10.0; Win64; x64) AppleWebKit/537.36 (KHTML, like Gecko) Chrome/87.0.4280.88 Safari/537.36",
        "content-type": "application/x-www-form-urlencoded; charset=UTF-8",
        "origin": "http://bot.zapatendimento.com.br",
        "referer": "http://bot.zapatendimento.com.br/contatos",
        "accept-encoding": "gzip, deflate",
        "accept-language": "pt-BR,pt;q=0.9,en-US;q=0.8,en;q=0.7,es;q=0.6",
        "cookie": "_ga=GA1.3.199040947.1591923695; jwtatendente=eyJhbGciOiJIUzI1NiIsInR5cCI6IkpXVCJ9.eyJpZCI6NjQsImlkX3NldG9yIjoiMCIsImlhdCI6MTYwODMxMzIwNCwiZXhwIjoxNjE2MDg5MjA0fQ.g8wbHfcvtrRdpocAN9PKmpAa39GdPpgQVwyU70VhxP0; jwt=eyJhbGciOiJIUzI1NiIsInR5cCI6IkpXVCJ9.eyJpZCI6MjAsImlhdCI6MTYwODcyMzIyOSwiZXhwIjoxNjE2NDk5MjI5fQ.kJE-aiQsSSNjbMDBSRGeI-CEBKkkRslEzZKC8sp1kNg"
      },
      "remoteAddress": "::ffff:186.206.254.45",
      "remotePort": 19453
    }
[23-12-2020 16:02:23] INFO	 (60132 on ubuntu): request completed
    res: {
      "statusCode": 200,
      "headers": {
        "x-powered-by": "Express"
      }
    }
    responseTime: 13
    req: {
      "id": 25,
      "method": "POST",
      "url": "/auth/addcontato",
      "headers": {
        "host": "bot.zapatendimento.com.br",
        "connection": "keep-alive",
        "content-length": "68",
        "accept": "*/*",
        "x-requested-with": "XMLHttpRequest",
        "user-agent": "Mozilla/5.0 (Windows NT 10.0; Win64; x64) AppleWebKit/537.36 (KHTML, like Gecko) Chrome/87.0.4280.88 Safari/537.36",
        "content-type": "application/x-www-form-urlencoded; charset=UTF-8",
        "origin": "http://bot.zapatendimento.com.br",
        "referer": "http://bot.zapatendimento.com.br/contatos",
        "accept-encoding": "gzip, deflate",
        "accept-language": "pt-BR,pt;q=0.9,en-US;q=0.8,en;q=0.7,es;q=0.6",
        "cookie": "_ga=GA1.3.199040947.1591923695; jwtatendente=eyJhbGciOiJIUzI1NiIsInR5cCI6IkpXVCJ9.eyJpZCI6NjQsImlkX3NldG9yIjoiMCIsImlhdCI6MTYwODMxMzIwNCwiZXhwIjoxNjE2MDg5MjA0fQ.g8wbHfcvtrRdpocAN9PKmpAa39GdPpgQVwyU70VhxP0; jwt=eyJhbGciOiJIUzI1NiIsInR5cCI6IkpXVCJ9.eyJpZCI6MjAsImlhdCI6MTYwODcyMzIyOSwiZXhwIjoxNjE2NDk5MjI5fQ.kJE-aiQsSSNjbMDBSRGeI-CEBKkkRslEzZKC8sp1kNg"
      },
      "remoteAddress": "::ffff:186.206.254.45",
      "remotePort": 19453
    }
[23-12-2020 16:02:24] INFO	 (60132 on ubuntu): request completed
    res: {
      "statusCode": 200,
      "headers": {
        "x-powered-by": "Express"
      }
    }
    responseTime: 19
    req: {
      "id": 26,
      "method": "POST",
      "url": "/auth/addcontato",
      "headers": {
        "host": "bot.zapatendimento.com.br",
        "connection": "keep-alive",
        "content-length": "68",
        "accept": "*/*",
        "x-requested-with": "XMLHttpRequest",
        "user-agent": "Mozilla/5.0 (Windows NT 10.0; Win64; x64) AppleWebKit/537.36 (KHTML, like Gecko) Chrome/87.0.4280.88 Safari/537.36",
        "content-type": "application/x-www-form-urlencoded; charset=UTF-8",
        "origin": "http://bot.zapatendimento.com.br",
        "referer": "http://bot.zapatendimento.com.br/contatos",
        "accept-encoding": "gzip, deflate",
        "accept-language": "pt-BR,pt;q=0.9,en-US;q=0.8,en;q=0.7,es;q=0.6",
        "cookie": "_ga=GA1.3.199040947.1591923695; jwtatendente=eyJhbGciOiJIUzI1NiIsInR5cCI6IkpXVCJ9.eyJpZCI6NjQsImlkX3NldG9yIjoiMCIsImlhdCI6MTYwODMxMzIwNCwiZXhwIjoxNjE2MDg5MjA0fQ.g8wbHfcvtrRdpocAN9PKmpAa39GdPpgQVwyU70VhxP0; jwt=eyJhbGciOiJIUzI1NiIsInR5cCI6IkpXVCJ9.eyJpZCI6MjAsImlhdCI6MTYwODcyMzIyOSwiZXhwIjoxNjE2NDk5MjI5fQ.kJE-aiQsSSNjbMDBSRGeI-CEBKkkRslEzZKC8sp1kNg"
      },
      "remoteAddress": "::ffff:186.206.254.45",
      "remotePort": 19453
    }
[23-12-2020 16:02:24] INFO	 (60132 on ubuntu): request completed
    res: {
      "statusCode": 200,
      "headers": {
        "x-powered-by": "Express"
      }
    }
    responseTime: 10
    req: {
      "id": 27,
      "method": "POST",
      "url": "/auth/addcontato",
      "headers": {
        "host": "bot.zapatendimento.com.br",
        "connection": "keep-alive",
        "content-length": "66",
        "accept": "*/*",
        "x-requested-with": "XMLHttpRequest",
        "user-agent": "Mozilla/5.0 (Windows NT 10.0; Win64; x64) AppleWebKit/537.36 (KHTML, like Gecko) Chrome/87.0.4280.88 Safari/537.36",
        "content-type": "application/x-www-form-urlencoded; charset=UTF-8",
        "origin": "http://bot.zapatendimento.com.br",
        "referer": "http://bot.zapatendimento.com.br/contatos",
        "accept-encoding": "gzip, deflate",
        "accept-language": "pt-BR,pt;q=0.9,en-US;q=0.8,en;q=0.7,es;q=0.6",
        "cookie": "_ga=GA1.3.199040947.1591923695; jwtatendente=eyJhbGciOiJIUzI1NiIsInR5cCI6IkpXVCJ9.eyJpZCI6NjQsImlkX3NldG9yIjoiMCIsImlhdCI6MTYwODMxMzIwNCwiZXhwIjoxNjE2MDg5MjA0fQ.g8wbHfcvtrRdpocAN9PKmpAa39GdPpgQVwyU70VhxP0; jwt=eyJhbGciOiJIUzI1NiIsInR5cCI6IkpXVCJ9.eyJpZCI6MjAsImlhdCI6MTYwODcyMzIyOSwiZXhwIjoxNjE2NDk5MjI5fQ.kJE-aiQsSSNjbMDBSRGeI-CEBKkkRslEzZKC8sp1kNg"
      },
      "remoteAddress": "::ffff:186.206.254.45",
      "remotePort": 19453
    }
[23-12-2020 16:02:24] INFO	 (60132 on ubuntu): request completed
    res: {
      "statusCode": 200,
      "headers": {
        "x-powered-by": "Express"
      }
    }
    responseTime: 13
    req: {
      "id": 28,
      "method": "POST",
      "url": "/auth/addcontato",
      "headers": {
        "host": "bot.zapatendimento.com.br",
        "connection": "keep-alive",
        "content-length": "68",
        "accept": "*/*",
        "x-requested-with": "XMLHttpRequest",
        "user-agent": "Mozilla/5.0 (Windows NT 10.0; Win64; x64) AppleWebKit/537.36 (KHTML, like Gecko) Chrome/87.0.4280.88 Safari/537.36",
        "content-type": "application/x-www-form-urlencoded; charset=UTF-8",
        "origin": "http://bot.zapatendimento.com.br",
        "referer": "http://bot.zapatendimento.com.br/contatos",
        "accept-encoding": "gzip, deflate",
        "accept-language": "pt-BR,pt;q=0.9,en-US;q=0.8,en;q=0.7,es;q=0.6",
        "cookie": "_ga=GA1.3.199040947.1591923695; jwtatendente=eyJhbGciOiJIUzI1NiIsInR5cCI6IkpXVCJ9.eyJpZCI6NjQsImlkX3NldG9yIjoiMCIsImlhdCI6MTYwODMxMzIwNCwiZXhwIjoxNjE2MDg5MjA0fQ.g8wbHfcvtrRdpocAN9PKmpAa39GdPpgQVwyU70VhxP0; jwt=eyJhbGciOiJIUzI1NiIsInR5cCI6IkpXVCJ9.eyJpZCI6MjAsImlhdCI6MTYwODcyMzIyOSwiZXhwIjoxNjE2NDk5MjI5fQ.kJE-aiQsSSNjbMDBSRGeI-CEBKkkRslEzZKC8sp1kNg"
      },
      "remoteAddress": "::ffff:186.206.254.45",
      "remotePort": 19453
    }
[23-12-2020 16:02:24] INFO	 (60132 on ubuntu): request completed
    res: {
      "statusCode": 200,
      "headers": {
        "x-powered-by": "Express"
      }
    }
    responseTime: 9
    req: {
      "id": 29,
      "method": "POST",
      "url": "/auth/addcontato",
      "headers": {
        "host": "bot.zapatendimento.com.br",
        "connection": "keep-alive",
        "content-length": "68",
        "accept": "*/*",
        "x-requested-with": "XMLHttpRequest",
        "user-agent": "Mozilla/5.0 (Windows NT 10.0; Win64; x64) AppleWebKit/537.36 (KHTML, like Gecko) Chrome/87.0.4280.88 Safari/537.36",
        "content-type": "application/x-www-form-urlencoded; charset=UTF-8",
        "origin": "http://bot.zapatendimento.com.br",
        "referer": "http://bot.zapatendimento.com.br/contatos",
        "accept-encoding": "gzip, deflate",
        "accept-language": "pt-BR,pt;q=0.9,en-US;q=0.8,en;q=0.7,es;q=0.6",
        "cookie": "_ga=GA1.3.199040947.1591923695; jwtatendente=eyJhbGciOiJIUzI1NiIsInR5cCI6IkpXVCJ9.eyJpZCI6NjQsImlkX3NldG9yIjoiMCIsImlhdCI6MTYwODMxMzIwNCwiZXhwIjoxNjE2MDg5MjA0fQ.g8wbHfcvtrRdpocAN9PKmpAa39GdPpgQVwyU70VhxP0; jwt=eyJhbGciOiJIUzI1NiIsInR5cCI6IkpXVCJ9.eyJpZCI6MjAsImlhdCI6MTYwODcyMzIyOSwiZXhwIjoxNjE2NDk5MjI5fQ.kJE-aiQsSSNjbMDBSRGeI-CEBKkkRslEzZKC8sp1kNg"
      },
      "remoteAddress": "::ffff:186.206.254.45",
      "remotePort": 19453
    }
[23-12-2020 16:02:24] INFO	 (60132 on ubuntu): request completed
    res: {
      "statusCode": 200,
      "headers": {
        "x-powered-by": "Express"
      }
    }
    responseTime: 84
    req: {
      "id": 30,
      "method": "POST",
      "url": "/auth/addcontato",
      "headers": {
        "host": "bot.zapatendimento.com.br",
        "connection": "keep-alive",
        "content-length": "68",
        "accept": "*/*",
        "x-requested-with": "XMLHttpRequest",
        "user-agent": "Mozilla/5.0 (Windows NT 10.0; Win64; x64) AppleWebKit/537.36 (KHTML, like Gecko) Chrome/87.0.4280.88 Safari/537.36",
        "content-type": "application/x-www-form-urlencoded; charset=UTF-8",
        "origin": "http://bot.zapatendimento.com.br",
        "referer": "http://bot.zapatendimento.com.br/contatos",
        "accept-encoding": "gzip, deflate",
        "accept-language": "pt-BR,pt;q=0.9,en-US;q=0.8,en;q=0.7,es;q=0.6",
        "cookie": "_ga=GA1.3.199040947.1591923695; jwtatendente=eyJhbGciOiJIUzI1NiIsInR5cCI6IkpXVCJ9.eyJpZCI6NjQsImlkX3NldG9yIjoiMCIsImlhdCI6MTYwODMxMzIwNCwiZXhwIjoxNjE2MDg5MjA0fQ.g8wbHfcvtrRdpocAN9PKmpAa39GdPpgQVwyU70VhxP0; jwt=eyJhbGciOiJIUzI1NiIsInR5cCI6IkpXVCJ9.eyJpZCI6MjAsImlhdCI6MTYwODcyMzIyOSwiZXhwIjoxNjE2NDk5MjI5fQ.kJE-aiQsSSNjbMDBSRGeI-CEBKkkRslEzZKC8sp1kNg"
      },
      "remoteAddress": "::ffff:186.206.254.45",
      "remotePort": 19453
    }
[23-12-2020 16:02:25] INFO	 (60132 on ubuntu): request completed
    res: {
      "statusCode": 200,
      "headers": {
        "x-powered-by": "Express"
      }
    }
    responseTime: 16
    req: {
      "id": 31,
      "method": "POST",
      "url": "/auth/addcontato",
      "headers": {
        "host": "bot.zapatendimento.com.br",
        "connection": "keep-alive",
        "content-length": "68",
        "accept": "*/*",
        "x-requested-with": "XMLHttpRequest",
        "user-agent": "Mozilla/5.0 (Windows NT 10.0; Win64; x64) AppleWebKit/537.36 (KHTML, like Gecko) Chrome/87.0.4280.88 Safari/537.36",
        "content-type": "application/x-www-form-urlencoded; charset=UTF-8",
        "origin": "http://bot.zapatendimento.com.br",
        "referer": "http://bot.zapatendimento.com.br/contatos",
        "accept-encoding": "gzip, deflate",
        "accept-language": "pt-BR,pt;q=0.9,en-US;q=0.8,en;q=0.7,es;q=0.6",
        "cookie": "_ga=GA1.3.199040947.1591923695; jwtatendente=eyJhbGciOiJIUzI1NiIsInR5cCI6IkpXVCJ9.eyJpZCI6NjQsImlkX3NldG9yIjoiMCIsImlhdCI6MTYwODMxMzIwNCwiZXhwIjoxNjE2MDg5MjA0fQ.g8wbHfcvtrRdpocAN9PKmpAa39GdPpgQVwyU70VhxP0; jwt=eyJhbGciOiJIUzI1NiIsInR5cCI6IkpXVCJ9.eyJpZCI6MjAsImlhdCI6MTYwODcyMzIyOSwiZXhwIjoxNjE2NDk5MjI5fQ.kJE-aiQsSSNjbMDBSRGeI-CEBKkkRslEzZKC8sp1kNg"
      },
      "remoteAddress": "::ffff:186.206.254.45",
      "remotePort": 19453
    }
[23-12-2020 16:02:25] INFO	 (60132 on ubuntu): request completed
    res: {
      "statusCode": 404,
      "headers": {
        "x-powered-by": "Express",
        "content-security-policy": "default-src 'none'",
        "x-content-type-options": "nosniff",
        "content-type": "text/html; charset=utf-8",
        "content-length": 155
      }
    }
    responseTime: 11
    req: {
      "id": 32,
      "method": "POST",
      "url": "/auth/addcontato",
      "headers": {
        "host": "bot.zapatendimento.com.br",
        "connection": "keep-alive",
        "content-length": "68",
        "accept": "*/*",
        "x-requested-with": "XMLHttpRequest",
        "user-agent": "Mozilla/5.0 (Windows NT 10.0; Win64; x64) AppleWebKit/537.36 (KHTML, like Gecko) Chrome/87.0.4280.88 Safari/537.36",
        "content-type": "application/x-www-form-urlencoded; charset=UTF-8",
        "origin": "http://bot.zapatendimento.com.br",
        "referer": "http://bot.zapatendimento.com.br/contatos",
        "accept-encoding": "gzip, deflate",
        "accept-language": "pt-BR,pt;q=0.9,en-US;q=0.8,en;q=0.7,es;q=0.6",
        "cookie": "_ga=GA1.3.199040947.1591923695; jwtatendente=eyJhbGciOiJIUzI1NiIsInR5cCI6IkpXVCJ9.eyJpZCI6NjQsImlkX3NldG9yIjoiMCIsImlhdCI6MTYwODMxMzIwNCwiZXhwIjoxNjE2MDg5MjA0fQ.g8wbHfcvtrRdpocAN9PKmpAa39GdPpgQVwyU70VhxP0; jwt=eyJhbGciOiJIUzI1NiIsInR5cCI6IkpXVCJ9.eyJpZCI6MjAsImlhdCI6MTYwODcyMzIyOSwiZXhwIjoxNjE2NDk5MjI5fQ.kJE-aiQsSSNjbMDBSRGeI-CEBKkkRslEzZKC8sp1kNg"
      },
      "remoteAddress": "::ffff:186.206.254.45",
      "remotePort": 19453
    }
[23-12-2020 16:03:26] INFO	 (60132 on ubuntu): request completed
    res: {
      "statusCode": 200,
      "headers": {
        "x-powered-by": "Express",
        "content-type": "text/html; charset=utf-8",
        "content-length": "90316",
        "etag": "W/\"160cc-HQxZ58fZ6SGzsRCpv1OHfujWb5A\""
      }
    }
    responseTime: 42
    req: {
      "id": 33,
      "method": "GET",
      "url": "/contatos",
      "headers": {
        "host": "bot.zapatendimento.com.br",
        "connection": "keep-alive",
        "cache-control": "max-age=0",
        "upgrade-insecure-requests": "1",
        "user-agent": "Mozilla/5.0 (Windows NT 10.0; Win64; x64) AppleWebKit/537.36 (KHTML, like Gecko) Chrome/87.0.4280.88 Safari/537.36",
        "accept": "text/html,application/xhtml+xml,application/xml;q=0.9,image/avif,image/webp,image/apng,*/*;q=0.8,application/signed-exchange;v=b3;q=0.9",
        "referer": "http://bot.zapatendimento.com.br/contatos",
        "accept-encoding": "gzip, deflate",
        "accept-language": "pt-BR,pt;q=0.9,en-US;q=0.8,en;q=0.7,es;q=0.6",
        "cookie": "_ga=GA1.3.199040947.1591923695; jwtatendente=eyJhbGciOiJIUzI1NiIsInR5cCI6IkpXVCJ9.eyJpZCI6NjQsImlkX3NldG9yIjoiMCIsImlhdCI6MTYwODMxMzIwNCwiZXhwIjoxNjE2MDg5MjA0fQ.g8wbHfcvtrRdpocAN9PKmpAa39GdPpgQVwyU70VhxP0; jwt=eyJhbGciOiJIUzI1NiIsInR5cCI6IkpXVCJ9.eyJpZCI6MjAsImlhdCI6MTYwODcyMzIyOSwiZXhwIjoxNjE2NDk5MjI5fQ.kJE-aiQsSSNjbMDBSRGeI-CEBKkkRslEzZKC8sp1kNg",
        "if-none-match": "W/\"112e0-e28EdRc3WowYs1MX0h1qXplk9NE\""
      },
      "remoteAddress": "::ffff:186.206.254.45",
      "remotePort": 18954
    }
[23-12-2020 16:03:43] INFO	 (60132 on ubuntu): request completed
    res: {
      "statusCode": 404,
      "headers": {
        "x-powered-by": "Express",
        "content-security-policy": "default-src 'none'",
        "x-content-type-options": "nosniff",
        "content-type": "text/html; charset=utf-8",
        "content-length": 155
      }
    }
    responseTime: 7
    req: {
      "id": 34,
      "method": "POST",
      "url": "/auth/addcontato",
      "headers": {
        "host": "bot.zapatendimento.com.br",
        "connection": "keep-alive",
        "content-length": "68",
        "accept": "*/*",
        "x-requested-with": "XMLHttpRequest",
        "user-agent": "Mozilla/5.0 (Windows NT 10.0; Win64; x64) AppleWebKit/537.36 (KHTML, like Gecko) Chrome/87.0.4280.88 Safari/537.36",
        "content-type": "application/x-www-form-urlencoded; charset=UTF-8",
        "origin": "http://bot.zapatendimento.com.br",
        "referer": "http://bot.zapatendimento.com.br/contatos",
        "accept-encoding": "gzip, deflate",
        "accept-language": "pt-BR,pt;q=0.9,en-US;q=0.8,en;q=0.7,es;q=0.6",
        "cookie": "_ga=GA1.3.199040947.1591923695; jwtatendente=eyJhbGciOiJIUzI1NiIsInR5cCI6IkpXVCJ9.eyJpZCI6NjQsImlkX3NldG9yIjoiMCIsImlhdCI6MTYwODMxMzIwNCwiZXhwIjoxNjE2MDg5MjA0fQ.g8wbHfcvtrRdpocAN9PKmpAa39GdPpgQVwyU70VhxP0; jwt=eyJhbGciOiJIUzI1NiIsInR5cCI6IkpXVCJ9.eyJpZCI6MjAsImlhdCI6MTYwODcyMzIyOSwiZXhwIjoxNjE2NDk5MjI5fQ.kJE-aiQsSSNjbMDBSRGeI-CEBKkkRslEzZKC8sp1kNg"
      },
      "remoteAddress": "::ffff:186.206.254.45",
      "remotePort": 18971
    }
[23-12-2020 16:06:22] INFO	 (60132 on ubuntu): request completed
    res: {
      "statusCode": 304,
      "headers": {
        "x-powered-by": "Express",
        "etag": "W/\"160cc-HQxZ58fZ6SGzsRCpv1OHfujWb5A\""
      }
    }
    responseTime: 47
    req: {
      "id": 35,
      "method": "GET",
      "url": "/contatos",
      "headers": {
        "host": "bot.zapatendimento.com.br",
        "connection": "keep-alive",
        "cache-control": "max-age=0",
        "upgrade-insecure-requests": "1",
        "user-agent": "Mozilla/5.0 (Windows NT 10.0; Win64; x64) AppleWebKit/537.36 (KHTML, like Gecko) Chrome/87.0.4280.88 Safari/537.36",
        "accept": "text/html,application/xhtml+xml,application/xml;q=0.9,image/avif,image/webp,image/apng,*/*;q=0.8,application/signed-exchange;v=b3;q=0.9",
        "referer": "http://bot.zapatendimento.com.br/contatos",
        "accept-encoding": "gzip, deflate",
        "accept-language": "pt-BR,pt;q=0.9,en-US;q=0.8,en;q=0.7,es;q=0.6",
        "cookie": "_ga=GA1.3.199040947.1591923695; jwtatendente=eyJhbGciOiJIUzI1NiIsInR5cCI6IkpXVCJ9.eyJpZCI6NjQsImlkX3NldG9yIjoiMCIsImlhdCI6MTYwODMxMzIwNCwiZXhwIjoxNjE2MDg5MjA0fQ.g8wbHfcvtrRdpocAN9PKmpAa39GdPpgQVwyU70VhxP0; jwt=eyJhbGciOiJIUzI1NiIsInR5cCI6IkpXVCJ9.eyJpZCI6MjAsImlhdCI6MTYwODcyMzIyOSwiZXhwIjoxNjE2NDk5MjI5fQ.kJE-aiQsSSNjbMDBSRGeI-CEBKkkRslEzZKC8sp1kNg",
        "if-none-match": "W/\"160cc-HQxZ58fZ6SGzsRCpv1OHfujWb5A\""
      },
      "remoteAddress": "::ffff:186.206.254.45",
      "remotePort": 19068
    }
[23-12-2020 16:06:35] INFO	 (60132 on ubuntu): request completed
    res: {
      "statusCode": 404,
      "headers": {
        "x-powered-by": "Express",
        "content-security-policy": "default-src 'none'",
        "x-content-type-options": "nosniff",
        "content-type": "text/html; charset=utf-8",
        "content-length": 155
      }
    }
    responseTime: 15
    req: {
      "id": 36,
      "method": "POST",
      "url": "/auth/addcontato",
      "headers": {
        "host": "bot.zapatendimento.com.br",
        "connection": "keep-alive",
        "content-length": "68",
        "accept": "*/*",
        "x-requested-with": "XMLHttpRequest",
        "user-agent": "Mozilla/5.0 (Windows NT 10.0; Win64; x64) AppleWebKit/537.36 (KHTML, like Gecko) Chrome/87.0.4280.88 Safari/537.36",
        "content-type": "application/x-www-form-urlencoded; charset=UTF-8",
        "origin": "http://bot.zapatendimento.com.br",
        "referer": "http://bot.zapatendimento.com.br/contatos",
        "accept-encoding": "gzip, deflate",
        "accept-language": "pt-BR,pt;q=0.9,en-US;q=0.8,en;q=0.7,es;q=0.6",
        "cookie": "_ga=GA1.3.199040947.1591923695; jwtatendente=eyJhbGciOiJIUzI1NiIsInR5cCI6IkpXVCJ9.eyJpZCI6NjQsImlkX3NldG9yIjoiMCIsImlhdCI6MTYwODMxMzIwNCwiZXhwIjoxNjE2MDg5MjA0fQ.g8wbHfcvtrRdpocAN9PKmpAa39GdPpgQVwyU70VhxP0; jwt=eyJhbGciOiJIUzI1NiIsInR5cCI6IkpXVCJ9.eyJpZCI6MjAsImlhdCI6MTYwODcyMzIyOSwiZXhwIjoxNjE2NDk5MjI5fQ.kJE-aiQsSSNjbMDBSRGeI-CEBKkkRslEzZKC8sp1kNg"
      },
      "remoteAddress": "::ffff:186.206.254.45",
      "remotePort": 19081
    }
