[28-12-2020 01:39:42] ERROR	 (77746 on ubuntu): The first argument must be one of type string or Buffer. Received type object
    TypeError [ERR_INVALID_ARG_TYPE]: The first argument must be one of type string or Buffer. Received type object
        at write_ (_http_outgoing.js:595:11)
        at ServerResponse.write (_http_outgoing.js:567:10)
        at Query.db.query (/root/whatsbot/controllers/auth.js:2820:23)
        at Query.<anonymous> (/root/whatsbot/node_modules/mysql/lib/Connection.js:526:10)
        at Query._callback (/root/whatsbot/node_modules/mysql/lib/Connection.js:488:16)
        at Query.Sequence.end (/root/whatsbot/node_modules/mysql/lib/protocol/sequences/Sequence.js:83:24)
        at Query.ErrorPacket (/root/whatsbot/node_modules/mysql/lib/protocol/sequences/Query.js:92:8)
        at Protocol._parsePacket (/root/whatsbot/node_modules/mysql/lib/protocol/Protocol.js:291:23)
        at Parser._parsePacket (/root/whatsbot/node_modules/mysql/lib/protocol/Parser.js:433:10)
        at Parser.write (/root/whatsbot/node_modules/mysql/lib/protocol/Parser.js:43:10)
[28-12-2020 01:40:33] ERROR	 (77746 on ubuntu): The first argument must be one of type string or Buffer. Received type object
    TypeError [ERR_INVALID_ARG_TYPE]: The first argument must be one of type string or Buffer. Received type object
        at write_ (_http_outgoing.js:595:11)
        at ServerResponse.write (_http_outgoing.js:567:10)
        at Query.db.query (/root/whatsbot/controllers/auth.js:2820:23)
        at Query.<anonymous> (/root/whatsbot/node_modules/mysql/lib/Connection.js:526:10)
        at Query._callback (/root/whatsbot/node_modules/mysql/lib/Connection.js:488:16)
        at Query.Sequence.end (/root/whatsbot/node_modules/mysql/lib/protocol/sequences/Sequence.js:83:24)
        at Query.ErrorPacket (/root/whatsbot/node_modules/mysql/lib/protocol/sequences/Query.js:92:8)
        at Protocol._parsePacket (/root/whatsbot/node_modules/mysql/lib/protocol/Protocol.js:291:23)
        at Parser._parsePacket (/root/whatsbot/node_modules/mysql/lib/protocol/Parser.js:433:10)
        at Parser.write (/root/whatsbot/node_modules/mysql/lib/protocol/Parser.js:43:10)
[28-12-2020 15:22:06] ERROR	 (77746 on ubuntu): Cannot read property 'id' of undefined
    TypeError: Cannot read property 'id' of undefined
        at Query.db.query (/root/whatsbot/controllers/auth.js:1227:30)
        at Query.<anonymous> (/root/whatsbot/node_modules/mysql/lib/Connection.js:526:10)
        at Query._callback (/root/whatsbot/node_modules/mysql/lib/Connection.js:488:16)
        at Query.Sequence.end (/root/whatsbot/node_modules/mysql/lib/protocol/sequences/Sequence.js:83:24)
        at Query._handleFinalResultPacket (/root/whatsbot/node_modules/mysql/lib/protocol/sequences/Query.js:149:8)
        at Query.EofPacket (/root/whatsbot/node_modules/mysql/lib/protocol/sequences/Query.js:133:8)
        at Protocol._parsePacket (/root/whatsbot/node_modules/mysql/lib/protocol/Protocol.js:291:23)
        at Parser._parsePacket (/root/whatsbot/node_modules/mysql/lib/protocol/Parser.js:433:10)
        at Parser.write (/root/whatsbot/node_modules/mysql/lib/protocol/Parser.js:43:10)
        at Protocol.write (/root/whatsbot/node_modules/mysql/lib/protocol/Protocol.js:38:16)
[28-12-2020 15:22:07] ERROR	 (77746 on ubuntu): Cannot read property 'id' of undefined
    TypeError: Cannot read property 'id' of undefined
        at Query.db.query (/root/whatsbot/controllers/auth.js:1227:30)
        at Query.<anonymous> (/root/whatsbot/node_modules/mysql/lib/Connection.js:526:10)
        at Query._callback (/root/whatsbot/node_modules/mysql/lib/Connection.js:488:16)
        at Query.Sequence.end (/root/whatsbot/node_modules/mysql/lib/protocol/sequences/Sequence.js:83:24)
        at Query._handleFinalResultPacket (/root/whatsbot/node_modules/mysql/lib/protocol/sequences/Query.js:149:8)
        at Query.EofPacket (/root/whatsbot/node_modules/mysql/lib/protocol/sequences/Query.js:133:8)
        at Protocol._parsePacket (/root/whatsbot/node_modules/mysql/lib/protocol/Protocol.js:291:23)
        at Parser._parsePacket (/root/whatsbot/node_modules/mysql/lib/protocol/Parser.js:433:10)
        at Parser.write (/root/whatsbot/node_modules/mysql/lib/protocol/Parser.js:43:10)
        at Protocol.write (/root/whatsbot/node_modules/mysql/lib/protocol/Protocol.js:38:16)
[28-12-2020 16:09:17] ERROR	 (77746 on ubuntu): Cannot read property 'id' of undefined
    TypeError: Cannot read property 'id' of undefined
        at Query.db.query (/root/whatsbot/controllers/auth.js:872:32)
        at Query.<anonymous> (/root/whatsbot/node_modules/mysql/lib/Connection.js:526:10)
        at Query._callback (/root/whatsbot/node_modules/mysql/lib/Connection.js:488:16)
        at Query.Sequence.end (/root/whatsbot/node_modules/mysql/lib/protocol/sequences/Sequence.js:83:24)
        at Query._handleFinalResultPacket (/root/whatsbot/node_modules/mysql/lib/protocol/sequences/Query.js:149:8)
        at Query.EofPacket (/root/whatsbot/node_modules/mysql/lib/protocol/sequences/Query.js:133:8)
        at Protocol._parsePacket (/root/whatsbot/node_modules/mysql/lib/protocol/Protocol.js:291:23)
        at Parser._parsePacket (/root/whatsbot/node_modules/mysql/lib/protocol/Parser.js:433:10)
        at Parser.write (/root/whatsbot/node_modules/mysql/lib/protocol/Parser.js:43:10)
        at Protocol.write (/root/whatsbot/node_modules/mysql/lib/protocol/Protocol.js:38:16)
[28-12-2020 16:09:33] ERROR	 (77746 on ubuntu): Cannot read property 'id' of undefined
    TypeError: Cannot read property 'id' of undefined
        at Query.db.query (/root/whatsbot/controllers/auth.js:872:32)
        at Query.<anonymous> (/root/whatsbot/node_modules/mysql/lib/Connection.js:526:10)
        at Query._callback (/root/whatsbot/node_modules/mysql/lib/Connection.js:488:16)
        at Query.Sequence.end (/root/whatsbot/node_modules/mysql/lib/protocol/sequences/Sequence.js:83:24)
        at Query._handleFinalResultPacket (/root/whatsbot/node_modules/mysql/lib/protocol/sequences/Query.js:149:8)
        at Query.EofPacket (/root/whatsbot/node_modules/mysql/lib/protocol/sequences/Query.js:133:8)
        at Protocol._parsePacket (/root/whatsbot/node_modules/mysql/lib/protocol/Protocol.js:291:23)
        at Parser._parsePacket (/root/whatsbot/node_modules/mysql/lib/protocol/Parser.js:433:10)
        at Parser.write (/root/whatsbot/node_modules/mysql/lib/protocol/Parser.js:43:10)
        at Protocol.write (/root/whatsbot/node_modules/mysql/lib/protocol/Protocol.js:38:16)
[28-12-2020 16:09:51] ERROR	 (77746 on ubuntu): Cannot read property 'id' of undefined
    TypeError: Cannot read property 'id' of undefined
        at Query.db.query (/root/whatsbot/controllers/auth.js:872:32)
        at Query.<anonymous> (/root/whatsbot/node_modules/mysql/lib/Connection.js:526:10)
        at Query._callback (/root/whatsbot/node_modules/mysql/lib/Connection.js:488:16)
        at Query.Sequence.end (/root/whatsbot/node_modules/mysql/lib/protocol/sequences/Sequence.js:83:24)
        at Query._handleFinalResultPacket (/root/whatsbot/node_modules/mysql/lib/protocol/sequences/Query.js:149:8)
        at Query.EofPacket (/root/whatsbot/node_modules/mysql/lib/protocol/sequences/Query.js:133:8)
        at Protocol._parsePacket (/root/whatsbot/node_modules/mysql/lib/protocol/Protocol.js:291:23)
        at Parser._parsePacket (/root/whatsbot/node_modules/mysql/lib/protocol/Parser.js:433:10)
        at Parser.write (/root/whatsbot/node_modules/mysql/lib/protocol/Parser.js:43:10)
        at Protocol.write (/root/whatsbot/node_modules/mysql/lib/protocol/Protocol.js:38:16)
[28-12-2020 16:11:52] ERROR	 (77746 on ubuntu): Cannot read property 'id' of undefined
    TypeError: Cannot read property 'id' of undefined
        at Query.db.query (/root/whatsbot/controllers/auth.js:872:32)
        at Query.<anonymous> (/root/whatsbot/node_modules/mysql/lib/Connection.js:526:10)
        at Query._callback (/root/whatsbot/node_modules/mysql/lib/Connection.js:488:16)
        at Query.Sequence.end (/root/whatsbot/node_modules/mysql/lib/protocol/sequences/Sequence.js:83:24)
        at Query._handleFinalResultPacket (/root/whatsbot/node_modules/mysql/lib/protocol/sequences/Query.js:149:8)
        at Query.EofPacket (/root/whatsbot/node_modules/mysql/lib/protocol/sequences/Query.js:133:8)
        at Protocol._parsePacket (/root/whatsbot/node_modules/mysql/lib/protocol/Protocol.js:291:23)
        at Parser._parsePacket (/root/whatsbot/node_modules/mysql/lib/protocol/Parser.js:433:10)
        at Parser.write (/root/whatsbot/node_modules/mysql/lib/protocol/Parser.js:43:10)
        at Protocol.write (/root/whatsbot/node_modules/mysql/lib/protocol/Protocol.js:38:16)
