[23-12-2020 16:31:29] ERROR	 (61347 on ubuntu): write after end
    Error [ERR_STREAM_WRITE_AFTER_END]: write after end
        at write_ (_http_outgoing.js:572:17)
        at ServerResponse.write (_http_outgoing.js:567:10)
        at Query.db.query (/root/whatsbot/controllers/auth.js:2831:17)
        at Query.<anonymous> (/root/whatsbot/node_modules/mysql/lib/Connection.js:526:10)
        at Query._callback (/root/whatsbot/node_modules/mysql/lib/Connection.js:488:16)
        at Query.Sequence.end (/root/whatsbot/node_modules/mysql/lib/protocol/sequences/Sequence.js:83:24)
        at Query._handleFinalResultPacket (/root/whatsbot/node_modules/mysql/lib/protocol/sequences/Query.js:149:8)
        at Query.OkPacket (/root/whatsbot/node_modules/mysql/lib/protocol/sequences/Query.js:74:10)
        at Protocol._parsePacket (/root/whatsbot/node_modules/mysql/lib/protocol/Protocol.js:291:23)
        at Parser._parsePacket (/root/whatsbot/node_modules/mysql/lib/protocol/Parser.js:433:10)
[23-12-2020 16:31:33] ERROR	 (61347 on ubuntu): write after end
    Error [ERR_STREAM_WRITE_AFTER_END]: write after end
        at write_ (_http_outgoing.js:572:17)
        at ServerResponse.write (_http_outgoing.js:567:10)
        at Query.db.query (/root/whatsbot/controllers/auth.js:2831:17)
        at Query.<anonymous> (/root/whatsbot/node_modules/mysql/lib/Connection.js:526:10)
        at Query._callback (/root/whatsbot/node_modules/mysql/lib/Connection.js:488:16)
        at Query.Sequence.end (/root/whatsbot/node_modules/mysql/lib/protocol/sequences/Sequence.js:83:24)
        at Query._handleFinalResultPacket (/root/whatsbot/node_modules/mysql/lib/protocol/sequences/Query.js:149:8)
        at Query.OkPacket (/root/whatsbot/node_modules/mysql/lib/protocol/sequences/Query.js:74:10)
        at Protocol._parsePacket (/root/whatsbot/node_modules/mysql/lib/protocol/Protocol.js:291:23)
        at Parser._parsePacket (/root/whatsbot/node_modules/mysql/lib/protocol/Parser.js:433:10)
[23-12-2020 16:31:33] ERROR	 (61347 on ubuntu): write after end
    Error [ERR_STREAM_WRITE_AFTER_END]: write after end
        at write_ (_http_outgoing.js:572:17)
        at ServerResponse.write (_http_outgoing.js:567:10)
        at Query.db.query (/root/whatsbot/controllers/auth.js:2831:17)
        at Query.<anonymous> (/root/whatsbot/node_modules/mysql/lib/Connection.js:526:10)
        at Query._callback (/root/whatsbot/node_modules/mysql/lib/Connection.js:488:16)
        at Query.Sequence.end (/root/whatsbot/node_modules/mysql/lib/protocol/sequences/Sequence.js:83:24)
        at Query._handleFinalResultPacket (/root/whatsbot/node_modules/mysql/lib/protocol/sequences/Query.js:149:8)
        at Query.OkPacket (/root/whatsbot/node_modules/mysql/lib/protocol/sequences/Query.js:74:10)
        at Protocol._parsePacket (/root/whatsbot/node_modules/mysql/lib/protocol/Protocol.js:291:23)
        at Parser._parsePacket (/root/whatsbot/node_modules/mysql/lib/protocol/Parser.js:433:10)
[23-12-2020 16:31:38] ERROR	 (61347 on ubuntu): write after end
    Error [ERR_STREAM_WRITE_AFTER_END]: write after end
        at write_ (_http_outgoing.js:572:17)
        at ServerResponse.write (_http_outgoing.js:567:10)
        at Query.db.query (/root/whatsbot/controllers/auth.js:2831:17)
        at Query.<anonymous> (/root/whatsbot/node_modules/mysql/lib/Connection.js:526:10)
        at Query._callback (/root/whatsbot/node_modules/mysql/lib/Connection.js:488:16)
        at Query.Sequence.end (/root/whatsbot/node_modules/mysql/lib/protocol/sequences/Sequence.js:83:24)
        at Query._handleFinalResultPacket (/root/whatsbot/node_modules/mysql/lib/protocol/sequences/Query.js:149:8)
        at Query.OkPacket (/root/whatsbot/node_modules/mysql/lib/protocol/sequences/Query.js:74:10)
        at Protocol._parsePacket (/root/whatsbot/node_modules/mysql/lib/protocol/Protocol.js:291:23)
        at Parser._parsePacket (/root/whatsbot/node_modules/mysql/lib/protocol/Parser.js:433:10)
[23-12-2020 16:31:38] ERROR	 (61347 on ubuntu): write after end
    Error [ERR_STREAM_WRITE_AFTER_END]: write after end
        at write_ (_http_outgoing.js:572:17)
        at ServerResponse.write (_http_outgoing.js:567:10)
        at Query.db.query (/root/whatsbot/controllers/auth.js:2831:17)
        at Query.<anonymous> (/root/whatsbot/node_modules/mysql/lib/Connection.js:526:10)
        at Query._callback (/root/whatsbot/node_modules/mysql/lib/Connection.js:488:16)
        at Query.Sequence.end (/root/whatsbot/node_modules/mysql/lib/protocol/sequences/Sequence.js:83:24)
        at Query._handleFinalResultPacket (/root/whatsbot/node_modules/mysql/lib/protocol/sequences/Query.js:149:8)
        at Query.OkPacket (/root/whatsbot/node_modules/mysql/lib/protocol/sequences/Query.js:74:10)
        at Protocol._parsePacket (/root/whatsbot/node_modules/mysql/lib/protocol/Protocol.js:291:23)
        at Parser._parsePacket (/root/whatsbot/node_modules/mysql/lib/protocol/Parser.js:433:10)
[23-12-2020 16:31:44] ERROR	 (61347 on ubuntu): write after end
    Error [ERR_STREAM_WRITE_AFTER_END]: write after end
        at write_ (_http_outgoing.js:572:17)
        at ServerResponse.write (_http_outgoing.js:567:10)
        at Query.db.query (/root/whatsbot/controllers/auth.js:2831:17)
        at Query.<anonymous> (/root/whatsbot/node_modules/mysql/lib/Connection.js:526:10)
        at Query._callback (/root/whatsbot/node_modules/mysql/lib/Connection.js:488:16)
        at Query.Sequence.end (/root/whatsbot/node_modules/mysql/lib/protocol/sequences/Sequence.js:83:24)
        at Query._handleFinalResultPacket (/root/whatsbot/node_modules/mysql/lib/protocol/sequences/Query.js:149:8)
        at Query.OkPacket (/root/whatsbot/node_modules/mysql/lib/protocol/sequences/Query.js:74:10)
        at Protocol._parsePacket (/root/whatsbot/node_modules/mysql/lib/protocol/Protocol.js:291:23)
        at Parser._parsePacket (/root/whatsbot/node_modules/mysql/lib/protocol/Parser.js:433:10)
[23-12-2020 16:32:13] ERROR	 (61347 on ubuntu): write after end
    Error [ERR_STREAM_WRITE_AFTER_END]: write after end
        at write_ (_http_outgoing.js:572:17)
        at ServerResponse.write (_http_outgoing.js:567:10)
        at Query.db.query (/root/whatsbot/controllers/auth.js:2831:17)
        at Query.<anonymous> (/root/whatsbot/node_modules/mysql/lib/Connection.js:526:10)
        at Query._callback (/root/whatsbot/node_modules/mysql/lib/Connection.js:488:16)
        at Query.Sequence.end (/root/whatsbot/node_modules/mysql/lib/protocol/sequences/Sequence.js:83:24)
        at Query._handleFinalResultPacket (/root/whatsbot/node_modules/mysql/lib/protocol/sequences/Query.js:149:8)
        at Query.OkPacket (/root/whatsbot/node_modules/mysql/lib/protocol/sequences/Query.js:74:10)
        at Protocol._parsePacket (/root/whatsbot/node_modules/mysql/lib/protocol/Protocol.js:291:23)
        at Parser._parsePacket (/root/whatsbot/node_modules/mysql/lib/protocol/Parser.js:433:10)
[23-12-2020 16:32:18] ERROR	 (61347 on ubuntu): write after end
    Error [ERR_STREAM_WRITE_AFTER_END]: write after end
        at write_ (_http_outgoing.js:572:17)
        at ServerResponse.write (_http_outgoing.js:567:10)
        at Query.db.query (/root/whatsbot/controllers/auth.js:2831:17)
        at Query.<anonymous> (/root/whatsbot/node_modules/mysql/lib/Connection.js:526:10)
        at Query._callback (/root/whatsbot/node_modules/mysql/lib/Connection.js:488:16)
        at Query.Sequence.end (/root/whatsbot/node_modules/mysql/lib/protocol/sequences/Sequence.js:83:24)
        at Query._handleFinalResultPacket (/root/whatsbot/node_modules/mysql/lib/protocol/sequences/Query.js:149:8)
        at Query.OkPacket (/root/whatsbot/node_modules/mysql/lib/protocol/sequences/Query.js:74:10)
        at Protocol._parsePacket (/root/whatsbot/node_modules/mysql/lib/protocol/Protocol.js:291:23)
        at Parser._parsePacket (/root/whatsbot/node_modules/mysql/lib/protocol/Parser.js:433:10)
[23-12-2020 16:32:18] ERROR	 (61347 on ubuntu): write after end
    Error [ERR_STREAM_WRITE_AFTER_END]: write after end
        at write_ (_http_outgoing.js:572:17)
        at ServerResponse.write (_http_outgoing.js:567:10)
        at Query.db.query (/root/whatsbot/controllers/auth.js:2831:17)
        at Query.<anonymous> (/root/whatsbot/node_modules/mysql/lib/Connection.js:526:10)
        at Query._callback (/root/whatsbot/node_modules/mysql/lib/Connection.js:488:16)
        at Query.Sequence.end (/root/whatsbot/node_modules/mysql/lib/protocol/sequences/Sequence.js:83:24)
        at Query._handleFinalResultPacket (/root/whatsbot/node_modules/mysql/lib/protocol/sequences/Query.js:149:8)
        at Query.OkPacket (/root/whatsbot/node_modules/mysql/lib/protocol/sequences/Query.js:74:10)
        at Protocol._parsePacket (/root/whatsbot/node_modules/mysql/lib/protocol/Protocol.js:291:23)
        at Parser._parsePacket (/root/whatsbot/node_modules/mysql/lib/protocol/Parser.js:433:10)
[23-12-2020 16:32:23] ERROR	 (61347 on ubuntu): write after end
    Error [ERR_STREAM_WRITE_AFTER_END]: write after end
        at write_ (_http_outgoing.js:572:17)
        at ServerResponse.write (_http_outgoing.js:567:10)
        at Query.db.query (/root/whatsbot/controllers/auth.js:2831:17)
        at Query.<anonymous> (/root/whatsbot/node_modules/mysql/lib/Connection.js:526:10)
        at Query._callback (/root/whatsbot/node_modules/mysql/lib/Connection.js:488:16)
        at Query.Sequence.end (/root/whatsbot/node_modules/mysql/lib/protocol/sequences/Sequence.js:83:24)
        at Query._handleFinalResultPacket (/root/whatsbot/node_modules/mysql/lib/protocol/sequences/Query.js:149:8)
        at Query.OkPacket (/root/whatsbot/node_modules/mysql/lib/protocol/sequences/Query.js:74:10)
        at Protocol._parsePacket (/root/whatsbot/node_modules/mysql/lib/protocol/Protocol.js:291:23)
        at Parser._parsePacket (/root/whatsbot/node_modules/mysql/lib/protocol/Parser.js:433:10)
[23-12-2020 16:32:23] ERROR	 (61347 on ubuntu): write after end
    Error [ERR_STREAM_WRITE_AFTER_END]: write after end
        at write_ (_http_outgoing.js:572:17)
        at ServerResponse.write (_http_outgoing.js:567:10)
        at Query.db.query (/root/whatsbot/controllers/auth.js:2831:17)
        at Query.<anonymous> (/root/whatsbot/node_modules/mysql/lib/Connection.js:526:10)
        at Query._callback (/root/whatsbot/node_modules/mysql/lib/Connection.js:488:16)
        at Query.Sequence.end (/root/whatsbot/node_modules/mysql/lib/protocol/sequences/Sequence.js:83:24)
        at Query._handleFinalResultPacket (/root/whatsbot/node_modules/mysql/lib/protocol/sequences/Query.js:149:8)
        at Query.OkPacket (/root/whatsbot/node_modules/mysql/lib/protocol/sequences/Query.js:74:10)
        at Protocol._parsePacket (/root/whatsbot/node_modules/mysql/lib/protocol/Protocol.js:291:23)
        at Parser._parsePacket (/root/whatsbot/node_modules/mysql/lib/protocol/Parser.js:433:10)
[23-12-2020 16:32:29] ERROR	 (61347 on ubuntu): write after end
    Error [ERR_STREAM_WRITE_AFTER_END]: write after end
        at write_ (_http_outgoing.js:572:17)
        at ServerResponse.write (_http_outgoing.js:567:10)
        at Query.db.query (/root/whatsbot/controllers/auth.js:2831:17)
        at Query.<anonymous> (/root/whatsbot/node_modules/mysql/lib/Connection.js:526:10)
        at Query._callback (/root/whatsbot/node_modules/mysql/lib/Connection.js:488:16)
        at Query.Sequence.end (/root/whatsbot/node_modules/mysql/lib/protocol/sequences/Sequence.js:83:24)
        at Query._handleFinalResultPacket (/root/whatsbot/node_modules/mysql/lib/protocol/sequences/Query.js:149:8)
        at Query.OkPacket (/root/whatsbot/node_modules/mysql/lib/protocol/sequences/Query.js:74:10)
        at Protocol._parsePacket (/root/whatsbot/node_modules/mysql/lib/protocol/Protocol.js:291:23)
        at Parser._parsePacket (/root/whatsbot/node_modules/mysql/lib/protocol/Parser.js:433:10)
