[23-12-2020 16:27:21] ERROR	 (61168 on ubuntu): write after end
    Error [ERR_STREAM_WRITE_AFTER_END]: write after end
        at write_ (_http_outgoing.js:572:17)
        at ServerResponse.write (_http_outgoing.js:567:10)
        at Query.db.query (/root/whatsbot/controllers/auth.js:2826:17)
        at Query.<anonymous> (/root/whatsbot/node_modules/mysql/lib/Connection.js:526:10)
        at Query._callback (/root/whatsbot/node_modules/mysql/lib/Connection.js:488:16)
        at Query.Sequence.end (/root/whatsbot/node_modules/mysql/lib/protocol/sequences/Sequence.js:83:24)
        at Query._handleFinalResultPacket (/root/whatsbot/node_modules/mysql/lib/protocol/sequences/Query.js:149:8)
        at Query.OkPacket (/root/whatsbot/node_modules/mysql/lib/protocol/sequences/Query.js:74:10)
        at Protocol._parsePacket (/root/whatsbot/node_modules/mysql/lib/protocol/Protocol.js:291:23)
        at Parser._parsePacket (/root/whatsbot/node_modules/mysql/lib/protocol/Parser.js:433:10)
[23-12-2020 16:27:26] ERROR	 (61168 on ubuntu): write after end
    Error [ERR_STREAM_WRITE_AFTER_END]: write after end
        at write_ (_http_outgoing.js:572:17)
        at ServerResponse.write (_http_outgoing.js:567:10)
        at Query.db.query (/root/whatsbot/controllers/auth.js:2826:17)
        at Query.<anonymous> (/root/whatsbot/node_modules/mysql/lib/Connection.js:526:10)
        at Query._callback (/root/whatsbot/node_modules/mysql/lib/Connection.js:488:16)
        at Query.Sequence.end (/root/whatsbot/node_modules/mysql/lib/protocol/sequences/Sequence.js:83:24)
        at Query._handleFinalResultPacket (/root/whatsbot/node_modules/mysql/lib/protocol/sequences/Query.js:149:8)
        at Query.OkPacket (/root/whatsbot/node_modules/mysql/lib/protocol/sequences/Query.js:74:10)
        at Protocol._parsePacket (/root/whatsbot/node_modules/mysql/lib/protocol/Protocol.js:291:23)
        at Parser._parsePacket (/root/whatsbot/node_modules/mysql/lib/protocol/Parser.js:433:10)
[23-12-2020 16:27:26] ERROR	 (61168 on ubuntu): write after end
    Error [ERR_STREAM_WRITE_AFTER_END]: write after end
        at write_ (_http_outgoing.js:572:17)
        at ServerResponse.write (_http_outgoing.js:567:10)
        at Query.db.query (/root/whatsbot/controllers/auth.js:2826:17)
        at Query.<anonymous> (/root/whatsbot/node_modules/mysql/lib/Connection.js:526:10)
        at Query._callback (/root/whatsbot/node_modules/mysql/lib/Connection.js:488:16)
        at Query.Sequence.end (/root/whatsbot/node_modules/mysql/lib/protocol/sequences/Sequence.js:83:24)
        at Query._handleFinalResultPacket (/root/whatsbot/node_modules/mysql/lib/protocol/sequences/Query.js:149:8)
        at Query.OkPacket (/root/whatsbot/node_modules/mysql/lib/protocol/sequences/Query.js:74:10)
        at Protocol._parsePacket (/root/whatsbot/node_modules/mysql/lib/protocol/Protocol.js:291:23)
        at Parser._parsePacket (/root/whatsbot/node_modules/mysql/lib/protocol/Parser.js:433:10)
[23-12-2020 16:27:31] ERROR	 (61168 on ubuntu): write after end
    Error [ERR_STREAM_WRITE_AFTER_END]: write after end
        at write_ (_http_outgoing.js:572:17)
        at ServerResponse.write (_http_outgoing.js:567:10)
        at Query.db.query (/root/whatsbot/controllers/auth.js:2826:17)
        at Query.<anonymous> (/root/whatsbot/node_modules/mysql/lib/Connection.js:526:10)
        at Query._callback (/root/whatsbot/node_modules/mysql/lib/Connection.js:488:16)
        at Query.Sequence.end (/root/whatsbot/node_modules/mysql/lib/protocol/sequences/Sequence.js:83:24)
        at Query._handleFinalResultPacket (/root/whatsbot/node_modules/mysql/lib/protocol/sequences/Query.js:149:8)
        at Query.OkPacket (/root/whatsbot/node_modules/mysql/lib/protocol/sequences/Query.js:74:10)
        at Protocol._parsePacket (/root/whatsbot/node_modules/mysql/lib/protocol/Protocol.js:291:23)
        at Parser._parsePacket (/root/whatsbot/node_modules/mysql/lib/protocol/Parser.js:433:10)
[23-12-2020 16:27:31] ERROR	 (61168 on ubuntu): write after end
    Error [ERR_STREAM_WRITE_AFTER_END]: write after end
        at write_ (_http_outgoing.js:572:17)
        at ServerResponse.write (_http_outgoing.js:567:10)
        at Query.db.query (/root/whatsbot/controllers/auth.js:2826:17)
        at Query.<anonymous> (/root/whatsbot/node_modules/mysql/lib/Connection.js:526:10)
        at Query._callback (/root/whatsbot/node_modules/mysql/lib/Connection.js:488:16)
        at Query.Sequence.end (/root/whatsbot/node_modules/mysql/lib/protocol/sequences/Sequence.js:83:24)
        at Query._handleFinalResultPacket (/root/whatsbot/node_modules/mysql/lib/protocol/sequences/Query.js:149:8)
        at Query.OkPacket (/root/whatsbot/node_modules/mysql/lib/protocol/sequences/Query.js:74:10)
        at Protocol._parsePacket (/root/whatsbot/node_modules/mysql/lib/protocol/Protocol.js:291:23)
        at Parser._parsePacket (/root/whatsbot/node_modules/mysql/lib/protocol/Parser.js:433:10)
[23-12-2020 16:27:37] ERROR	 (61168 on ubuntu): write after end
    Error [ERR_STREAM_WRITE_AFTER_END]: write after end
        at write_ (_http_outgoing.js:572:17)
        at ServerResponse.write (_http_outgoing.js:567:10)
        at Query.db.query (/root/whatsbot/controllers/auth.js:2826:17)
        at Query.<anonymous> (/root/whatsbot/node_modules/mysql/lib/Connection.js:526:10)
        at Query._callback (/root/whatsbot/node_modules/mysql/lib/Connection.js:488:16)
        at Query.Sequence.end (/root/whatsbot/node_modules/mysql/lib/protocol/sequences/Sequence.js:83:24)
        at Query._handleFinalResultPacket (/root/whatsbot/node_modules/mysql/lib/protocol/sequences/Query.js:149:8)
        at Query.OkPacket (/root/whatsbot/node_modules/mysql/lib/protocol/sequences/Query.js:74:10)
        at Protocol._parsePacket (/root/whatsbot/node_modules/mysql/lib/protocol/Protocol.js:291:23)
        at Parser._parsePacket (/root/whatsbot/node_modules/mysql/lib/protocol/Parser.js:433:10)
[23-12-2020 16:28:08] ERROR	 (61168 on ubuntu): write after end
    Error [ERR_STREAM_WRITE_AFTER_END]: write after end
        at write_ (_http_outgoing.js:572:17)
        at ServerResponse.write (_http_outgoing.js:567:10)
        at Query.db.query (/root/whatsbot/controllers/auth.js:2826:17)
        at Query.<anonymous> (/root/whatsbot/node_modules/mysql/lib/Connection.js:526:10)
        at Query._callback (/root/whatsbot/node_modules/mysql/lib/Connection.js:488:16)
        at Query.Sequence.end (/root/whatsbot/node_modules/mysql/lib/protocol/sequences/Sequence.js:83:24)
        at Query._handleFinalResultPacket (/root/whatsbot/node_modules/mysql/lib/protocol/sequences/Query.js:149:8)
        at Query.OkPacket (/root/whatsbot/node_modules/mysql/lib/protocol/sequences/Query.js:74:10)
        at Protocol._parsePacket (/root/whatsbot/node_modules/mysql/lib/protocol/Protocol.js:291:23)
        at Parser._parsePacket (/root/whatsbot/node_modules/mysql/lib/protocol/Parser.js:433:10)
[23-12-2020 16:28:13] ERROR	 (61168 on ubuntu): write after end
    Error [ERR_STREAM_WRITE_AFTER_END]: write after end
        at write_ (_http_outgoing.js:572:17)
        at ServerResponse.write (_http_outgoing.js:567:10)
        at Query.db.query (/root/whatsbot/controllers/auth.js:2826:17)
        at Query.<anonymous> (/root/whatsbot/node_modules/mysql/lib/Connection.js:526:10)
        at Query._callback (/root/whatsbot/node_modules/mysql/lib/Connection.js:488:16)
        at Query.Sequence.end (/root/whatsbot/node_modules/mysql/lib/protocol/sequences/Sequence.js:83:24)
        at Query._handleFinalResultPacket (/root/whatsbot/node_modules/mysql/lib/protocol/sequences/Query.js:149:8)
        at Query.OkPacket (/root/whatsbot/node_modules/mysql/lib/protocol/sequences/Query.js:74:10)
        at Protocol._parsePacket (/root/whatsbot/node_modules/mysql/lib/protocol/Protocol.js:291:23)
        at Parser._parsePacket (/root/whatsbot/node_modules/mysql/lib/protocol/Parser.js:433:10)
[23-12-2020 16:28:13] ERROR	 (61168 on ubuntu): write after end
    Error [ERR_STREAM_WRITE_AFTER_END]: write after end
        at write_ (_http_outgoing.js:572:17)
        at ServerResponse.write (_http_outgoing.js:567:10)
        at Query.db.query (/root/whatsbot/controllers/auth.js:2826:17)
        at Query.<anonymous> (/root/whatsbot/node_modules/mysql/lib/Connection.js:526:10)
        at Query._callback (/root/whatsbot/node_modules/mysql/lib/Connection.js:488:16)
        at Query.Sequence.end (/root/whatsbot/node_modules/mysql/lib/protocol/sequences/Sequence.js:83:24)
        at Query._handleFinalResultPacket (/root/whatsbot/node_modules/mysql/lib/protocol/sequences/Query.js:149:8)
        at Query.OkPacket (/root/whatsbot/node_modules/mysql/lib/protocol/sequences/Query.js:74:10)
        at Protocol._parsePacket (/root/whatsbot/node_modules/mysql/lib/protocol/Protocol.js:291:23)
        at Parser._parsePacket (/root/whatsbot/node_modules/mysql/lib/protocol/Parser.js:433:10)
[23-12-2020 16:28:18] ERROR	 (61168 on ubuntu): write after end
    Error [ERR_STREAM_WRITE_AFTER_END]: write after end
        at write_ (_http_outgoing.js:572:17)
        at ServerResponse.write (_http_outgoing.js:567:10)
        at Query.db.query (/root/whatsbot/controllers/auth.js:2826:17)
        at Query.<anonymous> (/root/whatsbot/node_modules/mysql/lib/Connection.js:526:10)
        at Query._callback (/root/whatsbot/node_modules/mysql/lib/Connection.js:488:16)
        at Query.Sequence.end (/root/whatsbot/node_modules/mysql/lib/protocol/sequences/Sequence.js:83:24)
        at Query._handleFinalResultPacket (/root/whatsbot/node_modules/mysql/lib/protocol/sequences/Query.js:149:8)
        at Query.OkPacket (/root/whatsbot/node_modules/mysql/lib/protocol/sequences/Query.js:74:10)
        at Protocol._parsePacket (/root/whatsbot/node_modules/mysql/lib/protocol/Protocol.js:291:23)
        at Parser._parsePacket (/root/whatsbot/node_modules/mysql/lib/protocol/Parser.js:433:10)
[23-12-2020 16:28:18] ERROR	 (61168 on ubuntu): write after end
    Error [ERR_STREAM_WRITE_AFTER_END]: write after end
        at write_ (_http_outgoing.js:572:17)
        at ServerResponse.write (_http_outgoing.js:567:10)
        at Query.db.query (/root/whatsbot/controllers/auth.js:2826:17)
        at Query.<anonymous> (/root/whatsbot/node_modules/mysql/lib/Connection.js:526:10)
        at Query._callback (/root/whatsbot/node_modules/mysql/lib/Connection.js:488:16)
        at Query.Sequence.end (/root/whatsbot/node_modules/mysql/lib/protocol/sequences/Sequence.js:83:24)
        at Query._handleFinalResultPacket (/root/whatsbot/node_modules/mysql/lib/protocol/sequences/Query.js:149:8)
        at Query.OkPacket (/root/whatsbot/node_modules/mysql/lib/protocol/sequences/Query.js:74:10)
        at Protocol._parsePacket (/root/whatsbot/node_modules/mysql/lib/protocol/Protocol.js:291:23)
        at Parser._parsePacket (/root/whatsbot/node_modules/mysql/lib/protocol/Parser.js:433:10)
[23-12-2020 16:28:23] ERROR	 (61168 on ubuntu): write after end
    Error [ERR_STREAM_WRITE_AFTER_END]: write after end
        at write_ (_http_outgoing.js:572:17)
        at ServerResponse.write (_http_outgoing.js:567:10)
        at Query.db.query (/root/whatsbot/controllers/auth.js:2826:17)
        at Query.<anonymous> (/root/whatsbot/node_modules/mysql/lib/Connection.js:526:10)
        at Query._callback (/root/whatsbot/node_modules/mysql/lib/Connection.js:488:16)
        at Query.Sequence.end (/root/whatsbot/node_modules/mysql/lib/protocol/sequences/Sequence.js:83:24)
        at Query._handleFinalResultPacket (/root/whatsbot/node_modules/mysql/lib/protocol/sequences/Query.js:149:8)
        at Query.OkPacket (/root/whatsbot/node_modules/mysql/lib/protocol/sequences/Query.js:74:10)
        at Protocol._parsePacket (/root/whatsbot/node_modules/mysql/lib/protocol/Protocol.js:291:23)
        at Parser._parsePacket (/root/whatsbot/node_modules/mysql/lib/protocol/Parser.js:433:10)
