[25-02-2021 22:07:01] INFO (12920 on DESKTOP-N80S0E1): Startou porta 80
[25-02-2021 22:07:02] ERROR (12920 on DESKTOP-N80S0E1): ER_NOT_SUPPORTED_AUTH_MODE: Client does not support authentication protocol requested by server; consider upgrading MySQL client
    Error: ER_NOT_SUPPORTED_AUTH_MODE: Client does not support authentication protocol requested by server; consider upgrading MySQL client
        at Handshake.Sequence._packetToError (C:\Rafael\Freelancer\zapbot\node_modules\mysql\lib\protocol\sequences\Sequence.js:47:14)
        at Handshake.ErrorPacket (C:\Rafael\Freelancer\zapbot\node_modules\mysql\lib\protocol\sequences\Handshake.js:123:18)
        at Protocol._parsePacket (C:\Rafael\Freelancer\zapbot\node_modules\mysql\lib\protocol\Protocol.js:291:23)
        at Parser._parsePacket (C:\Rafael\Freelancer\zapbot\node_modules\mysql\lib\protocol\Parser.js:433:10)
        at Parser.write (C:\Rafael\Freelancer\zapbot\node_modules\mysql\lib\protocol\Parser.js:43:10)
        at Protocol.write (C:\Rafael\Freelancer\zapbot\node_modules\mysql\lib\protocol\Protocol.js:38:16)
        at Socket.<anonymous> (C:\Rafael\Freelancer\zapbot\node_modules\mysql\lib\Connection.js:88:28)
        at Socket.<anonymous> (C:\Rafael\Freelancer\zapbot\node_modules\mysql\lib\Connection.js:526:10)
        at Socket.emit (node:events:378:20)
        at addChunk (node:internal/streams/readable:313:12)
        --------------------
        at Protocol._enqueue (C:\Rafael\Freelancer\zapbot\node_modules\mysql\lib\protocol\Protocol.js:144:48)
        at Protocol.handshake (C:\Rafael\Freelancer\zapbot\node_modules\mysql\lib\protocol\Protocol.js:51:23)
        at Connection.connect (C:\Rafael\Freelancer\zapbot\node_modules\mysql\lib\Connection.js:116:18)
        at Object.<anonymous> (C:\Rafael\Freelancer\zapbot\app.js:74:4)
        at Module._compile (node:internal/modules/cjs/loader:1108:14)
        at Object.Module._extensions..js (node:internal/modules/cjs/loader:1137:10)
        at Module.load (node:internal/modules/cjs/loader:973:32)
        at Function.Module._load (node:internal/modules/cjs/loader:813:14)
        at Function.executeUserEntryPoint [as runMain] (node:internal/modules/run_main:76:12)
        at node:internal/main/run_main_module:17:47
