[24-02-2021 01:30:15] ERROR	 (13496 on DESKTOP-0PVDPJA): listen EACCES: permission denied 0.0.0.0:80
    Error: listen EACCES: permission denied 0.0.0.0:80
        at Server.setupListenHandle [as _listen2] (net.js:1289:21)
        at listenInCluster (net.js:1354:12)
        at Server.listen (net.js:1442:7)
        at Function.listen (E:\SITES\ZAPATENDIMENTO\BKPFEV2021\node_modules\express\lib\application.js:618:24)
        at Object.<anonymous> (E:\SITES\ZAPATENDIMENTO\BKPFEV2021\app.js:134:5)
        at Module._compile (internal/modules/cjs/loader.js:955:30)
        at Object.Module._extensions..js (internal/modules/cjs/loader.js:991:10)
        at Module.load (internal/modules/cjs/loader.js:811:32)
        at Function.Module._load (internal/modules/cjs/loader.js:723:14)
        at Function.Module.runMain (internal/modules/cjs/loader.js:1043:10)
[24-02-2021 01:30:17] ERROR	 (13496 on DESKTOP-0PVDPJA): connect ECONNREFUSED 127.0.0.1:3306
    Error: connect ECONNREFUSED 127.0.0.1:3306
        at TCPConnectWrap.afterConnect [as oncomplete] (net.js:1134:16)
        --------------------
        at Protocol._enqueue (E:\SITES\ZAPATENDIMENTO\BKPFEV2021\node_modules\mysql\lib\protocol\Protocol.js:144:48)
        at Protocol.handshake (E:\SITES\ZAPATENDIMENTO\BKPFEV2021\node_modules\mysql\lib\protocol\Protocol.js:51:23)
        at Connection.connect (E:\SITES\ZAPATENDIMENTO\BKPFEV2021\node_modules\mysql\lib\Connection.js:116:18)
        at Object.<anonymous> (E:\SITES\ZAPATENDIMENTO\BKPFEV2021\app.js:74:4)
        at Module._compile (internal/modules/cjs/loader.js:955:30)
        at Object.Module._extensions..js (internal/modules/cjs/loader.js:991:10)
        at Module.load (internal/modules/cjs/loader.js:811:32)
        at Function.Module._load (internal/modules/cjs/loader.js:723:14)
        at Function.Module.runMain (internal/modules/cjs/loader.js:1043:10)
        at internal/main/run_main_module.js:17:11
