[28-12-2020 17:54:44] INFO	 (300426 on ubuntu): Startou porta 80
[28-12-2020 17:54:44] INFO	 (300426 on ubuntu): MySQL connected!
[28-12-2020 17:56:51] INFO	 (300426 on ubuntu): request completed
    res: {
      "statusCode": 200,
      "headers": {
        "x-powered-by": "Express",
        "content-type": "text/html; charset=utf-8",
        "content-length": "54976",
        "etag": "W/\"d6c0-XqvlgZZyrU5grfdVgxHbngm+RJU\""
      }
    }
    responseTime: 436
    req: {
      "id": 1,
      "method": "GET",
      "url": "/enviar",
      "headers": {
        "host": "bot.zapatendimento.com.br",
        "connection": "keep-alive",
        "upgrade-insecure-requests": "1",
        "user-agent": "Mozilla/5.0 (Windows NT 10.0; Win64; x64) AppleWebKit/537.36 (KHTML, like Gecko) Chrome/87.0.4280.88 Safari/537.36",
        "accept": "text/html,application/xhtml+xml,application/xml;q=0.9,image/avif,image/webp,image/apng,*/*;q=0.8,application/signed-exchange;v=b3;q=0.9",
        "referer": "http://bot.zapatendimento.com.br/enviar",
        "accept-encoding": "gzip, deflate",
        "accept-language": "pt-BR,pt;q=0.9,en-US;q=0.8,en;q=0.7,es;q=0.6",
        "cookie": "_ga=GA1.3.199040947.1591923695; jwt=eyJhbGciOiJIUzI1NiIsInR5cCI6IkpXVCJ9.eyJpZCI6MTksImlhdCI6MTYwOTE3NTIxNCwiZXhwIjoxNjE2OTUxMjE0fQ.oidOBtHkdlMXaB2wOulcfXFJzofedPfBwU-2Z3kLKHc",
        "if-none-match": "W/\"18689-zOFtn3+1FjtB4FnM9XG7kdmzDCg\""
      },
      "remoteAddress": "::ffff:201.17.159.122",
      "remotePort": 26296
    }
[28-12-2020 17:56:55] INFO	 (300426 on ubuntu):
    jwt_usuario: {
      "id": 19,
      "iat": 1609175214,
      "exp": 1616951214
    }
[28-12-2020 17:56:55] INFO	 (300426 on ubuntu):
    login_usuario: {
      "id": 19,
      "created_at": "2020-12-04T20:40:16.000Z",
      "updated_at": null,
      "nome": "Novo Visual",
      "senha": "$2a$08$l5wOqC4U0/RzzRvRjfOH7uontRZchMW3tSTdBu.uBTe170MBD9PUa",
      "email": "novovisual@novovisual.com",
      "maskeid": "gAFg3l",
      "admin": 0
    }
[28-12-2020 17:56:55] INFO	 (300426 on ubuntu): request completed
    res: {
      "statusCode": 304,
      "headers": {
        "x-powered-by": "Express",
        "etag": "W/\"c3d5-QyoLiMUVaNOlRpKnwUz7it20HBs\""
      }
    }
    responseTime: 162
    req: {
      "id": 2,
      "method": "GET",
      "url": "/whats",
      "headers": {
        "host": "bot.zapatendimento.com.br",
        "connection": "keep-alive",
        "upgrade-insecure-requests": "1",
        "user-agent": "Mozilla/5.0 (Windows NT 10.0; Win64; x64) AppleWebKit/537.36 (KHTML, like Gecko) Chrome/87.0.4280.88 Safari/537.36",
        "accept": "text/html,application/xhtml+xml,application/xml;q=0.9,image/avif,image/webp,image/apng,*/*;q=0.8,application/signed-exchange;v=b3;q=0.9",
        "referer": "http://bot.zapatendimento.com.br/enviar",
        "accept-encoding": "gzip, deflate",
        "accept-language": "pt-BR,pt;q=0.9,en-US;q=0.8,en;q=0.7,es;q=0.6",
        "cookie": "_ga=GA1.3.199040947.1591923695; jwt=eyJhbGciOiJIUzI1NiIsInR5cCI6IkpXVCJ9.eyJpZCI6MTksImlhdCI6MTYwOTE3NTIxNCwiZXhwIjoxNjE2OTUxMjE0fQ.oidOBtHkdlMXaB2wOulcfXFJzofedPfBwU-2Z3kLKHc",
        "if-none-match": "W/\"c3d5-QyoLiMUVaNOlRpKnwUz7it20HBs\""
      },
      "remoteAddress": "::ffff:201.17.159.122",
      "remotePort": 26295
    }
[28-12-2020 17:57:20] INFO	 (300426 on ubuntu): request completed
    res: {
      "statusCode": 200,
      "headers": {
        "x-powered-by": "Express",
        "content-type": "text/html; charset=utf-8",
        "content-length": "47801",
        "etag": "W/\"bab9-ssEj0WqUBy5WJ9URYfcMmrdygy0\""
      }
    }
    responseTime: 107
    req: {
      "id": 4,
      "method": "GET",
      "url": "/bot",
      "headers": {
        "host": "bot.zapatendimento.com.br",
        "connection": "keep-alive",
        "upgrade-insecure-requests": "1",
        "user-agent": "Mozilla/5.0 (Windows NT 10.0; Win64; x64) AppleWebKit/537.36 (KHTML, like Gecko) Chrome/87.0.4280.88 Safari/537.36",
        "accept": "text/html,application/xhtml+xml,application/xml;q=0.9,image/avif,image/webp,image/apng,*/*;q=0.8,application/signed-exchange;v=b3;q=0.9",
        "referer": "http://bot.zapatendimento.com.br/whats",
        "accept-encoding": "gzip, deflate",
        "accept-language": "pt-BR,pt;q=0.9,en-US;q=0.8,en;q=0.7,es;q=0.6",
        "cookie": "_ga=GA1.3.199040947.1591923695; jwt=eyJhbGciOiJIUzI1NiIsInR5cCI6IkpXVCJ9.eyJpZCI6MTksImlhdCI6MTYwOTE3NTIxNCwiZXhwIjoxNjE2OTUxMjE0fQ.oidOBtHkdlMXaB2wOulcfXFJzofedPfBwU-2Z3kLKHc",
        "if-none-match": "W/\"d08f-t359qrNiKWalOdcOn+nNYF2hwbE\""
      },
      "remoteAddress": "::ffff:201.17.159.122",
      "remotePort": 26333
    }
