[28-12-2020 17:40:48] ERROR	 (298682 on ubuntu): listen EADDRINUSE: address already in use :::3000
    Error: listen EADDRINUSE: address already in use :::3000
        at Server.setupListenHandle [as _listen2] (net.js:1280:14)
        at listenInCluster (net.js:1328:12)
        at Server.listen (net.js:1415:7)
        at Object.<anonymous> (/root/whatsbot/controllers/auth.js:159:9)
        at Module._compile (internal/modules/cjs/loader.js:778:30)
        at Object.Module._extensions..js (internal/modules/cjs/loader.js:789:10)
        at Module.load (internal/modules/cjs/loader.js:653:32)
        at tryModuleLoad (internal/modules/cjs/loader.js:593:12)
        at Function.Module._load (internal/modules/cjs/loader.js:585:3)
        at Module.require (internal/modules/cjs/loader.js:692:17)
[28-12-2020 17:40:50] ERROR	 (298682 on ubuntu): connect ETIMEDOUT
    Error: connect ETIMEDOUT
        at Connection._handleConnectTimeout (/root/whatsbot/node_modules/mysql/lib/Connection.js:409:13)
        at Object.onceWrapper (events.js:286:20)
        at Socket.emit (events.js:198:13)
        at Socket._onTimeout (net.js:443:8)
        at ontimeout (timers.js:436:11)
        at tryOnTimeout (timers.js:300:5)
        at listOnTimeout (timers.js:263:5)
        at Timer.processTimers (timers.js:223:10)
        --------------------
        at Protocol._enqueue (/root/whatsbot/node_modules/mysql/lib/protocol/Protocol.js:144:48)
        at Protocol.handshake (/root/whatsbot/node_modules/mysql/lib/protocol/Protocol.js:51:23)
        at Connection.connect (/root/whatsbot/node_modules/mysql/lib/Connection.js:116:18)
        at Object.<anonymous> (/root/whatsbot/app.js:74:4)
        at Module._compile (internal/modules/cjs/loader.js:778:30)
        at Object.Module._extensions..js (internal/modules/cjs/loader.js:789:10)
        at Module.load (internal/modules/cjs/loader.js:653:32)
        at tryModuleLoad (internal/modules/cjs/loader.js:593:12)
        at Function.Module._load (internal/modules/cjs/loader.js:585:3)
        at Function.Module.runMain (internal/modules/cjs/loader.js:831:12)
[28-12-2020 17:40:50] ERROR	 (298682 on ubuntu): listen EADDRINUSE: address already in use :::80
    Error: listen EADDRINUSE: address already in use :::80
        at Server.setupListenHandle [as _listen2] (net.js:1280:14)
        at listenInCluster (net.js:1328:12)
        at Server.listen (net.js:1415:7)
        at Function.listen (/root/whatsbot/node_modules/express/lib/application.js:618:24)
        at Object.<anonymous> (/root/whatsbot/app.js:134:5)
        at Module._compile (internal/modules/cjs/loader.js:778:30)
        at Object.Module._extensions..js (internal/modules/cjs/loader.js:789:10)
        at Module.load (internal/modules/cjs/loader.js:653:32)
        at tryModuleLoad (internal/modules/cjs/loader.js:593:12)
        at Function.Module._load (internal/modules/cjs/loader.js:585:3)
