[02-02-2021 15:40:53] INFO	 (2270573 on ubuntu): Startou porta 80
[02-02-2021 15:40:53] ERROR	 (2270573 on ubuntu): connect ECONNREFUSED 127.0.0.1:3306
    Error: connect ECONNREFUSED 127.0.0.1:3306
        at TCPConnectWrap.afterConnect [as oncomplete] (net.js:1107:14)
        --------------------
        at Protocol._enqueue (/root/whatsbot/node_modules/mysql/lib/protocol/Protocol.js:144:48)
        at Protocol.handshake (/root/whatsbot/node_modules/mysql/lib/protocol/Protocol.js:51:23)
        at Connection.connect (/root/whatsbot/node_modules/mysql/lib/Connection.js:116:18)
        at Object.<anonymous> (/root/whatsbot/app.js:74:4)
        at Module._compile (internal/modules/cjs/loader.js:778:30)
        at Object.Module._extensions..js (internal/modules/cjs/loader.js:789:10)
        at Module.load (internal/modules/cjs/loader.js:653:32)
        at tryModuleLoad (internal/modules/cjs/loader.js:593:12)
        at Function.Module._load (internal/modules/cjs/loader.js:585:3)
        at Object.<anonymous> (/usr/local/lib/node_modules/pm2/lib/ProcessContainerFork.js:32:23)
[02-02-2021 15:40:55] INFO	 (2270573 on ubuntu): request completed
    res: {
      "statusCode": 302,
      "headers": {
        "x-powered-by": "Express",
        "location": "/entrar",
        "vary": "Accept",
        "content-type": "text/html; charset=utf-8",
        "content-length": "58"
      }
    }
    responseTime: 5
    req: {
      "id": 1,
      "method": "GET",
      "url": "/",
      "headers": {
        "host": "bot.zapatendimento.com.br",
        "connection": "keep-alive",
        "cache-control": "max-age=0",
        "upgrade-insecure-requests": "1",
        "user-agent": "Mozilla/5.0 (Windows NT 10.0; Win64; x64) AppleWebKit/537.36 (KHTML, like Gecko) Chrome/88.0.4324.104 Safari/537.36",
        "accept": "text/html,application/xhtml+xml,application/xml;q=0.9,image/avif,image/webp,image/apng,*/*;q=0.8,application/signed-exchange;v=b3;q=0.9",
        "accept-encoding": "gzip, deflate",
        "accept-language": "pt-BR,pt;q=0.9,en-US;q=0.8,en;q=0.7,es;q=0.6",
        "cookie": "_ga=GA1.3.199040947.1591923695; jwtatendente=eyJhbGciOiJIUzI1NiIsInR5cCI6IkpXVCJ9.eyJpZCI6NDcsImlkX3NldG9yIjoiMCIsImlhdCI6MTYxMDk3NzM4OCwiZXhwIjoxNjE4NzUzMzg4fQ.5W4C2ANDzgWHQrW2xksi1g6C2255f6UQf9IM9e82RRA"
      },
      "remoteAddress": "::ffff:201.17.159.106",
      "remotePort": 20083
    }
[02-02-2021 15:40:55] INFO	 (2270573 on ubuntu): request completed
    res: {
      "statusCode": 304,
      "headers": {
        "x-powered-by": "Express",
        "etag": "W/\"bca-84PQKdxIX7GqgjoD6JMGxRQgDWU\""
      }
    }
    responseTime: 18
    req: {
      "id": 2,
      "method": "GET",
      "url": "/entrar",
      "headers": {
        "host": "bot.zapatendimento.com.br",
        "connection": "keep-alive",
        "cache-control": "max-age=0",
        "upgrade-insecure-requests": "1",
        "user-agent": "Mozilla/5.0 (Windows NT 10.0; Win64; x64) AppleWebKit/537.36 (KHTML, like Gecko) Chrome/88.0.4324.104 Safari/537.36",
        "accept": "text/html,application/xhtml+xml,application/xml;q=0.9,image/avif,image/webp,image/apng,*/*;q=0.8,application/signed-exchange;v=b3;q=0.9",
        "accept-encoding": "gzip, deflate",
        "accept-language": "pt-BR,pt;q=0.9,en-US;q=0.8,en;q=0.7,es;q=0.6",
        "cookie": "_ga=GA1.3.199040947.1591923695; jwtatendente=eyJhbGciOiJIUzI1NiIsInR5cCI6IkpXVCJ9.eyJpZCI6NDcsImlkX3NldG9yIjoiMCIsImlhdCI6MTYxMDk3NzM4OCwiZXhwIjoxNjE4NzUzMzg4fQ.5W4C2ANDzgWHQrW2xksi1g6C2255f6UQf9IM9e82RRA",
        "if-none-match": "W/\"bca-84PQKdxIX7GqgjoD6JMGxRQgDWU\""
      },
      "remoteAddress": "::ffff:201.17.159.106",
      "remotePort": 20083
    }
[02-02-2021 15:40:55] INFO	 (2270573 on ubuntu): request completed
    res: {
      "statusCode": 404,
      "headers": {
        "x-powered-by": "Express",
        "content-security-policy": "default-src 'none'",
        "x-content-type-options": "nosniff",
        "content-type": "text/html; charset=utf-8",
        "content-length": 166
      }
    }
    responseTime: 2
    req: {
      "id": 3,
      "method": "GET",
      "url": "/vendor/jquery/jquery.min.js",
      "headers": {
        "host": "bot.zapatendimento.com.br",
        "connection": "keep-alive",
        "user-agent": "Mozilla/5.0 (Windows NT 10.0; Win64; x64) AppleWebKit/537.36 (KHTML, like Gecko) Chrome/88.0.4324.104 Safari/537.36",
        "accept": "*/*",
        "referer": "http://bot.zapatendimento.com.br/entrar",
        "accept-encoding": "gzip, deflate",
        "accept-language": "pt-BR,pt;q=0.9,en-US;q=0.8,en;q=0.7,es;q=0.6",
        "cookie": "_ga=GA1.3.199040947.1591923695; jwtatendente=eyJhbGciOiJIUzI1NiIsInR5cCI6IkpXVCJ9.eyJpZCI6NDcsImlkX3NldG9yIjoiMCIsImlhdCI6MTYxMDk3NzM4OCwiZXhwIjoxNjE4NzUzMzg4fQ.5W4C2ANDzgWHQrW2xksi1g6C2255f6UQf9IM9e82RRA"
      },
      "remoteAddress": "::ffff:201.17.159.106",
      "remotePort": 20083
    }
[02-02-2021 15:40:55] INFO	 (2270573 on ubuntu): request completed
    res: {
      "statusCode": 404,
      "headers": {
        "x-powered-by": "Express",
        "content-security-policy": "default-src 'none'",
        "x-content-type-options": "nosniff",
        "content-type": "text/html; charset=utf-8",
        "content-length": 182
      }
    }
    responseTime: 0
    req: {
      "id": 4,
      "method": "GET",
      "url": "/vendor/bootstrap/js/bootstrap.bundle.min.js",
      "headers": {
        "host": "bot.zapatendimento.com.br",
        "connection": "keep-alive",
        "user-agent": "Mozilla/5.0 (Windows NT 10.0; Win64; x64) AppleWebKit/537.36 (KHTML, like Gecko) Chrome/88.0.4324.104 Safari/537.36",
        "accept": "*/*",
        "referer": "http://bot.zapatendimento.com.br/entrar",
        "accept-encoding": "gzip, deflate",
        "accept-language": "pt-BR,pt;q=0.9,en-US;q=0.8,en;q=0.7,es;q=0.6",
        "cookie": "_ga=GA1.3.199040947.1591923695; jwtatendente=eyJhbGciOiJIUzI1NiIsInR5cCI6IkpXVCJ9.eyJpZCI6NDcsImlkX3NldG9yIjoiMCIsImlhdCI6MTYxMDk3NzM4OCwiZXhwIjoxNjE4NzUzMzg4fQ.5W4C2ANDzgWHQrW2xksi1g6C2255f6UQf9IM9e82RRA"
      },
      "remoteAddress": "::ffff:201.17.159.106",
      "remotePort": 20084
    }
[02-02-2021 15:40:55] INFO	 (2270573 on ubuntu): request completed
    res: {
      "statusCode": 404,
      "headers": {
        "x-powered-by": "Express",
        "content-security-policy": "default-src 'none'",
        "x-content-type-options": "nosniff",
        "content-type": "text/html; charset=utf-8",
        "content-length": 180
      }
    }
    responseTime: 0
    req: {
      "id": 5,
      "method": "GET",
      "url": "/vendor/jquery-easing/jquery.easing.min.js",
      "headers": {
        "host": "bot.zapatendimento.com.br",
        "connection": "keep-alive",
        "user-agent": "Mozilla/5.0 (Windows NT 10.0; Win64; x64) AppleWebKit/537.36 (KHTML, like Gecko) Chrome/88.0.4324.104 Safari/537.36",
        "accept": "*/*",
        "referer": "http://bot.zapatendimento.com.br/entrar",
        "accept-encoding": "gzip, deflate",
        "accept-language": "pt-BR,pt;q=0.9,en-US;q=0.8,en;q=0.7,es;q=0.6",
        "cookie": "_ga=GA1.3.199040947.1591923695; jwtatendente=eyJhbGciOiJIUzI1NiIsInR5cCI6IkpXVCJ9.eyJpZCI6NDcsImlkX3NldG9yIjoiMCIsImlhdCI6MTYxMDk3NzM4OCwiZXhwIjoxNjE4NzUzMzg4fQ.5W4C2ANDzgWHQrW2xksi1g6C2255f6UQf9IM9e82RRA"
      },
      "remoteAddress": "::ffff:201.17.159.106",
      "remotePort": 20086
    }
[02-02-2021 15:40:55] INFO	 (2270573 on ubuntu): request completed
    res: {
      "statusCode": 404,
      "headers": {
        "x-powered-by": "Express",
        "content-security-policy": "default-src 'none'",
        "x-content-type-options": "nosniff",
        "content-type": "text/html; charset=utf-8",
        "content-length": 159
      }
    }
    responseTime: 0
    req: {
      "id": 6,
      "method": "GET",
      "url": "/js/sb-admin-2.min.js",
      "headers": {
        "host": "bot.zapatendimento.com.br",
        "connection": "keep-alive",
        "user-agent": "Mozilla/5.0 (Windows NT 10.0; Win64; x64) AppleWebKit/537.36 (KHTML, like Gecko) Chrome/88.0.4324.104 Safari/537.36",
        "accept": "*/*",
        "referer": "http://bot.zapatendimento.com.br/entrar",
        "accept-encoding": "gzip, deflate",
        "accept-language": "pt-BR,pt;q=0.9,en-US;q=0.8,en;q=0.7,es;q=0.6",
        "cookie": "_ga=GA1.3.199040947.1591923695; jwtatendente=eyJhbGciOiJIUzI1NiIsInR5cCI6IkpXVCJ9.eyJpZCI6NDcsImlkX3NldG9yIjoiMCIsImlhdCI6MTYxMDk3NzM4OCwiZXhwIjoxNjE4NzUzMzg4fQ.5W4C2ANDzgWHQrW2xksi1g6C2255f6UQf9IM9e82RRA"
      },
      "remoteAddress": "::ffff:201.17.159.106",
      "remotePort": 20087
    }
[02-02-2021 15:40:56] INFO	 (2270573 on ubuntu): request completed
    res: {
      "statusCode": 404,
      "headers": {
        "x-powered-by": "Express",
        "content-security-policy": "default-src 'none'",
        "x-content-type-options": "nosniff",
        "content-type": "text/html; charset=utf-8",
        "content-length": 182
      }
    }
    responseTime: 1
    req: {
      "id": 7,
      "method": "GET",
      "url": "/vendor/bootstrap/js/bootstrap.bundle.min.js",
      "headers": {
        "host": "bot.zapatendimento.com.br",
        "connection": "keep-alive",
        "user-agent": "Mozilla/5.0 (Windows NT 10.0; Win64; x64) AppleWebKit/537.36 (KHTML, like Gecko) Chrome/88.0.4324.104 Safari/537.36",
        "accept": "*/*",
        "referer": "http://bot.zapatendimento.com.br/entrar",
        "accept-encoding": "gzip, deflate",
        "accept-language": "pt-BR,pt;q=0.9,en-US;q=0.8,en;q=0.7,es;q=0.6",
        "cookie": "_ga=GA1.3.199040947.1591923695; jwtatendente=eyJhbGciOiJIUzI1NiIsInR5cCI6IkpXVCJ9.eyJpZCI6NDcsImlkX3NldG9yIjoiMCIsImlhdCI6MTYxMDk3NzM4OCwiZXhwIjoxNjE4NzUzMzg4fQ.5W4C2ANDzgWHQrW2xksi1g6C2255f6UQf9IM9e82RRA"
      },
      "remoteAddress": "::ffff:201.17.159.106",
      "remotePort": 20083
    }
[02-02-2021 15:40:56] INFO	 (2270573 on ubuntu): request completed
    res: {
      "statusCode": 404,
      "headers": {
        "x-powered-by": "Express",
        "content-security-policy": "default-src 'none'",
        "x-content-type-options": "nosniff",
        "content-type": "text/html; charset=utf-8",
        "content-length": 180
      }
    }
    responseTime: 1
    req: {
      "id": 8,
      "method": "GET",
      "url": "/vendor/jquery-easing/jquery.easing.min.js",
      "headers": {
        "host": "bot.zapatendimento.com.br",
        "connection": "keep-alive",
        "user-agent": "Mozilla/5.0 (Windows NT 10.0; Win64; x64) AppleWebKit/537.36 (KHTML, like Gecko) Chrome/88.0.4324.104 Safari/537.36",
        "accept": "*/*",
        "referer": "http://bot.zapatendimento.com.br/entrar",
        "accept-encoding": "gzip, deflate",
        "accept-language": "pt-BR,pt;q=0.9,en-US;q=0.8,en;q=0.7,es;q=0.6",
        "cookie": "_ga=GA1.3.199040947.1591923695; jwtatendente=eyJhbGciOiJIUzI1NiIsInR5cCI6IkpXVCJ9.eyJpZCI6NDcsImlkX3NldG9yIjoiMCIsImlhdCI6MTYxMDk3NzM4OCwiZXhwIjoxNjE4NzUzMzg4fQ.5W4C2ANDzgWHQrW2xksi1g6C2255f6UQf9IM9e82RRA"
      },
      "remoteAddress": "::ffff:201.17.159.106",
      "remotePort": 20083
    }
[02-02-2021 15:40:56] INFO	 (2270573 on ubuntu): request completed
    res: {
      "statusCode": 404,
      "headers": {
        "x-powered-by": "Express",
        "content-security-policy": "default-src 'none'",
        "x-content-type-options": "nosniff",
        "content-type": "text/html; charset=utf-8",
        "content-length": 159
      }
    }
    responseTime: 1
    req: {
      "id": 9,
      "method": "GET",
      "url": "/js/sb-admin-2.min.js",
      "headers": {
        "host": "bot.zapatendimento.com.br",
        "connection": "keep-alive",
        "user-agent": "Mozilla/5.0 (Windows NT 10.0; Win64; x64) AppleWebKit/537.36 (KHTML, like Gecko) Chrome/88.0.4324.104 Safari/537.36",
        "accept": "*/*",
        "referer": "http://bot.zapatendimento.com.br/entrar",
        "accept-encoding": "gzip, deflate",
        "accept-language": "pt-BR,pt;q=0.9,en-US;q=0.8,en;q=0.7,es;q=0.6",
        "cookie": "_ga=GA1.3.199040947.1591923695; jwtatendente=eyJhbGciOiJIUzI1NiIsInR5cCI6IkpXVCJ9.eyJpZCI6NDcsImlkX3NldG9yIjoiMCIsImlhdCI6MTYxMDk3NzM4OCwiZXhwIjoxNjE4NzUzMzg4fQ.5W4C2ANDzgWHQrW2xksi1g6C2255f6UQf9IM9e82RRA"
      },
      "remoteAddress": "::ffff:201.17.159.106",
      "remotePort": 20083
    }
[02-02-2021 15:41:09] INFO	 (2270573 on ubuntu): request completed
    res: {
      "statusCode": 404,
      "headers": {
        "x-powered-by": "Express",
        "content-security-policy": "default-src 'none'",
        "x-content-type-options": "nosniff",
        "content-type": "text/html; charset=utf-8",
        "content-length": 156
      }
    }
    responseTime: 5
    req: {
      "id": 11,
      "method": "POST",
      "url": "/auth/enviarwhats",
      "headers": {
        "host": "bot.zapatendimento.com.br",
        "connection": "keep-alive",
        "content-length": "28",
        "accept": "*/*",
        "x-requested-with": "XMLHttpRequest",
        "user-agent": "Mozilla/5.0 (Windows NT 10.0; Win64; x64) AppleWebKit/537.36 (KHTML, like Gecko) Chrome/88.0.4324.104 Safari/537.36",
        "content-type": "application/x-www-form-urlencoded; charset=UTF-8",
        "origin": "http://bot.zapatendimento.com.br",
        "referer": "http://bot.zapatendimento.com.br/enviar",
        "accept-encoding": "gzip, deflate",
        "accept-language": "pt-BR,pt;q=0.9,en-US;q=0.8,en;q=0.7",
        "cookie": "jwt=eyJhbGciOiJIUzI1NiIsInR5cCI6IkpXVCJ9.eyJpZCI6MzEsImlhdCI6MTYxMjIxMjM2NCwiZXhwIjoxNjE5OTg4MzY0fQ.G345Zd96cPtMx9bOsdEoOXzbB3uOT6RHmNiujV9Kluo"
      },
      "remoteAddress": "::ffff:186.214.55.214",
      "remotePort": 59853
    }
[02-02-2021 15:41:29] INFO	 (2270573 on ubuntu): request completed
    res: {
      "statusCode": 404,
      "headers": {
        "x-powered-by": "Express",
        "content-security-policy": "default-src 'none'",
        "x-content-type-options": "nosniff",
        "content-type": "text/html; charset=utf-8",
        "content-length": 156
      }
    }
    responseTime: 2
    req: {
      "id": 12,
      "method": "POST",
      "url": "/auth/enviarwhats",
      "headers": {
        "host": "bot.zapatendimento.com.br",
        "connection": "keep-alive",
        "content-length": "28",
        "accept": "*/*",
        "x-requested-with": "XMLHttpRequest",
        "user-agent": "Mozilla/5.0 (Windows NT 10.0; Win64; x64) AppleWebKit/537.36 (KHTML, like Gecko) Chrome/88.0.4324.104 Safari/537.36",
        "content-type": "application/x-www-form-urlencoded; charset=UTF-8",
        "origin": "http://bot.zapatendimento.com.br",
        "referer": "http://bot.zapatendimento.com.br/enviar",
        "accept-encoding": "gzip, deflate",
        "accept-language": "pt-BR,pt;q=0.9,en-US;q=0.8,en;q=0.7",
        "cookie": "jwt=eyJhbGciOiJIUzI1NiIsInR5cCI6IkpXVCJ9.eyJpZCI6MzEsImlhdCI6MTYxMjIxMjM2NCwiZXhwIjoxNjE5OTg4MzY0fQ.G345Zd96cPtMx9bOsdEoOXzbB3uOT6RHmNiujV9Kluo"
      },
      "remoteAddress": "::ffff:186.214.55.214",
      "remotePort": 59854
    }
[02-02-2021 15:41:49] INFO	 (2270573 on ubuntu): request completed
    res: {
      "statusCode": 404,
      "headers": {
        "x-powered-by": "Express",
        "content-security-policy": "default-src 'none'",
        "x-content-type-options": "nosniff",
        "content-type": "text/html; charset=utf-8",
        "content-length": 156
      }
    }
    responseTime: 1
    req: {
      "id": 13,
      "method": "POST",
      "url": "/auth/enviarwhats",
      "headers": {
        "host": "bot.zapatendimento.com.br",
        "connection": "keep-alive",
        "content-length": "28",
        "accept": "*/*",
        "x-requested-with": "XMLHttpRequest",
        "user-agent": "Mozilla/5.0 (Windows NT 10.0; Win64; x64) AppleWebKit/537.36 (KHTML, like Gecko) Chrome/88.0.4324.104 Safari/537.36",
        "content-type": "application/x-www-form-urlencoded; charset=UTF-8",
        "origin": "http://bot.zapatendimento.com.br",
        "referer": "http://bot.zapatendimento.com.br/enviar",
        "accept-encoding": "gzip, deflate",
        "accept-language": "pt-BR,pt;q=0.9,en-US;q=0.8,en;q=0.7",
        "cookie": "jwt=eyJhbGciOiJIUzI1NiIsInR5cCI6IkpXVCJ9.eyJpZCI6MzEsImlhdCI6MTYxMjIxMjM2NCwiZXhwIjoxNjE5OTg4MzY0fQ.G345Zd96cPtMx9bOsdEoOXzbB3uOT6RHmNiujV9Kluo"
      },
      "remoteAddress": "::ffff:186.214.55.214",
      "remotePort": 59856
    }
