[02-02-2021 18:26:32] INFO	 (2281964 on ubuntu): Startou porta 80
[02-02-2021 18:26:32] ERROR	 (2281964 on ubuntu): connect ECONNREFUSED 127.0.0.1:3306
    Error: connect ECONNREFUSED 127.0.0.1:3306
        at TCPConnectWrap.afterConnect [as oncomplete] (net.js:1107:14)
        --------------------
        at Protocol._enqueue (/root/whatsbot/node_modules/mysql/lib/protocol/Protocol.js:144:48)
        at Protocol.handshake (/root/whatsbot/node_modules/mysql/lib/protocol/Protocol.js:51:23)
        at Connection.connect (/root/whatsbot/node_modules/mysql/lib/Connection.js:116:18)
        at Object.<anonymous> (/root/whatsbot/app.js:74:4)
        at Module._compile (internal/modules/cjs/loader.js:778:30)
        at Object.Module._extensions..js (internal/modules/cjs/loader.js:789:10)
        at Module.load (internal/modules/cjs/loader.js:653:32)
        at tryModuleLoad (internal/modules/cjs/loader.js:593:12)
        at Function.Module._load (internal/modules/cjs/loader.js:585:3)
        at Object.<anonymous> (/usr/local/lib/node_modules/pm2/lib/ProcessContainerFork.js:32:23)
[02-02-2021 18:26:41] INFO	 (2281964 on ubuntu): request completed
    res: {
      "statusCode": 304,
      "headers": {
        "x-powered-by": "Express",
        "etag": "W/\"b72-h3D8Yr1QywDVkA+FP3JOCa+98Jc\""
      }
    }
    responseTime: 27
    req: {
      "id": 1,
      "method": "GET",
      "url": "/qrcode/20",
      "headers": {
        "host": "bot.zapatendimento.com.br",
        "connection": "keep-alive",
        "cache-control": "max-age=0",
        "upgrade-insecure-requests": "1",
        "user-agent": "Mozilla/5.0 (Windows NT 10.0; Win64; x64) AppleWebKit/537.36 (KHTML, like Gecko) Chrome/88.0.4324.104 Safari/537.36",
        "accept": "text/html,application/xhtml+xml,application/xml;q=0.9,image/avif,image/webp,image/apng,*/*;q=0.8,application/signed-exchange;v=b3;q=0.9",
        "accept-encoding": "gzip, deflate",
        "accept-language": "pt-BR,pt;q=0.9,en-US;q=0.8,en;q=0.7,es;q=0.6",
        "cookie": "_ga=GA1.3.199040947.1591923695; jwtatendente=eyJhbGciOiJIUzI1NiIsInR5cCI6IkpXVCJ9.eyJpZCI6NDcsImlkX3NldG9yIjoiMCIsImlhdCI6MTYxMDk3NzM4OCwiZXhwIjoxNjE4NzUzMzg4fQ.5W4C2ANDzgWHQrW2xksi1g6C2255f6UQf9IM9e82RRA",
        "if-none-match": "W/\"b72-h3D8Yr1QywDVkA+FP3JOCa+98Jc\""
      },
      "remoteAddress": "::ffff:201.17.159.106",
      "remotePort": 20269
    }
[02-02-2021 18:26:41] INFO	 (2281964 on ubuntu): request completed
    res: {
      "statusCode": 404,
      "headers": {
        "x-powered-by": "Express",
        "content-security-policy": "default-src 'none'",
        "x-content-type-options": "nosniff",
        "content-type": "text/html; charset=utf-8",
        "content-length": 144
      }
    }
    responseTime: 4
    req: {
      "id": 2,
      "method": "GET",
      "url": "/getqr?id_usuario=",
      "headers": {
        "host": "bot.zapatendimento.com.br",
        "connection": "keep-alive",
        "accept": "*/*",
        "user-agent": "Mozilla/5.0 (Windows NT 10.0; Win64; x64) AppleWebKit/537.36 (KHTML, like Gecko) Chrome/88.0.4324.104 Safari/537.36",
        "x-requested-with": "XMLHttpRequest",
        "referer": "http://bot.zapatendimento.com.br/qrcode/20",
        "accept-encoding": "gzip, deflate",
        "accept-language": "pt-BR,pt;q=0.9,en-US;q=0.8,en;q=0.7,es;q=0.6",
        "cookie": "_ga=GA1.3.199040947.1591923695; jwtatendente=eyJhbGciOiJIUzI1NiIsInR5cCI6IkpXVCJ9.eyJpZCI6NDcsImlkX3NldG9yIjoiMCIsImlhdCI6MTYxMDk3NzM4OCwiZXhwIjoxNjE4NzUzMzg4fQ.5W4C2ANDzgWHQrW2xksi1g6C2255f6UQf9IM9e82RRA"
      },
      "remoteAddress": "::ffff:201.17.159.106",
      "remotePort": 20269
    }
[02-02-2021 18:26:52] INFO	 (2281964 on ubuntu): request completed
    res: {
      "statusCode": 404,
      "headers": {
        "x-powered-by": "Express",
        "content-security-policy": "default-src 'none'",
        "x-content-type-options": "nosniff",
        "content-type": "text/html; charset=utf-8",
        "content-length": 143
      }
    }
    responseTime: 0
    req: {
      "id": 3,
      "method": "GET",
      "url": "/.png",
      "headers": {
        "host": "bot.zapatendimento.com.br",
        "connection": "keep-alive",
        "user-agent": "Mozilla/5.0 (Windows NT 10.0; Win64; x64) AppleWebKit/537.36 (KHTML, like Gecko) Chrome/88.0.4324.104 Safari/537.36",
        "accept": "image/avif,image/webp,image/apng,image/svg+xml,image/*,*/*;q=0.8",
        "referer": "http://bot.zapatendimento.com.br/qrcode/20",
        "accept-encoding": "gzip, deflate",
        "accept-language": "pt-BR,pt;q=0.9,en-US;q=0.8,en;q=0.7,es;q=0.6",
        "cookie": "_ga=GA1.3.199040947.1591923695; jwtatendente=eyJhbGciOiJIUzI1NiIsInR5cCI6IkpXVCJ9.eyJpZCI6NDcsImlkX3NldG9yIjoiMCIsImlhdCI6MTYxMDk3NzM4OCwiZXhwIjoxNjE4NzUzMzg4fQ.5W4C2ANDzgWHQrW2xksi1g6C2255f6UQf9IM9e82RRA"
      },
      "remoteAddress": "::ffff:201.17.159.106",
      "remotePort": 20285
    }
[02-02-2021 18:27:40] INFO	 (2281964 on ubuntu): request completed
    res: {
      "statusCode": 304,
      "headers": {
        "x-powered-by": "Express",
        "etag": "W/\"b72-h3D8Yr1QywDVkA+FP3JOCa+98Jc\""
      }
    }
    responseTime: 4
    req: {
      "id": 4,
      "method": "GET",
      "url": "/qrcode/20",
      "headers": {
        "host": "bot.zapatendimento.com.br",
        "connection": "keep-alive",
        "cache-control": "max-age=0",
        "upgrade-insecure-requests": "1",
        "user-agent": "Mozilla/5.0 (Windows NT 10.0; Win64; x64) AppleWebKit/537.36 (KHTML, like Gecko) Chrome/88.0.4324.104 Safari/537.36",
        "accept": "text/html,application/xhtml+xml,application/xml;q=0.9,image/avif,image/webp,image/apng,*/*;q=0.8,application/signed-exchange;v=b3;q=0.9",
        "accept-encoding": "gzip, deflate",
        "accept-language": "pt-BR,pt;q=0.9,en-US;q=0.8,en;q=0.7,es;q=0.6",
        "cookie": "_ga=GA1.3.199040947.1591923695; jwtatendente=eyJhbGciOiJIUzI1NiIsInR5cCI6IkpXVCJ9.eyJpZCI6NDcsImlkX3NldG9yIjoiMCIsImlhdCI6MTYxMDk3NzM4OCwiZXhwIjoxNjE4NzUzMzg4fQ.5W4C2ANDzgWHQrW2xksi1g6C2255f6UQf9IM9e82RRA",
        "if-none-match": "W/\"b72-h3D8Yr1QywDVkA+FP3JOCa+98Jc\""
      },
      "remoteAddress": "::ffff:201.17.159.106",
      "remotePort": 20396
    }
[02-02-2021 18:27:41] INFO	 (2281964 on ubuntu): request completed
    res: {
      "statusCode": 404,
      "headers": {
        "x-powered-by": "Express",
        "content-security-policy": "default-src 'none'",
        "x-content-type-options": "nosniff",
        "content-type": "text/html; charset=utf-8",
        "content-length": 144
      }
    }
    responseTime: 1
    req: {
      "id": 5,
      "method": "GET",
      "url": "/getqr?id_usuario=",
      "headers": {
        "host": "bot.zapatendimento.com.br",
        "connection": "keep-alive",
        "accept": "*/*",
        "user-agent": "Mozilla/5.0 (Windows NT 10.0; Win64; x64) AppleWebKit/537.36 (KHTML, like Gecko) Chrome/88.0.4324.104 Safari/537.36",
        "x-requested-with": "XMLHttpRequest",
        "referer": "http://bot.zapatendimento.com.br/qrcode/20",
        "accept-encoding": "gzip, deflate",
        "accept-language": "pt-BR,pt;q=0.9,en-US;q=0.8,en;q=0.7,es;q=0.6",
        "cookie": "_ga=GA1.3.199040947.1591923695; jwtatendente=eyJhbGciOiJIUzI1NiIsInR5cCI6IkpXVCJ9.eyJpZCI6NDcsImlkX3NldG9yIjoiMCIsImlhdCI6MTYxMDk3NzM4OCwiZXhwIjoxNjE4NzUzMzg4fQ.5W4C2ANDzgWHQrW2xksi1g6C2255f6UQf9IM9e82RRA"
      },
      "remoteAddress": "::ffff:201.17.159.106",
      "remotePort": 20396
    }
[02-02-2021 18:27:46] INFO	 (2281964 on ubuntu): request completed
    res: {
      "statusCode": 302,
      "headers": {
        "x-powered-by": "Express",
        "location": "/entrar",
        "vary": "Accept",
        "content-type": "text/html; charset=utf-8",
        "content-length": "58"
      }
    }
    responseTime: 3
    req: {
      "id": 6,
      "method": "GET",
      "url": "/",
      "headers": {
        "host": "bot.zapatendimento.com.br",
        "connection": "keep-alive",
        "upgrade-insecure-requests": "1",
        "user-agent": "Mozilla/5.0 (Windows NT 10.0; Win64; x64) AppleWebKit/537.36 (KHTML, like Gecko) Chrome/88.0.4324.104 Safari/537.36",
        "accept": "text/html,application/xhtml+xml,application/xml;q=0.9,image/avif,image/webp,image/apng,*/*;q=0.8,application/signed-exchange;v=b3;q=0.9",
        "purpose": "prefetch",
        "accept-encoding": "gzip, deflate",
        "accept-language": "pt-BR,pt;q=0.9,en-US;q=0.8,en;q=0.7,es;q=0.6",
        "cookie": "_ga=GA1.3.199040947.1591923695; jwtatendente=eyJhbGciOiJIUzI1NiIsInR5cCI6IkpXVCJ9.eyJpZCI6NDcsImlkX3NldG9yIjoiMCIsImlhdCI6MTYxMDk3NzM4OCwiZXhwIjoxNjE4NzUzMzg4fQ.5W4C2ANDzgWHQrW2xksi1g6C2255f6UQf9IM9e82RRA"
      },
      "remoteAddress": "::ffff:201.17.159.106",
      "remotePort": 20398
    }
[02-02-2021 18:27:46] INFO	 (2281964 on ubuntu): request completed
    res: {
      "statusCode": 304,
      "headers": {
        "x-powered-by": "Express",
        "etag": "W/\"bca-84PQKdxIX7GqgjoD6JMGxRQgDWU\""
      }
    }
    responseTime: 9
    req: {
      "id": 7,
      "method": "GET",
      "url": "/entrar",
      "headers": {
        "host": "bot.zapatendimento.com.br",
        "connection": "keep-alive",
        "upgrade-insecure-requests": "1",
        "user-agent": "Mozilla/5.0 (Windows NT 10.0; Win64; x64) AppleWebKit/537.36 (KHTML, like Gecko) Chrome/88.0.4324.104 Safari/537.36",
        "accept": "text/html,application/xhtml+xml,application/xml;q=0.9,image/avif,image/webp,image/apng,*/*;q=0.8,application/signed-exchange;v=b3;q=0.9",
        "purpose": "prefetch",
        "accept-encoding": "gzip, deflate",
        "accept-language": "pt-BR,pt;q=0.9,en-US;q=0.8,en;q=0.7,es;q=0.6",
        "cookie": "_ga=GA1.3.199040947.1591923695; jwtatendente=eyJhbGciOiJIUzI1NiIsInR5cCI6IkpXVCJ9.eyJpZCI6NDcsImlkX3NldG9yIjoiMCIsImlhdCI6MTYxMDk3NzM4OCwiZXhwIjoxNjE4NzUzMzg4fQ.5W4C2ANDzgWHQrW2xksi1g6C2255f6UQf9IM9e82RRA",
        "if-none-match": "W/\"bca-84PQKdxIX7GqgjoD6JMGxRQgDWU\""
      },
      "remoteAddress": "::ffff:201.17.159.106",
      "remotePort": 20398
    }
[02-02-2021 18:27:47] INFO	 (2281964 on ubuntu): request completed
    res: {
      "statusCode": 404,
      "headers": {
        "x-powered-by": "Express",
        "content-security-policy": "default-src 'none'",
        "x-content-type-options": "nosniff",
        "content-type": "text/html; charset=utf-8",
        "content-length": 166
      }
    }
    responseTime: 0
    req: {
      "id": 8,
      "method": "GET",
      "url": "/vendor/jquery/jquery.min.js",
      "headers": {
        "host": "bot.zapatendimento.com.br",
        "connection": "keep-alive",
        "user-agent": "Mozilla/5.0 (Windows NT 10.0; Win64; x64) AppleWebKit/537.36 (KHTML, like Gecko) Chrome/88.0.4324.104 Safari/537.36",
        "accept": "*/*",
        "referer": "http://bot.zapatendimento.com.br/entrar",
        "accept-encoding": "gzip, deflate",
        "accept-language": "pt-BR,pt;q=0.9,en-US;q=0.8,en;q=0.7,es;q=0.6",
        "cookie": "_ga=GA1.3.199040947.1591923695; jwtatendente=eyJhbGciOiJIUzI1NiIsInR5cCI6IkpXVCJ9.eyJpZCI6NDcsImlkX3NldG9yIjoiMCIsImlhdCI6MTYxMDk3NzM4OCwiZXhwIjoxNjE4NzUzMzg4fQ.5W4C2ANDzgWHQrW2xksi1g6C2255f6UQf9IM9e82RRA"
      },
      "remoteAddress": "::ffff:201.17.159.106",
      "remotePort": 20398
    }
[02-02-2021 18:27:47] INFO	 (2281964 on ubuntu): request completed
    res: {
      "statusCode": 404,
      "headers": {
        "x-powered-by": "Express",
        "content-security-policy": "default-src 'none'",
        "x-content-type-options": "nosniff",
        "content-type": "text/html; charset=utf-8",
        "content-length": 182
      }
    }
    responseTime: 0
    req: {
      "id": 9,
      "method": "GET",
      "url": "/vendor/bootstrap/js/bootstrap.bundle.min.js",
      "headers": {
        "host": "bot.zapatendimento.com.br",
        "connection": "keep-alive",
        "user-agent": "Mozilla/5.0 (Windows NT 10.0; Win64; x64) AppleWebKit/537.36 (KHTML, like Gecko) Chrome/88.0.4324.104 Safari/537.36",
        "accept": "*/*",
        "referer": "http://bot.zapatendimento.com.br/entrar",
        "accept-encoding": "gzip, deflate",
        "accept-language": "pt-BR,pt;q=0.9,en-US;q=0.8,en;q=0.7,es;q=0.6",
        "cookie": "_ga=GA1.3.199040947.1591923695; jwtatendente=eyJhbGciOiJIUzI1NiIsInR5cCI6IkpXVCJ9.eyJpZCI6NDcsImlkX3NldG9yIjoiMCIsImlhdCI6MTYxMDk3NzM4OCwiZXhwIjoxNjE4NzUzMzg4fQ.5W4C2ANDzgWHQrW2xksi1g6C2255f6UQf9IM9e82RRA"
      },
      "remoteAddress": "::ffff:201.17.159.106",
      "remotePort": 20404
    }
[02-02-2021 18:27:47] INFO	 (2281964 on ubuntu): request completed
    res: {
      "statusCode": 404,
      "headers": {
        "x-powered-by": "Express",
        "content-security-policy": "default-src 'none'",
        "x-content-type-options": "nosniff",
        "content-type": "text/html; charset=utf-8",
        "content-length": 180
      }
    }
    responseTime: 0
    req: {
      "id": 10,
      "method": "GET",
      "url": "/vendor/jquery-easing/jquery.easing.min.js",
      "headers": {
        "host": "bot.zapatendimento.com.br",
        "connection": "keep-alive",
        "user-agent": "Mozilla/5.0 (Windows NT 10.0; Win64; x64) AppleWebKit/537.36 (KHTML, like Gecko) Chrome/88.0.4324.104 Safari/537.36",
        "accept": "*/*",
        "referer": "http://bot.zapatendimento.com.br/entrar",
        "accept-encoding": "gzip, deflate",
        "accept-language": "pt-BR,pt;q=0.9,en-US;q=0.8,en;q=0.7,es;q=0.6",
        "cookie": "_ga=GA1.3.199040947.1591923695; jwtatendente=eyJhbGciOiJIUzI1NiIsInR5cCI6IkpXVCJ9.eyJpZCI6NDcsImlkX3NldG9yIjoiMCIsImlhdCI6MTYxMDk3NzM4OCwiZXhwIjoxNjE4NzUzMzg4fQ.5W4C2ANDzgWHQrW2xksi1g6C2255f6UQf9IM9e82RRA"
      },
      "remoteAddress": "::ffff:201.17.159.106",
      "remotePort": 20408
    }
[02-02-2021 18:27:47] INFO	 (2281964 on ubuntu): request completed
    res: {
      "statusCode": 404,
      "headers": {
        "x-powered-by": "Express",
        "content-security-policy": "default-src 'none'",
        "x-content-type-options": "nosniff",
        "content-type": "text/html; charset=utf-8",
        "content-length": 159
      }
    }
    responseTime: 1
    req: {
      "id": 11,
      "method": "GET",
      "url": "/js/sb-admin-2.min.js",
      "headers": {
        "host": "bot.zapatendimento.com.br",
        "connection": "keep-alive",
        "user-agent": "Mozilla/5.0 (Windows NT 10.0; Win64; x64) AppleWebKit/537.36 (KHTML, like Gecko) Chrome/88.0.4324.104 Safari/537.36",
        "accept": "*/*",
        "referer": "http://bot.zapatendimento.com.br/entrar",
        "accept-encoding": "gzip, deflate",
        "accept-language": "pt-BR,pt;q=0.9,en-US;q=0.8,en;q=0.7,es;q=0.6",
        "cookie": "_ga=GA1.3.199040947.1591923695; jwtatendente=eyJhbGciOiJIUzI1NiIsInR5cCI6IkpXVCJ9.eyJpZCI6NDcsImlkX3NldG9yIjoiMCIsImlhdCI6MTYxMDk3NzM4OCwiZXhwIjoxNjE4NzUzMzg4fQ.5W4C2ANDzgWHQrW2xksi1g6C2255f6UQf9IM9e82RRA"
      },
      "remoteAddress": "::ffff:201.17.159.106",
      "remotePort": 20411
    }
[02-02-2021 18:27:52] INFO	 (2281964 on ubuntu): request completed
    res: {
      "statusCode": 404,
      "headers": {
        "x-powered-by": "Express",
        "content-security-policy": "default-src 'none'",
        "x-content-type-options": "nosniff",
        "content-type": "text/html; charset=utf-8",
        "content-length": 143
      }
    }
    responseTime: 0
    req: {
      "id": 12,
      "method": "GET",
      "url": "/.png",
      "headers": {
        "host": "bot.zapatendimento.com.br",
        "connection": "keep-alive",
        "user-agent": "Mozilla/5.0 (Windows NT 10.0; Win64; x64) AppleWebKit/537.36 (KHTML, like Gecko) Chrome/88.0.4324.104 Safari/537.36",
        "accept": "image/avif,image/webp,image/apng,image/svg+xml,image/*,*/*;q=0.8",
        "referer": "http://bot.zapatendimento.com.br/qrcode/20",
        "accept-encoding": "gzip, deflate",
        "accept-language": "pt-BR,pt;q=0.9,en-US;q=0.8,en;q=0.7,es;q=0.6",
        "cookie": "_ga=GA1.3.199040947.1591923695; jwtatendente=eyJhbGciOiJIUzI1NiIsInR5cCI6IkpXVCJ9.eyJpZCI6NDcsImlkX3NldG9yIjoiMCIsImlhdCI6MTYxMDk3NzM4OCwiZXhwIjoxNjE4NzUzMzg4fQ.5W4C2ANDzgWHQrW2xksi1g6C2255f6UQf9IM9e82RRA"
      },
      "remoteAddress": "::ffff:201.17.159.106",
      "remotePort": 20419
    }
[02-02-2021 18:32:36] INFO	 (2281964 on ubuntu): request completed
    res: {
      "statusCode": 200,
      "headers": {
        "x-powered-by": "Express",
        "content-type": "text/html; charset=utf-8",
        "content-length": "48582",
        "etag": "W/\"bdc6-RgsGU6a0KdHTdFsTHve9umVX+Dg\""
      }
    }
    responseTime: 59
    req: {
      "id": 15,
      "method": "GET",
      "url": "/contatos",
      "headers": {
        "if-none-match": "W/\"c379-gaLYHE9dqVcZpyYPbll+BhpWYzY\"",
        "host": "bot.zapatendimento.com.br",
        "upgrade-insecure-requests": "1",
        "user-agent": "Mozilla/5.0 (Windows NT 10.0; Win64; x64) AppleWebKit/537.36 (KHTML, like Gecko) Chrome/88.0.4324.104 Safari/537.36",
        "accept": "text/html,application/xhtml+xml,application/xml;q=0.9,image/avif,image/webp,image/apng,*/*;q=0.8,application/signed-exchange;v=b3;q=0.9",
        "accept-encoding": "gzip, deflate",
        "accept-language": "pt-BR,pt;q=0.9,en-US;q=0.8,en;q=0.7",
        "cookie": "jwt=eyJhbGciOiJIUzI1NiIsInR5cCI6IkpXVCJ9.eyJpZCI6MzIsImlhdCI6MTYxMjE5MDcxOCwiZXhwIjoxNjE5OTY2NzE4fQ.PRqp3HwObswbvWacCRo_dlo5-DtZui82vMlHGUe1jpg; jwtatendente=eyJhbGciOiJIUzI1NiIsInR5cCI6IkpXVCJ9.eyJpZCI6ODQsImlkX3NldG9yIjoiMCIsImlhdCI6MTYxMjE5MzUxNiwiZXhwIjoxNjE5OTY5NTE2fQ.cSgq-SKdniwgUehmK-ugGhW4I9Tuk4fsTizM7cYEbZU; io=GCV-DL9GqGIZB3R7AAAY",
        "via": "1.1 FirewallJCMB:3128 (squid/2.7.STABLE9)",
        "x-forwarded-for": "192.168.0.50",
        "cache-control": "max-age=136800",
        "connection": "keep-alive"
      },
      "remoteAddress": "::ffff:186.249.227.234",
      "remotePort": 50520
    }
[02-02-2021 18:33:16] INFO	 (2281964 on ubuntu): request completed
    res: {
      "statusCode": 200,
      "headers": {
        "x-powered-by": "Express",
        "content-type": "text/html; charset=utf-8",
        "content-length": "4403",
        "etag": "W/\"1133-epKTbXC1zCu5NMq8uwe8Y+XWGuQ\""
      }
    }
    responseTime: 9
    req: {
      "id": 16,
      "method": "GET",
      "url": "/chat/32Uaf6vk",
      "headers": {
        "if-none-match": "W/\"1ae73-+jhvHv2+U3B2mAvrLXhebWAhB8s\"",
        "host": "bot.zapatendimento.com.br",
        "upgrade-insecure-requests": "1",
        "user-agent": "Mozilla/5.0 (Windows NT 10.0; Win64; x64) AppleWebKit/537.36 (KHTML, like Gecko) Chrome/88.0.4324.104 Safari/537.36",
        "accept": "text/html,application/xhtml+xml,application/xml;q=0.9,image/avif,image/webp,image/apng,*/*;q=0.8,application/signed-exchange;v=b3;q=0.9",
        "accept-encoding": "gzip, deflate",
        "accept-language": "pt-BR,pt;q=0.9,en-US;q=0.8,en;q=0.7",
        "cookie": "jwt=eyJhbGciOiJIUzI1NiIsInR5cCI6IkpXVCJ9.eyJpZCI6MzIsImlhdCI6MTYxMjE5MDcxOCwiZXhwIjoxNjE5OTY2NzE4fQ.PRqp3HwObswbvWacCRo_dlo5-DtZui82vMlHGUe1jpg; jwtatendente=eyJhbGciOiJIUzI1NiIsInR5cCI6IkpXVCJ9.eyJpZCI6ODQsImlkX3NldG9yIjoiMCIsImlhdCI6MTYxMjE5MzUxNiwiZXhwIjoxNjE5OTY5NTE2fQ.cSgq-SKdniwgUehmK-ugGhW4I9Tuk4fsTizM7cYEbZU; io=GCV-DL9GqGIZB3R7AAAY",
        "via": "1.1 FirewallJCMB:3128 (squid/2.7.STABLE9)",
        "x-forwarded-for": "192.168.0.50",
        "cache-control": "max-age=136800",
        "connection": "keep-alive"
      },
      "remoteAddress": "::ffff:186.249.227.234",
      "remotePort": 48578
    }
[02-02-2021 18:33:26] INFO	 (2281964 on ubuntu): request completed
    res: {
      "statusCode": 200,
      "headers": {
        "x-powered-by": "Express",
        "content-type": "text/html; charset=utf-8",
        "content-length": "47584",
        "etag": "W/\"b9e0-vsIRiIwDeAN65ncImokI0q7SlWc\""
      }
    }
    responseTime: 15
    req: {
      "id": 17,
      "method": "GET",
      "url": "/bot",
      "headers": {
        "if-none-match": "W/\"df42-KZNVf1eZYAmiorSND16kRh9n2Fc\", W/\"df23-4+P8GjpFvjl+/n3kpOTpWOR875E\"",
        "host": "bot.zapatendimento.com.br",
        "upgrade-insecure-requests": "1",
        "user-agent": "Mozilla/5.0 (Windows NT 10.0; Win64; x64) AppleWebKit/537.36 (KHTML, like Gecko) Chrome/88.0.4324.104 Safari/537.36",
        "accept": "text/html,application/xhtml+xml,application/xml;q=0.9,image/avif,image/webp,image/apng,*/*;q=0.8,application/signed-exchange;v=b3;q=0.9",
        "referer": "http://bot.zapatendimento.com.br/contatos",
        "accept-encoding": "gzip, deflate",
        "accept-language": "pt-BR,pt;q=0.9,en-US;q=0.8,en;q=0.7",
        "cookie": "jwt=eyJhbGciOiJIUzI1NiIsInR5cCI6IkpXVCJ9.eyJpZCI6MzIsImlhdCI6MTYxMjE5MDcxOCwiZXhwIjoxNjE5OTY2NzE4fQ.PRqp3HwObswbvWacCRo_dlo5-DtZui82vMlHGUe1jpg; jwtatendente=eyJhbGciOiJIUzI1NiIsInR5cCI6IkpXVCJ9.eyJpZCI6ODQsImlkX3NldG9yIjoiMCIsImlhdCI6MTYxMjE5MzUxNiwiZXhwIjoxNjE5OTY5NTE2fQ.cSgq-SKdniwgUehmK-ugGhW4I9Tuk4fsTizM7cYEbZU; io=GCV-DL9GqGIZB3R7AAAY",
        "via": "1.1 FirewallJCMB:3128 (squid/2.7.STABLE9)",
        "x-forwarded-for": "192.168.0.50",
        "cache-control": "max-age=136800",
        "connection": "keep-alive"
      },
      "remoteAddress": "::ffff:186.249.227.234",
      "remotePort": 33228
    }
[02-02-2021 18:33:29] INFO	 (2281964 on ubuntu):
    jwt_usuario: {
      "id": 32,
      "iat": 1612190718,
      "exp": 1619966718
    }
[02-02-2021 18:33:29] INFO	 (2281964 on ubuntu): request completed
    res: {
      "statusCode": 200,
      "headers": {
        "x-powered-by": "Express",
        "content-type": "text/html; charset=utf-8",
        "content-length": "50228",
        "etag": "W/\"c434-9xSEmFYTncA1h7QFIJjfulqv/F0\""
      }
    }
    responseTime: 13
    req: {
      "id": 18,
      "method": "GET",
      "url": "/whats",
      "headers": {
        "if-none-match": "W/\"c463-D4L0fb4mGnKrXN33+Cf3IeaxWpQ\"",
        "host": "bot.zapatendimento.com.br",
        "upgrade-insecure-requests": "1",
        "user-agent": "Mozilla/5.0 (Windows NT 10.0; Win64; x64) AppleWebKit/537.36 (KHTML, like Gecko) Chrome/88.0.4324.104 Safari/537.36",
        "accept": "text/html,application/xhtml+xml,application/xml;q=0.9,image/avif,image/webp,image/apng,*/*;q=0.8,application/signed-exchange;v=b3;q=0.9",
        "referer": "http://bot.zapatendimento.com.br/bot",
        "accept-encoding": "gzip, deflate",
        "accept-language": "pt-BR,pt;q=0.9,en-US;q=0.8,en;q=0.7",
        "cookie": "jwt=eyJhbGciOiJIUzI1NiIsInR5cCI6IkpXVCJ9.eyJpZCI6MzIsImlhdCI6MTYxMjE5MDcxOCwiZXhwIjoxNjE5OTY2NzE4fQ.PRqp3HwObswbvWacCRo_dlo5-DtZui82vMlHGUe1jpg; jwtatendente=eyJhbGciOiJIUzI1NiIsInR5cCI6IkpXVCJ9.eyJpZCI6ODQsImlkX3NldG9yIjoiMCIsImlhdCI6MTYxMjE5MzUxNiwiZXhwIjoxNjE5OTY5NTE2fQ.cSgq-SKdniwgUehmK-ugGhW4I9Tuk4fsTizM7cYEbZU; io=GCV-DL9GqGIZB3R7AAAY",
        "via": "1.1 FirewallJCMB:3128 (squid/2.7.STABLE9)",
        "x-forwarded-for": "192.168.0.50",
        "cache-control": "max-age=136800",
        "connection": "keep-alive"
      },
      "remoteAddress": "::ffff:186.249.227.234",
      "remotePort": 34971
    }
