[02-02-2021 18:14:46] INFO	 (2281579 on ubuntu): Startou porta 80
[02-02-2021 18:14:46] ERROR	 (2281579 on ubuntu): connect ECONNREFUSED 127.0.0.1:3306
    Error: connect ECONNREFUSED 127.0.0.1:3306
        at TCPConnectWrap.afterConnect [as oncomplete] (net.js:1107:14)
        --------------------
        at Protocol._enqueue (/root/whatsbot/node_modules/mysql/lib/protocol/Protocol.js:144:48)
        at Protocol.handshake (/root/whatsbot/node_modules/mysql/lib/protocol/Protocol.js:51:23)
        at Connection.connect (/root/whatsbot/node_modules/mysql/lib/Connection.js:116:18)
        at Object.<anonymous> (/root/whatsbot/app.js:74:4)
        at Module._compile (internal/modules/cjs/loader.js:778:30)
        at Object.Module._extensions..js (internal/modules/cjs/loader.js:789:10)
        at Module.load (internal/modules/cjs/loader.js:653:32)
        at tryModuleLoad (internal/modules/cjs/loader.js:593:12)
        at Function.Module._load (internal/modules/cjs/loader.js:585:3)
        at Object.<anonymous> (/usr/local/lib/node_modules/pm2/lib/ProcessContainerFork.js:32:23)
[02-02-2021 18:15:42] INFO	 (2281579 on ubuntu): request completed
    res: {
      "statusCode": 304,
      "headers": {
        "x-powered-by": "Express",
        "etag": "W/\"b72-h3D8Yr1QywDVkA+FP3JOCa+98Jc\""
      }
    }
    responseTime: 17
    req: {
      "id": 1,
      "method": "GET",
      "url": "/qrcode/20",
      "headers": {
        "host": "bot.zapatendimento.com.br",
        "connection": "keep-alive",
        "cache-control": "max-age=0",
        "upgrade-insecure-requests": "1",
        "user-agent": "Mozilla/5.0 (Windows NT 10.0; Win64; x64) AppleWebKit/537.36 (KHTML, like Gecko) Chrome/88.0.4324.104 Safari/537.36",
        "accept": "text/html,application/xhtml+xml,application/xml;q=0.9,image/avif,image/webp,image/apng,*/*;q=0.8,application/signed-exchange;v=b3;q=0.9",
        "accept-encoding": "gzip, deflate",
        "accept-language": "pt-BR,pt;q=0.9,en-US;q=0.8,en;q=0.7,es;q=0.6",
        "cookie": "_ga=GA1.3.199040947.1591923695; jwtatendente=eyJhbGciOiJIUzI1NiIsInR5cCI6IkpXVCJ9.eyJpZCI6NDcsImlkX3NldG9yIjoiMCIsImlhdCI6MTYxMDk3NzM4OCwiZXhwIjoxNjE4NzUzMzg4fQ.5W4C2ANDzgWHQrW2xksi1g6C2255f6UQf9IM9e82RRA",
        "if-none-match": "W/\"b72-h3D8Yr1QywDVkA+FP3JOCa+98Jc\""
      },
      "remoteAddress": "::ffff:201.17.159.106",
      "remotePort": 20402
    }
[02-02-2021 18:15:43] INFO	 (2281579 on ubuntu): request completed
    res: {
      "statusCode": 404,
      "headers": {
        "x-powered-by": "Express",
        "content-security-policy": "default-src 'none'",
        "x-content-type-options": "nosniff",
        "content-type": "text/html; charset=utf-8",
        "content-length": 144
      }
    }
    responseTime: 5
    req: {
      "id": 2,
      "method": "GET",
      "url": "/getqr?id_usuario=",
      "headers": {
        "host": "bot.zapatendimento.com.br",
        "connection": "keep-alive",
        "accept": "*/*",
        "user-agent": "Mozilla/5.0 (Windows NT 10.0; Win64; x64) AppleWebKit/537.36 (KHTML, like Gecko) Chrome/88.0.4324.104 Safari/537.36",
        "x-requested-with": "XMLHttpRequest",
        "referer": "http://bot.zapatendimento.com.br/qrcode/20",
        "accept-encoding": "gzip, deflate",
        "accept-language": "pt-BR,pt;q=0.9,en-US;q=0.8,en;q=0.7,es;q=0.6",
        "cookie": "_ga=GA1.3.199040947.1591923695; jwtatendente=eyJhbGciOiJIUzI1NiIsInR5cCI6IkpXVCJ9.eyJpZCI6NDcsImlkX3NldG9yIjoiMCIsImlhdCI6MTYxMDk3NzM4OCwiZXhwIjoxNjE4NzUzMzg4fQ.5W4C2ANDzgWHQrW2xksi1g6C2255f6UQf9IM9e82RRA"
      },
      "remoteAddress": "::ffff:201.17.159.106",
      "remotePort": 20402
    }
[02-02-2021 18:15:53] INFO	 (2281579 on ubuntu): request completed
    res: {
      "statusCode": 404,
      "headers": {
        "x-powered-by": "Express",
        "content-security-policy": "default-src 'none'",
        "x-content-type-options": "nosniff",
        "content-type": "text/html; charset=utf-8",
        "content-length": 143
      }
    }
    responseTime: 1
    req: {
      "id": 3,
      "method": "GET",
      "url": "/.png",
      "headers": {
        "host": "bot.zapatendimento.com.br",
        "connection": "keep-alive",
        "user-agent": "Mozilla/5.0 (Windows NT 10.0; Win64; x64) AppleWebKit/537.36 (KHTML, like Gecko) Chrome/88.0.4324.104 Safari/537.36",
        "accept": "image/avif,image/webp,image/apng,image/svg+xml,image/*,*/*;q=0.8",
        "referer": "http://bot.zapatendimento.com.br/qrcode/20",
        "accept-encoding": "gzip, deflate",
        "accept-language": "pt-BR,pt;q=0.9,en-US;q=0.8,en;q=0.7,es;q=0.6",
        "cookie": "_ga=GA1.3.199040947.1591923695; jwtatendente=eyJhbGciOiJIUzI1NiIsInR5cCI6IkpXVCJ9.eyJpZCI6NDcsImlkX3NldG9yIjoiMCIsImlhdCI6MTYxMDk3NzM4OCwiZXhwIjoxNjE4NzUzMzg4fQ.5W4C2ANDzgWHQrW2xksi1g6C2255f6UQf9IM9e82RRA"
      },
      "remoteAddress": "::ffff:201.17.159.106",
      "remotePort": 20416
    }
[02-02-2021 18:17:34] INFO	 (2281579 on ubuntu): request completed
    res: {
      "statusCode": 404,
      "headers": {
        "x-powered-by": "Express",
        "content-security-policy": "default-src 'none'",
        "x-content-type-options": "nosniff",
        "content-type": "text/html; charset=utf-8",
        "content-length": 150
      }
    }
    responseTime: 2
    req: {
      "id": 4,
      "method": "GET",
      "url": "/auth/entrar",
      "headers": {
        "host": "bot.zapatendimento.com.br",
        "connection": "keep-alive",
        "upgrade-insecure-requests": "1",
        "user-agent": "Mozilla/5.0 (Windows NT 10.0; Win64; x64) AppleWebKit/537.36 (KHTML, like Gecko) Chrome/88.0.4324.104 Safari/537.36",
        "accept": "text/html,application/xhtml+xml,application/xml;q=0.9,image/avif,image/webp,image/apng,*/*;q=0.8,application/signed-exchange;v=b3;q=0.9",
        "accept-encoding": "gzip, deflate",
        "accept-language": "pt-BR,pt;q=0.9,en-US;q=0.8,en;q=0.7"
      },
      "remoteAddress": "::ffff:186.214.55.214",
      "remotePort": 50395
    }
[02-02-2021 18:17:45] INFO	 (2281579 on ubuntu): request completed
    res: {
      "statusCode": 302,
      "headers": {
        "x-powered-by": "Express",
        "location": "/entrar",
        "vary": "Accept",
        "content-type": "text/html; charset=utf-8",
        "content-length": "58"
      }
    }
    responseTime: 4
    req: {
      "id": 5,
      "method": "GET",
      "url": "/",
      "headers": {
        "host": "bot.zapatendimento.com.br",
        "connection": "keep-alive",
        "upgrade-insecure-requests": "1",
        "user-agent": "Mozilla/5.0 (Windows NT 10.0; Win64; x64) AppleWebKit/537.36 (KHTML, like Gecko) Chrome/88.0.4324.104 Safari/537.36",
        "accept": "text/html,application/xhtml+xml,application/xml;q=0.9,image/avif,image/webp,image/apng,*/*;q=0.8,application/signed-exchange;v=b3;q=0.9",
        "accept-encoding": "gzip, deflate",
        "accept-language": "pt-BR,pt;q=0.9,en-US;q=0.8,en;q=0.7"
      },
      "remoteAddress": "::ffff:186.214.55.214",
      "remotePort": 50394
    }
[02-02-2021 18:17:45] INFO	 (2281579 on ubuntu): request completed
    res: {
      "statusCode": 304,
      "headers": {
        "x-powered-by": "Express",
        "etag": "W/\"bca-84PQKdxIX7GqgjoD6JMGxRQgDWU\""
      }
    }
    responseTime: 9
    req: {
      "id": 6,
      "method": "GET",
      "url": "/entrar",
      "headers": {
        "host": "bot.zapatendimento.com.br",
        "connection": "keep-alive",
        "upgrade-insecure-requests": "1",
        "user-agent": "Mozilla/5.0 (Windows NT 10.0; Win64; x64) AppleWebKit/537.36 (KHTML, like Gecko) Chrome/88.0.4324.104 Safari/537.36",
        "accept": "text/html,application/xhtml+xml,application/xml;q=0.9,image/avif,image/webp,image/apng,*/*;q=0.8,application/signed-exchange;v=b3;q=0.9",
        "accept-encoding": "gzip, deflate",
        "accept-language": "pt-BR,pt;q=0.9,en-US;q=0.8,en;q=0.7",
        "if-none-match": "W/\"bca-84PQKdxIX7GqgjoD6JMGxRQgDWU\""
      },
      "remoteAddress": "::ffff:186.214.55.214",
      "remotePort": 50394
    }
[02-02-2021 18:17:46] INFO	 (2281579 on ubuntu): request completed
    res: {
      "statusCode": 404,
      "headers": {
        "x-powered-by": "Express",
        "content-security-policy": "default-src 'none'",
        "x-content-type-options": "nosniff",
        "content-type": "text/html; charset=utf-8",
        "content-length": 166
      }
    }
    responseTime: 0
    req: {
      "id": 7,
      "method": "GET",
      "url": "/vendor/jquery/jquery.min.js",
      "headers": {
        "host": "bot.zapatendimento.com.br",
        "connection": "keep-alive",
        "user-agent": "Mozilla/5.0 (Windows NT 10.0; Win64; x64) AppleWebKit/537.36 (KHTML, like Gecko) Chrome/88.0.4324.104 Safari/537.36",
        "accept": "*/*",
        "referer": "http://bot.zapatendimento.com.br/entrar",
        "accept-encoding": "gzip, deflate",
        "accept-language": "pt-BR,pt;q=0.9,en-US;q=0.8,en;q=0.7"
      },
      "remoteAddress": "::ffff:186.214.55.214",
      "remotePort": 50394
    }
[02-02-2021 18:17:46] INFO	 (2281579 on ubuntu): request completed
    res: {
      "statusCode": 404,
      "headers": {
        "x-powered-by": "Express",
        "content-security-policy": "default-src 'none'",
        "x-content-type-options": "nosniff",
        "content-type": "text/html; charset=utf-8",
        "content-length": 180
      }
    }
    responseTime: 0
    req: {
      "id": 8,
      "method": "GET",
      "url": "/vendor/jquery-easing/jquery.easing.min.js",
      "headers": {
        "host": "bot.zapatendimento.com.br",
        "connection": "keep-alive",
        "user-agent": "Mozilla/5.0 (Windows NT 10.0; Win64; x64) AppleWebKit/537.36 (KHTML, like Gecko) Chrome/88.0.4324.104 Safari/537.36",
        "accept": "*/*",
        "referer": "http://bot.zapatendimento.com.br/entrar",
        "accept-encoding": "gzip, deflate",
        "accept-language": "pt-BR,pt;q=0.9,en-US;q=0.8,en;q=0.7"
      },
      "remoteAddress": "::ffff:186.214.55.214",
      "remotePort": 50414
    }
[02-02-2021 18:17:46] INFO	 (2281579 on ubuntu): request completed
    res: {
      "statusCode": 404,
      "headers": {
        "x-powered-by": "Express",
        "content-security-policy": "default-src 'none'",
        "x-content-type-options": "nosniff",
        "content-type": "text/html; charset=utf-8",
        "content-length": 159
      }
    }
    responseTime: 0
    req: {
      "id": 9,
      "method": "GET",
      "url": "/js/sb-admin-2.min.js",
      "headers": {
        "host": "bot.zapatendimento.com.br",
        "connection": "keep-alive",
        "user-agent": "Mozilla/5.0 (Windows NT 10.0; Win64; x64) AppleWebKit/537.36 (KHTML, like Gecko) Chrome/88.0.4324.104 Safari/537.36",
        "accept": "*/*",
        "referer": "http://bot.zapatendimento.com.br/entrar",
        "accept-encoding": "gzip, deflate",
        "accept-language": "pt-BR,pt;q=0.9,en-US;q=0.8,en;q=0.7"
      },
      "remoteAddress": "::ffff:186.214.55.214",
      "remotePort": 50412
    }
[02-02-2021 18:17:46] INFO	 (2281579 on ubuntu): request completed
    res: {
      "statusCode": 404,
      "headers": {
        "x-powered-by": "Express",
        "content-security-policy": "default-src 'none'",
        "x-content-type-options": "nosniff",
        "content-type": "text/html; charset=utf-8",
        "content-length": 182
      }
    }
    responseTime: 1
    req: {
      "id": 10,
      "method": "GET",
      "url": "/vendor/bootstrap/js/bootstrap.bundle.min.js",
      "headers": {
        "host": "bot.zapatendimento.com.br",
        "connection": "keep-alive",
        "user-agent": "Mozilla/5.0 (Windows NT 10.0; Win64; x64) AppleWebKit/537.36 (KHTML, like Gecko) Chrome/88.0.4324.104 Safari/537.36",
        "accept": "*/*",
        "referer": "http://bot.zapatendimento.com.br/entrar",
        "accept-encoding": "gzip, deflate",
        "accept-language": "pt-BR,pt;q=0.9,en-US;q=0.8,en;q=0.7"
      },
      "remoteAddress": "::ffff:186.214.55.214",
      "remotePort": 50411
    }
[02-02-2021 18:17:46] INFO	 (2281579 on ubuntu): request completed
    res: {
      "statusCode": 404,
      "headers": {
        "x-powered-by": "Express",
        "content-security-policy": "default-src 'none'",
        "x-content-type-options": "nosniff",
        "content-type": "text/html; charset=utf-8",
        "content-length": 180
      }
    }
    responseTime: 1
    req: {
      "id": 11,
      "method": "GET",
      "url": "/vendor/jquery-easing/jquery.easing.min.js",
      "headers": {
        "host": "bot.zapatendimento.com.br",
        "connection": "keep-alive",
        "user-agent": "Mozilla/5.0 (Windows NT 10.0; Win64; x64) AppleWebKit/537.36 (KHTML, like Gecko) Chrome/88.0.4324.104 Safari/537.36",
        "accept": "*/*",
        "referer": "http://bot.zapatendimento.com.br/entrar",
        "accept-encoding": "gzip, deflate",
        "accept-language": "pt-BR,pt;q=0.9,en-US;q=0.8,en;q=0.7"
      },
      "remoteAddress": "::ffff:186.214.55.214",
      "remotePort": 50413
    }
[02-02-2021 18:17:46] INFO	 (2281579 on ubuntu): request completed
    res: {
      "statusCode": 404,
      "headers": {
        "x-powered-by": "Express",
        "content-security-policy": "default-src 'none'",
        "x-content-type-options": "nosniff",
        "content-type": "text/html; charset=utf-8",
        "content-length": 159
      }
    }
    responseTime: 0
    req: {
      "id": 12,
      "method": "GET",
      "url": "/js/sb-admin-2.min.js",
      "headers": {
        "host": "bot.zapatendimento.com.br",
        "connection": "keep-alive",
        "user-agent": "Mozilla/5.0 (Windows NT 10.0; Win64; x64) AppleWebKit/537.36 (KHTML, like Gecko) Chrome/88.0.4324.104 Safari/537.36",
        "accept": "*/*",
        "referer": "http://bot.zapatendimento.com.br/entrar",
        "accept-encoding": "gzip, deflate",
        "accept-language": "pt-BR,pt;q=0.9,en-US;q=0.8,en;q=0.7"
      },
      "remoteAddress": "::ffff:186.214.55.214",
      "remotePort": 50413
    }
[02-02-2021 18:18:13] INFO	 (2281579 on ubuntu): request completed
    res: {
      "statusCode": 304,
      "headers": {
        "x-powered-by": "Express",
        "etag": "W/\"b72-h3D8Yr1QywDVkA+FP3JOCa+98Jc\""
      }
    }
    responseTime: 4
    req: {
      "id": 14,
      "method": "GET",
      "url": "/qrcode/20",
      "headers": {
        "host": "bot.zapatendimento.com.br",
        "connection": "keep-alive",
        "cache-control": "max-age=0",
        "upgrade-insecure-requests": "1",
        "user-agent": "Mozilla/5.0 (Windows NT 10.0; Win64; x64) AppleWebKit/537.36 (KHTML, like Gecko) Chrome/88.0.4324.104 Safari/537.36",
        "accept": "text/html,application/xhtml+xml,application/xml;q=0.9,image/avif,image/webp,image/apng,*/*;q=0.8,application/signed-exchange;v=b3;q=0.9",
        "accept-encoding": "gzip, deflate",
        "accept-language": "pt-BR,pt;q=0.9,en-US;q=0.8,en;q=0.7,es;q=0.6",
        "cookie": "_ga=GA1.3.199040947.1591923695; jwtatendente=eyJhbGciOiJIUzI1NiIsInR5cCI6IkpXVCJ9.eyJpZCI6NDcsImlkX3NldG9yIjoiMCIsImlhdCI6MTYxMDk3NzM4OCwiZXhwIjoxNjE4NzUzMzg4fQ.5W4C2ANDzgWHQrW2xksi1g6C2255f6UQf9IM9e82RRA",
        "if-none-match": "W/\"b72-h3D8Yr1QywDVkA+FP3JOCa+98Jc\""
      },
      "remoteAddress": "::ffff:201.17.159.106",
      "remotePort": 20019
    }
[02-02-2021 18:18:14] INFO	 (2281579 on ubuntu): request completed
    res: {
      "statusCode": 404,
      "headers": {
        "x-powered-by": "Express",
        "content-security-policy": "default-src 'none'",
        "x-content-type-options": "nosniff",
        "content-type": "text/html; charset=utf-8",
        "content-length": 144
      }
    }
    responseTime: 1
    req: {
      "id": 15,
      "method": "GET",
      "url": "/getqr?id_usuario=",
      "headers": {
        "host": "bot.zapatendimento.com.br",
        "connection": "keep-alive",
        "accept": "*/*",
        "user-agent": "Mozilla/5.0 (Windows NT 10.0; Win64; x64) AppleWebKit/537.36 (KHTML, like Gecko) Chrome/88.0.4324.104 Safari/537.36",
        "x-requested-with": "XMLHttpRequest",
        "referer": "http://bot.zapatendimento.com.br/qrcode/20",
        "accept-encoding": "gzip, deflate",
        "accept-language": "pt-BR,pt;q=0.9,en-US;q=0.8,en;q=0.7,es;q=0.6",
        "cookie": "_ga=GA1.3.199040947.1591923695; jwtatendente=eyJhbGciOiJIUzI1NiIsInR5cCI6IkpXVCJ9.eyJpZCI6NDcsImlkX3NldG9yIjoiMCIsImlhdCI6MTYxMDk3NzM4OCwiZXhwIjoxNjE4NzUzMzg4fQ.5W4C2ANDzgWHQrW2xksi1g6C2255f6UQf9IM9e82RRA"
      },
      "remoteAddress": "::ffff:201.17.159.106",
      "remotePort": 20021
    }
[02-02-2021 18:18:24] INFO	 (2281579 on ubuntu): request completed
    res: {
      "statusCode": 404,
      "headers": {
        "x-powered-by": "Express",
        "content-security-policy": "default-src 'none'",
        "x-content-type-options": "nosniff",
        "content-type": "text/html; charset=utf-8",
        "content-length": 143
      }
    }
    responseTime: 0
    req: {
      "id": 16,
      "method": "GET",
      "url": "/.png",
      "headers": {
        "host": "bot.zapatendimento.com.br",
        "connection": "keep-alive",
        "user-agent": "Mozilla/5.0 (Windows NT 10.0; Win64; x64) AppleWebKit/537.36 (KHTML, like Gecko) Chrome/88.0.4324.104 Safari/537.36",
        "accept": "image/avif,image/webp,image/apng,image/svg+xml,image/*,*/*;q=0.8",
        "referer": "http://bot.zapatendimento.com.br/qrcode/20",
        "accept-encoding": "gzip, deflate",
        "accept-language": "pt-BR,pt;q=0.9,en-US;q=0.8,en;q=0.7,es;q=0.6",
        "cookie": "_ga=GA1.3.199040947.1591923695; jwtatendente=eyJhbGciOiJIUzI1NiIsInR5cCI6IkpXVCJ9.eyJpZCI6NDcsImlkX3NldG9yIjoiMCIsImlhdCI6MTYxMDk3NzM4OCwiZXhwIjoxNjE4NzUzMzg4fQ.5W4C2ANDzgWHQrW2xksi1g6C2255f6UQf9IM9e82RRA"
      },
      "remoteAddress": "::ffff:201.17.159.106",
      "remotePort": 20029
    }
[02-02-2021 18:18:27] INFO	 (2281579 on ubuntu): request completed
    res: {
      "statusCode": 404,
      "headers": {
        "x-powered-by": "Express",
        "content-security-policy": "default-src 'none'",
        "x-content-type-options": "nosniff",
        "content-type": "text/html; charset=utf-8",
        "content-length": 153
      }
    }
    responseTime: 0
    req: {
      "id": 17,
      "method": "GET",
      "url": "/config/getuser?index=0",
      "headers": {
        "host": "159.203.190.53:80",
        "user-agent": "Mozilla/5.0 (X11; Ubuntu; Linux x86_64; rv:76.0) Gecko/20100101 Firefox/76.0",
        "accept": "text/html,application/xhtml+xml,application/xml;q=0.9,image/webp,*/*;q=0.8",
        "accept-language": "en-GB,en;q=0.5",
        "accept-encoding": "gzip, deflate",
        "connection": "close",
        "upgrade-insecure-requests": "1"
      },
      "remoteAddress": "::ffff:185.224.129.247",
      "remotePort": 41668
    }
