[02-02-2021 15:43:58] INFO	 (2270706 on ubuntu): Startou porta 80
[02-02-2021 15:43:58] ERROR	 (2270706 on ubuntu): connect ECONNREFUSED 127.0.0.1:3306
    Error: connect ECONNREFUSED 127.0.0.1:3306
        at TCPConnectWrap.afterConnect [as oncomplete] (net.js:1107:14)
        --------------------
        at Protocol._enqueue (/root/whatsbot/node_modules/mysql/lib/protocol/Protocol.js:144:48)
        at Protocol.handshake (/root/whatsbot/node_modules/mysql/lib/protocol/Protocol.js:51:23)
        at Connection.connect (/root/whatsbot/node_modules/mysql/lib/Connection.js:116:18)
        at Object.<anonymous> (/root/whatsbot/app.js:74:4)
        at Module._compile (internal/modules/cjs/loader.js:778:30)
        at Object.Module._extensions..js (internal/modules/cjs/loader.js:789:10)
        at Module.load (internal/modules/cjs/loader.js:653:32)
        at tryModuleLoad (internal/modules/cjs/loader.js:593:12)
        at Function.Module._load (internal/modules/cjs/loader.js:585:3)
        at Object.<anonymous> (/usr/local/lib/node_modules/pm2/lib/ProcessContainerFork.js:32:23)
[02-02-2021 15:44:09] INFO	 (2270706 on ubuntu): request completed
    res: {
      "statusCode": 404,
      "headers": {
        "x-powered-by": "Express",
        "content-security-policy": "default-src 'none'",
        "x-content-type-options": "nosniff",
        "content-type": "text/html; charset=utf-8",
        "content-length": 156
      }
    }
    responseTime: 8
    req: {
      "id": 2,
      "method": "POST",
      "url": "/auth/enviarwhats",
      "headers": {
        "host": "bot.zapatendimento.com.br",
        "connection": "keep-alive",
        "content-length": "28",
        "accept": "*/*",
        "x-requested-with": "XMLHttpRequest",
        "user-agent": "Mozilla/5.0 (Windows NT 10.0; Win64; x64) AppleWebKit/537.36 (KHTML, like Gecko) Chrome/88.0.4324.104 Safari/537.36",
        "content-type": "application/x-www-form-urlencoded; charset=UTF-8",
        "origin": "http://bot.zapatendimento.com.br",
        "referer": "http://bot.zapatendimento.com.br/enviar",
        "accept-encoding": "gzip, deflate",
        "accept-language": "pt-BR,pt;q=0.9,en-US;q=0.8,en;q=0.7",
        "cookie": "jwt=eyJhbGciOiJIUzI1NiIsInR5cCI6IkpXVCJ9.eyJpZCI6MzEsImlhdCI6MTYxMjIxMjM2NCwiZXhwIjoxNjE5OTg4MzY0fQ.G345Zd96cPtMx9bOsdEoOXzbB3uOT6RHmNiujV9Kluo"
      },
      "remoteAddress": "::ffff:186.214.55.214",
      "remotePort": 59865
    }
