[02-02-2021 17:28:39] INFO	 (2274143 on ubuntu): Startou porta 80
[02-02-2021 17:28:39] ERROR	 (2274143 on ubuntu): connect ECONNREFUSED 127.0.0.1:3306
    Error: connect ECONNREFUSED 127.0.0.1:3306
        at TCPConnectWrap.afterConnect [as oncomplete] (net.js:1107:14)
        --------------------
        at Protocol._enqueue (/root/whatsbot/node_modules/mysql/lib/protocol/Protocol.js:144:48)
        at Protocol.handshake (/root/whatsbot/node_modules/mysql/lib/protocol/Protocol.js:51:23)
        at Connection.connect (/root/whatsbot/node_modules/mysql/lib/Connection.js:116:18)
        at Object.<anonymous> (/root/whatsbot/app.js:74:4)
        at Module._compile (internal/modules/cjs/loader.js:778:30)
        at Object.Module._extensions..js (internal/modules/cjs/loader.js:789:10)
        at Module.load (internal/modules/cjs/loader.js:653:32)
        at tryModuleLoad (internal/modules/cjs/loader.js:593:12)
        at Function.Module._load (internal/modules/cjs/loader.js:585:3)
        at Object.<anonymous> (/usr/local/lib/node_modules/pm2/lib/ProcessContainerFork.js:32:23)
[02-02-2021 17:30:33] INFO	 (2274143 on ubuntu): request completed
    res: {
      "statusCode": 302,
      "headers": {
        "x-powered-by": "Express",
        "location": "/entrar",
        "vary": "Accept",
        "content-type": "text/html; charset=utf-8",
        "content-length": "58"
      }
    }
    responseTime: 5
    req: {
      "id": 1,
      "method": "GET",
      "url": "/",
      "headers": {
        "host": "bot.zapatendimento.com.br",
        "connection": "keep-alive",
        "upgrade-insecure-requests": "1",
        "user-agent": "Mozilla/5.0 (Windows NT 10.0; Win64; x64) AppleWebKit/537.36 (KHTML, like Gecko) Chrome/88.0.4324.104 Safari/537.36",
        "accept": "text/html,application/xhtml+xml,application/xml;q=0.9,image/avif,image/webp,image/apng,*/*;q=0.8,application/signed-exchange;v=b3;q=0.9",
        "purpose": "prefetch",
        "accept-encoding": "gzip, deflate",
        "accept-language": "pt-BR,pt;q=0.9,en-US;q=0.8,en;q=0.7"
      },
      "remoteAddress": "::ffff:186.214.55.214",
      "remotePort": 50167
    }
[02-02-2021 17:30:33] INFO	 (2274143 on ubuntu): request completed
    res: {
      "statusCode": 304,
      "headers": {
        "x-powered-by": "Express",
        "etag": "W/\"bca-84PQKdxIX7GqgjoD6JMGxRQgDWU\""
      }
    }
    responseTime: 18
    req: {
      "id": 2,
      "method": "GET",
      "url": "/entrar",
      "headers": {
        "host": "bot.zapatendimento.com.br",
        "connection": "keep-alive",
        "upgrade-insecure-requests": "1",
        "user-agent": "Mozilla/5.0 (Windows NT 10.0; Win64; x64) AppleWebKit/537.36 (KHTML, like Gecko) Chrome/88.0.4324.104 Safari/537.36",
        "accept": "text/html,application/xhtml+xml,application/xml;q=0.9,image/avif,image/webp,image/apng,*/*;q=0.8,application/signed-exchange;v=b3;q=0.9",
        "purpose": "prefetch",
        "accept-encoding": "gzip, deflate",
        "accept-language": "pt-BR,pt;q=0.9,en-US;q=0.8,en;q=0.7",
        "if-none-match": "W/\"bca-84PQKdxIX7GqgjoD6JMGxRQgDWU\""
      },
      "remoteAddress": "::ffff:186.214.55.214",
      "remotePort": 50167
    }
[02-02-2021 17:30:33] INFO	 (2274143 on ubuntu): request completed
    res: {
      "statusCode": 404,
      "headers": {
        "x-powered-by": "Express",
        "content-security-policy": "default-src 'none'",
        "x-content-type-options": "nosniff",
        "content-type": "text/html; charset=utf-8",
        "content-length": 166
      }
    }
    responseTime: 2
    req: {
      "id": 3,
      "method": "GET",
      "url": "/vendor/jquery/jquery.min.js",
      "headers": {
        "host": "bot.zapatendimento.com.br",
        "connection": "keep-alive",
        "user-agent": "Mozilla/5.0 (Windows NT 10.0; Win64; x64) AppleWebKit/537.36 (KHTML, like Gecko) Chrome/88.0.4324.104 Safari/537.36",
        "accept": "application/signed-exchange;v=b3;q=0.9,*/*;q=0.8",
        "purpose": "prefetch",
        "referer": "http://bot.zapatendimento.com.br/entrar",
        "accept-encoding": "gzip, deflate",
        "accept-language": "pt-BR,pt;q=0.9,en-US;q=0.8,en;q=0.7"
      },
      "remoteAddress": "::ffff:186.214.55.214",
      "remotePort": 50168
    }
[02-02-2021 17:30:33] INFO	 (2274143 on ubuntu): request completed
    res: {
      "statusCode": 404,
      "headers": {
        "x-powered-by": "Express",
        "content-security-policy": "default-src 'none'",
        "x-content-type-options": "nosniff",
        "content-type": "text/html; charset=utf-8",
        "content-length": 182
      }
    }
    responseTime: 0
    req: {
      "id": 4,
      "method": "GET",
      "url": "/vendor/bootstrap/js/bootstrap.bundle.min.js",
      "headers": {
        "host": "bot.zapatendimento.com.br",
        "connection": "keep-alive",
        "user-agent": "Mozilla/5.0 (Windows NT 10.0; Win64; x64) AppleWebKit/537.36 (KHTML, like Gecko) Chrome/88.0.4324.104 Safari/537.36",
        "accept": "application/signed-exchange;v=b3;q=0.9,*/*;q=0.8",
        "purpose": "prefetch",
        "referer": "http://bot.zapatendimento.com.br/entrar",
        "accept-encoding": "gzip, deflate",
        "accept-language": "pt-BR,pt;q=0.9,en-US;q=0.8,en;q=0.7"
      },
      "remoteAddress": "::ffff:186.214.55.214",
      "remotePort": 50175
    }
[02-02-2021 17:30:33] INFO	 (2274143 on ubuntu): request completed
    res: {
      "statusCode": 404,
      "headers": {
        "x-powered-by": "Express",
        "content-security-policy": "default-src 'none'",
        "x-content-type-options": "nosniff",
        "content-type": "text/html; charset=utf-8",
        "content-length": 180
      }
    }
    responseTime: 1
    req: {
      "id": 5,
      "method": "GET",
      "url": "/vendor/jquery-easing/jquery.easing.min.js",
      "headers": {
        "host": "bot.zapatendimento.com.br",
        "connection": "keep-alive",
        "user-agent": "Mozilla/5.0 (Windows NT 10.0; Win64; x64) AppleWebKit/537.36 (KHTML, like Gecko) Chrome/88.0.4324.104 Safari/537.36",
        "accept": "application/signed-exchange;v=b3;q=0.9,*/*;q=0.8",
        "purpose": "prefetch",
        "referer": "http://bot.zapatendimento.com.br/entrar",
        "accept-encoding": "gzip, deflate",
        "accept-language": "pt-BR,pt;q=0.9,en-US;q=0.8,en;q=0.7"
      },
      "remoteAddress": "::ffff:186.214.55.214",
      "remotePort": 50176
    }
[02-02-2021 17:30:33] INFO	 (2274143 on ubuntu): request completed
    res: {
      "statusCode": 404,
      "headers": {
        "x-powered-by": "Express",
        "content-security-policy": "default-src 'none'",
        "x-content-type-options": "nosniff",
        "content-type": "text/html; charset=utf-8",
        "content-length": 159
      }
    }
    responseTime: 0
    req: {
      "id": 6,
      "method": "GET",
      "url": "/js/sb-admin-2.min.js",
      "headers": {
        "host": "bot.zapatendimento.com.br",
        "connection": "keep-alive",
        "user-agent": "Mozilla/5.0 (Windows NT 10.0; Win64; x64) AppleWebKit/537.36 (KHTML, like Gecko) Chrome/88.0.4324.104 Safari/537.36",
        "accept": "application/signed-exchange;v=b3;q=0.9,*/*;q=0.8",
        "purpose": "prefetch",
        "referer": "http://bot.zapatendimento.com.br/entrar",
        "accept-encoding": "gzip, deflate",
        "accept-language": "pt-BR,pt;q=0.9,en-US;q=0.8,en;q=0.7"
      },
      "remoteAddress": "::ffff:186.214.55.214",
      "remotePort": 50177
    }
[02-02-2021 17:30:35] INFO	 (2274143 on ubuntu): request completed
    res: {
      "statusCode": 404,
      "headers": {
        "x-powered-by": "Express",
        "content-security-policy": "default-src 'none'",
        "x-content-type-options": "nosniff",
        "content-type": "text/html; charset=utf-8",
        "content-length": 182
      }
    }
    responseTime: 1
    req: {
      "id": 7,
      "method": "GET",
      "url": "/vendor/bootstrap/js/bootstrap.bundle.min.js",
      "headers": {
        "host": "bot.zapatendimento.com.br",
        "connection": "keep-alive",
        "user-agent": "Mozilla/5.0 (Windows NT 10.0; Win64; x64) AppleWebKit/537.36 (KHTML, like Gecko) Chrome/88.0.4324.104 Safari/537.36",
        "accept": "*/*",
        "referer": "http://bot.zapatendimento.com.br/entrar",
        "accept-encoding": "gzip, deflate",
        "accept-language": "pt-BR,pt;q=0.9,en-US;q=0.8,en;q=0.7"
      },
      "remoteAddress": "::ffff:186.214.55.214",
      "remotePort": 50177
    }
[02-02-2021 17:30:35] INFO	 (2274143 on ubuntu): request completed
    res: {
      "statusCode": 404,
      "headers": {
        "x-powered-by": "Express",
        "content-security-policy": "default-src 'none'",
        "x-content-type-options": "nosniff",
        "content-type": "text/html; charset=utf-8",
        "content-length": 180
      }
    }
    responseTime: 0
    req: {
      "id": 8,
      "method": "GET",
      "url": "/vendor/jquery-easing/jquery.easing.min.js",
      "headers": {
        "host": "bot.zapatendimento.com.br",
        "connection": "keep-alive",
        "user-agent": "Mozilla/5.0 (Windows NT 10.0; Win64; x64) AppleWebKit/537.36 (KHTML, like Gecko) Chrome/88.0.4324.104 Safari/537.36",
        "accept": "*/*",
        "referer": "http://bot.zapatendimento.com.br/entrar",
        "accept-encoding": "gzip, deflate",
        "accept-language": "pt-BR,pt;q=0.9,en-US;q=0.8,en;q=0.7"
      },
      "remoteAddress": "::ffff:186.214.55.214",
      "remotePort": 50177
    }
[02-02-2021 17:30:35] INFO	 (2274143 on ubuntu): request completed
    res: {
      "statusCode": 404,
      "headers": {
        "x-powered-by": "Express",
        "content-security-policy": "default-src 'none'",
        "x-content-type-options": "nosniff",
        "content-type": "text/html; charset=utf-8",
        "content-length": 159
      }
    }
    responseTime: 1
    req: {
      "id": 9,
      "method": "GET",
      "url": "/js/sb-admin-2.min.js",
      "headers": {
        "host": "bot.zapatendimento.com.br",
        "connection": "keep-alive",
        "user-agent": "Mozilla/5.0 (Windows NT 10.0; Win64; x64) AppleWebKit/537.36 (KHTML, like Gecko) Chrome/88.0.4324.104 Safari/537.36",
        "accept": "*/*",
        "referer": "http://bot.zapatendimento.com.br/entrar",
        "accept-encoding": "gzip, deflate",
        "accept-language": "pt-BR,pt;q=0.9,en-US;q=0.8,en;q=0.7"
      },
      "remoteAddress": "::ffff:186.214.55.214",
      "remotePort": 50177
    }
[02-02-2021 17:30:36] INFO	 (2274143 on ubuntu): request completed
    res: {
      "statusCode": 404,
      "headers": {
        "x-powered-by": "Express",
        "content-security-policy": "default-src 'none'",
        "x-content-type-options": "nosniff",
        "content-type": "text/html; charset=utf-8",
        "content-length": 150
      }
    }
    responseTime: 0
    req: {
      "id": 10,
      "method": "GET",
      "url": "/favicon.ico",
      "headers": {
        "host": "bot.zapatendimento.com.br",
        "connection": "keep-alive",
        "user-agent": "Mozilla/5.0 (Windows NT 10.0; Win64; x64) AppleWebKit/537.36 (KHTML, like Gecko) Chrome/88.0.4324.104 Safari/537.36",
        "accept": "image/avif,image/webp,image/apng,image/svg+xml,image/*,*/*;q=0.8",
        "referer": "http://bot.zapatendimento.com.br/entrar",
        "accept-encoding": "gzip, deflate",
        "accept-language": "pt-BR,pt;q=0.9,en-US;q=0.8,en;q=0.7"
      },
      "remoteAddress": "::ffff:186.214.55.214",
      "remotePort": 50177
    }
