[02-02-2021 18:57:13] INFO	 (2283051 on ubuntu): Startou porta 80
[02-02-2021 18:57:13] ERROR	 (2283051 on ubuntu): connect ECONNREFUSED 127.0.0.1:3306
    Error: connect ECONNREFUSED 127.0.0.1:3306
        at TCPConnectWrap.afterConnect [as oncomplete] (net.js:1107:14)
        --------------------
        at Protocol._enqueue (/root/whatsbot/node_modules/mysql/lib/protocol/Protocol.js:144:48)
        at Protocol.handshake (/root/whatsbot/node_modules/mysql/lib/protocol/Protocol.js:51:23)
        at Connection.connect (/root/whatsbot/node_modules/mysql/lib/Connection.js:116:18)
        at Object.<anonymous> (/root/whatsbot/app.js:74:4)
        at Module._compile (internal/modules/cjs/loader.js:778:30)
        at Object.Module._extensions..js (internal/modules/cjs/loader.js:789:10)
        at Module.load (internal/modules/cjs/loader.js:653:32)
        at tryModuleLoad (internal/modules/cjs/loader.js:593:12)
        at Function.Module._load (internal/modules/cjs/loader.js:585:3)
        at Object.<anonymous> (/usr/local/lib/node_modules/pm2/lib/ProcessContainerFork.js:32:23)
[02-02-2021 18:57:37] INFO	 (2283051 on ubuntu): request completed
    res: {
      "statusCode": 304,
      "headers": {
        "x-powered-by": "Express",
        "etag": "W/\"b72-h3D8Yr1QywDVkA+FP3JOCa+98Jc\""
      }
    }
    responseTime: 18
    req: {
      "id": 1,
      "method": "GET",
      "url": "/qrcode/20",
      "headers": {
        "host": "bot.zapatendimento.com.br",
        "connection": "keep-alive",
        "cache-control": "max-age=0",
        "upgrade-insecure-requests": "1",
        "user-agent": "Mozilla/5.0 (Windows NT 10.0; Win64; x64) AppleWebKit/537.36 (KHTML, like Gecko) Chrome/88.0.4324.104 Safari/537.36",
        "accept": "text/html,application/xhtml+xml,application/xml;q=0.9,image/avif,image/webp,image/apng,*/*;q=0.8,application/signed-exchange;v=b3;q=0.9",
        "accept-encoding": "gzip, deflate",
        "accept-language": "pt-BR,pt;q=0.9,en-US;q=0.8,en;q=0.7,es;q=0.6",
        "cookie": "_ga=GA1.3.199040947.1591923695; jwtatendente=eyJhbGciOiJIUzI1NiIsInR5cCI6IkpXVCJ9.eyJpZCI6NDcsImlkX3NldG9yIjoiMCIsImlhdCI6MTYxMDk3NzM4OCwiZXhwIjoxNjE4NzUzMzg4fQ.5W4C2ANDzgWHQrW2xksi1g6C2255f6UQf9IM9e82RRA",
        "if-none-match": "W/\"b72-h3D8Yr1QywDVkA+FP3JOCa+98Jc\""
      },
      "remoteAddress": "::ffff:201.17.159.106",
      "remotePort": 20259
    }
[02-02-2021 18:57:38] INFO	 (2283051 on ubuntu): request completed
    res: {
      "statusCode": 404,
      "headers": {
        "x-powered-by": "Express",
        "content-security-policy": "default-src 'none'",
        "x-content-type-options": "nosniff",
        "content-type": "text/html; charset=utf-8",
        "content-length": 144
      }
    }
    responseTime: 4
    req: {
      "id": 2,
      "method": "GET",
      "url": "/getqr?id_usuario=",
      "headers": {
        "host": "bot.zapatendimento.com.br",
        "connection": "keep-alive",
        "accept": "*/*",
        "user-agent": "Mozilla/5.0 (Windows NT 10.0; Win64; x64) AppleWebKit/537.36 (KHTML, like Gecko) Chrome/88.0.4324.104 Safari/537.36",
        "x-requested-with": "XMLHttpRequest",
        "referer": "http://bot.zapatendimento.com.br/qrcode/20",
        "accept-encoding": "gzip, deflate",
        "accept-language": "pt-BR,pt;q=0.9,en-US;q=0.8,en;q=0.7,es;q=0.6",
        "cookie": "_ga=GA1.3.199040947.1591923695; jwtatendente=eyJhbGciOiJIUzI1NiIsInR5cCI6IkpXVCJ9.eyJpZCI6NDcsImlkX3NldG9yIjoiMCIsImlhdCI6MTYxMDk3NzM4OCwiZXhwIjoxNjE4NzUzMzg4fQ.5W4C2ANDzgWHQrW2xksi1g6C2255f6UQf9IM9e82RRA"
      },
      "remoteAddress": "::ffff:201.17.159.106",
      "remotePort": 20259
    }
[02-02-2021 18:57:48] INFO	 (2283051 on ubuntu): request completed
    res: {
      "statusCode": 404,
      "headers": {
        "x-powered-by": "Express",
        "content-security-policy": "default-src 'none'",
        "x-content-type-options": "nosniff",
        "content-type": "text/html; charset=utf-8",
        "content-length": 143
      }
    }
    responseTime: 1
    req: {
      "id": 3,
      "method": "GET",
      "url": "/.png",
      "headers": {
        "host": "bot.zapatendimento.com.br",
        "connection": "keep-alive",
        "user-agent": "Mozilla/5.0 (Windows NT 10.0; Win64; x64) AppleWebKit/537.36 (KHTML, like Gecko) Chrome/88.0.4324.104 Safari/537.36",
        "accept": "image/avif,image/webp,image/apng,image/svg+xml,image/*,*/*;q=0.8",
        "referer": "http://bot.zapatendimento.com.br/qrcode/20",
        "accept-encoding": "gzip, deflate",
        "accept-language": "pt-BR,pt;q=0.9,en-US;q=0.8,en;q=0.7,es;q=0.6",
        "cookie": "_ga=GA1.3.199040947.1591923695; jwtatendente=eyJhbGciOiJIUzI1NiIsInR5cCI6IkpXVCJ9.eyJpZCI6NDcsImlkX3NldG9yIjoiMCIsImlhdCI6MTYxMDk3NzM4OCwiZXhwIjoxNjE4NzUzMzg4fQ.5W4C2ANDzgWHQrW2xksi1g6C2255f6UQf9IM9e82RRA"
      },
      "remoteAddress": "::ffff:201.17.159.106",
      "remotePort": 20261
    }
[02-02-2021 18:58:35] INFO	 (2283051 on ubuntu): request completed
    res: {
      "statusCode": 304,
      "headers": {
        "x-powered-by": "Express",
        "etag": "W/\"1133-epKTbXC1zCu5NMq8uwe8Y+XWGuQ\""
      }
    }
    responseTime: 14
    req: {
      "id": 4,
      "method": "GET",
      "url": "/chat/32Uaf6vk",
      "headers": {
        "if-none-match": "W/\"1133-epKTbXC1zCu5NMq8uwe8Y+XWGuQ\"",
        "host": "bot.zapatendimento.com.br",
        "upgrade-insecure-requests": "1",
        "user-agent": "Mozilla/5.0 (Windows NT 10.0; Win64; x64) AppleWebKit/537.36 (KHTML, like Gecko) Chrome/88.0.4324.104 Safari/537.36",
        "accept": "text/html,application/xhtml+xml,application/xml;q=0.9,image/avif,image/webp,image/apng,*/*;q=0.8,application/signed-exchange;v=b3;q=0.9",
        "accept-encoding": "gzip, deflate",
        "accept-language": "pt-BR,pt;q=0.9,en-US;q=0.8,en;q=0.7",
        "cookie": "jwt=eyJhbGciOiJIUzI1NiIsInR5cCI6IkpXVCJ9.eyJpZCI6MzIsImlhdCI6MTYxMjE5MDcxOCwiZXhwIjoxNjE5OTY2NzE4fQ.PRqp3HwObswbvWacCRo_dlo5-DtZui82vMlHGUe1jpg; jwtatendente=eyJhbGciOiJIUzI1NiIsInR5cCI6IkpXVCJ9.eyJpZCI6ODQsImlkX3NldG9yIjoiMCIsImlhdCI6MTYxMjE5MzUxNiwiZXhwIjoxNjE5OTY5NTE2fQ.cSgq-SKdniwgUehmK-ugGhW4I9Tuk4fsTizM7cYEbZU; io=GCV-DL9GqGIZB3R7AAAY",
        "via": "1.1 FirewallJCMB:3128 (squid/2.7.STABLE9)",
        "x-forwarded-for": "192.168.0.50",
        "cache-control": "max-age=0",
        "connection": "keep-alive"
      },
      "remoteAddress": "::ffff:186.249.227.234",
      "remotePort": 44314
    }
[02-02-2021 18:58:55] INFO	 (2283051 on ubuntu): request completed
    res: {
      "statusCode": 304,
      "headers": {
        "x-powered-by": "Express",
        "etag": "W/\"1133-epKTbXC1zCu5NMq8uwe8Y+XWGuQ\""
      }
    }
    responseTime: 8
    req: {
      "id": 5,
      "method": "GET",
      "url": "/chat/32Uaf6vk",
      "headers": {
        "if-none-match": "W/\"1133-epKTbXC1zCu5NMq8uwe8Y+XWGuQ\"",
        "host": "bot.zapatendimento.com.br",
        "upgrade-insecure-requests": "1",
        "user-agent": "Mozilla/5.0 (Windows NT 10.0; Win64; x64) AppleWebKit/537.36 (KHTML, like Gecko) Chrome/88.0.4324.104 Safari/537.36",
        "accept": "text/html,application/xhtml+xml,application/xml;q=0.9,image/avif,image/webp,image/apng,*/*;q=0.8,application/signed-exchange;v=b3;q=0.9",
        "accept-encoding": "gzip, deflate",
        "accept-language": "pt-BR,pt;q=0.9,en-US;q=0.8,en;q=0.7",
        "cookie": "jwt=eyJhbGciOiJIUzI1NiIsInR5cCI6IkpXVCJ9.eyJpZCI6MzIsImlhdCI6MTYxMjE5MDcxOCwiZXhwIjoxNjE5OTY2NzE4fQ.PRqp3HwObswbvWacCRo_dlo5-DtZui82vMlHGUe1jpg; jwtatendente=eyJhbGciOiJIUzI1NiIsInR5cCI6IkpXVCJ9.eyJpZCI6ODQsImlkX3NldG9yIjoiMCIsImlhdCI6MTYxMjE5MzUxNiwiZXhwIjoxNjE5OTY5NTE2fQ.cSgq-SKdniwgUehmK-ugGhW4I9Tuk4fsTizM7cYEbZU; io=GCV-DL9GqGIZB3R7AAAY",
        "via": "1.1 FirewallJCMB:3128 (squid/2.7.STABLE9)",
        "x-forwarded-for": "192.168.0.50",
        "cache-control": "max-age=0",
        "connection": "keep-alive"
      },
      "remoteAddress": "::ffff:186.249.227.234",
      "remotePort": 45092
    }
[02-02-2021 19:01:37] INFO	 (2283051 on ubuntu): request completed
    res: {
      "statusCode": 302,
      "headers": {
        "x-powered-by": "Express",
        "location": "/entrar",
        "vary": "Accept",
        "content-type": "text/plain; charset=utf-8",
        "content-length": "29"
      }
    }
    responseTime: 2
    req: {
      "id": 6,
      "method": "GET",
      "url": "/",
      "headers": {
        "user-agent": "masscan/1.0 (https://github.com/robertdavidgraham/masscan)",
        "accept": "*/*"
      },
      "remoteAddress": "::ffff:80.82.77.240",
      "remotePort": 64344
    }
